#
# There is insufficient memory for the Java Runtime Environment to continue.
# Native memory allocation (malloc) failed to allocate 1317296 bytes for Chunk::new
# Possible reasons:
#   The system is out of physical RAM or swap space
#   The process is running with CompressedOops enabled, and the Java Heap may be blocking the growth of the native heap
# Possible solutions:
#   Reduce memory load on the system
#   Increase physical memory or swap space
#   Check if swap backing store is full
#   Decrease Java heap size (-Xmx/-Xms)
#   Decrease number of Java threads
#   Decrease Java thread stack sizes (-Xss)
#   Set larger code cache with -XX:ReservedCodeCacheSize=
#   JVM is running with Unscaled Compressed Oops mode in which the Java heap is
#     placed in the first 4GB address space. The Java Heap base address is the
#     maximum limit for the native heap growth. Please use -XX:HeapBaseMinAddress
#     to set the Java Heap base and to place the Java Heap above 4GB virtual address.
# This output file may be truncated or incomplete.
#
#  Out of Memory Error (./src/hotspot/share/memory/arena.cpp:197), pid=16484, tid=13052
#
# JRE version: OpenJDK Runtime Environment (11.0.10) (build 11.0.10+0-b96-7249189)
# Java VM: OpenJDK 64-Bit Server VM (11.0.10+0-b96-7249189, mixed mode, tiered, compressed oops, g1 gc, windows-amd64)
# No core dump will be written. Minidumps are not enabled by default on client versions of Windows
#

---------------  S U M M A R Y ------------

Command Line: --add-opens=java.base/java.util=ALL-UNNAMED --add-opens=java.base/java.lang=ALL-UNNAMED --add-opens=java.base/java.lang.invoke=ALL-UNNAMED --add-opens=java.base/java.util=ALL-UNNAMED --add-opens=java.prefs/java.util.prefs=ALL-UNNAMED --add-opens=java.prefs/java.util.prefs=ALL-UNNAMED --add-opens=java.base/java.nio.charset=ALL-UNNAMED --add-opens=java.base/java.net=ALL-UNNAMED --add-opens=java.base/java.util.concurrent.atomic=ALL-UNNAMED -Xmx2048m -Dfile.encoding=UTF-8 -Duser.country=CO -Duser.language=es -Duser.variant org.gradle.launcher.daemon.bootstrap.GradleDaemon 7.0.2

Host: Intel(R) Core(TM) i5-8300H CPU @ 2.30GHz, 8 cores, 19G,  Windows 10 , 64 bit Build 22471 (10.0.22471.1000)
Time: Fri Oct  8 21:34:40 2021 Hora est. Pacífico, Sudamérica elapsed time: 39.032996 seconds (0d 0h 0m 39s)

---------------  T H R E A D  ---------------

Current thread (0x0000021e9b4bb000):  JavaThread "C2 CompilerThread0" daemon [_thread_in_native, id=13052, stack(0x000000947a600000,0x000000947a700000)]


Current CompileTask:
C2:  39033 14855       4       java.lang.reflect.Constructor::newInstance (76 bytes)

Stack: [0x000000947a600000,0x000000947a700000]
Native frames: (J=compiled Java code, j=interpreted, Vv=VM code, C=native code)
V  [jvm.dll+0x5ecfaa]
V  [jvm.dll+0x722bd5]
V  [jvm.dll+0x72412d]
V  [jvm.dll+0x7247e3]
V  [jvm.dll+0x242928]
V  [jvm.dll+0xbc4fc]
V  [jvm.dll+0xbca0c]
V  [jvm.dll+0x352d3b]
V  [jvm.dll+0x320ad3]
V  [jvm.dll+0x31ffca]
V  [jvm.dll+0x1fb602]
V  [jvm.dll+0x1fa7f4]
V  [jvm.dll+0x18354c]
V  [jvm.dll+0x208ee7]
V  [jvm.dll+0x207731]
V  [jvm.dll+0x6eb1cf]
V  [jvm.dll+0x6e3d45]
V  [jvm.dll+0x5ebe96]
C  [ucrtbase.dll+0x293cc]
C  [KERNEL32.DLL+0x16ab0]
C  [ntdll.dll+0x5c44b]


---------------  P R O C E S S  ---------------

Threads class SMR info:
_java_thread_list=0x0000021e9f218700, length=74, elements={
0x0000021efea2b800, 0x0000021e9abb9800, 0x0000021e9abbe800, 0x0000021e9b4aa800,
0x0000021e9b4ab800, 0x0000021e9b4ad000, 0x0000021e9b4bb000, 0x0000021e9b4c7800,
0x0000021e9b4c9800, 0x0000021e9b63a000, 0x0000021e9e577800, 0x0000021e9d8d2800,
0x0000021e9c00a800, 0x0000021e9e5b0000, 0x0000021e9e6f6000, 0x0000021e9dcf4800,
0x0000021e9ddcf800, 0x0000021e9ddd0800, 0x0000021e9e6ea000, 0x0000021e9d6f3800,
0x0000021e9d6f2800, 0x0000021e9d6f4000, 0x0000021e9d6f2000, 0x0000021e9dca6000,
0x0000021e9dcab000, 0x0000021e9dca7000, 0x0000021e9dca7800, 0x0000021e9dca5800,
0x0000021e9dca8800, 0x0000021e9dcad800, 0x0000021e9dcaf000, 0x0000021e9dca9800,
0x0000021e9dcb0000, 0x0000021e9dcb0800, 0x0000021e9dcb1800, 0x0000021e9dcb3000,
0x0000021e9dcb2800, 0x0000021e9dcb4000, 0x0000021ea2bcd000, 0x0000021ea2bce000,
0x0000021ea2bce800, 0x0000021ea2bcf800, 0x0000021ea2bcc800, 0x0000021ea2bd3800,
0x0000021ea2bd2000, 0x0000021ea2bd3000, 0x0000021ea2bd1000, 0x0000021ea2bd4800,
0x0000021ea2bd5800, 0x0000021ea2bd6000, 0x0000021ea2bda000, 0x0000021ea2bd7000,
0x0000021ea2bd7800, 0x0000021ea2bdb000, 0x0000021ea2bd8800, 0x0000021ea2bd9800,
0x0000021ea3745800, 0x0000021ea3746000, 0x0000021ea3747000, 0x0000021ea3744000,
0x0000021ea3743000, 0x0000021ea3744800, 0x0000021ea3748000, 0x0000021ea3742000,
0x0000021ea374e800, 0x0000021ea3748800, 0x0000021ea374f000, 0x0000021ea3749800,
0x0000021ea3750000, 0x0000021ea374c800, 0x0000021ea374a800, 0x0000021ea3751000,
0x0000021ea374c000, 0x0000021ea374b000
}

Java Threads: ( => current thread )
  0x0000021efea2b800 JavaThread "main" [_thread_blocked, id=7184, stack(0x0000009479a00000,0x0000009479b00000)]
  0x0000021e9abb9800 JavaThread "Reference Handler" daemon [_thread_blocked, id=21064, stack(0x000000947a100000,0x000000947a200000)]
  0x0000021e9abbe800 JavaThread "Finalizer" daemon [_thread_blocked, id=10340, stack(0x000000947a200000,0x000000947a300000)]
  0x0000021e9b4aa800 JavaThread "Signal Dispatcher" daemon [_thread_blocked, id=21360, stack(0x000000947a300000,0x000000947a400000)]
  0x0000021e9b4ab800 JavaThread "Attach Listener" daemon [_thread_blocked, id=20364, stack(0x000000947a400000,0x000000947a500000)]
  0x0000021e9b4ad000 JavaThread "Service Thread" daemon [_thread_blocked, id=16604, stack(0x000000947a500000,0x000000947a600000)]
=>0x0000021e9b4bb000 JavaThread "C2 CompilerThread0" daemon [_thread_in_native, id=13052, stack(0x000000947a600000,0x000000947a700000)]
  0x0000021e9b4c7800 JavaThread "C1 CompilerThread0" daemon [_thread_blocked, id=18452, stack(0x000000947a700000,0x000000947a800000)]
  0x0000021e9b4c9800 JavaThread "Sweeper thread" daemon [_thread_blocked, id=20312, stack(0x000000947a800000,0x000000947a900000)]
  0x0000021e9b63a000 JavaThread "Common-Cleaner" daemon [_thread_blocked, id=4040, stack(0x000000947a900000,0x000000947aa00000)]
  0x0000021e9e577800 JavaThread "Daemon health stats" [_thread_blocked, id=21068, stack(0x000000947b300000,0x000000947b400000)]
  0x0000021e9d8d2800 JavaThread "Incoming local TCP Connector on port 59648" [_thread_in_native, id=14680, stack(0x000000947ab00000,0x000000947ac00000)]
  0x0000021e9c00a800 JavaThread "Daemon periodic checks" [_thread_blocked, id=15428, stack(0x000000947ac00000,0x000000947ad00000)]
  0x0000021e9e5b0000 JavaThread "Daemon" [_thread_blocked, id=14620, stack(0x000000947b400000,0x000000947b500000)]
  0x0000021e9e6f6000 JavaThread "Handler for socket connection from /127.0.0.1:59648 to /127.0.0.1:59649" [_thread_in_native, id=20340, stack(0x000000947b500000,0x000000947b600000)]
  0x0000021e9dcf4800 JavaThread "Cancel handler" [_thread_blocked, id=21060, stack(0x000000947b600000,0x000000947b700000)]
  0x0000021e9ddcf800 JavaThread "Daemon worker" [_thread_blocked, id=2376, stack(0x000000947b700000,0x000000947b800000)]
  0x0000021e9ddd0800 JavaThread "Asynchronous log dispatcher for DefaultDaemonConnection: socket connection from /127.0.0.1:59648 to /127.0.0.1:59649" [_thread_blocked, id=19620, stack(0x000000947b800000,0x000000947b900000)]
  0x0000021e9e6ea000 JavaThread "Stdin handler" [_thread_blocked, id=6824, stack(0x000000947b900000,0x000000947ba00000)]
  0x0000021e9d6f3800 JavaThread "Daemon client event forwarder" [_thread_blocked, id=10960, stack(0x000000947ba00000,0x000000947bb00000)]
  0x0000021e9d6f2800 JavaThread "Cache worker for file hash cache (C:\Users\gerso\.gradle\caches\7.0.2\fileHashes)" [_thread_blocked, id=14004, stack(0x000000947bb00000,0x000000947bc00000)]
  0x0000021e9d6f4000 JavaThread "File lock request listener" [_thread_in_native, id=7432, stack(0x000000947bc00000,0x000000947bd00000)]
  0x0000021e9d6f2000 JavaThread "Cache worker for journal cache (C:\Users\gerso\.gradle\caches\journal-1)" [_thread_blocked, id=11820, stack(0x000000947bf00000,0x000000947c000000)]
  0x0000021e9dca6000 JavaThread "Cache worker for file hash cache (C:\Users\gerso\StudioProjects\ManitasProject\.gradle\7.0.2\fileHashes)" [_thread_blocked, id=13120, stack(0x000000947c100000,0x000000947c200000)]
  0x0000021e9dcab000 JavaThread "File watcher server" daemon [_thread_in_native, id=4088, stack(0x000000947c200000,0x000000947c300000)]
  0x0000021e9dca7000 JavaThread "File watcher consumer" daemon [_thread_blocked, id=20260, stack(0x000000947c300000,0x000000947c400000)]
  0x0000021e9dca7800 JavaThread "Cache worker for checksums cache (C:\Users\gerso\StudioProjects\ManitasProject\.gradle\checksums)" [_thread_blocked, id=5804, stack(0x000000947c400000,0x000000947c500000)]
  0x0000021e9dca5800 JavaThread "Cache worker for cache directory md-supplier (C:\Users\gerso\.gradle\caches\7.0.2\md-supplier)" [_thread_blocked, id=21196, stack(0x000000947c500000,0x000000947c600000)]
  0x0000021e9dca8800 JavaThread "Cache worker for cache directory md-rule (C:\Users\gerso\.gradle\caches\7.0.2\md-rule)" [_thread_blocked, id=19828, stack(0x000000947c600000,0x000000947c700000)]
  0x0000021e9dcad800 JavaThread "Cache worker for execution history cache (C:\Users\gerso\.gradle\caches\7.0.2\executionHistory)" [_thread_blocked, id=15280, stack(0x000000947c700000,0x000000947c800000)]
  0x0000021e9dcaf000 JavaThread "jar transforms" [_thread_blocked, id=1864, stack(0x000000947c900000,0x000000947ca00000)]
  0x0000021e9dca9800 JavaThread "jar transforms Thread 2" [_thread_blocked, id=9652, stack(0x000000947ca00000,0x000000947cb00000)]
  0x0000021e9dcb0000 JavaThread "Cache worker for file content cache (C:\Users\gerso\.gradle\caches\7.0.2\fileContent)" [_thread_blocked, id=20536, stack(0x000000947cb00000,0x000000947cc00000)]
  0x0000021e9dcb0800 JavaThread "Cache worker for dependencies-accessors (C:\Users\gerso\StudioProjects\ManitasProject\.gradle\7.0.2\dependencies-accessors)" [_thread_blocked, id=19996, stack(0x000000947cc00000,0x000000947cd00000)]
  0x0000021e9dcb1800 JavaThread "jar transforms Thread 3" [_thread_blocked, id=20224, stack(0x000000947cd00000,0x000000947ce00000)]
  0x0000021e9dcb3000 JavaThread "Cache worker for Build Output Cleanup Cache (C:\Users\gerso\StudioProjects\ManitasProject\.gradle\buildOutputCleanup)" [_thread_blocked, id=7996, stack(0x000000947ce00000,0x000000947cf00000)]
  0x0000021e9dcb2800 JavaThread "Build operations" [_thread_blocked, id=15448, stack(0x000000947cf00000,0x000000947d000000)]
  0x0000021e9dcb4000 JavaThread "Build operations Thread 2" [_thread_blocked, id=15408, stack(0x000000947d000000,0x000000947d100000)]
  0x0000021ea2bcd000 JavaThread "Build operations Thread 3" [_thread_blocked, id=20428, stack(0x000000947d100000,0x000000947d200000)]
  0x0000021ea2bce000 JavaThread "Build operations Thread 4" [_thread_blocked, id=21120, stack(0x000000947d200000,0x000000947d300000)]
  0x0000021ea2bce800 JavaThread "Build operations Thread 5" [_thread_blocked, id=18944, stack(0x000000947d300000,0x000000947d400000)]
  0x0000021ea2bcf800 JavaThread "Build operations Thread 6" [_thread_blocked, id=21292, stack(0x000000947d400000,0x000000947d500000)]
  0x0000021ea2bcc800 JavaThread "Build operations Thread 7" [_thread_blocked, id=18784, stack(0x000000947d500000,0x000000947d600000)]
  0x0000021ea2bd3800 JavaThread "Build operations Thread 8" [_thread_blocked, id=7592, stack(0x000000947d600000,0x000000947d700000)]
  0x0000021ea2bd2000 JavaThread "jar transforms Thread 4" [_thread_blocked, id=1044, stack(0x000000947d700000,0x000000947d800000)]
  0x0000021ea2bd3000 JavaThread "jar transforms Thread 5" [_thread_blocked, id=15040, stack(0x000000947d800000,0x000000947d900000)]
  0x0000021ea2bd1000 JavaThread "jar transforms Thread 6" [_thread_blocked, id=5176, stack(0x000000947d900000,0x000000947da00000)]
  0x0000021ea2bd4800 JavaThread "jar transforms Thread 7" [_thread_blocked, id=19520, stack(0x000000947da00000,0x000000947db00000)]
  0x0000021ea2bd5800 JavaThread "jar transforms Thread 8" [_thread_blocked, id=19536, stack(0x000000947db00000,0x000000947dc00000)]
  0x0000021ea2bd6000 JavaThread "Memory manager" [_thread_blocked, id=9656, stack(0x000000947dc00000,0x000000947dd00000)]
  0x0000021ea2bda000 JavaThread "build event listener" [_thread_blocked, id=21492, stack(0x000000947dd00000,0x000000947de00000)]
  0x0000021ea2bd7000 JavaThread "pool-3-thread-1" [_thread_blocked, id=19080, stack(0x000000947de00000,0x000000947df00000)]
  0x0000021ea2bd7800 JavaThread "build event listener" [_thread_blocked, id=18884, stack(0x000000947df00000,0x000000947e000000)]
  0x0000021ea2bdb000 JavaThread "Execution worker for ':'" [_thread_blocked, id=19784, stack(0x000000947e000000,0x000000947e100000)]
  0x0000021ea2bd8800 JavaThread "Execution worker for ':' Thread 2" [_thread_blocked, id=20300, stack(0x000000947e100000,0x000000947e200000)]
  0x0000021ea2bd9800 JavaThread "Execution worker for ':' Thread 3" [_thread_blocked, id=20704, stack(0x000000947e200000,0x000000947e300000)]
  0x0000021ea3745800 JavaThread "Execution worker for ':' Thread 4" [_thread_blocked, id=20568, stack(0x000000947e300000,0x000000947e400000)]
  0x0000021ea3746000 JavaThread "Execution worker for ':' Thread 5" [_thread_blocked, id=21136, stack(0x000000947e400000,0x000000947e500000)]
  0x0000021ea3747000 JavaThread "Execution worker for ':' Thread 6" [_thread_blocked, id=2972, stack(0x000000947e500000,0x000000947e600000)]
  0x0000021ea3744000 JavaThread "Execution worker for ':' Thread 7" [_thread_blocked, id=9416, stack(0x000000947e600000,0x000000947e700000)]
  0x0000021ea3743000 JavaThread "Cache worker for execution history cache (C:\Users\gerso\StudioProjects\ManitasProject\.gradle\7.0.2\executionHistory)" [_thread_blocked, id=10636, stack(0x000000947e700000,0x000000947e800000)]
  0x0000021ea3744800 JavaThread "WorkerExecutor Queue" [_thread_blocked, id=21316, stack(0x000000947e800000,0x000000947e900000)]
  0x0000021ea3748000 JavaThread "WorkerExecutor Queue Thread 2" [_thread_blocked, id=20360, stack(0x000000947e900000,0x000000947ea00000)]
  0x0000021ea3742000 JavaThread "WorkerExecutor Queue Thread 3" [_thread_blocked, id=18760, stack(0x000000947ea00000,0x000000947eb00000)]
  0x0000021ea374e800 JavaThread "WorkerExecutor Queue Thread 4" [_thread_blocked, id=20972, stack(0x000000947eb00000,0x000000947ec00000)]
  0x0000021ea3748800 JavaThread "WorkerExecutor Queue Thread 5" [_thread_blocked, id=2820, stack(0x000000947ec00000,0x000000947ed00000)]
  0x0000021ea374f000 JavaThread "WorkerExecutor Queue Thread 7" [_thread_blocked, id=14876, stack(0x000000947ee00000,0x000000947ef00000)]
  0x0000021ea3749800 JavaThread "WorkerExecutor Queue Thread 9" [_thread_blocked, id=12248, stack(0x000000947f000000,0x000000947f100000)]
  0x0000021ea3750000 JavaThread "WorkerExecutor Queue Thread 10" [_thread_blocked, id=20032, stack(0x000000947c800000,0x000000947c900000)]
  0x0000021ea374c800 JavaThread "ForkJoinPool.commonPool-worker-3" daemon [_thread_in_native, id=18588, stack(0x000000947c000000,0x000000947c100000)]
  0x0000021ea374a800 JavaThread "ForkJoinPool.commonPool-worker-5" daemon [_thread_blocked, id=19772, stack(0x000000947f100000,0x000000947f200000)]
  0x0000021ea3751000 JavaThread "ForkJoinPool.commonPool-worker-7" daemon [_thread_blocked, id=9824, stack(0x000000947f200000,0x000000947f300000)]
  0x0000021ea374c000 JavaThread "ForkJoinPool.commonPool-worker-9" daemon [_thread_blocked, id=2592, stack(0x000000947f300000,0x000000947f400000)]
  0x0000021ea374b000 JavaThread "ForkJoinPool.commonPool-worker-11" daemon [_thread_blocked, id=21348, stack(0x000000947f400000,0x000000947f500000)]

Other Threads:
  0x0000021e9b45a000 VMThread "VM Thread" [stack: 0x000000947a000000,0x000000947a100000] [id=8368]
  0x0000021e9b666000 WatcherThread [stack: 0x000000947aa00000,0x000000947ab00000] [id=20136]
  0x0000021efea45800 GCTaskThread "GC Thread#0" [stack: 0x0000009479b00000,0x0000009479c00000] [id=16868]
  0x0000021e9b560800 GCTaskThread "GC Thread#1" [stack: 0x000000947ad00000,0x000000947ae00000] [id=4800]
  0x0000021e9b561800 GCTaskThread "GC Thread#2" [stack: 0x000000947ae00000,0x000000947af00000] [id=9956]
  0x0000021e9b55e000 GCTaskThread "GC Thread#3" [stack: 0x000000947af00000,0x000000947b000000] [id=19228]
  0x0000021e9b55b000 GCTaskThread "GC Thread#4" [stack: 0x000000947b000000,0x000000947b100000] [id=9020]
  0x0000021e9b55e800 GCTaskThread "GC Thread#5" [stack: 0x000000947b100000,0x000000947b200000] [id=19472]
  0x0000021e9b562000 GCTaskThread "GC Thread#6" [stack: 0x000000947b200000,0x000000947b300000] [id=17452]
  0x0000021e9b55b800 GCTaskThread "GC Thread#7" [stack: 0x000000947bd00000,0x000000947be00000] [id=15624]
  0x0000021efea77800 ConcurrentGCThread "G1 Main Marker" [stack: 0x0000009479c00000,0x0000009479d00000] [id=12804]
  0x0000021efea7b000 ConcurrentGCThread "G1 Conc#0" [stack: 0x0000009479d00000,0x0000009479e00000] [id=14440]
  0x0000021e9b55f000 ConcurrentGCThread "G1 Conc#1" [stack: 0x000000947be00000,0x000000947bf00000] [id=4976]
  0x0000021efeafe800 ConcurrentGCThread "G1 Refine#0" [stack: 0x0000009479e00000,0x0000009479f00000] [id=19760]
  0x0000021ea1367800 ConcurrentGCThread "G1 Refine#1" [stack: 0x000000947f900000,0x000000947fa00000] [id=11476]
  0x0000021ea1368800 ConcurrentGCThread "G1 Refine#2" [stack: 0x000000947fa00000,0x000000947fb00000] [id=16576]
  0x0000021ea136b000 ConcurrentGCThread "G1 Refine#3" [stack: 0x000000947fb00000,0x000000947fc00000] [id=20128]
  0x0000021e9aa92800 ConcurrentGCThread "G1 Young RemSet Sampling" [stack: 0x0000009479f00000,0x000000947a000000] [id=20628]

Threads with active compile tasks:
C2 CompilerThread0  39074 14855       4       java.lang.reflect.Constructor::newInstance (76 bytes)

VM state:not at safepoint (normal execution)

VM Mutex/Monitor currently owned by a thread: None

Heap address: 0x0000000080000000, size: 2048 MB, Compressed Oops mode: 32-bit
Narrow klass base: 0x0000000000000000, Narrow klass shift: 3
Compressed class space size: 1073741824 Address: 0x0000000100000000

Heap:
 garbage-first heap   total 325632K, used 142336K [0x0000000080000000, 0x0000000100000000)
  region size 1024K, 7 young (7168K), 4 survivors (4096K)
 Metaspace       used 102326K, capacity 105128K, committed 105932K, reserved 1140736K
  class space    used 13234K, capacity 14278K, committed 14540K, reserved 1048576K
Heap Regions: E=young(eden), S=young(survivor), O=old, HS=humongous(starts), HC=humongous(continues), CS=collection set, F=free, A=archive, TAMS=top-at-mark-start (previous, next)
|   0|0x0000000080000000, 0x0000000080100000, 0x0000000080100000|100%| O|  |TAMS 0x0000000080100000, 0x0000000080000000| Untracked 
|   1|0x0000000080100000, 0x0000000080200000, 0x0000000080200000|100%| O|  |TAMS 0x0000000080200000, 0x0000000080100000| Untracked 
|   2|0x0000000080200000, 0x0000000080300000, 0x0000000080300000|100%| O|  |TAMS 0x0000000080300000, 0x0000000080200000| Untracked 
|   3|0x0000000080300000, 0x0000000080400000, 0x0000000080400000|100%|HS|  |TAMS 0x0000000080400000, 0x0000000080300000| Complete 
|   4|0x0000000080400000, 0x0000000080500000, 0x0000000080500000|100%|HC|  |TAMS 0x0000000080500000, 0x0000000080400000| Complete 
|   5|0x0000000080500000, 0x0000000080600000, 0x0000000080600000|100%|HC|  |TAMS 0x0000000080600000, 0x0000000080500000| Complete 
|   6|0x0000000080600000, 0x0000000080700000, 0x0000000080700000|100%| O|  |TAMS 0x0000000080700000, 0x0000000080600000| Untracked 
|   7|0x0000000080700000, 0x0000000080800000, 0x0000000080800000|100%| O|  |TAMS 0x0000000080800000, 0x0000000080700000| Untracked 
|   8|0x0000000080800000, 0x0000000080900000, 0x0000000080900000|100%| O|  |TAMS 0x0000000080900000, 0x0000000080800000| Untracked 
|   9|0x0000000080900000, 0x0000000080a00000, 0x0000000080a00000|100%| O|  |TAMS 0x0000000080a00000, 0x0000000080900000| Untracked 
|  10|0x0000000080a00000, 0x0000000080b00000, 0x0000000080b00000|100%| O|  |TAMS 0x0000000080b00000, 0x0000000080a00000| Untracked 
|  11|0x0000000080b00000, 0x0000000080c00000, 0x0000000080c00000|100%| O|  |TAMS 0x0000000080c00000, 0x0000000080b00000| Untracked 
|  12|0x0000000080c00000, 0x0000000080d00000, 0x0000000080d00000|100%| O|  |TAMS 0x0000000080d00000, 0x0000000080c00000| Untracked 
|  13|0x0000000080d00000, 0x0000000080e00000, 0x0000000080e00000|100%| O|  |TAMS 0x0000000080e00000, 0x0000000080d00000| Untracked 
|  14|0x0000000080e00000, 0x0000000080f00000, 0x0000000080f00000|100%| O|  |TAMS 0x0000000080f00000, 0x0000000080e00000| Untracked 
|  15|0x0000000080f00000, 0x0000000081000000, 0x0000000081000000|100%| O|  |TAMS 0x0000000081000000, 0x0000000080f00000| Untracked 
|  16|0x0000000081000000, 0x0000000081100000, 0x0000000081100000|100%|HS|  |TAMS 0x0000000081100000, 0x0000000081000000| Complete 
|  17|0x0000000081100000, 0x0000000081200000, 0x0000000081200000|100%|HS|  |TAMS 0x0000000081200000, 0x0000000081100000| Complete 
|  18|0x0000000081200000, 0x0000000081300000, 0x0000000081300000|100%|HS|  |TAMS 0x0000000081300000, 0x0000000081200000| Complete 
|  19|0x0000000081300000, 0x0000000081400000, 0x0000000081400000|100%|HC|  |TAMS 0x0000000081400000, 0x0000000081300000| Complete 
|  20|0x0000000081400000, 0x0000000081500000, 0x0000000081500000|100%| O|  |TAMS 0x0000000081500000, 0x0000000081400000| Untracked 
|  21|0x0000000081500000, 0x0000000081600000, 0x0000000081600000|100%| O|  |TAMS 0x0000000081600000, 0x0000000081500000| Untracked 
|  22|0x0000000081600000, 0x0000000081700000, 0x0000000081700000|100%| O|  |TAMS 0x0000000081700000, 0x0000000081600000| Untracked 
|  23|0x0000000081700000, 0x0000000081800000, 0x0000000081800000|100%| O|  |TAMS 0x0000000081800000, 0x0000000081700000| Untracked 
|  24|0x0000000081800000, 0x0000000081900000, 0x0000000081900000|100%| O|  |TAMS 0x0000000081900000, 0x0000000081800000| Untracked 
|  25|0x0000000081900000, 0x0000000081a00000, 0x0000000081a00000|100%| O|  |TAMS 0x0000000081a00000, 0x0000000081900000| Untracked 
|  26|0x0000000081a00000, 0x0000000081b00000, 0x0000000081b00000|100%| O|  |TAMS 0x0000000081b00000, 0x0000000081a00000| Untracked 
|  27|0x0000000081b00000, 0x0000000081c00000, 0x0000000081c00000|100%| O|  |TAMS 0x0000000081c00000, 0x0000000081b00000| Untracked 
|  28|0x0000000081c00000, 0x0000000081d00000, 0x0000000081d00000|100%| O|  |TAMS 0x0000000081d00000, 0x0000000081c00000| Untracked 
|  29|0x0000000081d00000, 0x0000000081e00000, 0x0000000081e00000|100%| O|  |TAMS 0x0000000081e00000, 0x0000000081d00000| Untracked 
|  30|0x0000000081e00000, 0x0000000081f00000, 0x0000000081f00000|100%| O|  |TAMS 0x0000000081f00000, 0x0000000081e00000| Untracked 
|  31|0x0000000081f00000, 0x0000000082000000, 0x0000000082000000|100%| O|  |TAMS 0x0000000082000000, 0x0000000081f00000| Untracked 
|  32|0x0000000082000000, 0x0000000082100000, 0x0000000082100000|100%| O|  |TAMS 0x0000000082100000, 0x0000000082000000| Untracked 
|  33|0x0000000082100000, 0x0000000082200000, 0x0000000082200000|100%| O|  |TAMS 0x0000000082200000, 0x0000000082100000| Untracked 
|  34|0x0000000082200000, 0x0000000082300000, 0x0000000082300000|100%| O|  |TAMS 0x0000000082300000, 0x0000000082200000| Untracked 
|  35|0x0000000082300000, 0x0000000082400000, 0x0000000082400000|100%| O|  |TAMS 0x0000000082400000, 0x0000000082300000| Untracked 
|  36|0x0000000082400000, 0x0000000082500000, 0x0000000082500000|100%| O|  |TAMS 0x0000000082500000, 0x0000000082400000| Untracked 
|  37|0x0000000082500000, 0x0000000082600000, 0x0000000082600000|100%| O|  |TAMS 0x0000000082600000, 0x0000000082500000| Untracked 
|  38|0x0000000082600000, 0x0000000082700000, 0x0000000082700000|100%| O|  |TAMS 0x0000000082700000, 0x0000000082600000| Untracked 
|  39|0x0000000082700000, 0x0000000082800000, 0x0000000082800000|100%| O|  |TAMS 0x0000000082800000, 0x0000000082700000| Untracked 
|  40|0x0000000082800000, 0x0000000082900000, 0x0000000082900000|100%| O|  |TAMS 0x0000000082900000, 0x0000000082800000| Untracked 
|  41|0x0000000082900000, 0x0000000082a00000, 0x0000000082a00000|100%| O|  |TAMS 0x0000000082a00000, 0x0000000082900000| Untracked 
|  42|0x0000000082a00000, 0x0000000082b00000, 0x0000000082b00000|100%| O|  |TAMS 0x0000000082b00000, 0x0000000082a00000| Untracked 
|  43|0x0000000082b00000, 0x0000000082c00000, 0x0000000082c00000|100%| O|  |TAMS 0x0000000082c00000, 0x0000000082b00000| Untracked 
|  44|0x0000000082c00000, 0x0000000082d00000, 0x0000000082d00000|100%| O|  |TAMS 0x0000000082d00000, 0x0000000082c00000| Untracked 
|  45|0x0000000082d00000, 0x0000000082e00000, 0x0000000082e00000|100%| O|  |TAMS 0x0000000082e00000, 0x0000000082d00000| Untracked 
|  46|0x0000000082e00000, 0x0000000082f00000, 0x0000000082f00000|100%| O|  |TAMS 0x0000000082f00000, 0x0000000082e00000| Untracked 
|  47|0x0000000082f00000, 0x0000000083000000, 0x0000000083000000|100%| O|  |TAMS 0x0000000083000000, 0x0000000082f00000| Untracked 
|  48|0x0000000083000000, 0x0000000083100000, 0x0000000083100000|100%| O|  |TAMS 0x0000000083100000, 0x0000000083000000| Untracked 
|  49|0x0000000083100000, 0x0000000083200000, 0x0000000083200000|100%| O|  |TAMS 0x0000000083200000, 0x0000000083100000| Untracked 
|  50|0x0000000083200000, 0x0000000083300000, 0x0000000083300000|100%| O|  |TAMS 0x0000000083300000, 0x0000000083200000| Untracked 
|  51|0x0000000083300000, 0x0000000083400000, 0x0000000083400000|100%| O|  |TAMS 0x0000000083400000, 0x0000000083300000| Untracked 
|  52|0x0000000083400000, 0x0000000083500000, 0x0000000083500000|100%| O|  |TAMS 0x0000000083500000, 0x0000000083400000| Untracked 
|  53|0x0000000083500000, 0x0000000083600000, 0x0000000083600000|100%| O|  |TAMS 0x0000000083600000, 0x0000000083500000| Untracked 
|  54|0x0000000083600000, 0x0000000083700000, 0x0000000083700000|100%| O|  |TAMS 0x0000000083700000, 0x0000000083600000| Untracked 
|  55|0x0000000083700000, 0x0000000083800000, 0x0000000083800000|100%|HS|  |TAMS 0x0000000083700000, 0x0000000083700000| Complete 
|  56|0x0000000083800000, 0x0000000083900000, 0x0000000083900000|100%|HC|  |TAMS 0x0000000083800000, 0x0000000083800000| Complete 
|  57|0x0000000083900000, 0x0000000083a00000, 0x0000000083a00000|100%|HC|  |TAMS 0x0000000083900000, 0x0000000083900000| Complete 
|  58|0x0000000083a00000, 0x0000000083b00000, 0x0000000083b00000|100%|HC|  |TAMS 0x0000000083a00000, 0x0000000083a00000| Complete 
|  59|0x0000000083b00000, 0x0000000083c00000, 0x0000000083c00000|100%|HC|  |TAMS 0x0000000083b00000, 0x0000000083b00000| Complete 
|  60|0x0000000083c00000, 0x0000000083c00000, 0x0000000083d00000|  0%| F|  |TAMS 0x0000000083c00000, 0x0000000083c00000| Untracked 
|  61|0x0000000083d00000, 0x0000000083d00000, 0x0000000083e00000|  0%| F|  |TAMS 0x0000000083d00000, 0x0000000083d00000| Untracked 
|  62|0x0000000083e00000, 0x0000000083f00000, 0x0000000083f00000|100%| O|  |TAMS 0x0000000083f00000, 0x0000000083e00000| Untracked 
|  63|0x0000000083f00000, 0x0000000084000000, 0x0000000084000000|100%| O|  |TAMS 0x0000000084000000, 0x0000000083f00000| Untracked 
|  64|0x0000000084000000, 0x0000000084000000, 0x0000000084100000|  0%| F|  |TAMS 0x0000000084000000, 0x0000000084000000| Untracked 
|  65|0x0000000084100000, 0x0000000084100000, 0x0000000084200000|  0%| F|  |TAMS 0x0000000084100000, 0x0000000084100000| Untracked 
|  66|0x0000000084200000, 0x0000000084300000, 0x0000000084300000|100%| O|  |TAMS 0x0000000084300000, 0x0000000084200000| Untracked 
|  67|0x0000000084300000, 0x0000000084300000, 0x0000000084400000|  0%| F|  |TAMS 0x0000000084300000, 0x0000000084300000| Untracked 
|  68|0x0000000084400000, 0x0000000084500000, 0x0000000084500000|100%| O|  |TAMS 0x0000000084500000, 0x0000000084400000| Untracked 
|  69|0x0000000084500000, 0x0000000084600000, 0x0000000084600000|100%|HS|  |TAMS 0x0000000084600000, 0x0000000084500000| Complete 
|  70|0x0000000084600000, 0x0000000084700000, 0x0000000084700000|100%| O|  |TAMS 0x0000000084700000, 0x0000000084600000| Untracked 
|  71|0x0000000084700000, 0x0000000084800000, 0x0000000084800000|100%|HS|  |TAMS 0x0000000084800000, 0x0000000084700000| Complete 
|  72|0x0000000084800000, 0x0000000084900000, 0x0000000084900000|100%| O|  |TAMS 0x0000000084900000, 0x0000000084800000| Untracked 
|  73|0x0000000084900000, 0x0000000084a00000, 0x0000000084a00000|100%| O|  |TAMS 0x0000000084a00000, 0x0000000084900000| Untracked 
|  74|0x0000000084a00000, 0x0000000084b00000, 0x0000000084b00000|100%| O|  |TAMS 0x0000000084b00000, 0x0000000084a00000| Untracked 
|  75|0x0000000084b00000, 0x0000000084c00000, 0x0000000084c00000|100%| O|  |TAMS 0x0000000084c00000, 0x0000000084b00000| Untracked 
|  76|0x0000000084c00000, 0x0000000084d00000, 0x0000000084d00000|100%| O|  |TAMS 0x0000000084d00000, 0x0000000084c00000| Untracked 
|  77|0x0000000084d00000, 0x0000000084e00000, 0x0000000084e00000|100%| O|  |TAMS 0x0000000084e00000, 0x0000000084d00000| Untracked 
|  78|0x0000000084e00000, 0x0000000084f00000, 0x0000000084f00000|100%| O|  |TAMS 0x0000000084f00000, 0x0000000084e00000| Untracked 
|  79|0x0000000084f00000, 0x0000000085000000, 0x0000000085000000|100%| O|  |TAMS 0x0000000085000000, 0x0000000084f00000| Untracked 
|  80|0x0000000085000000, 0x0000000085100000, 0x0000000085100000|100%| O|  |TAMS 0x0000000085100000, 0x0000000085000000| Untracked 
|  81|0x0000000085100000, 0x0000000085200000, 0x0000000085200000|100%| O|  |TAMS 0x0000000085200000, 0x0000000085100000| Untracked 
|  82|0x0000000085200000, 0x0000000085300000, 0x0000000085300000|100%| O|  |TAMS 0x0000000085300000, 0x0000000085200000| Untracked 
|  83|0x0000000085300000, 0x0000000085400000, 0x0000000085400000|100%| O|  |TAMS 0x0000000085400000, 0x0000000085300000| Untracked 
|  84|0x0000000085400000, 0x0000000085500000, 0x0000000085500000|100%| O|  |TAMS 0x0000000085500000, 0x0000000085400000| Untracked 
|  85|0x0000000085500000, 0x0000000085600000, 0x0000000085600000|100%| O|  |TAMS 0x0000000085600000, 0x0000000085500000| Untracked 
|  86|0x0000000085600000, 0x0000000085600000, 0x0000000085700000|  0%| F|  |TAMS 0x0000000085600000, 0x0000000085600000| Untracked 
|  87|0x0000000085700000, 0x0000000085700000, 0x0000000085800000|  0%| F|  |TAMS 0x0000000085700000, 0x0000000085700000| Untracked 
|  88|0x0000000085800000, 0x0000000085900000, 0x0000000085900000|100%| O|  |TAMS 0x0000000085900000, 0x0000000085800000| Untracked 
|  89|0x0000000085900000, 0x0000000085a00000, 0x0000000085a00000|100%| O|  |TAMS 0x0000000085a00000, 0x0000000085900000| Untracked 
|  90|0x0000000085a00000, 0x0000000085b00000, 0x0000000085b00000|100%| O|  |TAMS 0x0000000085b00000, 0x0000000085a00000| Untracked 
|  91|0x0000000085b00000, 0x0000000085c00000, 0x0000000085c00000|100%| O|  |TAMS 0x0000000085c00000, 0x0000000085b00000| Untracked 
|  92|0x0000000085c00000, 0x0000000085d00000, 0x0000000085d00000|100%| O|  |TAMS 0x0000000085d00000, 0x0000000085c00000| Untracked 
|  93|0x0000000085d00000, 0x0000000085e00000, 0x0000000085e00000|100%| O|  |TAMS 0x0000000085e00000, 0x0000000085d00000| Untracked 
|  94|0x0000000085e00000, 0x0000000085f00000, 0x0000000085f00000|100%| O|  |TAMS 0x0000000085f00000, 0x0000000085e00000| Untracked 
|  95|0x0000000085f00000, 0x0000000086000000, 0x0000000086000000|100%| O|  |TAMS 0x0000000086000000, 0x0000000085f00000| Untracked 
|  96|0x0000000086000000, 0x0000000086100000, 0x0000000086100000|100%| O|  |TAMS 0x0000000086100000, 0x0000000086000000| Untracked 
|  97|0x0000000086100000, 0x0000000086200000, 0x0000000086200000|100%| O|  |TAMS 0x0000000086200000, 0x0000000086100000| Untracked 
|  98|0x0000000086200000, 0x0000000086300000, 0x0000000086300000|100%| O|  |TAMS 0x0000000086300000, 0x0000000086200000| Untracked 
|  99|0x0000000086300000, 0x0000000086400000, 0x0000000086400000|100%| O|  |TAMS 0x0000000086400000, 0x0000000086300000| Untracked 
| 100|0x0000000086400000, 0x0000000086500000, 0x0000000086500000|100%| O|  |TAMS 0x0000000086500000, 0x0000000086400000| Untracked 
| 101|0x0000000086500000, 0x0000000086600000, 0x0000000086600000|100%| O|  |TAMS 0x0000000086600000, 0x0000000086500000| Untracked 
| 102|0x0000000086600000, 0x0000000086700000, 0x0000000086700000|100%| O|  |TAMS 0x0000000086700000, 0x0000000086600000| Untracked 
| 103|0x0000000086700000, 0x0000000086800000, 0x0000000086800000|100%| O|  |TAMS 0x0000000086800000, 0x0000000086700000| Untracked 
| 104|0x0000000086800000, 0x0000000086900000, 0x0000000086900000|100%| O|  |TAMS 0x0000000086900000, 0x0000000086800000| Untracked 
| 105|0x0000000086900000, 0x0000000086a00000, 0x0000000086a00000|100%| O|  |TAMS 0x0000000086a00000, 0x0000000086900000| Untracked 
| 106|0x0000000086a00000, 0x0000000086b00000, 0x0000000086b00000|100%| O|  |TAMS 0x0000000086b00000, 0x0000000086a00000| Untracked 
| 107|0x0000000086b00000, 0x0000000086c00000, 0x0000000086c00000|100%| O|  |TAMS 0x0000000086c00000, 0x0000000086b00000| Untracked 
| 108|0x0000000086c00000, 0x0000000086d00000, 0x0000000086d00000|100%| O|  |TAMS 0x0000000086d00000, 0x0000000086c00000| Untracked 
| 109|0x0000000086d00000, 0x0000000086e00000, 0x0000000086e00000|100%| O|  |TAMS 0x0000000086e00000, 0x0000000086d00000| Untracked 
| 110|0x0000000086e00000, 0x0000000086f00000, 0x0000000086f00000|100%| O|  |TAMS 0x0000000086f00000, 0x0000000086e00000| Untracked 
| 111|0x0000000086f00000, 0x0000000087000000, 0x0000000087000000|100%| O|  |TAMS 0x0000000087000000, 0x0000000086f00000| Untracked 
| 112|0x0000000087000000, 0x0000000087100000, 0x0000000087100000|100%| O|  |TAMS 0x0000000087100000, 0x0000000087000000| Untracked 
| 113|0x0000000087100000, 0x0000000087200000, 0x0000000087200000|100%| O|  |TAMS 0x0000000087200000, 0x0000000087100000| Untracked 
| 114|0x0000000087200000, 0x0000000087300000, 0x0000000087300000|100%| O|  |TAMS 0x0000000087300000, 0x0000000087200000| Untracked 
| 115|0x0000000087300000, 0x0000000087400000, 0x0000000087400000|100%| O|  |TAMS 0x0000000087400000, 0x0000000087300000| Untracked 
| 116|0x0000000087400000, 0x0000000087500000, 0x0000000087500000|100%| O|  |TAMS 0x0000000087500000, 0x0000000087400000| Untracked 
| 117|0x0000000087500000, 0x0000000087600000, 0x0000000087600000|100%| O|  |TAMS 0x0000000087600000, 0x0000000087500000| Untracked 
| 118|0x0000000087600000, 0x0000000087700000, 0x0000000087700000|100%| O|  |TAMS 0x0000000087700000, 0x0000000087600000| Untracked 
| 119|0x0000000087700000, 0x0000000087800000, 0x0000000087800000|100%| O|  |TAMS 0x0000000087800000, 0x0000000087700000| Untracked 
| 120|0x0000000087800000, 0x0000000087900000, 0x0000000087900000|100%| O|  |TAMS 0x0000000087900000, 0x0000000087800000| Untracked 
| 121|0x0000000087900000, 0x0000000087a00000, 0x0000000087a00000|100%| O|  |TAMS 0x0000000087a00000, 0x0000000087900000| Untracked 
| 122|0x0000000087a00000, 0x0000000087b00000, 0x0000000087b00000|100%| O|  |TAMS 0x0000000087b00000, 0x0000000087a00000| Untracked 
| 123|0x0000000087b00000, 0x0000000087c00000, 0x0000000087c00000|100%| O|  |TAMS 0x0000000087c00000, 0x0000000087b00000| Untracked 
| 124|0x0000000087c00000, 0x0000000087d00000, 0x0000000087d00000|100%| O|  |TAMS 0x0000000087d00000, 0x0000000087c00000| Untracked 
| 125|0x0000000087d00000, 0x0000000087e00000, 0x0000000087e00000|100%| O|  |TAMS 0x0000000087e00000, 0x0000000087d00000| Untracked 
| 126|0x0000000087e00000, 0x0000000087f00000, 0x0000000087f00000|100%| O|  |TAMS 0x0000000087f00000, 0x0000000087e00000| Untracked 
| 127|0x0000000087f00000, 0x0000000088000000, 0x0000000088000000|100%| O|  |TAMS 0x0000000088000000, 0x0000000087f00000| Untracked 
| 128|0x0000000088000000, 0x0000000088100000, 0x0000000088100000|100%| O|  |TAMS 0x0000000088100000, 0x0000000088000000| Untracked 
| 129|0x0000000088100000, 0x0000000088200000, 0x0000000088200000|100%| O|  |TAMS 0x0000000088200000, 0x0000000088100000| Untracked 
| 130|0x0000000088200000, 0x0000000088300000, 0x0000000088300000|100%| O|  |TAMS 0x0000000088300000, 0x0000000088200000| Untracked 
| 131|0x0000000088300000, 0x0000000088400000, 0x0000000088400000|100%| O|  |TAMS 0x0000000088400000, 0x0000000088300000| Untracked 
| 132|0x0000000088400000, 0x0000000088400000, 0x0000000088500000|  0%| F|  |TAMS 0x0000000088400000, 0x0000000088400000| Untracked 
| 133|0x0000000088500000, 0x0000000088600000, 0x0000000088600000|100%| O|  |TAMS 0x0000000088600000, 0x0000000088500000| Untracked 
| 134|0x0000000088600000, 0x0000000088700000, 0x0000000088700000|100%| O|  |TAMS 0x0000000088700000, 0x0000000088600000| Untracked 
| 135|0x0000000088700000, 0x0000000088800000, 0x0000000088800000|100%| O|  |TAMS 0x0000000088800000, 0x0000000088700000| Untracked 
| 136|0x0000000088800000, 0x0000000088900000, 0x0000000088900000|100%| O|  |TAMS 0x0000000088900000, 0x0000000088800000| Untracked 
| 137|0x0000000088900000, 0x0000000088900000, 0x0000000088a00000|  0%| F|  |TAMS 0x0000000088900000, 0x0000000088900000| Untracked 
| 138|0x0000000088a00000, 0x0000000088b00000, 0x0000000088b00000|100%|HS|  |TAMS 0x0000000088a00000, 0x0000000088a00000| Complete 
| 139|0x0000000088b00000, 0x0000000088c00000, 0x0000000088c00000|100%|HC|  |TAMS 0x0000000088b00000, 0x0000000088b00000| Complete 
| 140|0x0000000088c00000, 0x0000000088d00000, 0x0000000088d00000|100%|HC|  |TAMS 0x0000000088c00000, 0x0000000088c00000| Complete 
| 141|0x0000000088d00000, 0x0000000088e00000, 0x0000000088e00000|100%|HC|  |TAMS 0x0000000088d00000, 0x0000000088d00000| Complete 
| 142|0x0000000088e00000, 0x0000000088f00000, 0x0000000088f00000|100%|HC|  |TAMS 0x0000000088e00000, 0x0000000088e00000| Complete 
| 143|0x0000000088f00000, 0x0000000088f00000, 0x0000000089000000|  0%| F|  |TAMS 0x0000000088f00000, 0x0000000088f00000| Untracked 
| 144|0x0000000089000000, 0x0000000089000000, 0x0000000089100000|  0%| F|  |TAMS 0x0000000089000000, 0x0000000089000000| Untracked 
| 145|0x0000000089100000, 0x0000000089100000, 0x0000000089200000|  0%| F|  |TAMS 0x0000000089100000, 0x0000000089100000| Untracked 
| 146|0x0000000089200000, 0x0000000089200000, 0x0000000089300000|  0%| F|  |TAMS 0x0000000089200000, 0x0000000089200000| Untracked 
| 147|0x0000000089300000, 0x0000000089300000, 0x0000000089400000|  0%| F|  |TAMS 0x0000000089300000, 0x0000000089300000| Untracked 
| 148|0x0000000089400000, 0x0000000089400000, 0x0000000089500000|  0%| F|  |TAMS 0x0000000089400000, 0x0000000089400000| Untracked 
| 149|0x0000000089500000, 0x0000000089500000, 0x0000000089600000|  0%| F|  |TAMS 0x0000000089500000, 0x0000000089500000| Untracked 
| 150|0x0000000089600000, 0x0000000089600000, 0x0000000089700000|  0%| F|  |TAMS 0x0000000089600000, 0x0000000089600000| Untracked 
| 151|0x0000000089700000, 0x0000000089700000, 0x0000000089800000|  0%| F|  |TAMS 0x0000000089700000, 0x0000000089700000| Untracked 
| 152|0x0000000089800000, 0x0000000089800000, 0x0000000089900000|  0%| F|  |TAMS 0x0000000089800000, 0x0000000089800000| Untracked 
| 153|0x0000000089900000, 0x0000000089900000, 0x0000000089a00000|  0%| F|  |TAMS 0x0000000089900000, 0x0000000089900000| Untracked 
| 154|0x0000000089a00000, 0x0000000089a00000, 0x0000000089b00000|  0%| F|  |TAMS 0x0000000089a00000, 0x0000000089a00000| Untracked 
| 155|0x0000000089b00000, 0x0000000089b00000, 0x0000000089c00000|  0%| F|  |TAMS 0x0000000089b00000, 0x0000000089b00000| Untracked 
| 156|0x0000000089c00000, 0x0000000089c00000, 0x0000000089d00000|  0%| F|  |TAMS 0x0000000089c00000, 0x0000000089c00000| Untracked 
| 157|0x0000000089d00000, 0x0000000089d00000, 0x0000000089e00000|  0%| F|  |TAMS 0x0000000089d00000, 0x0000000089d00000| Untracked 
| 158|0x0000000089e00000, 0x0000000089e00000, 0x0000000089f00000|  0%| F|  |TAMS 0x0000000089e00000, 0x0000000089e00000| Untracked 
| 159|0x0000000089f00000, 0x0000000089f00000, 0x000000008a000000|  0%| F|  |TAMS 0x0000000089f00000, 0x0000000089f00000| Untracked 
| 160|0x000000008a000000, 0x000000008a000000, 0x000000008a100000|  0%| F|  |TAMS 0x000000008a000000, 0x000000008a000000| Untracked 
| 161|0x000000008a100000, 0x000000008a100000, 0x000000008a200000|  0%| F|  |TAMS 0x000000008a100000, 0x000000008a100000| Untracked 
| 162|0x000000008a200000, 0x000000008a200000, 0x000000008a300000|  0%| F|  |TAMS 0x000000008a200000, 0x000000008a200000| Untracked 
| 163|0x000000008a300000, 0x000000008a300000, 0x000000008a400000|  0%| F|  |TAMS 0x000000008a300000, 0x000000008a300000| Untracked 
| 164|0x000000008a400000, 0x000000008a400000, 0x000000008a500000|  0%| F|  |TAMS 0x000000008a400000, 0x000000008a400000| Untracked 
| 165|0x000000008a500000, 0x000000008a500000, 0x000000008a600000|  0%| F|  |TAMS 0x000000008a500000, 0x000000008a500000| Untracked 
| 166|0x000000008a600000, 0x000000008a600000, 0x000000008a700000|  0%| F|  |TAMS 0x000000008a600000, 0x000000008a600000| Untracked 
| 167|0x000000008a700000, 0x000000008a700000, 0x000000008a800000|  0%| F|  |TAMS 0x000000008a700000, 0x000000008a700000| Untracked 
| 168|0x000000008a800000, 0x000000008a800000, 0x000000008a900000|  0%| F|  |TAMS 0x000000008a800000, 0x000000008a800000| Untracked 
| 169|0x000000008a900000, 0x000000008a900000, 0x000000008aa00000|  0%| F|  |TAMS 0x000000008a900000, 0x000000008a900000| Untracked 
| 170|0x000000008aa00000, 0x000000008aa00000, 0x000000008ab00000|  0%| F|  |TAMS 0x000000008aa00000, 0x000000008aa00000| Untracked 
| 171|0x000000008ab00000, 0x000000008ab00000, 0x000000008ac00000|  0%| F|  |TAMS 0x000000008ab00000, 0x000000008ab00000| Untracked 
| 172|0x000000008ac00000, 0x000000008ac00000, 0x000000008ad00000|  0%| F|  |TAMS 0x000000008ac00000, 0x000000008ac00000| Untracked 
| 173|0x000000008ad00000, 0x000000008ad00000, 0x000000008ae00000|  0%| F|  |TAMS 0x000000008ad00000, 0x000000008ad00000| Untracked 
| 174|0x000000008ae00000, 0x000000008ae00000, 0x000000008af00000|  0%| F|  |TAMS 0x000000008ae00000, 0x000000008ae00000| Untracked 
| 175|0x000000008af00000, 0x000000008af00000, 0x000000008b000000|  0%| F|  |TAMS 0x000000008af00000, 0x000000008af00000| Untracked 
| 176|0x000000008b000000, 0x000000008b000000, 0x000000008b100000|  0%| F|  |TAMS 0x000000008b000000, 0x000000008b000000| Untracked 
| 177|0x000000008b100000, 0x000000008b100000, 0x000000008b200000|  0%| F|  |TAMS 0x000000008b100000, 0x000000008b100000| Untracked 
| 178|0x000000008b200000, 0x000000008b200000, 0x000000008b300000|  0%| F|  |TAMS 0x000000008b200000, 0x000000008b200000| Untracked 
| 179|0x000000008b300000, 0x000000008b300000, 0x000000008b400000|  0%| F|  |TAMS 0x000000008b300000, 0x000000008b300000| Untracked 
| 180|0x000000008b400000, 0x000000008b400000, 0x000000008b500000|  0%| F|  |TAMS 0x000000008b400000, 0x000000008b400000| Untracked 
| 181|0x000000008b500000, 0x000000008b500000, 0x000000008b600000|  0%| F|  |TAMS 0x000000008b500000, 0x000000008b500000| Untracked 
| 182|0x000000008b600000, 0x000000008b600000, 0x000000008b700000|  0%| F|  |TAMS 0x000000008b600000, 0x000000008b600000| Untracked 
| 183|0x000000008b700000, 0x000000008b700000, 0x000000008b800000|  0%| F|  |TAMS 0x000000008b700000, 0x000000008b700000| Untracked 
| 184|0x000000008b800000, 0x000000008b800000, 0x000000008b900000|  0%| F|  |TAMS 0x000000008b800000, 0x000000008b800000| Untracked 
| 185|0x000000008b900000, 0x000000008b900000, 0x000000008ba00000|  0%| F|  |TAMS 0x000000008b900000, 0x000000008b900000| Untracked 
| 186|0x000000008ba00000, 0x000000008ba00000, 0x000000008bb00000|  0%| F|  |TAMS 0x000000008ba00000, 0x000000008ba00000| Untracked 
| 187|0x000000008bb00000, 0x000000008bb00000, 0x000000008bc00000|  0%| F|  |TAMS 0x000000008bb00000, 0x000000008bb00000| Untracked 
| 188|0x000000008bc00000, 0x000000008bc00000, 0x000000008bd00000|  0%| F|  |TAMS 0x000000008bc00000, 0x000000008bc00000| Untracked 
| 189|0x000000008bd00000, 0x000000008bd00000, 0x000000008be00000|  0%| F|  |TAMS 0x000000008bd00000, 0x000000008bd00000| Untracked 
| 190|0x000000008be00000, 0x000000008be00000, 0x000000008bf00000|  0%| F|  |TAMS 0x000000008be00000, 0x000000008be00000| Untracked 
| 191|0x000000008bf00000, 0x000000008bf00000, 0x000000008c000000|  0%| F|  |TAMS 0x000000008bf00000, 0x000000008bf00000| Untracked 
| 192|0x000000008c000000, 0x000000008c000000, 0x000000008c100000|  0%| F|  |TAMS 0x000000008c000000, 0x000000008c000000| Untracked 
| 193|0x000000008c100000, 0x000000008c100000, 0x000000008c200000|  0%| F|  |TAMS 0x000000008c100000, 0x000000008c100000| Untracked 
| 194|0x000000008c200000, 0x000000008c200000, 0x000000008c300000|  0%| F|  |TAMS 0x000000008c200000, 0x000000008c200000| Untracked 
| 195|0x000000008c300000, 0x000000008c300000, 0x000000008c400000|  0%| F|  |TAMS 0x000000008c300000, 0x000000008c300000| Untracked 
| 196|0x000000008c400000, 0x000000008c400000, 0x000000008c500000|  0%| F|  |TAMS 0x000000008c400000, 0x000000008c400000| Untracked 
| 197|0x000000008c500000, 0x000000008c500000, 0x000000008c600000|  0%| F|  |TAMS 0x000000008c500000, 0x000000008c500000| Untracked 
| 198|0x000000008c600000, 0x000000008c600000, 0x000000008c700000|  0%| F|  |TAMS 0x000000008c600000, 0x000000008c600000| Untracked 
| 199|0x000000008c700000, 0x000000008c700000, 0x000000008c800000|  0%| F|  |TAMS 0x000000008c700000, 0x000000008c700000| Untracked 
| 200|0x000000008c800000, 0x000000008c800000, 0x000000008c900000|  0%| F|  |TAMS 0x000000008c800000, 0x000000008c800000| Untracked 
| 201|0x000000008c900000, 0x000000008c900000, 0x000000008ca00000|  0%| F|  |TAMS 0x000000008c900000, 0x000000008c900000| Untracked 
| 202|0x000000008ca00000, 0x000000008ca00000, 0x000000008cb00000|  0%| F|  |TAMS 0x000000008ca00000, 0x000000008ca00000| Untracked 
| 203|0x000000008cb00000, 0x000000008cb00000, 0x000000008cc00000|  0%| F|  |TAMS 0x000000008cb00000, 0x000000008cb00000| Untracked 
| 204|0x000000008cc00000, 0x000000008cc00000, 0x000000008cd00000|  0%| F|  |TAMS 0x000000008cc00000, 0x000000008cc00000| Untracked 
| 205|0x000000008cd00000, 0x000000008cd00000, 0x000000008ce00000|  0%| F|  |TAMS 0x000000008cd00000, 0x000000008cd00000| Untracked 
| 206|0x000000008ce00000, 0x000000008cf00000, 0x000000008cf00000|100%| S|CS|TAMS 0x000000008ce00000, 0x000000008ce00000| Complete 
| 207|0x000000008cf00000, 0x000000008d000000, 0x000000008d000000|100%| S|CS|TAMS 0x000000008cf00000, 0x000000008cf00000| Complete 
| 208|0x000000008d000000, 0x000000008d100000, 0x000000008d100000|100%| S|CS|TAMS 0x000000008d000000, 0x000000008d000000| Complete 
| 209|0x000000008d100000, 0x000000008d200000, 0x000000008d200000|100%| S|CS|TAMS 0x000000008d100000, 0x000000008d100000| Complete 
| 210|0x000000008d200000, 0x000000008d200000, 0x000000008d300000|  0%| F|  |TAMS 0x000000008d200000, 0x000000008d200000| Untracked 
| 211|0x000000008d300000, 0x000000008d300000, 0x000000008d400000|  0%| F|  |TAMS 0x000000008d300000, 0x000000008d300000| Untracked 
| 212|0x000000008d400000, 0x000000008d400000, 0x000000008d500000|  0%| F|  |TAMS 0x000000008d400000, 0x000000008d400000| Untracked 
| 213|0x000000008d500000, 0x000000008d500000, 0x000000008d600000|  0%| F|  |TAMS 0x000000008d500000, 0x000000008d500000| Untracked 
| 214|0x000000008d600000, 0x000000008d600000, 0x000000008d700000|  0%| F|  |TAMS 0x000000008d600000, 0x000000008d600000| Untracked 
| 215|0x000000008d700000, 0x000000008d700000, 0x000000008d800000|  0%| F|  |TAMS 0x000000008d700000, 0x000000008d700000| Untracked 
| 216|0x000000008d800000, 0x000000008d800000, 0x000000008d900000|  0%| F|  |TAMS 0x000000008d800000, 0x000000008d800000| Untracked 
| 217|0x000000008d900000, 0x000000008d900000, 0x000000008da00000|  0%| F|  |TAMS 0x000000008d900000, 0x000000008d900000| Untracked 
| 218|0x000000008da00000, 0x000000008da00000, 0x000000008db00000|  0%| F|  |TAMS 0x000000008da00000, 0x000000008da00000| Untracked 
| 219|0x000000008db00000, 0x000000008db00000, 0x000000008dc00000|  0%| F|  |TAMS 0x000000008db00000, 0x000000008db00000| Untracked 
| 220|0x000000008dc00000, 0x000000008dc00000, 0x000000008dd00000|  0%| F|  |TAMS 0x000000008dc00000, 0x000000008dc00000| Untracked 
| 221|0x000000008dd00000, 0x000000008dd00000, 0x000000008de00000|  0%| F|  |TAMS 0x000000008dd00000, 0x000000008dd00000| Untracked 
| 222|0x000000008de00000, 0x000000008de00000, 0x000000008df00000|  0%| F|  |TAMS 0x000000008de00000, 0x000000008de00000| Untracked 
| 223|0x000000008df00000, 0x000000008df00000, 0x000000008e000000|  0%| F|  |TAMS 0x000000008df00000, 0x000000008df00000| Untracked 
| 224|0x000000008e000000, 0x000000008e000000, 0x000000008e100000|  0%| F|  |TAMS 0x000000008e000000, 0x000000008e000000| Untracked 
| 225|0x000000008e100000, 0x000000008e100000, 0x000000008e200000|  0%| F|  |TAMS 0x000000008e100000, 0x000000008e100000| Untracked 
| 226|0x000000008e200000, 0x000000008e200000, 0x000000008e300000|  0%| F|  |TAMS 0x000000008e200000, 0x000000008e200000| Untracked 
| 227|0x000000008e300000, 0x000000008e300000, 0x000000008e400000|  0%| F|  |TAMS 0x000000008e300000, 0x000000008e300000| Untracked 
| 228|0x000000008e400000, 0x000000008e400000, 0x000000008e500000|  0%| F|  |TAMS 0x000000008e400000, 0x000000008e400000| Untracked 
| 229|0x000000008e500000, 0x000000008e500000, 0x000000008e600000|  0%| F|  |TAMS 0x000000008e500000, 0x000000008e500000| Untracked 
| 230|0x000000008e600000, 0x000000008e600000, 0x000000008e700000|  0%| F|  |TAMS 0x000000008e600000, 0x000000008e600000| Untracked 
| 231|0x000000008e700000, 0x000000008e700000, 0x000000008e800000|  0%| F|  |TAMS 0x000000008e700000, 0x000000008e700000| Untracked 
| 232|0x000000008e800000, 0x000000008e800000, 0x000000008e900000|  0%| F|  |TAMS 0x000000008e800000, 0x000000008e800000| Untracked 
| 233|0x000000008e900000, 0x000000008e900000, 0x000000008ea00000|  0%| F|  |TAMS 0x000000008e900000, 0x000000008e900000| Untracked 
| 234|0x000000008ea00000, 0x000000008ea00000, 0x000000008eb00000|  0%| F|  |TAMS 0x000000008ea00000, 0x000000008ea00000| Untracked 
| 235|0x000000008eb00000, 0x000000008eb00000, 0x000000008ec00000|  0%| F|  |TAMS 0x000000008eb00000, 0x000000008eb00000| Untracked 
| 236|0x000000008ec00000, 0x000000008ec00000, 0x000000008ed00000|  0%| F|  |TAMS 0x000000008ec00000, 0x000000008ec00000| Untracked 
| 237|0x000000008ed00000, 0x000000008ed00000, 0x000000008ee00000|  0%| F|  |TAMS 0x000000008ed00000, 0x000000008ed00000| Untracked 
| 238|0x000000008ee00000, 0x000000008ee00000, 0x000000008ef00000|  0%| F|  |TAMS 0x000000008ee00000, 0x000000008ee00000| Untracked 
| 239|0x000000008ef00000, 0x000000008ef00000, 0x000000008f000000|  0%| F|  |TAMS 0x000000008ef00000, 0x000000008ef00000| Untracked 
| 240|0x000000008f000000, 0x000000008f000000, 0x000000008f100000|  0%| F|  |TAMS 0x000000008f000000, 0x000000008f000000| Untracked 
| 241|0x000000008f100000, 0x000000008f100000, 0x000000008f200000|  0%| F|  |TAMS 0x000000008f100000, 0x000000008f100000| Untracked 
| 242|0x000000008f200000, 0x000000008f200000, 0x000000008f300000|  0%| F|  |TAMS 0x000000008f200000, 0x000000008f200000| Untracked 
| 243|0x000000008f300000, 0x000000008f300000, 0x000000008f400000|  0%| F|  |TAMS 0x000000008f300000, 0x000000008f300000| Untracked 
| 244|0x000000008f400000, 0x000000008f400000, 0x000000008f500000|  0%| F|  |TAMS 0x000000008f400000, 0x000000008f400000| Untracked 
| 245|0x000000008f500000, 0x000000008f500000, 0x000000008f600000|  0%| F|  |TAMS 0x000000008f500000, 0x000000008f500000| Untracked 
| 246|0x000000008f600000, 0x000000008f600000, 0x000000008f700000|  0%| F|  |TAMS 0x000000008f600000, 0x000000008f600000| Untracked 
| 247|0x000000008f700000, 0x000000008f700000, 0x000000008f800000|  0%| F|  |TAMS 0x000000008f700000, 0x000000008f700000| Untracked 
| 248|0x000000008f800000, 0x000000008f800000, 0x000000008f900000|  0%| F|  |TAMS 0x000000008f800000, 0x000000008f800000| Untracked 
| 249|0x000000008f900000, 0x000000008f900000, 0x000000008fa00000|  0%| F|  |TAMS 0x000000008f900000, 0x000000008f900000| Untracked 
| 250|0x000000008fa00000, 0x000000008fa00000, 0x000000008fb00000|  0%| F|  |TAMS 0x000000008fa00000, 0x000000008fa00000| Untracked 
| 251|0x000000008fb00000, 0x000000008fb00000, 0x000000008fc00000|  0%| F|  |TAMS 0x000000008fb00000, 0x000000008fb00000| Untracked 
| 252|0x000000008fc00000, 0x000000008fc00000, 0x000000008fd00000|  0%| F|  |TAMS 0x000000008fc00000, 0x000000008fc00000| Untracked 
| 253|0x000000008fd00000, 0x000000008fd00000, 0x000000008fe00000|  0%| F|  |TAMS 0x000000008fd00000, 0x000000008fd00000| Untracked 
| 254|0x000000008fe00000, 0x000000008fe00000, 0x000000008ff00000|  0%| F|  |TAMS 0x000000008fe00000, 0x000000008fe00000| Untracked 
| 255|0x000000008ff00000, 0x000000008ff00000, 0x0000000090000000|  0%| F|  |TAMS 0x000000008ff00000, 0x000000008ff00000| Untracked 
| 256|0x0000000090000000, 0x0000000090000000, 0x0000000090100000|  0%| F|  |TAMS 0x0000000090000000, 0x0000000090000000| Untracked 
| 257|0x0000000090100000, 0x0000000090100000, 0x0000000090200000|  0%| F|  |TAMS 0x0000000090100000, 0x0000000090100000| Untracked 
| 258|0x0000000090200000, 0x0000000090200000, 0x0000000090300000|  0%| F|  |TAMS 0x0000000090200000, 0x0000000090200000| Untracked 
| 259|0x0000000090300000, 0x0000000090300000, 0x0000000090400000|  0%| F|  |TAMS 0x0000000090300000, 0x0000000090300000| Untracked 
| 260|0x0000000090400000, 0x0000000090400000, 0x0000000090500000|  0%| F|  |TAMS 0x0000000090400000, 0x0000000090400000| Untracked 
| 261|0x0000000090500000, 0x0000000090500000, 0x0000000090600000|  0%| F|  |TAMS 0x0000000090500000, 0x0000000090500000| Untracked 
| 262|0x0000000090600000, 0x0000000090600000, 0x0000000090700000|  0%| F|  |TAMS 0x0000000090600000, 0x0000000090600000| Untracked 
| 263|0x0000000090700000, 0x0000000090700000, 0x0000000090800000|  0%| F|  |TAMS 0x0000000090700000, 0x0000000090700000| Untracked 
| 264|0x0000000090800000, 0x0000000090800000, 0x0000000090900000|  0%| F|  |TAMS 0x0000000090800000, 0x0000000090800000| Untracked 
| 265|0x0000000090900000, 0x0000000090900000, 0x0000000090a00000|  0%| F|  |TAMS 0x0000000090900000, 0x0000000090900000| Untracked 
| 266|0x0000000090a00000, 0x0000000090a00000, 0x0000000090b00000|  0%| F|  |TAMS 0x0000000090a00000, 0x0000000090a00000| Untracked 
| 267|0x0000000090b00000, 0x0000000090b00000, 0x0000000090c00000|  0%| F|  |TAMS 0x0000000090b00000, 0x0000000090b00000| Untracked 
| 268|0x0000000090c00000, 0x0000000090c00000, 0x0000000090d00000|  0%| F|  |TAMS 0x0000000090c00000, 0x0000000090c00000| Untracked 
| 269|0x0000000090d00000, 0x0000000090d00000, 0x0000000090e00000|  0%| F|  |TAMS 0x0000000090d00000, 0x0000000090d00000| Untracked 
| 270|0x0000000090e00000, 0x0000000090e00000, 0x0000000090f00000|  0%| F|  |TAMS 0x0000000090e00000, 0x0000000090e00000| Untracked 
| 271|0x0000000090f00000, 0x0000000090f00000, 0x0000000091000000|  0%| F|  |TAMS 0x0000000090f00000, 0x0000000090f00000| Untracked 
| 272|0x0000000091000000, 0x0000000091000000, 0x0000000091100000|  0%| F|  |TAMS 0x0000000091000000, 0x0000000091000000| Untracked 
| 273|0x0000000091100000, 0x0000000091100000, 0x0000000091200000|  0%| F|  |TAMS 0x0000000091100000, 0x0000000091100000| Untracked 
| 274|0x0000000091200000, 0x0000000091200000, 0x0000000091300000|  0%| F|  |TAMS 0x0000000091200000, 0x0000000091200000| Untracked 
| 275|0x0000000091300000, 0x0000000091300000, 0x0000000091400000|  0%| F|  |TAMS 0x0000000091300000, 0x0000000091300000| Untracked 
| 276|0x0000000091400000, 0x0000000091400000, 0x0000000091500000|  0%| F|  |TAMS 0x0000000091400000, 0x0000000091400000| Untracked 
| 277|0x0000000091500000, 0x0000000091500000, 0x0000000091600000|  0%| F|  |TAMS 0x0000000091500000, 0x0000000091500000| Untracked 
| 278|0x0000000091600000, 0x0000000091600000, 0x0000000091700000|  0%| F|  |TAMS 0x0000000091600000, 0x0000000091600000| Untracked 
| 279|0x0000000091700000, 0x0000000091700000, 0x0000000091800000|  0%| F|  |TAMS 0x0000000091700000, 0x0000000091700000| Untracked 
| 280|0x0000000091800000, 0x0000000091800000, 0x0000000091900000|  0%| F|  |TAMS 0x0000000091800000, 0x0000000091800000| Untracked 
| 281|0x0000000091900000, 0x0000000091900000, 0x0000000091a00000|  0%| F|  |TAMS 0x0000000091900000, 0x0000000091900000| Untracked 
| 282|0x0000000091a00000, 0x0000000091a00000, 0x0000000091b00000|  0%| F|  |TAMS 0x0000000091a00000, 0x0000000091a00000| Untracked 
| 283|0x0000000091b00000, 0x0000000091b00000, 0x0000000091c00000|  0%| F|  |TAMS 0x0000000091b00000, 0x0000000091b00000| Untracked 
| 284|0x0000000091c00000, 0x0000000091c00000, 0x0000000091d00000|  0%| F|  |TAMS 0x0000000091c00000, 0x0000000091c00000| Untracked 
| 285|0x0000000091d00000, 0x0000000091d00000, 0x0000000091e00000|  0%| F|  |TAMS 0x0000000091d00000, 0x0000000091d00000| Untracked 
| 286|0x0000000091e00000, 0x0000000091e00000, 0x0000000091f00000|  0%| F|  |TAMS 0x0000000091e00000, 0x0000000091e00000| Untracked 
| 287|0x0000000091f00000, 0x0000000091f00000, 0x0000000092000000|  0%| F|  |TAMS 0x0000000091f00000, 0x0000000091f00000| Untracked 
| 288|0x0000000092000000, 0x0000000092000000, 0x0000000092100000|  0%| F|  |TAMS 0x0000000092000000, 0x0000000092000000| Untracked 
| 289|0x0000000092100000, 0x0000000092100000, 0x0000000092200000|  0%| F|  |TAMS 0x0000000092100000, 0x0000000092100000| Untracked 
| 290|0x0000000092200000, 0x0000000092200000, 0x0000000092300000|  0%| F|  |TAMS 0x0000000092200000, 0x0000000092200000| Untracked 
| 291|0x0000000092300000, 0x0000000092300000, 0x0000000092400000|  0%| F|  |TAMS 0x0000000092300000, 0x0000000092300000| Untracked 
| 292|0x0000000092400000, 0x0000000092400000, 0x0000000092500000|  0%| F|  |TAMS 0x0000000092400000, 0x0000000092400000| Untracked 
| 293|0x0000000092500000, 0x0000000092500000, 0x0000000092600000|  0%| F|  |TAMS 0x0000000092500000, 0x0000000092500000| Untracked 
| 294|0x0000000092600000, 0x0000000092600000, 0x0000000092700000|  0%| F|  |TAMS 0x0000000092600000, 0x0000000092600000| Untracked 
| 295|0x0000000092700000, 0x0000000092700000, 0x0000000092800000|  0%| F|  |TAMS 0x0000000092700000, 0x0000000092700000| Untracked 
| 296|0x0000000092800000, 0x0000000092800000, 0x0000000092900000|  0%| F|  |TAMS 0x0000000092800000, 0x0000000092800000| Untracked 
| 297|0x0000000092900000, 0x0000000092900000, 0x0000000092a00000|  0%| F|  |TAMS 0x0000000092900000, 0x0000000092900000| Untracked 
| 298|0x0000000092a00000, 0x0000000092a00000, 0x0000000092b00000|  0%| F|  |TAMS 0x0000000092a00000, 0x0000000092a00000| Untracked 
| 299|0x0000000092b00000, 0x0000000092b00000, 0x0000000092c00000|  0%| F|  |TAMS 0x0000000092b00000, 0x0000000092b00000| Untracked 
| 300|0x0000000092c00000, 0x0000000092c00000, 0x0000000092d00000|  0%| F|  |TAMS 0x0000000092c00000, 0x0000000092c00000| Untracked 
| 301|0x0000000092d00000, 0x0000000092d00000, 0x0000000092e00000|  0%| F|  |TAMS 0x0000000092d00000, 0x0000000092d00000| Untracked 
| 302|0x0000000092e00000, 0x0000000092e00000, 0x0000000092f00000|  0%| F|  |TAMS 0x0000000092e00000, 0x0000000092e00000| Untracked 
| 303|0x0000000092f00000, 0x0000000092f00000, 0x0000000093000000|  0%| F|  |TAMS 0x0000000092f00000, 0x0000000092f00000| Untracked 
| 304|0x0000000093000000, 0x0000000093000000, 0x0000000093100000|  0%| F|  |TAMS 0x0000000093000000, 0x0000000093000000| Untracked 
| 305|0x0000000093100000, 0x0000000093100000, 0x0000000093200000|  0%| F|  |TAMS 0x0000000093100000, 0x0000000093100000| Untracked 
| 306|0x0000000093200000, 0x0000000093200000, 0x0000000093300000|  0%| F|  |TAMS 0x0000000093200000, 0x0000000093200000| Untracked 
| 307|0x0000000093300000, 0x0000000093300000, 0x0000000093400000|  0%| F|  |TAMS 0x0000000093300000, 0x0000000093300000| Untracked 
| 308|0x0000000093400000, 0x0000000093400000, 0x0000000093500000|  0%| F|  |TAMS 0x0000000093400000, 0x0000000093400000| Untracked 
| 309|0x0000000093500000, 0x0000000093500000, 0x0000000093600000|  0%| F|  |TAMS 0x0000000093500000, 0x0000000093500000| Untracked 
| 310|0x0000000093600000, 0x0000000093600000, 0x0000000093700000|  0%| F|  |TAMS 0x0000000093600000, 0x0000000093600000| Untracked 
| 311|0x0000000093700000, 0x0000000093700000, 0x0000000093800000|  0%| F|  |TAMS 0x0000000093700000, 0x0000000093700000| Untracked 
| 312|0x0000000093800000, 0x0000000093800000, 0x0000000093900000|  0%| F|  |TAMS 0x0000000093800000, 0x0000000093800000| Untracked 
| 313|0x0000000093900000, 0x0000000093900000, 0x0000000093a00000|  0%| F|  |TAMS 0x0000000093900000, 0x0000000093900000| Untracked 
| 314|0x0000000093a00000, 0x0000000093a00000, 0x0000000093b00000|  0%| F|  |TAMS 0x0000000093a00000, 0x0000000093a00000| Untracked 
| 315|0x0000000093b00000, 0x0000000093c00000, 0x0000000093c00000|100%| E|  |TAMS 0x0000000093b00000, 0x0000000093b00000| Complete 
| 316|0x0000000093c00000, 0x0000000093d00000, 0x0000000093d00000|100%| E|CS|TAMS 0x0000000093c00000, 0x0000000093c00000| Complete 
| 317|0x0000000093d00000, 0x0000000093e00000, 0x0000000093e00000|100%| E|  |TAMS 0x0000000093d00000, 0x0000000093d00000| Complete 

Card table byte_map: [0x0000021e938b0000,0x0000021e93cb0000] _byte_map_base: 0x0000021e934b0000

Marking Bits (Prev, Next): (CMBitMap*) 0x0000021efea6e9a0, (CMBitMap*) 0x0000021efea6e968
 Prev Bits: [0x0000021e960b0000, 0x0000021e980b0000)
 Next Bits: [0x0000021e940b0000, 0x0000021e960b0000)

Polling page: 0x0000021e80000000

Metaspace:

Usage:
  Non-class:     88.72 MB capacity,    87.00 MB ( 98%) used,     1.39 MB (  2%) free+waste,   331.38 KB ( <1%) overhead. 
      Class:     13.94 MB capacity,    12.92 MB ( 93%) used,   895.90 KB (  6%) free+waste,   147.63 KB (  1%) overhead. 
       Both:    102.66 MB capacity,    99.93 MB ( 97%) used,     2.27 MB (  2%) free+waste,   479.00 KB ( <1%) overhead. 

Virtual space:
  Non-class space:       90.00 MB reserved,      89.25 MB (>99%) committed 
      Class space:        1.00 GB reserved,      14.20 MB (  1%) committed 
             Both:        1.09 GB reserved,     103.45 MB (  9%) committed 

Chunk freelists:
   Non-Class:  350.00 KB
       Class:  250.00 KB
        Both:  600.00 KB

MaxMetaspaceSize: 17179869184.00 GB
CompressedClassSpaceSize: 1.00 GB

CodeHeap 'non-profiled nmethods': size=120000Kb used=10727Kb max_used=10727Kb free=109272Kb
 bounds [0x0000021e8b500000, 0x0000021e8bf80000, 0x0000021e92a30000]
CodeHeap 'profiled nmethods': size=120000Kb used=32363Kb max_used=32363Kb free=87636Kb
 bounds [0x0000021e83fd0000, 0x0000021e85f70000, 0x0000021e8b500000]
CodeHeap 'non-nmethods': size=5760Kb used=2318Kb max_used=2368Kb free=3441Kb
 bounds [0x0000021e83a30000, 0x0000021e83ca0000, 0x0000021e83fd0000]
 total_blobs=15510 nmethods=14580 adapters=841
 compilation: enabled
              stopped_count=0, restarted_count=0
 full_count=0

Compilation events (20 events):
Event: 38.975 Thread 0x0000021e9b4c7800 14889       3       com.android.zipflinger.FreeStore$Zone::shrinkBy (97 bytes)
Event: 38.975 Thread 0x0000021e9b4c7800 nmethod 14889 0x0000021e85f5fe10 code [0x0000021e85f60000, 0x0000021e85f60518]
Event: 38.975 Thread 0x0000021e9b4c7800 14890       3       com.android.zipflinger.LocalFileHeader::buildExtraField (75 bytes)
Event: 38.978 Thread 0x0000021e9b4c7800 nmethod 14890 0x0000021e85f60710 code [0x0000021e85f60a80, 0x0000021e85f62008]
Event: 38.978 Thread 0x0000021e9b4c7800 14893       3       com.android.zipflinger.ZipWriter::transferFrom (41 bytes)
Event: 38.978 Thread 0x0000021e9b4c7800 nmethod 14893 0x0000021e85f62810 code [0x0000021e85f629e0, 0x0000021e85f62cd8]
Event: 38.978 Thread 0x0000021e9b4c7800 14891       3       com.android.zipflinger.ZipSourceEntry::prepare (1 bytes)
Event: 38.978 Thread 0x0000021e9b4c7800 nmethod 14891 0x0000021e85f62e10 code [0x0000021e85f62fc0, 0x0000021e85f630b8]
Event: 38.978 Thread 0x0000021e9b4c7800 14892       3       com.android.zipflinger.ZipSourceEntry::writeTo (33 bytes)
Event: 38.979 Thread 0x0000021e9b4c7800 nmethod 14892 0x0000021e85f63190 code [0x0000021e85f63360, 0x0000021e85f63628]
Event: 38.979 Thread 0x0000021e9b4c7800 14894       3       sun.nio.ch.FileChannelImpl::transferTo (178 bytes)
Event: 38.980 Thread 0x0000021e9b4c7800 nmethod 14894 0x0000021e85f63810 code [0x0000021e85f63ac0, 0x0000021e85f647f8]
Event: 38.980 Thread 0x0000021e9b4c7800 14895   !   3       sun.nio.ch.FileChannelImpl::transferToDirectly (221 bytes)
Event: 38.981 Thread 0x0000021e9b4c7800 nmethod 14895 0x0000021e85f64c10 code [0x0000021e85f64ee0, 0x0000021e85f65f38]
Event: 38.983 Thread 0x0000021e9b4c7800 14896       3       com.android.zipflinger.FreeStore::ualloc (78 bytes)
Event: 38.984 Thread 0x0000021e9b4c7800 nmethod 14896 0x0000021e85f66410 code [0x0000021e85f66620, 0x0000021e85f66b58]
Event: 38.986 Thread 0x0000021e9b4c7800 14897       3       java.util.zip.Deflater::ensureOpen (47 bytes)
Event: 38.986 Thread 0x0000021e9b4c7800 nmethod 14897 0x0000021e85f66e10 code [0x0000021e85f66fe0, 0x0000021e85f67228]
Event: 38.986 Thread 0x0000021e9b4c7800 14898       3       java.util.zip.DeflaterOutputStream::deflate (36 bytes)
Event: 38.986 Thread 0x0000021e9b4c7800 nmethod 14898 0x0000021e85f67310 code [0x0000021e85f674e0, 0x0000021e85f677d8]

GC Heap History (20 events):
Event: 6.347 GC heap before
{Heap before GC invocations=4 (full 0):
 garbage-first heap   total 325632K, used 106421K [0x0000000080000000, 0x0000000100000000)
  region size 1024K, 90 young (92160K), 2 survivors (2048K)
 Metaspace       used 35040K, capacity 35826K, committed 35840K, reserved 1081344K
  class space    used 4537K, capacity 4864K, committed 4864K, reserved 1048576K
}
Event: 6.365 GC heap after
{Heap after GC invocations=5 (full 0):
 garbage-first heap   total 325632K, used 21623K [0x0000000080000000, 0x0000000100000000)
  region size 1024K, 6 young (6144K), 6 survivors (6144K)
 Metaspace       used 35040K, capacity 35826K, committed 35840K, reserved 1081344K
  class space    used 4537K, capacity 4864K, committed 4864K, reserved 1048576K
}
Event: 8.383 GC heap before
{Heap before GC invocations=6 (full 0):
 garbage-first heap   total 325632K, used 147575K [0x0000000080000000, 0x0000000100000000)
  region size 1024K, 126 young (129024K), 6 survivors (6144K)
 Metaspace       used 44935K, capacity 45993K, committed 46156K, reserved 1089536K
  class space    used 5770K, capacity 6155K, committed 6220K, reserved 1048576K
}
Event: 8.397 GC heap after
{Heap after GC invocations=7 (full 0):
 garbage-first heap   total 325632K, used 28954K [0x0000000080000000, 0x0000000100000000)
  region size 1024K, 13 young (13312K), 13 survivors (13312K)
 Metaspace       used 44935K, capacity 45993K, committed 46156K, reserved 1089536K
  class space    used 5770K, capacity 6155K, committed 6220K, reserved 1048576K
}
Event: 12.318 GC heap before
{Heap before GC invocations=7 (full 0):
 garbage-first heap   total 325632K, used 164122K [0x0000000080000000, 0x0000000100000000)
  region size 1024K, 143 young (146432K), 13 survivors (13312K)
 Metaspace       used 58790K, capacity 60167K, committed 60236K, reserved 1101824K
  class space    used 7414K, capacity 7954K, committed 8012K, reserved 1048576K
}
Event: 12.356 GC heap after
{Heap after GC invocations=8 (full 0):
 garbage-first heap   total 325632K, used 43318K [0x0000000080000000, 0x0000000100000000)
  region size 1024K, 22 young (22528K), 22 survivors (22528K)
 Metaspace       used 58790K, capacity 60167K, committed 60236K, reserved 1101824K
  class space    used 7414K, capacity 7954K, committed 8012K, reserved 1048576K
}
Event: 14.860 GC heap before
{Heap before GC invocations=9 (full 0):
 garbage-first heap   total 325632K, used 215350K [0x0000000080000000, 0x0000000100000000)
  region size 1024K, 190 young (194560K), 22 survivors (22528K)
 Metaspace       used 70610K, capacity 72339K, committed 72524K, reserved 1112064K
  class space    used 9094K, capacity 9703K, committed 9804K, reserved 1048576K
}
Event: 14.892 GC heap after
{Heap after GC invocations=10 (full 0):
 garbage-first heap   total 325632K, used 56403K [0x0000000080000000, 0x0000000100000000)
  region size 1024K, 24 young (24576K), 24 survivors (24576K)
 Metaspace       used 70610K, capacity 72339K, committed 72524K, reserved 1112064K
  class space    used 9094K, capacity 9703K, committed 9804K, reserved 1048576K
}
Event: 18.454 GC heap before
{Heap before GC invocations=10 (full 0):
 garbage-first heap   total 325632K, used 225363K [0x0000000080000000, 0x0000000100000000)
  region size 1024K, 190 young (194560K), 24 survivors (24576K)
 Metaspace       used 82312K, capacity 84398K, committed 84684K, reserved 1122304K
  class space    used 10635K, capacity 11422K, committed 11468K, reserved 1048576K
}
Event: 18.486 GC heap after
{Heap after GC invocations=11 (full 0):
 garbage-first heap   total 325632K, used 69851K [0x0000000080000000, 0x0000000100000000)
  region size 1024K, 14 young (14336K), 14 survivors (14336K)
 Metaspace       used 82312K, capacity 84398K, committed 84684K, reserved 1122304K
  class space    used 10635K, capacity 11422K, committed 11468K, reserved 1048576K
}
Event: 22.736 GC heap before
{Heap before GC invocations=11 (full 0):
 garbage-first heap   total 325632K, used 260315K [0x0000000080000000, 0x0000000100000000)
  region size 1024K, 184 young (188416K), 14 survivors (14336K)
 Metaspace       used 94501K, capacity 97241K, committed 97356K, reserved 1132544K
  class space    used 12540K, capacity 13551K, committed 13644K, reserved 1048576K
}
Event: 22.780 GC heap after
{Heap after GC invocations=12 (full 0):
 garbage-first heap   total 325632K, used 107361K [0x0000000080000000, 0x0000000100000000)
  region size 1024K, 23 young (23552K), 23 survivors (23552K)
 Metaspace       used 94501K, capacity 97241K, committed 97356K, reserved 1132544K
  class space    used 12540K, capacity 13551K, committed 13644K, reserved 1048576K
}
Event: 27.752 GC heap before
{Heap before GC invocations=12 (full 0):
 garbage-first heap   total 325632K, used 247649K [0x0000000080000000, 0x0000000100000000)
  region size 1024K, 159 young (162816K), 23 survivors (23552K)
 Metaspace       used 97380K, capacity 100388K, committed 100428K, reserved 1136640K
  class space    used 12745K, capacity 13872K, committed 13900K, reserved 1048576K
}
Event: 27.807 GC heap after
{Heap after GC invocations=13 (full 0):
 garbage-first heap   total 325632K, used 121856K [0x0000000080000000, 0x0000000100000000)
  region size 1024K, 20 young (20480K), 20 survivors (20480K)
 Metaspace       used 97380K, capacity 100388K, committed 100428K, reserved 1136640K
  class space    used 12745K, capacity 13872K, committed 13900K, reserved 1048576K
}
Event: 33.484 GC heap before
{Heap before GC invocations=13 (full 0):
 garbage-first heap   total 325632K, used 246784K [0x0000000080000000, 0x0000000100000000)
  region size 1024K, 136 young (139264K), 20 survivors (20480K)
 Metaspace       used 97655K, capacity 100666K, committed 100812K, reserved 1136640K
  class space    used 12761K, capacity 13929K, committed 14028K, reserved 1048576K
}
Event: 33.534 GC heap after
{Heap after GC invocations=14 (full 0):
 garbage-first heap   total 325632K, used 140764K [0x0000000080000000, 0x0000000100000000)
  region size 1024K, 15 young (15360K), 15 survivors (15360K)
 Metaspace       used 97655K, capacity 100666K, committed 100812K, reserved 1136640K
  class space    used 12761K, capacity 13929K, committed 14028K, reserved 1048576K
}
Event: 33.834 GC heap before
{Heap before GC invocations=14 (full 0):
 garbage-first heap   total 325632K, used 145884K [0x0000000080000000, 0x0000000100000000)
  region size 1024K, 20 young (20480K), 15 survivors (15360K)
 Metaspace       used 97656K, capacity 100666K, committed 100812K, reserved 1136640K
  class space    used 12761K, capacity 13929K, committed 14028K, reserved 1048576K
}
Event: 33.856 GC heap after
{Heap after GC invocations=15 (full 0):
 garbage-first heap   total 325632K, used 142034K [0x0000000080000000, 0x0000000100000000)
  region size 1024K, 2 young (2048K), 2 survivors (2048K)
 Metaspace       used 97656K, capacity 100666K, committed 100812K, reserved 1136640K
  class space    used 12761K, capacity 13929K, committed 14028K, reserved 1048576K
}
Event: 38.372 GC heap before
{Heap before GC invocations=16 (full 0):
 garbage-first heap   total 325632K, used 253650K [0x0000000080000000, 0x0000000100000000)
  region size 1024K, 108 young (110592K), 2 survivors (2048K)
 Metaspace       used 102136K, capacity 104924K, committed 105676K, reserved 1140736K
  class space    used 13217K, capacity 14276K, committed 14540K, reserved 1048576K
}
Event: 38.382 GC heap after
{Heap after GC invocations=17 (full 0):
 garbage-first heap   total 325632K, used 143488K [0x0000000080000000, 0x0000000100000000)
  region size 1024K, 4 young (4096K), 4 survivors (4096K)
 Metaspace       used 102136K, capacity 104924K, committed 105676K, reserved 1140736K
  class space    used 13217K, capacity 14276K, committed 14540K, reserved 1048576K
}

Deoptimization events (20 events):
Event: 37.840 Thread 0x0000021ea374f000 Uncommon trap: trap_request=0xffffffde fr.pc=0x0000021e8bcfaa64 relative=0x0000000000000284
Event: 37.840 Thread 0x0000021ea374f000 Uncommon trap: reason=class_check action=maybe_recompile pc=0x0000021e8bcfaa64 method=java.util.Spliterators$ArraySpliterator.tryAdvance(Ljava/util/function/Consumer;)Z @ 49 c2
Event: 37.840 Thread 0x0000021ea374f000 DEOPT PACKING pc=0x0000021e8bcfaa64 sp=0x000000947eefae00
Event: 37.840 Thread 0x0000021ea374f000 DEOPT UNPACKING pc=0x0000021e83a578af sp=0x000000947eefad90 mode 2
Event: 37.998 Thread 0x0000021ea374f000 DEOPT PACKING pc=0x0000021e85f1eeb6 sp=0x000000947eefd4a0
Event: 37.998 Thread 0x0000021ea374f000 DEOPT UNPACKING pc=0x0000021e83a576ce sp=0x000000947eefca20 mode 0
Event: 38.155 Thread 0x0000021ea374f000 Uncommon trap: trap_request=0x0000000d fr.pc=0x0000021e8bf62d08 relative=0x0000000000000988
Event: 38.155 Thread 0x0000021ea374f000 Uncommon trap: reason=unloaded action=reinterpret pc=0x0000021e8bf62d08 method=com.sun.crypto.provider.PKCS12PBECipherCore.derive([C[BIIILjava/lang/String;I)[B @ 296 c2
Event: 38.155 Thread 0x0000021ea374f000 DEOPT PACKING pc=0x0000021e8bf62d08 sp=0x000000947eefd260
Event: 38.155 Thread 0x0000021ea374f000 DEOPT UNPACKING pc=0x0000021e83a578af sp=0x000000947eefd1f0 mode 2
Event: 38.192 Thread 0x0000021ea374f000 DEOPT PACKING pc=0x0000021e85f2e376 sp=0x000000947eefd160
Event: 38.192 Thread 0x0000021ea374f000 DEOPT UNPACKING pc=0x0000021e83a576ce sp=0x000000947eefc6e0 mode 0
Event: 38.236 Thread 0x0000021ea374f000 Uncommon trap: trap_request=0xffffff4d fr.pc=0x0000021e8bb11a08 relative=0x0000000000000228
Event: 38.236 Thread 0x0000021ea374f000 Uncommon trap: reason=unstable_if action=reinterpret pc=0x0000021e8bb11a08 method=sun.nio.fs.WindowsPath.compareTo(Ljava/nio/file/Path;)I @ 76 c2
Event: 38.236 Thread 0x0000021ea374f000 DEOPT PACKING pc=0x0000021e8bb11a08 sp=0x000000947eefaee0
Event: 38.236 Thread 0x0000021ea374f000 DEOPT UNPACKING pc=0x0000021e83a578af sp=0x000000947eefae48 mode 2
Event: 38.267 Thread 0x0000021ea374f000 Uncommon trap: trap_request=0xffffff4d fr.pc=0x0000021e8bdc7b74 relative=0x0000000000000714
Event: 38.267 Thread 0x0000021ea374f000 Uncommon trap: reason=unstable_if action=reinterpret pc=0x0000021e8bdc7b74 method=java.lang.Long.toString(JI)Ljava/lang/String; @ 17 c2
Event: 38.267 Thread 0x0000021ea374f000 DEOPT PACKING pc=0x0000021e8bdc7b74 sp=0x000000947eefd700
Event: 38.267 Thread 0x0000021ea374f000 DEOPT UNPACKING pc=0x0000021e83a578af sp=0x000000947eefd6c0 mode 2

Classes redefined (0 events):
No events

Internal exceptions (20 events):
Event: 27.528 Thread 0x0000021ea3747000 Exception <a 'java/lang/NoSuchMethodError'{0x000000008c38e190}: 'void java.lang.invoke.DirectMethodHandle$Holder.invokeStatic(java.lang.Object, java.lang.Object, java.lang.Object, java.lang.Object, java.lang.Object, java.lang.Object, java.lang.Object)'> (0x000000008c38e190) thrown at [./src/hotspot/share/interpreter/linkResolver.cpp, line 773]
Event: 27.588 Thread 0x0000021e9d6f3800 Exception <a 'java/lang/NoSuchMethodError'{0x000000008c2cb318}: <clinit>> (0x000000008c2cb318) thrown at [./src/hotspot/share/prims/jni.cpp, line 1362]
Event: 27.696 Thread 0x0000021ea3748800 Exception <a 'sun/nio/fs/WindowsException'{0x000000008bffd8c8}> (0x000000008bffd8c8) thrown at [./src/hotspot/share/prims/jni.cpp, line 615]
Event: 28.251 Thread 0x0000021ea3749800 Exception <a 'sun/nio/fs/WindowsException'{0x00000000937ee3a0}> (0x00000000937ee3a0) thrown at [./src/hotspot/share/prims/jni.cpp, line 615]
Event: 28.348 Thread 0x0000021ea3749800 Exception <a 'sun/nio/fs/WindowsException'{0x00000000924cf310}> (0x00000000924cf310) thrown at [./src/hotspot/share/prims/jni.cpp, line 615]
Event: 28.897 Thread 0x0000021ea3748800 Exception <a 'sun/nio/fs/WindowsException'{0x0000000091d2c7b0}> (0x0000000091d2c7b0) thrown at [./src/hotspot/share/prims/jni.cpp, line 615]
Event: 36.115 Thread 0x0000021ea3db1800 Exception <a 'sun/nio/fs/WindowsException'{0x0000000091a0f950}> (0x0000000091a0f950) thrown at [./src/hotspot/share/prims/jni.cpp, line 615]
Event: 36.295 Thread 0x0000021ea3744000 Exception <a 'sun/nio/fs/WindowsException'{0x0000000091714f40}> (0x0000000091714f40) thrown at [./src/hotspot/share/prims/jni.cpp, line 615]
Event: 36.295 Thread 0x0000021ea3744000 Exception <a 'sun/nio/fs/WindowsException'{0x0000000091715db8}> (0x0000000091715db8) thrown at [./src/hotspot/share/prims/jni.cpp, line 615]
Event: 37.634 Thread 0x0000021ea3744000 Exception <a 'java/lang/NoSuchMethodError'{0x000000008e60d760}: <clinit>> (0x000000008e60d760) thrown at [./src/hotspot/share/prims/jni.cpp, line 1362]
Event: 37.636 Thread 0x0000021ea3744000 Exception <a 'java/lang/NoSuchMethodError'{0x000000008e620658}: <clinit>> (0x000000008e620658) thrown at [./src/hotspot/share/prims/jni.cpp, line 1362]
Event: 37.773 Thread 0x0000021ea374f000 Implicit null exception at 0x0000021e8bc7b4e3 to 0x0000021e8bc7bd68
Event: 37.823 Thread 0x0000021ea374f000 Exception <a 'sun/nio/fs/WindowsException'{0x000000008e3c3670}> (0x000000008e3c3670) thrown at [./src/hotspot/share/prims/jni.cpp, line 615]
Event: 37.836 Thread 0x0000021ea374f000 Implicit null exception at 0x0000021e8b660b00 to 0x0000021e8b663db4
Event: 37.979 Thread 0x0000021ea374f000 Exception <a 'java/lang/NoSuchMethodError'{0x000000008dfcdea0}: 'java.lang.Object java.lang.invoke.DirectMethodHandle$Holder.invokeStatic(java.lang.Object, java.lang.Object, java.lang.Object, java.lang.Object, java.lang.Object, int, java.lang.Object)'> (0x000000008dfcdea0) thrown at [./src/hotspot/share/interpreter/linkResolver.cpp, line 773]
Event: 38.114 Thread 0x0000021ea374f000 Exception <a 'java/lang/NoSuchMethodError'{0x000000008dbcde80}: 'java.lang.Object java.lang.invoke.DirectMethodHandle$Holder.invokeStatic(java.lang.Object, java.lang.Object, java.lang.Object, java.lang.Object, java.lang.Object, java.lang.Object, java.lang.Object, int)'> (0x000000008dbcde80) thrown at [./src/hotspot/share/interpreter/linkResolver.cpp, line 773]
Event: 38.114 Thread 0x0000021ea374f000 Exception <a 'java/lang/NoSuchMethodError'{0x000000008dbd22b8}: 'java.lang.Object java.lang.invoke.DirectMethodHandle$Holder.invokeSpecial(java.lang.Object, java.lang.Object, java.lang.Object, java.lang.Object, java.lang.Object, java.lang.Object, java.lang.Object, java.lang.Object, int)'> (0x000000008dbd22b8) thrown at [./src/hotspot/share/interpreter/linkResolver.cpp, line 773]
Event: 38.115 Thread 0x0000021ea374f000 Exception <a 'java/lang/NoSuchMethodError'{0x000000008dbd6070}: 'java.lang.Object java.lang.invoke.Invokers$Holder.linkToTargetMethod(java.lang.Object, java.lang.Object, java.lang.Object, java.lang.Object, java.lang.Object, java.lang.Object, int, java.lang.Object)'> (0x000000008dbd6070) thrown at [./src/hotspot/share/interpreter/linkResolver.cpp, line 773]
Event: 38.330 Thread 0x0000021ea374f000 Exception <a 'sun/nio/fs/WindowsException'{0x000000008d3a83c8}> (0x000000008d3a83c8) thrown at [./src/hotspot/share/prims/jni.cpp, line 615]
Event: 38.330 Thread 0x0000021ea374f000 Exception <a 'sun/nio/fs/WindowsException'{0x000000008d3a8448}> (0x000000008d3a8448) thrown at [./src/hotspot/share/prims/jni.cpp, line 615]

Events (20 events):
Event: 38.842 loading class com/android/zipflinger/Zip64Locator
Event: 38.843 loading class com/android/zipflinger/Zip64Locator done
Event: 38.844 loading class com/android/zipflinger/Entry
Event: 38.844 loading class com/android/zipflinger/Entry done
Event: 38.848 loading class java/nio/channels/FileChannel$MapMode
Event: 38.848 loading class java/nio/channels/FileChannel$MapMode done
Event: 38.849 loading class sun/nio/ch/FileChannelImpl$Unmapper
Event: 38.849 loading class sun/nio/ch/FileChannelImpl$Unmapper done
Event: 38.849 loading class sun/nio/ch/Util$4
Event: 38.850 loading class sun/nio/ch/Util$4 done
Event: 38.987 Executing VM operation: CGC_Operation
Event: 38.988 Executing VM operation: CGC_Operation done
Event: 38.995 loading class com/google/common/collect/Maps$IteratorBasedAbstractMap$1
Event: 38.995 loading class com/google/common/collect/Maps$IteratorBasedAbstractMap$1 done
Event: 38.996 loading class com/google/common/collect/HashBiMap$1
Event: 38.996 loading class com/google/common/collect/HashBiMap$1 done
Event: 38.996 loading class com/google/common/collect/HashBiMap$Itr
Event: 38.996 loading class com/google/common/collect/HashBiMap$Itr done
Event: 38.996 loading class com/google/common/collect/HashBiMap$1$MapEntry
Event: 38.996 loading class com/google/common/collect/HashBiMap$1$MapEntry done


Dynamic libraries:
0x00007ff72ad30000 - 0x00007ff72ad3a000 	C:\Program Files\Android\Android Studio\jre\bin\java.exe
0x00007ffe94640000 - 0x00007ffe9484f000 	C:\WINDOWS\SYSTEM32\ntdll.dll
0x00007ffe776a0000 - 0x00007ffe776b5000 	C:\Program Files\Avast Software\Avast\aswhook.dll
0x00007ffe93420000 - 0x00007ffe934dd000 	C:\WINDOWS\System32\KERNEL32.DLL
0x00007ffe92070000 - 0x00007ffe923f6000 	C:\WINDOWS\System32\KERNELBASE.dll
0x00007ffe91da0000 - 0x00007ffe91eb1000 	C:\WINDOWS\System32\ucrtbase.dll
0x00007ffe8c770000 - 0x00007ffe8c789000 	C:\Program Files\Android\Android Studio\jre\bin\jli.dll
0x00007ffe94110000 - 0x00007ffe942ba000 	C:\WINDOWS\System32\USER32.dll
0x00007ffe91ba0000 - 0x00007ffe91bc6000 	C:\WINDOWS\System32\win32u.dll
0x00007ffe93e60000 - 0x00007ffe93e89000 	C:\WINDOWS\System32\GDI32.dll
0x00007ffe91f50000 - 0x00007ffe92067000 	C:\WINDOWS\System32\gdi32full.dll
0x00007ffe91b00000 - 0x00007ffe91b9b000 	C:\WINDOWS\System32\msvcp_win.dll
0x00007ffe8c750000 - 0x00007ffe8c767000 	C:\Program Files\Android\Android Studio\jre\bin\VCRUNTIME140.dll
0x00007ffe78780000 - 0x00007ffe78a21000 	C:\WINDOWS\WinSxS\amd64_microsoft.windows.common-controls_6595b64144ccf1df_6.0.22471.1000_none_228bc6e77ad112f7\COMCTL32.dll
0x00007ffe924c0000 - 0x00007ffe92564000 	C:\WINDOWS\System32\msvcrt.dll
0x00007ffe93220000 - 0x00007ffe93251000 	C:\WINDOWS\System32\IMM32.DLL
0x00007ffe83df0000 - 0x00007ffe83e8d000 	C:\Program Files\Android\Android Studio\jre\bin\msvcp140.dll
0x00007ffe48f20000 - 0x00007ffe499ef000 	C:\Program Files\Android\Android Studio\jre\bin\server\jvm.dll
0x00007ffe93370000 - 0x00007ffe9341e000 	C:\WINDOWS\System32\ADVAPI32.dll
0x00007ffe932c0000 - 0x00007ffe93361000 	C:\WINDOWS\System32\sechost.dll
0x00007ffe94380000 - 0x00007ffe944a0000 	C:\WINDOWS\System32\RPCRT4.dll
0x00007ffe92570000 - 0x00007ffe92578000 	C:\WINDOWS\System32\PSAPI.DLL
0x00007ffe84940000 - 0x00007ffe84949000 	C:\WINDOWS\SYSTEM32\WSOCK32.dll
0x00007ffe92f90000 - 0x00007ffe93001000 	C:\WINDOWS\System32\WS2_32.dll
0x00007ffe8d4e0000 - 0x00007ffe8d513000 	C:\WINDOWS\SYSTEM32\WINMM.dll
0x00007ffe8b2d0000 - 0x00007ffe8b2da000 	C:\WINDOWS\SYSTEM32\VERSION.dll
0x00007ffe90bb0000 - 0x00007ffe90bc8000 	C:\WINDOWS\SYSTEM32\kernel.appcore.dll
0x00007ffe83db0000 - 0x00007ffe83dc1000 	C:\Program Files\Android\Android Studio\jre\bin\verify.dll
0x00007ffe8a8e0000 - 0x00007ffe8ab07000 	C:\WINDOWS\SYSTEM32\DBGHELP.DLL
0x00007ffe92690000 - 0x00007ffe92a0e000 	C:\WINDOWS\System32\combase.dll
0x00007ffe8a7d0000 - 0x00007ffe8a801000 	C:\WINDOWS\SYSTEM32\dbgcore.DLL
0x00007ffe91ec0000 - 0x00007ffe91f41000 	C:\WINDOWS\System32\bcryptPrimitives.dll
0x00007ffe81d30000 - 0x00007ffe81d59000 	C:\Program Files\Android\Android Studio\jre\bin\java.dll
0x00007ffe8d5b0000 - 0x00007ffe8d5bb000 	C:\Program Files\Android\Android Studio\jre\bin\jimage.dll
0x00007ffe82820000 - 0x00007ffe82838000 	C:\Program Files\Android\Android Studio\jre\bin\zip.dll
0x00007ffe936a0000 - 0x00007ffe93e4b000 	C:\WINDOWS\System32\SHELL32.dll
0x00007ffe8fb40000 - 0x00007ffe9039c000 	C:\WINDOWS\SYSTEM32\windows.storage.dll
0x00007ffe8f9f0000 - 0x00007ffe8fb39000 	C:\WINDOWS\SYSTEM32\wintypes.dll
0x00007ffe925a0000 - 0x00007ffe92690000 	C:\WINDOWS\System32\SHCORE.dll
0x00007ffe93260000 - 0x00007ffe932bb000 	C:\WINDOWS\System32\shlwapi.dll
0x00007ffe91a30000 - 0x00007ffe91a51000 	C:\WINDOWS\SYSTEM32\profapi.dll
0x00007ffe82370000 - 0x00007ffe8238a000 	C:\Program Files\Android\Android Studio\jre\bin\net.dll
0x00007ffe8ca00000 - 0x00007ffe8cb10000 	C:\WINDOWS\SYSTEM32\WINHTTP.dll
0x00007ffe91000000 - 0x00007ffe91069000 	C:\WINDOWS\system32\mswsock.dll
0x00007ffe7ca20000 - 0x00007ffe7ca34000 	C:\Program Files\Android\Android Studio\jre\bin\nio.dll
0x00007ffe87890000 - 0x00007ffe878b7000 	C:\Users\gerso\.gradle\native\8bec1ad78214c89d9ad589b4d07fe93259594b29d510b10fafb7a158f7737e5d\windows-amd64\native-platform.dll
0x00007ffe7b290000 - 0x00007ffe7b3cd000 	C:\Users\gerso\.gradle\native\53dbd7edfb1c66fb8903c78663c9afc45aea4f116125fa6feffd364cf09443e8\windows-amd64\native-platform-file-events.dll
0x00007ffe8c6b0000 - 0x00007ffe8c6ba000 	C:\Program Files\Android\Android Studio\jre\bin\management.dll
0x00007ffe8ab10000 - 0x00007ffe8ab1c000 	C:\Program Files\Android\Android Studio\jre\bin\management_ext.dll
0x00007ffe91250000 - 0x00007ffe91268000 	C:\WINDOWS\SYSTEM32\CRYPTSP.dll
0x00007ffe90b10000 - 0x00007ffe90b45000 	C:\WINDOWS\system32\rsaenh.dll
0x00007ffe91100000 - 0x00007ffe91129000 	C:\WINDOWS\SYSTEM32\USERENV.dll
0x00007ffe913d0000 - 0x00007ffe913f8000 	C:\WINDOWS\SYSTEM32\bcrypt.dll
0x00007ffe91270000 - 0x00007ffe9127c000 	C:\WINDOWS\SYSTEM32\CRYPTBASE.dll
0x00007ffe905c0000 - 0x00007ffe905ed000 	C:\WINDOWS\SYSTEM32\IPHLPAPI.DLL
0x00007ffe93e50000 - 0x00007ffe93e59000 	C:\WINDOWS\System32\NSI.dll
0x00007ffe8c960000 - 0x00007ffe8c979000 	C:\WINDOWS\SYSTEM32\dhcpcsvc6.DLL
0x00007ffe8c940000 - 0x00007ffe8c95e000 	C:\WINDOWS\SYSTEM32\dhcpcsvc.DLL
0x00007ffe905f0000 - 0x00007ffe906e1000 	C:\WINDOWS\SYSTEM32\DNSAPI.dll
0x00007ffe7baa0000 - 0x00007ffe7bac7000 	C:\Program Files\Android\Android Studio\jre\bin\sunec.dll

dbghelp: loaded successfully - version: 4.0.5 - missing functions: none
symbol engine: initialized successfully - sym options: 0x614 - pdb path: .;C:\Program Files\Android\Android Studio\jre\bin;C:\WINDOWS\SYSTEM32;C:\Program Files\Avast Software\Avast;C:\WINDOWS\WinSxS\amd64_microsoft.windows.common-controls_6595b64144ccf1df_6.0.22471.1000_none_228bc6e77ad112f7;C:\Program Files\Android\Android Studio\jre\bin\server;C:\Users\gerso\.gradle\native\8bec1ad78214c89d9ad589b4d07fe93259594b29d510b10fafb7a158f7737e5d\windows-amd64;C:\Users\gerso\.gradle\native\53dbd7edfb1c66fb8903c78663c9afc45aea4f116125fa6feffd364cf09443e8\windows-amd64

VM Arguments:
jvm_args: --add-opens=java.base/java.util=ALL-UNNAMED --add-opens=java.base/java.lang=ALL-UNNAMED --add-opens=java.base/java.lang.invoke=ALL-UNNAMED --add-opens=java.base/java.util=ALL-UNNAMED --add-opens=java.prefs/java.util.prefs=ALL-UNNAMED --add-opens=java.prefs/java.util.prefs=ALL-UNNAMED --add-opens=java.base/java.nio.charset=ALL-UNNAMED --add-opens=java.base/java.net=ALL-UNNAMED --add-opens=java.base/java.util.concurrent.atomic=ALL-UNNAMED -Xmx2048m -Dfile.encoding=UTF-8 -Duser.country=CO -Duser.language=es -Duser.variant 
java_command: org.gradle.launcher.daemon.bootstrap.GradleDaemon 7.0.2
java_class_path (initial): C:\Users\gerso\.gradle\wrapper\dists\gradle-7.0.2-bin\857tjihv64xamwrf0h14cai3r\gradle-7.0.2\lib\gradle-launcher-7.0.2.jar
Launcher Type: SUN_STANDARD

[Global flags]
     intx CICompilerCount                          = 4                                         {product} {ergonomic}
     uint ConcGCThreads                            = 2                                         {product} {ergonomic}
     uint G1ConcRefinementThreads                  = 8                                         {product} {ergonomic}
   size_t G1HeapRegionSize                         = 1048576                                   {product} {ergonomic}
    uintx GCDrainStackTargetSize                   = 64                                        {product} {ergonomic}
   size_t InitialHeapSize                          = 333447168                                 {product} {ergonomic}
   size_t MarkStackSize                            = 4194304                                   {product} {ergonomic}
   size_t MaxHeapSize                              = 2147483648                                {product} {command line}
   size_t MaxNewSize                               = 1287651328                                {product} {ergonomic}
   size_t MinHeapDeltaBytes                        = 1048576                                   {product} {ergonomic}
    uintx NonNMethodCodeHeapSize                   = 5836300                                {pd product} {ergonomic}
    uintx NonProfiledCodeHeapSize                  = 122910970                              {pd product} {ergonomic}
    uintx ProfiledCodeHeapSize                     = 122910970                              {pd product} {ergonomic}
    uintx ReservedCodeCacheSize                    = 251658240                              {pd product} {ergonomic}
     bool SegmentedCodeCache                       = true                                      {product} {ergonomic}
     bool UseCompressedClassPointers               = true                                 {lp64_product} {ergonomic}
     bool UseCompressedOops                        = true                                 {lp64_product} {ergonomic}
     bool UseG1GC                                  = true                                      {product} {ergonomic}
     bool UseLargePagesIndividualAllocation        = false                                  {pd product} {ergonomic}

Logging:
Log output configuration:
 #0: stdout all=warning uptime,level,tags
 #1: stderr all=off uptime,level,tags

Environment Variables:
PATH=C:\Program Files (x86)\Common Files\Oracle\Java\javapath;C:\ProgramData\Oracle\Java\javapath;C:\Program Files\Common Files\Oracle\Java\javapath;C:\oraclexe\app\oracle\product\11.2.0\server\bin;C:\Windows\system32;C:\Windows;C:\Windows\System32\Wbem;C:\Windows\System32\WindowsPowerShell\v1.0\;C:\Windows\System32\OpenSSH\;C:\Program Files (x86)\NVIDIA Corporation\PhysX\Common;C:\Program Files\NVIDIA Corporation\NVIDIA NvDLISR;C:\ProgramData\chocolatey\bin;C:\Program Files\Microsoft VS Code\bin;C:\WINDOWS\system32;C:\WINDOWS;C:\WINDOWS\System32\Wbem;C:\WINDOWS\System32\WindowsPowerShell\v1.0\;C:\WINDOWS\System32\OpenSSH\;C:\Program Files\Git\cmd;C:\Users\gerso\AppData\Local\Microsoft\WindowsApps;
USERNAME=gerso
OS=Windows_NT
PROCESSOR_IDENTIFIER=Intel64 Family 6 Model 158 Stepping 10, GenuineIntel



---------------  S Y S T E M  ---------------

OS: Windows 10 , 64 bit Build 22471 (10.0.22471.1000)
OS uptime: 1 days 6:02 hours

CPU:total 8 (initial active 8) (4 cores per cpu, 2 threads per core) family 6 model 158 stepping 10 microcode 0xec, cmov, cx8, fxsr, mmx, sse, sse2, sse3, ssse3, sse4.1, sse4.2, popcnt, avx, avx2, aes, clmul, erms, 3dnowpref, lzcnt, ht, tsc, tscinvbit, bmi1, bmi2, adx, fma

Memory: 4k page, system-wide physical 20322M (4268M free)
TotalPageFile size 27194M (AvailPageFile size 6M)
current process WorkingSet (physical memory assigned to process): 636M, peak: 636M
current process commit charge ("private bytes"): 676M, peak: 677M

vm_info: OpenJDK 64-Bit Server VM (11.0.10+0-b96-7249189) for windows-amd64 JRE (11.0.10+0-b96-7249189), built on Mar 31 2021 21:44:00 by "builder" with MS VC++ 14.0 (VS2015)

END.
