#
# There is insufficient memory for the Java Runtime Environment to continue.
# Native memory allocation (malloc) failed to allocate 32744 bytes for ChunkPool::allocate
# Possible reasons:
#   The system is out of physical RAM or swap space
#   The process is running with CompressedOops enabled, and the Java Heap may be blocking the growth of the native heap
# Possible solutions:
#   Reduce memory load on the system
#   Increase physical memory or swap space
#   Check if swap backing store is full
#   Decrease Java heap size (-Xmx/-Xms)
#   Decrease number of Java threads
#   Decrease Java thread stack sizes (-Xss)
#   Set larger code cache with -XX:ReservedCodeCacheSize=
#   JVM is running with Unscaled Compressed Oops mode in which the Java heap is
#     placed in the first 4GB address space. The Java Heap base address is the
#     maximum limit for the native heap growth. Please use -XX:HeapBaseMinAddress
#     to set the Java Heap base and to place the Java Heap above 4GB virtual address.
# This output file may be truncated or incomplete.
#
#  Out of Memory Error (./src/hotspot/share/memory/arena.cpp:81), pid=13556, tid=19520
#
# JRE version: OpenJDK Runtime Environment (11.0.10) (build 11.0.10+0-b96-7249189)
# Java VM: OpenJDK 64-Bit Server VM (11.0.10+0-b96-7249189, mixed mode, tiered, compressed oops, g1 gc, windows-amd64)
# No core dump will be written. Minidumps are not enabled by default on client versions of Windows
#

---------------  S U M M A R Y ------------

Command Line: --add-opens=java.base/java.util=ALL-UNNAMED --add-opens=java.base/java.lang=ALL-UNNAMED --add-opens=java.base/java.lang.invoke=ALL-UNNAMED --add-opens=java.base/java.util=ALL-UNNAMED --add-opens=java.prefs/java.util.prefs=ALL-UNNAMED --add-opens=java.prefs/java.util.prefs=ALL-UNNAMED --add-opens=java.base/java.nio.charset=ALL-UNNAMED --add-opens=java.base/java.net=ALL-UNNAMED --add-opens=java.base/java.util.concurrent.atomic=ALL-UNNAMED -Xmx2048m -Dfile.encoding=UTF-8 -Duser.country=CO -Duser.language=es -Duser.variant org.gradle.launcher.daemon.bootstrap.GradleDaemon 7.0.2

Host: Intel(R) Core(TM) i5-8300H CPU @ 2.30GHz, 8 cores, 19G,  Windows 10 , 64 bit Build 22471 (10.0.22471.1000)
Time: Fri Oct  8 21:33:41 2021 Hora est. Pacífico, Sudamérica elapsed time: 36.430755 seconds (0d 0h 0m 36s)

---------------  T H R E A D  ---------------

Current thread (0x000001f0de911000):  JavaThread "C2 CompilerThread2" daemon [_thread_in_native, id=19520, stack(0x0000003eb5a00000,0x0000003eb5b00000)]


Current CompileTask:
C2:  36430 12584 %     4       com.android.tools.r8.dex.j::a @ 315 (1038 bytes)

Stack: [0x0000003eb5a00000,0x0000003eb5b00000]
Native frames: (J=compiled Java code, j=interpreted, Vv=VM code, C=native code)
V  [jvm.dll+0x5ecfaa]
V  [jvm.dll+0x722bd5]
V  [jvm.dll+0x72412d]
V  [jvm.dll+0x7247e3]
V  [jvm.dll+0x242928]
V  [jvm.dll+0xbc75b]
V  [jvm.dll+0xbca0c]
V  [jvm.dll+0xbc608]
V  [jvm.dll+0x5cc470]
V  [jvm.dll+0x509e8d]
V  [jvm.dll+0x506fde]
V  [jvm.dll+0x506e28]
V  [jvm.dll+0x506347]
V  [jvm.dll+0x203253]
V  [jvm.dll+0x1fd07c]
V  [jvm.dll+0x1fa77f]
V  [jvm.dll+0x18354c]
V  [jvm.dll+0x208ee7]
V  [jvm.dll+0x207731]
V  [jvm.dll+0x6eb1cf]
V  [jvm.dll+0x6e3d45]
V  [jvm.dll+0x5ebe96]
C  [ucrtbase.dll+0x293cc]
C  [KERNEL32.DLL+0x16ab0]
C  [ntdll.dll+0x5c44b]


---------------  P R O C E S S  ---------------

Threads class SMR info:
_java_thread_list=0x000001f0daf27d60, length=82, elements={
0x000001f0be00b800, 0x000001f0da46a800, 0x000001f0da46d800, 0x000001f0dad42800,
0x000001f0dad44000, 0x000001f0dad45000, 0x000001f0dad49000, 0x000001f0dadb1800,
0x000001f0dadb5800, 0x000001f0daec6000, 0x000001f0dd17f800, 0x000001f0dd17b800,
0x000001f0dd180000, 0x000001f0dd181000, 0x000001f0dd182000, 0x000001f0dd17c000,
0x000001f0dd17d000, 0x000001f0dd17d800, 0x000001f0dd17e800, 0x000001f0dd86a800,
0x000001f0dd86c800, 0x000001f0dd86b000, 0x000001f0dd86c000, 0x000001f0dd86d800,
0x000001f0dd86f000, 0x000001f0dd869800, 0x000001f0dd875000, 0x000001f0dd870000,
0x000001f0dd873000, 0x000001f0dd871000, 0x000001f0dd871800, 0x000001f0dd878000,
0x000001f0dd872800, 0x000001f0e1c6e800, 0x000001f0e1c74800, 0x000001f0e1c70000,
0x000001f0e1c75000, 0x000001f0e1c6f800, 0x000001f0e1c7a000, 0x000001f0e1c7b000,
0x000001f0e1c7b800, 0x000001f0e1c76000, 0x000001f0e1c7c800, 0x000001f0e1c79000,
0x000001f0e1c76800, 0x000001f0e1c7d000, 0x000001f0e1c77800, 0x000001f0e1c78800,
0x000001f0debcf800, 0x000001f0debd1000, 0x000001f0debcc000, 0x000001f0debd2800,
0x000001f0debcd000, 0x000001f0debd3800, 0x000001f0debcd800, 0x000001f0debd4800,
0x000001f0debce800, 0x000001f0debd5000, 0x000001f0debd6800, 0x000001f0debd6000,
0x000001f0debd7800, 0x000001f0debd9000, 0x000001f0debda000, 0x000001f0dd875800,
0x000001f0de908000, 0x000001f0de90a000, 0x000001f0de906800, 0x000001f0de909000,
0x000001f0de907800, 0x000001f0de90a800, 0x000001f0de905000, 0x000001f0de90b800,
0x000001f0de906000, 0x000001f0de911000, 0x000001f0de90c800, 0x000001f0de90e800,
0x000001f0de912000, 0x000001f0de910800, 0x000001f0de90f800, 0x000001f0de913000,
0x000001f0de90d000, 0x000001f0de913800
}

Java Threads: ( => current thread )
  0x000001f0be00b800 JavaThread "main" [_thread_blocked, id=20580, stack(0x0000003eb0000000,0x0000003eb0100000)]
  0x000001f0da46a800 JavaThread "Reference Handler" daemon [_thread_blocked, id=18024, stack(0x0000003eb0700000,0x0000003eb0800000)]
  0x000001f0da46d800 JavaThread "Finalizer" daemon [_thread_blocked, id=18872, stack(0x0000003eb0800000,0x0000003eb0900000)]
  0x000001f0dad42800 JavaThread "Signal Dispatcher" daemon [_thread_blocked, id=19236, stack(0x0000003eb0900000,0x0000003eb0a00000)]
  0x000001f0dad44000 JavaThread "Attach Listener" daemon [_thread_blocked, id=20552, stack(0x0000003eb0a00000,0x0000003eb0b00000)]
  0x000001f0dad45000 JavaThread "Service Thread" daemon [_thread_blocked, id=15316, stack(0x0000003eb0b00000,0x0000003eb0c00000)]
  0x000001f0dad49000 JavaThread "C2 CompilerThread0" daemon [_thread_in_native, id=19736, stack(0x0000003eb0c00000,0x0000003eb0d00000)]
  0x000001f0dadb1800 JavaThread "C1 CompilerThread0" daemon [_thread_in_native, id=21168, stack(0x0000003eb0d00000,0x0000003eb0e00000)]
  0x000001f0dadb5800 JavaThread "Sweeper thread" daemon [_thread_blocked, id=1792, stack(0x0000003eb0e00000,0x0000003eb0f00000)]
  0x000001f0daec6000 JavaThread "Common-Cleaner" daemon [_thread_blocked, id=13460, stack(0x0000003eb0f00000,0x0000003eb1000000)]
  0x000001f0dd17f800 JavaThread "Daemon health stats" [_thread_blocked, id=14584, stack(0x0000003eb1900000,0x0000003eb1a00000)]
  0x000001f0dd17b800 JavaThread "Incoming local TCP Connector on port 51010" [_thread_in_native, id=7116, stack(0x0000003eb1100000,0x0000003eb1200000)]
  0x000001f0dd180000 JavaThread "Daemon periodic checks" [_thread_blocked, id=19904, stack(0x0000003eb1200000,0x0000003eb1300000)]
  0x000001f0dd181000 JavaThread "Daemon" [_thread_blocked, id=3692, stack(0x0000003eb1a00000,0x0000003eb1b00000)]
  0x000001f0dd182000 JavaThread "Handler for socket connection from /127.0.0.1:51010 to /127.0.0.1:51011" [_thread_in_native, id=2720, stack(0x0000003eb1b00000,0x0000003eb1c00000)]
  0x000001f0dd17c000 JavaThread "Cancel handler" [_thread_blocked, id=17860, stack(0x0000003eb1c00000,0x0000003eb1d00000)]
  0x000001f0dd17d000 JavaThread "Daemon worker" [_thread_blocked, id=4852, stack(0x0000003eb1d00000,0x0000003eb1e00000)]
  0x000001f0dd17d800 JavaThread "Asynchronous log dispatcher for DefaultDaemonConnection: socket connection from /127.0.0.1:51010 to /127.0.0.1:51011" [_thread_blocked, id=18736, stack(0x0000003eb1e00000,0x0000003eb1f00000)]
  0x000001f0dd17e800 JavaThread "Stdin handler" [_thread_blocked, id=10948, stack(0x0000003eb1f00000,0x0000003eb2000000)]
  0x000001f0dd86a800 JavaThread "Daemon client event forwarder" [_thread_blocked, id=20664, stack(0x0000003eb2000000,0x0000003eb2100000)]
  0x000001f0dd86c800 JavaThread "Cache worker for file hash cache (C:\Users\gerso\.gradle\caches\7.0.2\fileHashes)" [_thread_blocked, id=11584, stack(0x0000003eb2100000,0x0000003eb2200000)]
  0x000001f0dd86b000 JavaThread "File lock request listener" [_thread_in_native, id=21440, stack(0x0000003eb2200000,0x0000003eb2300000)]
  0x000001f0dd86c000 JavaThread "Cache worker for journal cache (C:\Users\gerso\.gradle\caches\journal-1)" [_thread_blocked, id=18648, stack(0x0000003eb2500000,0x0000003eb2600000)]
  0x000001f0dd86d800 JavaThread "Cache worker for file hash cache (C:\Users\gerso\StudioProjects\ManitasProject\.gradle\7.0.2\fileHashes)" [_thread_blocked, id=6796, stack(0x0000003eb2600000,0x0000003eb2700000)]
  0x000001f0dd86f000 JavaThread "File watcher server" daemon [_thread_in_native, id=2840, stack(0x0000003eb2800000,0x0000003eb2900000)]
  0x000001f0dd869800 JavaThread "File watcher consumer" daemon [_thread_blocked, id=15036, stack(0x0000003eb2900000,0x0000003eb2a00000)]
  0x000001f0dd875000 JavaThread "Cache worker for checksums cache (C:\Users\gerso\StudioProjects\ManitasProject\.gradle\checksums)" [_thread_blocked, id=2944, stack(0x0000003eb2a00000,0x0000003eb2b00000)]
  0x000001f0dd870000 JavaThread "Cache worker for cache directory md-supplier (C:\Users\gerso\.gradle\caches\7.0.2\md-supplier)" [_thread_blocked, id=2984, stack(0x0000003eb2b00000,0x0000003eb2c00000)]
  0x000001f0dd873000 JavaThread "Cache worker for cache directory md-rule (C:\Users\gerso\.gradle\caches\7.0.2\md-rule)" [_thread_blocked, id=14924, stack(0x0000003eb2c00000,0x0000003eb2d00000)]
  0x000001f0dd871000 JavaThread "Cache worker for execution history cache (C:\Users\gerso\.gradle\caches\7.0.2\executionHistory)" [_thread_blocked, id=12200, stack(0x0000003eb2e00000,0x0000003eb2f00000)]
  0x000001f0dd871800 JavaThread "jar transforms" [_thread_blocked, id=15364, stack(0x0000003eb2f00000,0x0000003eb3000000)]
  0x000001f0dd878000 JavaThread "jar transforms Thread 2" [_thread_blocked, id=10908, stack(0x0000003eb3000000,0x0000003eb3100000)]
  0x000001f0dd872800 JavaThread "Cache worker for file content cache (C:\Users\gerso\.gradle\caches\7.0.2\fileContent)" [_thread_blocked, id=7228, stack(0x0000003eb3100000,0x0000003eb3200000)]
  0x000001f0e1c6e800 JavaThread "Cache worker for dependencies-accessors (C:\Users\gerso\StudioProjects\ManitasProject\.gradle\7.0.2\dependencies-accessors)" [_thread_blocked, id=18584, stack(0x0000003eb3200000,0x0000003eb3300000)]
  0x000001f0e1c74800 JavaThread "jar transforms Thread 3" [_thread_blocked, id=7100, stack(0x0000003eb3300000,0x0000003eb3400000)]
  0x000001f0e1c70000 JavaThread "Cache worker for Build Output Cleanup Cache (C:\Users\gerso\StudioProjects\ManitasProject\.gradle\buildOutputCleanup)" [_thread_blocked, id=1864, stack(0x0000003eb3400000,0x0000003eb3500000)]
  0x000001f0e1c75000 JavaThread "Build operations" [_thread_blocked, id=19368, stack(0x0000003eb3500000,0x0000003eb3600000)]
  0x000001f0e1c6f800 JavaThread "Build operations Thread 2" [_thread_blocked, id=9652, stack(0x0000003eb3600000,0x0000003eb3700000)]
  0x000001f0e1c7a000 JavaThread "Build operations Thread 3" [_thread_blocked, id=5584, stack(0x0000003eb3700000,0x0000003eb3800000)]
  0x000001f0e1c7b000 JavaThread "Build operations Thread 4" [_thread_blocked, id=8096, stack(0x0000003eb3800000,0x0000003eb3900000)]
  0x000001f0e1c7b800 JavaThread "Build operations Thread 5" [_thread_blocked, id=20536, stack(0x0000003eb3900000,0x0000003eb3a00000)]
  0x000001f0e1c76000 JavaThread "Build operations Thread 6" [_thread_blocked, id=20544, stack(0x0000003eb3a00000,0x0000003eb3b00000)]
  0x000001f0e1c7c800 JavaThread "Build operations Thread 7" [_thread_blocked, id=18800, stack(0x0000003eb3b00000,0x0000003eb3c00000)]
  0x000001f0e1c79000 JavaThread "Build operations Thread 8" [_thread_blocked, id=19996, stack(0x0000003eb3c00000,0x0000003eb3d00000)]
  0x000001f0e1c76800 JavaThread "jar transforms Thread 4" [_thread_blocked, id=20932, stack(0x0000003eb3d00000,0x0000003eb3e00000)]
  0x000001f0e1c7d000 JavaThread "jar transforms Thread 5" [_thread_blocked, id=13340, stack(0x0000003eb3e00000,0x0000003eb3f00000)]
  0x000001f0e1c77800 JavaThread "jar transforms Thread 6" [_thread_blocked, id=20224, stack(0x0000003eb3f00000,0x0000003eb4000000)]
  0x000001f0e1c78800 JavaThread "jar transforms Thread 7" [_thread_blocked, id=20444, stack(0x0000003eb4000000,0x0000003eb4100000)]
  0x000001f0debcf800 JavaThread "jar transforms Thread 8" [_thread_blocked, id=17844, stack(0x0000003eb4100000,0x0000003eb4200000)]
  0x000001f0debd1000 JavaThread "Memory manager" [_thread_blocked, id=7996, stack(0x0000003eb2d00000,0x0000003eb2e00000)]
  0x000001f0debcc000 JavaThread "build event listener" [_thread_blocked, id=4416, stack(0x0000003eb4300000,0x0000003eb4400000)]
  0x000001f0debd2800 JavaThread "pool-3-thread-1" [_thread_blocked, id=11936, stack(0x0000003eb4400000,0x0000003eb4500000)]
  0x000001f0debcd000 JavaThread "build event listener" [_thread_blocked, id=20784, stack(0x0000003eb4500000,0x0000003eb4600000)]
  0x000001f0debd3800 JavaThread "Execution worker for ':'" [_thread_blocked, id=15448, stack(0x0000003eb4600000,0x0000003eb4700000)]
  0x000001f0debcd800 JavaThread "Execution worker for ':' Thread 2" [_thread_blocked, id=15408, stack(0x0000003eb4700000,0x0000003eb4800000)]
  0x000001f0debd4800 JavaThread "Execution worker for ':' Thread 3" [_thread_blocked, id=20428, stack(0x0000003eb4800000,0x0000003eb4900000)]
  0x000001f0debce800 JavaThread "Execution worker for ':' Thread 4" [_thread_blocked, id=21120, stack(0x0000003eb4900000,0x0000003eb4a00000)]
  0x000001f0debd5000 JavaThread "Execution worker for ':' Thread 5" [_thread_blocked, id=18944, stack(0x0000003eb4a00000,0x0000003eb4b00000)]
  0x000001f0debd6800 JavaThread "Execution worker for ':' Thread 6" [_thread_blocked, id=21292, stack(0x0000003eb4b00000,0x0000003eb4c00000)]
  0x000001f0debd6000 JavaThread "Execution worker for ':' Thread 7" [_thread_blocked, id=8308, stack(0x0000003eb4c00000,0x0000003eb4d00000)]
  0x000001f0debd7800 JavaThread "Cache worker for execution history cache (C:\Users\gerso\StudioProjects\ManitasProject\.gradle\7.0.2\executionHistory)" [_thread_blocked, id=18784, stack(0x0000003eb4d00000,0x0000003eb4e00000)]
  0x000001f0debd9000 JavaThread "Cache worker for Java compile cache (C:\Users\gerso\.gradle\caches\7.0.2\javaCompile)" [_thread_blocked, id=15092, stack(0x0000003eb4e00000,0x0000003eb4f00000)]
  0x000001f0debda000 JavaThread "Cache worker for Java compile cache (C:\Users\gerso\StudioProjects\ManitasProject\.gradle\7.0.2\javaCompile)" [_thread_blocked, id=1044, stack(0x0000003eb4f00000,0x0000003eb5000000)]
  0x000001f0dd875800 JavaThread "WorkerExecutor Queue" [_thread_blocked, id=20776, stack(0x0000003eb5000000,0x0000003eb5100000)]
  0x000001f0de908000 JavaThread "WorkerExecutor Queue Thread 2" [_thread_blocked, id=7592, stack(0x0000003eb5100000,0x0000003eb5200000)]
  0x000001f0de90a000 JavaThread "WorkerExecutor Queue Thread 3" [_thread_blocked, id=5404, stack(0x0000003eb5200000,0x0000003eb5300000)]
  0x000001f0de906800 JavaThread "WorkerExecutor Queue Thread 4" [_thread_in_native, id=15040, stack(0x0000003eb5300000,0x0000003eb5400000)]
  0x000001f0de909000 JavaThread "WorkerExecutor Queue Thread 5" [_thread_blocked, id=20952, stack(0x0000003eb5400000,0x0000003eb5500000)]
  0x000001f0de907800 JavaThread "WorkerExecutor Queue Thread 6" [_thread_in_Java, id=19536, stack(0x0000003eb5500000,0x0000003eb5600000)]
  0x000001f0de90a800 JavaThread "WorkerExecutor Queue Thread 7" [_thread_in_Java, id=9268, stack(0x0000003eb5600000,0x0000003eb5700000)]
  0x000001f0de905000 JavaThread "WorkerExecutor Queue Thread 8" [_thread_in_Java, id=5604, stack(0x0000003eb5700000,0x0000003eb5800000)]
  0x000001f0de90b800 JavaThread "WorkerExecutor Queue Thread 9" [_thread_blocked, id=15812, stack(0x0000003eb5800000,0x0000003eb5900000)]
  0x000001f0de906000 JavaThread "C2 CompilerThread1" daemon [_thread_in_native, id=18836, stack(0x0000003eb2700000,0x0000003eb2800000)]
=>0x000001f0de911000 JavaThread "C2 CompilerThread2" daemon [_thread_in_native, id=19520, stack(0x0000003eb5a00000,0x0000003eb5b00000)]
  0x000001f0de90c800 JavaThread "ForkJoinPool-1-worker-3" daemon [_thread_in_Java, id=10648, stack(0x0000003eb5b00000,0x0000003eb5c00000)]
  0x000001f0de90e800 JavaThread "ForkJoinPool-1-worker-5" daemon [_thread_blocked, id=16892, stack(0x0000003eb5c00000,0x0000003eb5d00000)]
  0x000001f0de912000 JavaThread "ForkJoinPool-1-worker-7" daemon [_thread_in_Java, id=7364, stack(0x0000003eb5d00000,0x0000003eb5e00000)]
  0x000001f0de910800 JavaThread "ForkJoinPool-1-worker-9" daemon [_thread_blocked, id=12024, stack(0x0000003eb5e00000,0x0000003eb5f00000)]
  0x000001f0de90f800 JavaThread "ForkJoinPool-1-worker-11" daemon [_thread_in_vm, id=5176, stack(0x0000003eb5f00000,0x0000003eb6000000)]
  0x000001f0de913000 JavaThread "ForkJoinPool-1-worker-13" daemon [_thread_in_Java, id=14436, stack(0x0000003eb6000000,0x0000003eb6100000)]
  0x000001f0de90d000 JavaThread "ForkJoinPool-1-worker-15" daemon [_thread_in_Java, id=18376, stack(0x0000003eb6100000,0x0000003eb6200000)]
  0x000001f0de913800 JavaThread "ForkJoinPool-1-worker-1" daemon [_thread_blocked, id=17184, stack(0x0000003eb6200000,0x0000003eb6300000)]

Other Threads:
  0x000001f0dacfa000 VMThread "VM Thread" [stack: 0x0000003eb0600000,0x0000003eb0700000] [id=15896]
  0x000001f0daf39000 WatcherThread [stack: 0x0000003eb1000000,0x0000003eb1100000] [id=6104]
  0x000001f0be025800 GCTaskThread "GC Thread#0" [stack: 0x0000003eb0100000,0x0000003eb0200000] [id=1380]
  0x000001f0dadd1800 GCTaskThread "GC Thread#1" [stack: 0x0000003eb1300000,0x0000003eb1400000] [id=11008]
  0x000001f0dadd1000 GCTaskThread "GC Thread#2" [stack: 0x0000003eb1400000,0x0000003eb1500000] [id=12572]
  0x000001f0dadcd800 GCTaskThread "GC Thread#3" [stack: 0x0000003eb1500000,0x0000003eb1600000] [id=15700]
  0x000001f0dadcf800 GCTaskThread "GC Thread#4" [stack: 0x0000003eb1600000,0x0000003eb1700000] [id=5164]
  0x000001f0dadd0000 GCTaskThread "GC Thread#5" [stack: 0x0000003eb1700000,0x0000003eb1800000] [id=2064]
  0x000001f0dadce000 GCTaskThread "GC Thread#6" [stack: 0x0000003eb1800000,0x0000003eb1900000] [id=20712]
  0x000001f0dadd2800 GCTaskThread "GC Thread#7" [stack: 0x0000003eb2300000,0x0000003eb2400000] [id=20680]
  0x000001f0be057800 ConcurrentGCThread "G1 Main Marker" [stack: 0x0000003eb0200000,0x0000003eb0300000] [id=20424]
  0x000001f0be05b000 ConcurrentGCThread "G1 Conc#0" [stack: 0x0000003eb0300000,0x0000003eb0400000] [id=10476]
  0x000001f0dadd3000 ConcurrentGCThread "G1 Conc#1" [stack: 0x0000003eb2400000,0x0000003eb2500000] [id=19832]
  0x000001f0be0de800 ConcurrentGCThread "G1 Refine#0" [stack: 0x0000003eb0400000,0x0000003eb0500000] [id=14168]
  0x000001f0da333000 ConcurrentGCThread "G1 Young RemSet Sampling" [stack: 0x0000003eb0500000,0x0000003eb0600000] [id=5384]

Threads with active compile tasks:
C2 CompilerThread0  36497 12829       4       com.android.tools.r8.graph.d0::a (10 bytes)
C1 CompilerThread0  36497 12705       3       com.android.tools.r8.graph.G0::a (2521 bytes)
C2 CompilerThread1  36497 12594       4       com.android.tools.r8.code.w1::a (4137 bytes)
C2 CompilerThread2  36497 12584 %     4       com.android.tools.r8.dex.j::a @ 315 (1038 bytes)

VM state:not at safepoint (normal execution)

VM Mutex/Monitor currently owned by a thread: None

Heap address: 0x0000000080000000, size: 2048 MB, Compressed Oops mode: 32-bit
Narrow klass base: 0x0000000000000000, Narrow klass shift: 3
Compressed class space size: 1073741824 Address: 0x0000000100000000

Heap:
 garbage-first heap   total 325632K, used 156920K [0x0000000080000000, 0x0000000100000000)
  region size 1024K, 77 young (78848K), 23 survivors (23552K)
 Metaspace       used 103843K, capacity 106636K, committed 106836K, reserved 1140736K
  class space    used 13633K, capacity 14706K, committed 14796K, reserved 1048576K
Heap Regions: E=young(eden), S=young(survivor), O=old, HS=humongous(starts), HC=humongous(continues), CS=collection set, F=free, A=archive, TAMS=top-at-mark-start (previous, next)
|   0|0x0000000080000000, 0x0000000080100000, 0x0000000080100000|100%| O|  |TAMS 0x0000000080100000, 0x0000000080000000| Untracked 
|   1|0x0000000080100000, 0x0000000080200000, 0x0000000080200000|100%| O|  |TAMS 0x0000000080200000, 0x0000000080100000| Untracked 
|   2|0x0000000080200000, 0x0000000080300000, 0x0000000080300000|100%| O|  |TAMS 0x0000000080300000, 0x0000000080200000| Untracked 
|   3|0x0000000080300000, 0x0000000080400000, 0x0000000080400000|100%|HS|  |TAMS 0x0000000080400000, 0x0000000080300000| Complete 
|   4|0x0000000080400000, 0x0000000080500000, 0x0000000080500000|100%|HC|  |TAMS 0x0000000080500000, 0x0000000080400000| Complete 
|   5|0x0000000080500000, 0x0000000080600000, 0x0000000080600000|100%|HC|  |TAMS 0x0000000080600000, 0x0000000080500000| Complete 
|   6|0x0000000080600000, 0x0000000080700000, 0x0000000080700000|100%| O|  |TAMS 0x0000000080700000, 0x0000000080600000| Untracked 
|   7|0x0000000080700000, 0x0000000080800000, 0x0000000080800000|100%| O|  |TAMS 0x0000000080800000, 0x0000000080700000| Untracked 
|   8|0x0000000080800000, 0x0000000080900000, 0x0000000080900000|100%| O|  |TAMS 0x0000000080900000, 0x0000000080800000| Untracked 
|   9|0x0000000080900000, 0x0000000080a00000, 0x0000000080a00000|100%| O|  |TAMS 0x0000000080a00000, 0x0000000080900000| Untracked 
|  10|0x0000000080a00000, 0x0000000080b00000, 0x0000000080b00000|100%| O|  |TAMS 0x0000000080b00000, 0x0000000080a00000| Untracked 
|  11|0x0000000080b00000, 0x0000000080c00000, 0x0000000080c00000|100%| O|  |TAMS 0x0000000080c00000, 0x0000000080b00000| Untracked 
|  12|0x0000000080c00000, 0x0000000080d00000, 0x0000000080d00000|100%| O|  |TAMS 0x0000000080d00000, 0x0000000080c00000| Untracked 
|  13|0x0000000080d00000, 0x0000000080e00000, 0x0000000080e00000|100%| O|  |TAMS 0x0000000080e00000, 0x0000000080d00000| Untracked 
|  14|0x0000000080e00000, 0x0000000080f00000, 0x0000000080f00000|100%| O|  |TAMS 0x0000000080f00000, 0x0000000080e00000| Untracked 
|  15|0x0000000080f00000, 0x0000000081000000, 0x0000000081000000|100%| O|  |TAMS 0x0000000081000000, 0x0000000080f00000| Untracked 
|  16|0x0000000081000000, 0x0000000081100000, 0x0000000081100000|100%| O|  |TAMS 0x0000000081100000, 0x0000000081000000| Untracked 
|  17|0x0000000081100000, 0x0000000081200000, 0x0000000081200000|100%|HS|  |TAMS 0x0000000081200000, 0x0000000081100000| Complete 
|  18|0x0000000081200000, 0x0000000081300000, 0x0000000081300000|100%|HS|  |TAMS 0x0000000081300000, 0x0000000081200000| Complete 
|  19|0x0000000081300000, 0x0000000081400000, 0x0000000081400000|100%|HS|  |TAMS 0x0000000081400000, 0x0000000081300000| Complete 
|  20|0x0000000081400000, 0x0000000081500000, 0x0000000081500000|100%|HC|  |TAMS 0x0000000081500000, 0x0000000081400000| Complete 
|  21|0x0000000081500000, 0x0000000081600000, 0x0000000081600000|100%| O|  |TAMS 0x0000000081600000, 0x0000000081500000| Untracked 
|  22|0x0000000081600000, 0x0000000081700000, 0x0000000081700000|100%| O|  |TAMS 0x0000000081700000, 0x0000000081600000| Untracked 
|  23|0x0000000081700000, 0x0000000081800000, 0x0000000081800000|100%| O|  |TAMS 0x0000000081800000, 0x0000000081700000| Untracked 
|  24|0x0000000081800000, 0x0000000081900000, 0x0000000081900000|100%| O|  |TAMS 0x0000000081900000, 0x0000000081800000| Untracked 
|  25|0x0000000081900000, 0x0000000081a00000, 0x0000000081a00000|100%| O|  |TAMS 0x0000000081a00000, 0x0000000081900000| Untracked 
|  26|0x0000000081a00000, 0x0000000081b00000, 0x0000000081b00000|100%| O|  |TAMS 0x0000000081b00000, 0x0000000081a00000| Untracked 
|  27|0x0000000081b00000, 0x0000000081c00000, 0x0000000081c00000|100%| O|  |TAMS 0x0000000081c00000, 0x0000000081b00000| Untracked 
|  28|0x0000000081c00000, 0x0000000081d00000, 0x0000000081d00000|100%| O|  |TAMS 0x0000000081d00000, 0x0000000081c00000| Untracked 
|  29|0x0000000081d00000, 0x0000000081e00000, 0x0000000081e00000|100%| O|  |TAMS 0x0000000081e00000, 0x0000000081d00000| Untracked 
|  30|0x0000000081e00000, 0x0000000081f00000, 0x0000000081f00000|100%| O|  |TAMS 0x0000000081f00000, 0x0000000081e00000| Untracked 
|  31|0x0000000081f00000, 0x0000000082000000, 0x0000000082000000|100%| O|  |TAMS 0x0000000082000000, 0x0000000081f00000| Untracked 
|  32|0x0000000082000000, 0x0000000082100000, 0x0000000082100000|100%| O|  |TAMS 0x0000000082100000, 0x0000000082000000| Untracked 
|  33|0x0000000082100000, 0x0000000082200000, 0x0000000082200000|100%| O|  |TAMS 0x0000000082200000, 0x0000000082100000| Untracked 
|  34|0x0000000082200000, 0x0000000082300000, 0x0000000082300000|100%| O|  |TAMS 0x0000000082300000, 0x0000000082200000| Untracked 
|  35|0x0000000082300000, 0x0000000082400000, 0x0000000082400000|100%| O|  |TAMS 0x0000000082400000, 0x0000000082300000| Untracked 
|  36|0x0000000082400000, 0x0000000082500000, 0x0000000082500000|100%| O|  |TAMS 0x0000000082500000, 0x0000000082400000| Untracked 
|  37|0x0000000082500000, 0x0000000082600000, 0x0000000082600000|100%| O|  |TAMS 0x0000000082600000, 0x0000000082500000| Untracked 
|  38|0x0000000082600000, 0x0000000082700000, 0x0000000082700000|100%| O|  |TAMS 0x0000000082700000, 0x0000000082600000| Untracked 
|  39|0x0000000082700000, 0x0000000082800000, 0x0000000082800000|100%| O|  |TAMS 0x0000000082800000, 0x0000000082700000| Untracked 
|  40|0x0000000082800000, 0x0000000082900000, 0x0000000082900000|100%| O|  |TAMS 0x0000000082900000, 0x0000000082800000| Untracked 
|  41|0x0000000082900000, 0x0000000082a00000, 0x0000000082a00000|100%| O|  |TAMS 0x0000000082a00000, 0x0000000082900000| Untracked 
|  42|0x0000000082a00000, 0x0000000082b00000, 0x0000000082b00000|100%| O|  |TAMS 0x0000000082b00000, 0x0000000082a00000| Untracked 
|  43|0x0000000082b00000, 0x0000000082c00000, 0x0000000082c00000|100%| O|  |TAMS 0x0000000082c00000, 0x0000000082b00000| Untracked 
|  44|0x0000000082c00000, 0x0000000082d00000, 0x0000000082d00000|100%| O|  |TAMS 0x0000000082d00000, 0x0000000082c00000| Untracked 
|  45|0x0000000082d00000, 0x0000000082e00000, 0x0000000082e00000|100%| O|  |TAMS 0x0000000082e00000, 0x0000000082d00000| Untracked 
|  46|0x0000000082e00000, 0x0000000082f00000, 0x0000000082f00000|100%| O|  |TAMS 0x0000000082f00000, 0x0000000082e00000| Untracked 
|  47|0x0000000082f00000, 0x0000000083000000, 0x0000000083000000|100%| O|  |TAMS 0x0000000083000000, 0x0000000082f00000| Untracked 
|  48|0x0000000083000000, 0x0000000083100000, 0x0000000083100000|100%| O|  |TAMS 0x0000000083100000, 0x0000000083000000| Untracked 
|  49|0x0000000083100000, 0x0000000083200000, 0x0000000083200000|100%| O|  |TAMS 0x0000000083200000, 0x0000000083100000| Untracked 
|  50|0x0000000083200000, 0x0000000083300000, 0x0000000083300000|100%| O|  |TAMS 0x0000000083300000, 0x0000000083200000| Untracked 
|  51|0x0000000083300000, 0x0000000083400000, 0x0000000083400000|100%| O|  |TAMS 0x0000000083400000, 0x0000000083300000| Untracked 
|  52|0x0000000083400000, 0x0000000083500000, 0x0000000083500000|100%| O|  |TAMS 0x0000000083500000, 0x0000000083400000| Untracked 
|  53|0x0000000083500000, 0x0000000083600000, 0x0000000083600000|100%| O|  |TAMS 0x0000000083600000, 0x0000000083500000| Untracked 
|  54|0x0000000083600000, 0x0000000083700000, 0x0000000083700000|100%| O|  |TAMS 0x0000000083700000, 0x0000000083600000| Untracked 
|  55|0x0000000083700000, 0x0000000083700000, 0x0000000083800000|  0%| F|  |TAMS 0x0000000083700000, 0x0000000083700000| Untracked 
|  56|0x0000000083800000, 0x0000000083800000, 0x0000000083900000|  0%| F|  |TAMS 0x0000000083800000, 0x0000000083800000| Untracked 
|  57|0x0000000083900000, 0x0000000083a00000, 0x0000000083a00000|100%| O|  |TAMS 0x0000000083a00000, 0x0000000083900000| Untracked 
|  58|0x0000000083a00000, 0x0000000083b00000, 0x0000000083b00000|100%| O|  |TAMS 0x0000000083b00000, 0x0000000083a00000| Untracked 
|  59|0x0000000083b00000, 0x0000000083c00000, 0x0000000083c00000|100%| O|  |TAMS 0x0000000083c00000, 0x0000000083b00000| Untracked 
|  60|0x0000000083c00000, 0x0000000083d00000, 0x0000000083d00000|100%| O|  |TAMS 0x0000000083d00000, 0x0000000083c00000| Untracked 
|  61|0x0000000083d00000, 0x0000000083e00000, 0x0000000083e00000|100%| O|  |TAMS 0x0000000083e00000, 0x0000000083d00000| Untracked 
|  62|0x0000000083e00000, 0x0000000083f00000, 0x0000000083f00000|100%| O|  |TAMS 0x0000000083f00000, 0x0000000083e00000| Untracked 
|  63|0x0000000083f00000, 0x0000000084000000, 0x0000000084000000|100%| O|  |TAMS 0x0000000084000000, 0x0000000083f00000| Untracked 
|  64|0x0000000084000000, 0x0000000084100000, 0x0000000084100000|100%| O|  |TAMS 0x0000000084100000, 0x0000000084000000| Untracked 
|  65|0x0000000084100000, 0x0000000084200000, 0x0000000084200000|100%| O|  |TAMS 0x0000000084200000, 0x0000000084100000| Untracked 
|  66|0x0000000084200000, 0x0000000084300000, 0x0000000084300000|100%| O|  |TAMS 0x0000000084300000, 0x0000000084200000| Untracked 
|  67|0x0000000084300000, 0x0000000084400000, 0x0000000084400000|100%| O|  |TAMS 0x0000000084400000, 0x0000000084300000| Untracked 
|  68|0x0000000084400000, 0x0000000084500000, 0x0000000084500000|100%| O|  |TAMS 0x0000000084500000, 0x0000000084400000| Untracked 
|  69|0x0000000084500000, 0x0000000084600000, 0x0000000084600000|100%| O|  |TAMS 0x0000000084600000, 0x0000000084500000| Untracked 
|  70|0x0000000084600000, 0x0000000084600000, 0x0000000084700000|  0%| F|  |TAMS 0x0000000084600000, 0x0000000084600000| Untracked 
|  71|0x0000000084700000, 0x0000000084700000, 0x0000000084800000|  0%| F|  |TAMS 0x0000000084700000, 0x0000000084700000| Untracked 
|  72|0x0000000084800000, 0x0000000084900000, 0x0000000084900000|100%|HS|  |TAMS 0x0000000084900000, 0x0000000084800000| Complete 
|  73|0x0000000084900000, 0x0000000084a00000, 0x0000000084a00000|100%|HC|  |TAMS 0x0000000084a00000, 0x0000000084900000| Complete 
|  74|0x0000000084a00000, 0x0000000084b00000, 0x0000000084b00000|100%|HS|  |TAMS 0x0000000084b00000, 0x0000000084a00000| Complete 
|  75|0x0000000084b00000, 0x0000000084c00000, 0x0000000084c00000|100%|HS|  |TAMS 0x0000000084c00000, 0x0000000084b00000| Complete 
|  76|0x0000000084c00000, 0x0000000084d00000, 0x0000000084d00000|100%|HS|  |TAMS 0x0000000084d00000, 0x0000000084c00000| Complete 
|  77|0x0000000084d00000, 0x0000000084d00000, 0x0000000084e00000|  0%| F|  |TAMS 0x0000000084d00000, 0x0000000084d00000| Untracked 
|  78|0x0000000084e00000, 0x0000000084e00000, 0x0000000084f00000|  0%| F|  |TAMS 0x0000000084e00000, 0x0000000084e00000| Untracked 
|  79|0x0000000084f00000, 0x0000000085000000, 0x0000000085000000|100%|HS|  |TAMS 0x0000000085000000, 0x0000000084f00000| Complete 
|  80|0x0000000085000000, 0x0000000085100000, 0x0000000085100000|100%|HC|  |TAMS 0x0000000085100000, 0x0000000085000000| Complete 
|  81|0x0000000085100000, 0x0000000085100000, 0x0000000085200000|  0%| F|  |TAMS 0x0000000085100000, 0x0000000085100000| Untracked 
|  82|0x0000000085200000, 0x0000000085300000, 0x0000000085300000|100%|HS|  |TAMS 0x0000000085300000, 0x0000000085200000| Complete 
|  83|0x0000000085300000, 0x0000000085300000, 0x0000000085400000|  0%| F|  |TAMS 0x0000000085300000, 0x0000000085300000| Untracked 
|  84|0x0000000085400000, 0x0000000085500000, 0x0000000085500000|100%|HS|  |TAMS 0x0000000085500000, 0x0000000085400000| Complete 
|  85|0x0000000085500000, 0x0000000085500000, 0x0000000085600000|  0%| F|  |TAMS 0x0000000085500000, 0x0000000085500000| Untracked 
|  86|0x0000000085600000, 0x0000000085700000, 0x0000000085700000|100%|HS|  |TAMS 0x0000000085700000, 0x0000000085600000| Complete 
|  87|0x0000000085700000, 0x000000008573e200, 0x0000000085800000| 24%| O|  |TAMS 0x000000008573e200, 0x0000000085700000| Untracked 
|  88|0x0000000085800000, 0x0000000085800000, 0x0000000085900000|  0%| F|  |TAMS 0x0000000085800000, 0x0000000085800000| Untracked 
|  89|0x0000000085900000, 0x0000000085900000, 0x0000000085a00000|  0%| F|  |TAMS 0x0000000085900000, 0x0000000085900000| Untracked 
|  90|0x0000000085a00000, 0x0000000085a00000, 0x0000000085b00000|  0%| F|  |TAMS 0x0000000085a00000, 0x0000000085a00000| Untracked 
|  91|0x0000000085b00000, 0x0000000085b00000, 0x0000000085c00000|  0%| F|  |TAMS 0x0000000085b00000, 0x0000000085b00000| Untracked 
|  92|0x0000000085c00000, 0x0000000085c00000, 0x0000000085d00000|  0%| F|  |TAMS 0x0000000085c00000, 0x0000000085c00000| Untracked 
|  93|0x0000000085d00000, 0x0000000085d00000, 0x0000000085e00000|  0%| F|  |TAMS 0x0000000085d00000, 0x0000000085d00000| Untracked 
|  94|0x0000000085e00000, 0x0000000085e00000, 0x0000000085f00000|  0%| F|  |TAMS 0x0000000085e00000, 0x0000000085e00000| Untracked 
|  95|0x0000000085f00000, 0x0000000085f00000, 0x0000000086000000|  0%| F|  |TAMS 0x0000000085f00000, 0x0000000085f00000| Untracked 
|  96|0x0000000086000000, 0x0000000086000000, 0x0000000086100000|  0%| F|  |TAMS 0x0000000086000000, 0x0000000086000000| Untracked 
|  97|0x0000000086100000, 0x0000000086100000, 0x0000000086200000|  0%| F|  |TAMS 0x0000000086100000, 0x0000000086100000| Untracked 
|  98|0x0000000086200000, 0x0000000086200000, 0x0000000086300000|  0%| F|  |TAMS 0x0000000086200000, 0x0000000086200000| Untracked 
|  99|0x0000000086300000, 0x0000000086300000, 0x0000000086400000|  0%| F|  |TAMS 0x0000000086300000, 0x0000000086300000| Untracked 
| 100|0x0000000086400000, 0x0000000086400000, 0x0000000086500000|  0%| F|  |TAMS 0x0000000086400000, 0x0000000086400000| Untracked 
| 101|0x0000000086500000, 0x0000000086500000, 0x0000000086600000|  0%| F|  |TAMS 0x0000000086500000, 0x0000000086500000| Untracked 
| 102|0x0000000086600000, 0x0000000086600000, 0x0000000086700000|  0%| F|  |TAMS 0x0000000086600000, 0x0000000086600000| Untracked 
| 103|0x0000000086700000, 0x0000000086700000, 0x0000000086800000|  0%| F|  |TAMS 0x0000000086700000, 0x0000000086700000| Untracked 
| 104|0x0000000086800000, 0x0000000086800000, 0x0000000086900000|  0%| F|  |TAMS 0x0000000086800000, 0x0000000086800000| Untracked 
| 105|0x0000000086900000, 0x0000000086900000, 0x0000000086a00000|  0%| F|  |TAMS 0x0000000086900000, 0x0000000086900000| Untracked 
| 106|0x0000000086a00000, 0x0000000086a00000, 0x0000000086b00000|  0%| F|  |TAMS 0x0000000086a00000, 0x0000000086a00000| Untracked 
| 107|0x0000000086b00000, 0x0000000086b00000, 0x0000000086c00000|  0%| F|  |TAMS 0x0000000086b00000, 0x0000000086b00000| Untracked 
| 108|0x0000000086c00000, 0x0000000086c00000, 0x0000000086d00000|  0%| F|  |TAMS 0x0000000086c00000, 0x0000000086c00000| Untracked 
| 109|0x0000000086d00000, 0x0000000086d00000, 0x0000000086e00000|  0%| F|  |TAMS 0x0000000086d00000, 0x0000000086d00000| Untracked 
| 110|0x0000000086e00000, 0x0000000086e00000, 0x0000000086f00000|  0%| F|  |TAMS 0x0000000086e00000, 0x0000000086e00000| Untracked 
| 111|0x0000000086f00000, 0x0000000086f00000, 0x0000000087000000|  0%| F|  |TAMS 0x0000000086f00000, 0x0000000086f00000| Untracked 
| 112|0x0000000087000000, 0x0000000087000000, 0x0000000087100000|  0%| F|  |TAMS 0x0000000087000000, 0x0000000087000000| Untracked 
| 113|0x0000000087100000, 0x0000000087100000, 0x0000000087200000|  0%| F|  |TAMS 0x0000000087100000, 0x0000000087100000| Untracked 
| 114|0x0000000087200000, 0x0000000087200000, 0x0000000087300000|  0%| F|  |TAMS 0x0000000087200000, 0x0000000087200000| Untracked 
| 115|0x0000000087300000, 0x0000000087300000, 0x0000000087400000|  0%| F|  |TAMS 0x0000000087300000, 0x0000000087300000| Untracked 
| 116|0x0000000087400000, 0x0000000087400000, 0x0000000087500000|  0%| F|  |TAMS 0x0000000087400000, 0x0000000087400000| Untracked 
| 117|0x0000000087500000, 0x0000000087500000, 0x0000000087600000|  0%| F|  |TAMS 0x0000000087500000, 0x0000000087500000| Untracked 
| 118|0x0000000087600000, 0x0000000087600000, 0x0000000087700000|  0%| F|  |TAMS 0x0000000087600000, 0x0000000087600000| Untracked 
| 119|0x0000000087700000, 0x0000000087700000, 0x0000000087800000|  0%| F|  |TAMS 0x0000000087700000, 0x0000000087700000| Untracked 
| 120|0x0000000087800000, 0x0000000087800000, 0x0000000087900000|  0%| F|  |TAMS 0x0000000087800000, 0x0000000087800000| Untracked 
| 121|0x0000000087900000, 0x0000000087900000, 0x0000000087a00000|  0%| F|  |TAMS 0x0000000087900000, 0x0000000087900000| Untracked 
| 122|0x0000000087a00000, 0x0000000087a00000, 0x0000000087b00000|  0%| F|  |TAMS 0x0000000087a00000, 0x0000000087a00000| Untracked 
| 123|0x0000000087b00000, 0x0000000087b00000, 0x0000000087c00000|  0%| F|  |TAMS 0x0000000087b00000, 0x0000000087b00000| Untracked 
| 124|0x0000000087c00000, 0x0000000087c00000, 0x0000000087d00000|  0%| F|  |TAMS 0x0000000087c00000, 0x0000000087c00000| Untracked 
| 125|0x0000000087d00000, 0x0000000087d00000, 0x0000000087e00000|  0%| F|  |TAMS 0x0000000087d00000, 0x0000000087d00000| Untracked 
| 126|0x0000000087e00000, 0x0000000087e00000, 0x0000000087f00000|  0%| F|  |TAMS 0x0000000087e00000, 0x0000000087e00000| Untracked 
| 127|0x0000000087f00000, 0x0000000087f00000, 0x0000000088000000|  0%| F|  |TAMS 0x0000000087f00000, 0x0000000087f00000| Untracked 
| 128|0x0000000088000000, 0x0000000088000000, 0x0000000088100000|  0%| F|  |TAMS 0x0000000088000000, 0x0000000088000000| Untracked 
| 129|0x0000000088100000, 0x0000000088100000, 0x0000000088200000|  0%| F|  |TAMS 0x0000000088100000, 0x0000000088100000| Untracked 
| 130|0x0000000088200000, 0x0000000088200000, 0x0000000088300000|  0%| F|  |TAMS 0x0000000088200000, 0x0000000088200000| Untracked 
| 131|0x0000000088300000, 0x0000000088300000, 0x0000000088400000|  0%| F|  |TAMS 0x0000000088300000, 0x0000000088300000| Untracked 
| 132|0x0000000088400000, 0x0000000088400000, 0x0000000088500000|  0%| F|  |TAMS 0x0000000088400000, 0x0000000088400000| Untracked 
| 133|0x0000000088500000, 0x0000000088500000, 0x0000000088600000|  0%| F|  |TAMS 0x0000000088500000, 0x0000000088500000| Untracked 
| 134|0x0000000088600000, 0x0000000088600000, 0x0000000088700000|  0%| F|  |TAMS 0x0000000088600000, 0x0000000088600000| Untracked 
| 135|0x0000000088700000, 0x0000000088700000, 0x0000000088800000|  0%| F|  |TAMS 0x0000000088700000, 0x0000000088700000| Untracked 
| 136|0x0000000088800000, 0x0000000088800000, 0x0000000088900000|  0%| F|  |TAMS 0x0000000088800000, 0x0000000088800000| Untracked 
| 137|0x0000000088900000, 0x0000000088900000, 0x0000000088a00000|  0%| F|  |TAMS 0x0000000088900000, 0x0000000088900000| Untracked 
| 138|0x0000000088a00000, 0x0000000088a00000, 0x0000000088b00000|  0%| F|  |TAMS 0x0000000088a00000, 0x0000000088a00000| Untracked 
| 139|0x0000000088b00000, 0x0000000088b00000, 0x0000000088c00000|  0%| F|  |TAMS 0x0000000088b00000, 0x0000000088b00000| Untracked 
| 140|0x0000000088c00000, 0x0000000088c00000, 0x0000000088d00000|  0%| F|  |TAMS 0x0000000088c00000, 0x0000000088c00000| Untracked 
| 141|0x0000000088d00000, 0x0000000088d00000, 0x0000000088e00000|  0%| F|  |TAMS 0x0000000088d00000, 0x0000000088d00000| Untracked 
| 142|0x0000000088e00000, 0x0000000088e00000, 0x0000000088f00000|  0%| F|  |TAMS 0x0000000088e00000, 0x0000000088e00000| Untracked 
| 143|0x0000000088f00000, 0x0000000088f00000, 0x0000000089000000|  0%| F|  |TAMS 0x0000000088f00000, 0x0000000088f00000| Untracked 
| 144|0x0000000089000000, 0x0000000089000000, 0x0000000089100000|  0%| F|  |TAMS 0x0000000089000000, 0x0000000089000000| Untracked 
| 145|0x0000000089100000, 0x0000000089100000, 0x0000000089200000|  0%| F|  |TAMS 0x0000000089100000, 0x0000000089100000| Untracked 
| 146|0x0000000089200000, 0x0000000089200000, 0x0000000089300000|  0%| F|  |TAMS 0x0000000089200000, 0x0000000089200000| Untracked 
| 147|0x0000000089300000, 0x0000000089300000, 0x0000000089400000|  0%| F|  |TAMS 0x0000000089300000, 0x0000000089300000| Untracked 
| 148|0x0000000089400000, 0x0000000089400000, 0x0000000089500000|  0%| F|  |TAMS 0x0000000089400000, 0x0000000089400000| Untracked 
| 149|0x0000000089500000, 0x0000000089500000, 0x0000000089600000|  0%| F|  |TAMS 0x0000000089500000, 0x0000000089500000| Untracked 
| 150|0x0000000089600000, 0x0000000089600000, 0x0000000089700000|  0%| F|  |TAMS 0x0000000089600000, 0x0000000089600000| Untracked 
| 151|0x0000000089700000, 0x0000000089700000, 0x0000000089800000|  0%| F|  |TAMS 0x0000000089700000, 0x0000000089700000| Untracked 
| 152|0x0000000089800000, 0x0000000089800000, 0x0000000089900000|  0%| F|  |TAMS 0x0000000089800000, 0x0000000089800000| Untracked 
| 153|0x0000000089900000, 0x0000000089900000, 0x0000000089a00000|  0%| F|  |TAMS 0x0000000089900000, 0x0000000089900000| Untracked 
| 154|0x0000000089a00000, 0x0000000089a00000, 0x0000000089b00000|  0%| F|  |TAMS 0x0000000089a00000, 0x0000000089a00000| Untracked 
| 155|0x0000000089b00000, 0x0000000089b00000, 0x0000000089c00000|  0%| F|  |TAMS 0x0000000089b00000, 0x0000000089b00000| Untracked 
| 156|0x0000000089c00000, 0x0000000089c00000, 0x0000000089d00000|  0%| F|  |TAMS 0x0000000089c00000, 0x0000000089c00000| Untracked 
| 157|0x0000000089d00000, 0x0000000089d00000, 0x0000000089e00000|  0%| F|  |TAMS 0x0000000089d00000, 0x0000000089d00000| Untracked 
| 158|0x0000000089e00000, 0x0000000089e00000, 0x0000000089f00000|  0%| F|  |TAMS 0x0000000089e00000, 0x0000000089e00000| Untracked 
| 159|0x0000000089f00000, 0x0000000089f00000, 0x000000008a000000|  0%| F|  |TAMS 0x0000000089f00000, 0x0000000089f00000| Untracked 
| 160|0x000000008a000000, 0x000000008a000000, 0x000000008a100000|  0%| F|  |TAMS 0x000000008a000000, 0x000000008a000000| Untracked 
| 161|0x000000008a100000, 0x000000008a100000, 0x000000008a200000|  0%| F|  |TAMS 0x000000008a100000, 0x000000008a100000| Untracked 
| 162|0x000000008a200000, 0x000000008a200000, 0x000000008a300000|  0%| F|  |TAMS 0x000000008a200000, 0x000000008a200000| Untracked 
| 163|0x000000008a300000, 0x000000008a300000, 0x000000008a400000|  0%| F|  |TAMS 0x000000008a300000, 0x000000008a300000| Untracked 
| 164|0x000000008a400000, 0x000000008a400000, 0x000000008a500000|  0%| F|  |TAMS 0x000000008a400000, 0x000000008a400000| Untracked 
| 165|0x000000008a500000, 0x000000008a500000, 0x000000008a600000|  0%| F|  |TAMS 0x000000008a500000, 0x000000008a500000| Untracked 
| 166|0x000000008a600000, 0x000000008a600000, 0x000000008a700000|  0%| F|  |TAMS 0x000000008a600000, 0x000000008a600000| Untracked 
| 167|0x000000008a700000, 0x000000008a700000, 0x000000008a800000|  0%| F|  |TAMS 0x000000008a700000, 0x000000008a700000| Untracked 
| 168|0x000000008a800000, 0x000000008a800000, 0x000000008a900000|  0%| F|  |TAMS 0x000000008a800000, 0x000000008a800000| Untracked 
| 169|0x000000008a900000, 0x000000008a900000, 0x000000008aa00000|  0%| F|  |TAMS 0x000000008a900000, 0x000000008a900000| Untracked 
| 170|0x000000008aa00000, 0x000000008aa00000, 0x000000008ab00000|  0%| F|  |TAMS 0x000000008aa00000, 0x000000008aa00000| Untracked 
| 171|0x000000008ab00000, 0x000000008ab00000, 0x000000008ac00000|  0%| F|  |TAMS 0x000000008ab00000, 0x000000008ab00000| Untracked 
| 172|0x000000008ac00000, 0x000000008ac00000, 0x000000008ad00000|  0%| F|  |TAMS 0x000000008ac00000, 0x000000008ac00000| Untracked 
| 173|0x000000008ad00000, 0x000000008ad00000, 0x000000008ae00000|  0%| F|  |TAMS 0x000000008ad00000, 0x000000008ad00000| Untracked 
| 174|0x000000008ae00000, 0x000000008ae00000, 0x000000008af00000|  0%| F|  |TAMS 0x000000008ae00000, 0x000000008ae00000| Untracked 
| 175|0x000000008af00000, 0x000000008af00000, 0x000000008b000000|  0%| F|  |TAMS 0x000000008af00000, 0x000000008af00000| Untracked 
| 176|0x000000008b000000, 0x000000008b000000, 0x000000008b100000|  0%| F|  |TAMS 0x000000008b000000, 0x000000008b000000| Untracked 
| 177|0x000000008b100000, 0x000000008b100000, 0x000000008b200000|  0%| F|  |TAMS 0x000000008b100000, 0x000000008b100000| Untracked 
| 178|0x000000008b200000, 0x000000008b200000, 0x000000008b300000|  0%| F|  |TAMS 0x000000008b200000, 0x000000008b200000| Untracked 
| 179|0x000000008b300000, 0x000000008b300000, 0x000000008b400000|  0%| F|  |TAMS 0x000000008b300000, 0x000000008b300000| Untracked 
| 180|0x000000008b400000, 0x000000008b400000, 0x000000008b500000|  0%| F|  |TAMS 0x000000008b400000, 0x000000008b400000| Untracked 
| 181|0x000000008b500000, 0x000000008b500000, 0x000000008b600000|  0%| F|  |TAMS 0x000000008b500000, 0x000000008b500000| Untracked 
| 182|0x000000008b600000, 0x000000008b600000, 0x000000008b700000|  0%| F|  |TAMS 0x000000008b600000, 0x000000008b600000| Untracked 
| 183|0x000000008b700000, 0x000000008b700000, 0x000000008b800000|  0%| F|  |TAMS 0x000000008b700000, 0x000000008b700000| Untracked 
| 184|0x000000008b800000, 0x000000008b800000, 0x000000008b900000|  0%| F|  |TAMS 0x000000008b800000, 0x000000008b800000| Untracked 
| 185|0x000000008b900000, 0x000000008b900000, 0x000000008ba00000|  0%| F|  |TAMS 0x000000008b900000, 0x000000008b900000| Untracked 
| 186|0x000000008ba00000, 0x000000008ba00000, 0x000000008bb00000|  0%| F|  |TAMS 0x000000008ba00000, 0x000000008ba00000| Untracked 
| 187|0x000000008bb00000, 0x000000008bb00000, 0x000000008bc00000|  0%| F|  |TAMS 0x000000008bb00000, 0x000000008bb00000| Untracked 
| 188|0x000000008bc00000, 0x000000008bc00000, 0x000000008bd00000|  0%| F|  |TAMS 0x000000008bc00000, 0x000000008bc00000| Untracked 
| 189|0x000000008bd00000, 0x000000008bd00000, 0x000000008be00000|  0%| F|  |TAMS 0x000000008bd00000, 0x000000008bd00000| Untracked 
| 190|0x000000008be00000, 0x000000008be00000, 0x000000008bf00000|  0%| F|  |TAMS 0x000000008be00000, 0x000000008be00000| Untracked 
| 191|0x000000008bf00000, 0x000000008bf00000, 0x000000008c000000|  0%| F|  |TAMS 0x000000008bf00000, 0x000000008bf00000| Untracked 
| 192|0x000000008c000000, 0x000000008c000000, 0x000000008c100000|  0%| F|  |TAMS 0x000000008c000000, 0x000000008c000000| Untracked 
| 193|0x000000008c100000, 0x000000008c100000, 0x000000008c200000|  0%| F|  |TAMS 0x000000008c100000, 0x000000008c100000| Untracked 
| 194|0x000000008c200000, 0x000000008c200000, 0x000000008c300000|  0%| F|  |TAMS 0x000000008c200000, 0x000000008c200000| Untracked 
| 195|0x000000008c300000, 0x000000008c300000, 0x000000008c400000|  0%| F|  |TAMS 0x000000008c300000, 0x000000008c300000| Untracked 
| 196|0x000000008c400000, 0x000000008c400000, 0x000000008c500000|  0%| F|  |TAMS 0x000000008c400000, 0x000000008c400000| Untracked 
| 197|0x000000008c500000, 0x000000008c500000, 0x000000008c600000|  0%| F|  |TAMS 0x000000008c500000, 0x000000008c500000| Untracked 
| 198|0x000000008c600000, 0x000000008c600000, 0x000000008c700000|  0%| F|  |TAMS 0x000000008c600000, 0x000000008c600000| Untracked 
| 199|0x000000008c700000, 0x000000008c700000, 0x000000008c800000|  0%| F|  |TAMS 0x000000008c700000, 0x000000008c700000| Untracked 
| 200|0x000000008c800000, 0x000000008c800000, 0x000000008c900000|  0%| F|  |TAMS 0x000000008c800000, 0x000000008c800000| Untracked 
| 201|0x000000008c900000, 0x000000008c900000, 0x000000008ca00000|  0%| F|  |TAMS 0x000000008c900000, 0x000000008c900000| Untracked 
| 202|0x000000008ca00000, 0x000000008ca00000, 0x000000008cb00000|  0%| F|  |TAMS 0x000000008ca00000, 0x000000008ca00000| Untracked 
| 203|0x000000008cb00000, 0x000000008cb00000, 0x000000008cc00000|  0%| F|  |TAMS 0x000000008cb00000, 0x000000008cb00000| Untracked 
| 204|0x000000008cc00000, 0x000000008cc00000, 0x000000008cd00000|  0%| F|  |TAMS 0x000000008cc00000, 0x000000008cc00000| Untracked 
| 205|0x000000008cd00000, 0x000000008cd00000, 0x000000008ce00000|  0%| F|  |TAMS 0x000000008cd00000, 0x000000008cd00000| Untracked 
| 206|0x000000008ce00000, 0x000000008ce00000, 0x000000008cf00000|  0%| F|  |TAMS 0x000000008ce00000, 0x000000008ce00000| Untracked 
| 207|0x000000008cf00000, 0x000000008cf00000, 0x000000008d000000|  0%| F|  |TAMS 0x000000008cf00000, 0x000000008cf00000| Untracked 
| 208|0x000000008d000000, 0x000000008d000000, 0x000000008d100000|  0%| F|  |TAMS 0x000000008d000000, 0x000000008d000000| Untracked 
| 209|0x000000008d100000, 0x000000008d100000, 0x000000008d200000|  0%| F|  |TAMS 0x000000008d100000, 0x000000008d100000| Untracked 
| 210|0x000000008d200000, 0x000000008d200000, 0x000000008d300000|  0%| F|  |TAMS 0x000000008d200000, 0x000000008d200000| Untracked 
| 211|0x000000008d300000, 0x000000008d300000, 0x000000008d400000|  0%| F|  |TAMS 0x000000008d300000, 0x000000008d300000| Untracked 
| 212|0x000000008d400000, 0x000000008d400000, 0x000000008d500000|  0%| F|  |TAMS 0x000000008d400000, 0x000000008d400000| Untracked 
| 213|0x000000008d500000, 0x000000008d500000, 0x000000008d600000|  0%| F|  |TAMS 0x000000008d500000, 0x000000008d500000| Untracked 
| 214|0x000000008d600000, 0x000000008d600000, 0x000000008d700000|  0%| F|  |TAMS 0x000000008d600000, 0x000000008d600000| Untracked 
| 215|0x000000008d700000, 0x000000008d700000, 0x000000008d800000|  0%| F|  |TAMS 0x000000008d700000, 0x000000008d700000| Untracked 
| 216|0x000000008d800000, 0x000000008d800000, 0x000000008d900000|  0%| F|  |TAMS 0x000000008d800000, 0x000000008d800000| Untracked 
| 217|0x000000008d900000, 0x000000008d900000, 0x000000008da00000|  0%| F|  |TAMS 0x000000008d900000, 0x000000008d900000| Untracked 
| 218|0x000000008da00000, 0x000000008da00000, 0x000000008db00000|  0%| F|  |TAMS 0x000000008da00000, 0x000000008da00000| Untracked 
| 219|0x000000008db00000, 0x000000008db00000, 0x000000008dc00000|  0%| F|  |TAMS 0x000000008db00000, 0x000000008db00000| Untracked 
| 220|0x000000008dc00000, 0x000000008dc00000, 0x000000008dd00000|  0%| F|  |TAMS 0x000000008dc00000, 0x000000008dc00000| Untracked 
| 221|0x000000008dd00000, 0x000000008dd00000, 0x000000008de00000|  0%| F|  |TAMS 0x000000008dd00000, 0x000000008dd00000| Untracked 
| 222|0x000000008de00000, 0x000000008de00000, 0x000000008df00000|  0%| F|  |TAMS 0x000000008de00000, 0x000000008de00000| Untracked 
| 223|0x000000008df00000, 0x000000008df00000, 0x000000008e000000|  0%| F|  |TAMS 0x000000008df00000, 0x000000008df00000| Untracked 
| 224|0x000000008e000000, 0x000000008e000000, 0x000000008e100000|  0%| F|  |TAMS 0x000000008e000000, 0x000000008e000000| Untracked 
| 225|0x000000008e100000, 0x000000008e100000, 0x000000008e200000|  0%| F|  |TAMS 0x000000008e100000, 0x000000008e100000| Untracked 
| 226|0x000000008e200000, 0x000000008e300000, 0x000000008e300000|100%| S|CS|TAMS 0x000000008e200000, 0x000000008e200000| Complete 
| 227|0x000000008e300000, 0x000000008e400000, 0x000000008e400000|100%| S|CS|TAMS 0x000000008e300000, 0x000000008e300000| Complete 
| 228|0x000000008e400000, 0x000000008e500000, 0x000000008e500000|100%| S|CS|TAMS 0x000000008e400000, 0x000000008e400000| Complete 
| 229|0x000000008e500000, 0x000000008e600000, 0x000000008e600000|100%| S|CS|TAMS 0x000000008e500000, 0x000000008e500000| Complete 
| 230|0x000000008e600000, 0x000000008e700000, 0x000000008e700000|100%| S|CS|TAMS 0x000000008e600000, 0x000000008e600000| Complete 
| 231|0x000000008e700000, 0x000000008e800000, 0x000000008e800000|100%| S|CS|TAMS 0x000000008e700000, 0x000000008e700000| Complete 
| 232|0x000000008e800000, 0x000000008e900000, 0x000000008e900000|100%| S|CS|TAMS 0x000000008e800000, 0x000000008e800000| Complete 
| 233|0x000000008e900000, 0x000000008ea00000, 0x000000008ea00000|100%| S|CS|TAMS 0x000000008e900000, 0x000000008e900000| Complete 
| 234|0x000000008ea00000, 0x000000008eb00000, 0x000000008eb00000|100%| S|CS|TAMS 0x000000008ea00000, 0x000000008ea00000| Complete 
| 235|0x000000008eb00000, 0x000000008ec00000, 0x000000008ec00000|100%| S|CS|TAMS 0x000000008eb00000, 0x000000008eb00000| Complete 
| 236|0x000000008ec00000, 0x000000008ed00000, 0x000000008ed00000|100%| S|CS|TAMS 0x000000008ec00000, 0x000000008ec00000| Complete 
| 237|0x000000008ed00000, 0x000000008ee00000, 0x000000008ee00000|100%| S|CS|TAMS 0x000000008ed00000, 0x000000008ed00000| Complete 
| 238|0x000000008ee00000, 0x000000008ef00000, 0x000000008ef00000|100%| S|CS|TAMS 0x000000008ee00000, 0x000000008ee00000| Complete 
| 239|0x000000008ef00000, 0x000000008f000000, 0x000000008f000000|100%| S|CS|TAMS 0x000000008ef00000, 0x000000008ef00000| Complete 
| 240|0x000000008f000000, 0x000000008f100000, 0x000000008f100000|100%| S|CS|TAMS 0x000000008f000000, 0x000000008f000000| Complete 
| 241|0x000000008f100000, 0x000000008f200000, 0x000000008f200000|100%| S|CS|TAMS 0x000000008f100000, 0x000000008f100000| Complete 
| 242|0x000000008f200000, 0x000000008f300000, 0x000000008f300000|100%| S|CS|TAMS 0x000000008f200000, 0x000000008f200000| Complete 
| 243|0x000000008f300000, 0x000000008f400000, 0x000000008f400000|100%| S|CS|TAMS 0x000000008f300000, 0x000000008f300000| Complete 
| 244|0x000000008f400000, 0x000000008f500000, 0x000000008f500000|100%| S|CS|TAMS 0x000000008f400000, 0x000000008f400000| Complete 
| 245|0x000000008f500000, 0x000000008f600000, 0x000000008f600000|100%| S|CS|TAMS 0x000000008f500000, 0x000000008f500000| Complete 
| 246|0x000000008f600000, 0x000000008f700000, 0x000000008f700000|100%| S|CS|TAMS 0x000000008f600000, 0x000000008f600000| Complete 
| 247|0x000000008f700000, 0x000000008f800000, 0x000000008f800000|100%| S|CS|TAMS 0x000000008f700000, 0x000000008f700000| Complete 
| 248|0x000000008f800000, 0x000000008f900000, 0x000000008f900000|100%| S|CS|TAMS 0x000000008f800000, 0x000000008f800000| Complete 
| 249|0x000000008f900000, 0x000000008f900000, 0x000000008fa00000|  0%| F|  |TAMS 0x000000008f900000, 0x000000008f900000| Untracked 
| 250|0x000000008fa00000, 0x000000008fa00000, 0x000000008fb00000|  0%| F|  |TAMS 0x000000008fa00000, 0x000000008fa00000| Untracked 
| 251|0x000000008fb00000, 0x000000008fb00000, 0x000000008fc00000|  0%| F|  |TAMS 0x000000008fb00000, 0x000000008fb00000| Untracked 
| 252|0x000000008fc00000, 0x000000008fc00000, 0x000000008fd00000|  0%| F|  |TAMS 0x000000008fc00000, 0x000000008fc00000| Untracked 
| 253|0x000000008fd00000, 0x000000008fd00000, 0x000000008fe00000|  0%| F|  |TAMS 0x000000008fd00000, 0x000000008fd00000| Untracked 
| 254|0x000000008fe00000, 0x000000008fe00000, 0x000000008ff00000|  0%| F|  |TAMS 0x000000008fe00000, 0x000000008fe00000| Untracked 
| 255|0x000000008ff00000, 0x000000008ff00000, 0x0000000090000000|  0%| F|  |TAMS 0x000000008ff00000, 0x000000008ff00000| Untracked 
| 256|0x0000000090000000, 0x0000000090000000, 0x0000000090100000|  0%| F|  |TAMS 0x0000000090000000, 0x0000000090000000| Untracked 
| 257|0x0000000090100000, 0x0000000090100000, 0x0000000090200000|  0%| F|  |TAMS 0x0000000090100000, 0x0000000090100000| Untracked 
| 258|0x0000000090200000, 0x0000000090200000, 0x0000000090300000|  0%| F|  |TAMS 0x0000000090200000, 0x0000000090200000| Untracked 
| 259|0x0000000090300000, 0x0000000090300000, 0x0000000090400000|  0%| F|  |TAMS 0x0000000090300000, 0x0000000090300000| Untracked 
| 260|0x0000000090400000, 0x0000000090400000, 0x0000000090500000|  0%| F|  |TAMS 0x0000000090400000, 0x0000000090400000| Untracked 
| 261|0x0000000090500000, 0x0000000090500000, 0x0000000090600000|  0%| F|  |TAMS 0x0000000090500000, 0x0000000090500000| Untracked 
| 262|0x0000000090600000, 0x000000009062e218, 0x0000000090700000| 18%| E|  |TAMS 0x0000000090600000, 0x0000000090600000| Complete 
| 263|0x0000000090700000, 0x0000000090800000, 0x0000000090800000|100%| E|CS|TAMS 0x0000000090700000, 0x0000000090700000| Complete 
| 264|0x0000000090800000, 0x0000000090900000, 0x0000000090900000|100%| E|CS|TAMS 0x0000000090800000, 0x0000000090800000| Complete 
| 265|0x0000000090900000, 0x0000000090a00000, 0x0000000090a00000|100%| E|CS|TAMS 0x0000000090900000, 0x0000000090900000| Complete 
| 266|0x0000000090a00000, 0x0000000090b00000, 0x0000000090b00000|100%| E|CS|TAMS 0x0000000090a00000, 0x0000000090a00000| Complete 
| 267|0x0000000090b00000, 0x0000000090c00000, 0x0000000090c00000|100%| E|CS|TAMS 0x0000000090b00000, 0x0000000090b00000| Complete 
| 268|0x0000000090c00000, 0x0000000090d00000, 0x0000000090d00000|100%| E|CS|TAMS 0x0000000090c00000, 0x0000000090c00000| Complete 
| 269|0x0000000090d00000, 0x0000000090e00000, 0x0000000090e00000|100%| E|CS|TAMS 0x0000000090d00000, 0x0000000090d00000| Complete 
| 270|0x0000000090e00000, 0x0000000090f00000, 0x0000000090f00000|100%| E|CS|TAMS 0x0000000090e00000, 0x0000000090e00000| Complete 
| 271|0x0000000090f00000, 0x0000000091000000, 0x0000000091000000|100%| E|CS|TAMS 0x0000000090f00000, 0x0000000090f00000| Complete 
| 272|0x0000000091000000, 0x0000000091100000, 0x0000000091100000|100%| E|CS|TAMS 0x0000000091000000, 0x0000000091000000| Complete 
| 273|0x0000000091100000, 0x0000000091200000, 0x0000000091200000|100%| E|  |TAMS 0x0000000091100000, 0x0000000091100000| Complete 
| 274|0x0000000091200000, 0x0000000091300000, 0x0000000091300000|100%| E|CS|TAMS 0x0000000091200000, 0x0000000091200000| Complete 
| 275|0x0000000091300000, 0x0000000091400000, 0x0000000091400000|100%| E|CS|TAMS 0x0000000091300000, 0x0000000091300000| Complete 
| 276|0x0000000091400000, 0x0000000091500000, 0x0000000091500000|100%| E|CS|TAMS 0x0000000091400000, 0x0000000091400000| Complete 
| 277|0x0000000091500000, 0x0000000091600000, 0x0000000091600000|100%| E|CS|TAMS 0x0000000091500000, 0x0000000091500000| Complete 
| 278|0x0000000091600000, 0x0000000091700000, 0x0000000091700000|100%| E|CS|TAMS 0x0000000091600000, 0x0000000091600000| Complete 
| 279|0x0000000091700000, 0x0000000091800000, 0x0000000091800000|100%| E|CS|TAMS 0x0000000091700000, 0x0000000091700000| Complete 
| 280|0x0000000091800000, 0x0000000091900000, 0x0000000091900000|100%| E|CS|TAMS 0x0000000091800000, 0x0000000091800000| Complete 
| 281|0x0000000091900000, 0x0000000091a00000, 0x0000000091a00000|100%| E|CS|TAMS 0x0000000091900000, 0x0000000091900000| Complete 
| 282|0x0000000091a00000, 0x0000000091b00000, 0x0000000091b00000|100%| E|CS|TAMS 0x0000000091a00000, 0x0000000091a00000| Complete 
| 283|0x0000000091b00000, 0x0000000091c00000, 0x0000000091c00000|100%| E|CS|TAMS 0x0000000091b00000, 0x0000000091b00000| Complete 
| 284|0x0000000091c00000, 0x0000000091d00000, 0x0000000091d00000|100%| E|CS|TAMS 0x0000000091c00000, 0x0000000091c00000| Complete 
| 285|0x0000000091d00000, 0x0000000091e00000, 0x0000000091e00000|100%| E|CS|TAMS 0x0000000091d00000, 0x0000000091d00000| Complete 
| 286|0x0000000091e00000, 0x0000000091f00000, 0x0000000091f00000|100%| E|CS|TAMS 0x0000000091e00000, 0x0000000091e00000| Complete 
| 287|0x0000000091f00000, 0x0000000092000000, 0x0000000092000000|100%| E|CS|TAMS 0x0000000091f00000, 0x0000000091f00000| Complete 
| 288|0x0000000092000000, 0x0000000092100000, 0x0000000092100000|100%| E|CS|TAMS 0x0000000092000000, 0x0000000092000000| Complete 
| 289|0x0000000092100000, 0x0000000092200000, 0x0000000092200000|100%| E|CS|TAMS 0x0000000092100000, 0x0000000092100000| Complete 
| 290|0x0000000092200000, 0x0000000092300000, 0x0000000092300000|100%| E|CS|TAMS 0x0000000092200000, 0x0000000092200000| Complete 
| 291|0x0000000092300000, 0x0000000092400000, 0x0000000092400000|100%| E|CS|TAMS 0x0000000092300000, 0x0000000092300000| Complete 
| 292|0x0000000092400000, 0x0000000092500000, 0x0000000092500000|100%| E|CS|TAMS 0x0000000092400000, 0x0000000092400000| Complete 
| 293|0x0000000092500000, 0x0000000092600000, 0x0000000092600000|100%| E|CS|TAMS 0x0000000092500000, 0x0000000092500000| Complete 
| 294|0x0000000092600000, 0x0000000092700000, 0x0000000092700000|100%| E|CS|TAMS 0x0000000092600000, 0x0000000092600000| Complete 
| 295|0x0000000092700000, 0x0000000092800000, 0x0000000092800000|100%| E|CS|TAMS 0x0000000092700000, 0x0000000092700000| Complete 
| 296|0x0000000092800000, 0x0000000092900000, 0x0000000092900000|100%| E|CS|TAMS 0x0000000092800000, 0x0000000092800000| Complete 
| 297|0x0000000092900000, 0x0000000092a00000, 0x0000000092a00000|100%| E|CS|TAMS 0x0000000092900000, 0x0000000092900000| Complete 
| 298|0x0000000092a00000, 0x0000000092b00000, 0x0000000092b00000|100%| E|CS|TAMS 0x0000000092a00000, 0x0000000092a00000| Complete 
| 299|0x0000000092b00000, 0x0000000092c00000, 0x0000000092c00000|100%| E|CS|TAMS 0x0000000092b00000, 0x0000000092b00000| Complete 
| 300|0x0000000092c00000, 0x0000000092d00000, 0x0000000092d00000|100%| E|CS|TAMS 0x0000000092c00000, 0x0000000092c00000| Complete 
| 301|0x0000000092d00000, 0x0000000092e00000, 0x0000000092e00000|100%| E|CS|TAMS 0x0000000092d00000, 0x0000000092d00000| Complete 
| 302|0x0000000092e00000, 0x0000000092f00000, 0x0000000092f00000|100%| E|CS|TAMS 0x0000000092e00000, 0x0000000092e00000| Complete 
| 303|0x0000000092f00000, 0x0000000093000000, 0x0000000093000000|100%| E|CS|TAMS 0x0000000092f00000, 0x0000000092f00000| Complete 
| 304|0x0000000093000000, 0x0000000093100000, 0x0000000093100000|100%| E|CS|TAMS 0x0000000093000000, 0x0000000093000000| Complete 
| 305|0x0000000093100000, 0x0000000093200000, 0x0000000093200000|100%| E|CS|TAMS 0x0000000093100000, 0x0000000093100000| Complete 
| 306|0x0000000093200000, 0x0000000093300000, 0x0000000093300000|100%| E|CS|TAMS 0x0000000093200000, 0x0000000093200000| Complete 
| 307|0x0000000093300000, 0x0000000093400000, 0x0000000093400000|100%| E|CS|TAMS 0x0000000093300000, 0x0000000093300000| Complete 
| 308|0x0000000093400000, 0x0000000093500000, 0x0000000093500000|100%| E|CS|TAMS 0x0000000093400000, 0x0000000093400000| Complete 
| 309|0x0000000093500000, 0x0000000093600000, 0x0000000093600000|100%| E|CS|TAMS 0x0000000093500000, 0x0000000093500000| Complete 
| 310|0x0000000093600000, 0x0000000093700000, 0x0000000093700000|100%| E|CS|TAMS 0x0000000093600000, 0x0000000093600000| Complete 
| 311|0x0000000093700000, 0x0000000093800000, 0x0000000093800000|100%| E|CS|TAMS 0x0000000093700000, 0x0000000093700000| Complete 
| 312|0x0000000093800000, 0x0000000093900000, 0x0000000093900000|100%| E|CS|TAMS 0x0000000093800000, 0x0000000093800000| Complete 
| 313|0x0000000093900000, 0x0000000093a00000, 0x0000000093a00000|100%| E|CS|TAMS 0x0000000093900000, 0x0000000093900000| Complete 
| 314|0x0000000093a00000, 0x0000000093b00000, 0x0000000093b00000|100%| E|CS|TAMS 0x0000000093a00000, 0x0000000093a00000| Complete 
| 315|0x0000000093b00000, 0x0000000093c00000, 0x0000000093c00000|100%| E|CS|TAMS 0x0000000093b00000, 0x0000000093b00000| Complete 
| 316|0x0000000093c00000, 0x0000000093d00000, 0x0000000093d00000|100%| E|CS|TAMS 0x0000000093c00000, 0x0000000093c00000| Complete 
| 317|0x0000000093d00000, 0x0000000093e00000, 0x0000000093e00000|100%| E|CS|TAMS 0x0000000093d00000, 0x0000000093d00000| Complete 

Card table byte_map: [0x000001f0d3150000,0x000001f0d3550000] _byte_map_base: 0x000001f0d2d50000

Marking Bits (Prev, Next): (CMBitMap*) 0x000001f0be04eb28, (CMBitMap*) 0x000001f0be04eb60
 Prev Bits: [0x000001f0d3950000, 0x000001f0d5950000)
 Next Bits: [0x000001f0d5950000, 0x000001f0d7950000)

Polling page: 0x000001f0be0e0000

Metaspace:

Usage:
  Non-class:     89.78 MB capacity,    88.11 MB ( 98%) used,     1.35 MB (  2%) free+waste,   331.63 KB ( <1%) overhead. 
      Class:     14.36 MB capacity,    13.32 MB ( 93%) used,   918.10 KB (  6%) free+waste,   155.06 KB (  1%) overhead. 
       Both:    104.14 MB capacity,   101.42 MB ( 97%) used,     2.25 MB (  2%) free+waste,   486.69 KB ( <1%) overhead. 

Virtual space:
  Non-class space:       90.00 MB reserved,      89.88 MB (>99%) committed 
      Class space:        1.00 GB reserved,      14.45 MB (  1%) committed 
             Both:        1.09 GB reserved,     104.33 MB (  9%) committed 

Chunk freelists:
   Non-Class:  0 bytes
       Class:  0 bytes
        Both:  0 bytes

MaxMetaspaceSize: 17179869184.00 GB
CompressedClassSpaceSize: 1.00 GB

CodeHeap 'non-profiled nmethods': size=120000Kb used=9493Kb max_used=9493Kb free=110506Kb
 bounds [0x000001f0cad90000, 0x000001f0cb6e0000, 0x000001f0d22c0000]
CodeHeap 'profiled nmethods': size=120000Kb used=28834Kb max_used=28834Kb free=91165Kb
 bounds [0x000001f0c3860000, 0x000001f0c5490000, 0x000001f0cad90000]
CodeHeap 'non-nmethods': size=5760Kb used=2311Kb max_used=2363Kb free=3448Kb
 bounds [0x000001f0c32c0000, 0x000001f0c3530000, 0x000001f0c3860000]
 total_blobs=13550 nmethods=12628 adapters=833
 compilation: enabled
              stopped_count=0, restarted_count=0
 full_count=0

Compilation events (20 events):
Event: 36.274 Thread 0x000001f0dadb1800 12694       3       com.android.tools.r8.internal.s4::z (5 bytes)
Event: 36.274 Thread 0x000001f0dadb1800 nmethod 12694 0x000001f0c5487310 code [0x000001f0c54874c0, 0x000001f0c54876b8]
Event: 36.274 Thread 0x000001f0dadb1800 12675       1       com.android.tools.r8.internal.p1::Y0 (2 bytes)
Event: 36.275 Thread 0x000001f0dadb1800 nmethod 12675 0x000001f0cb6ceb90 code [0x000001f0cb6ced40, 0x000001f0cb6cedf8]
Event: 36.275 Thread 0x000001f0dadb1800 12687       3       com.android.tools.r8.internal.du::isEmpty (13 bytes)
Event: 36.275 Thread 0x000001f0dadb1800 nmethod 12687 0x000001f0c5487790 code [0x000001f0c5487940, 0x000001f0c5487a98]
Event: 36.275 Thread 0x000001f0dadb1800 12691       1       com.android.tools.r8.internal.Vv::a (5 bytes)
Event: 36.275 Thread 0x000001f0dadb1800 nmethod 12691 0x000001f0cb6cee90 code [0x000001f0cb6cf040, 0x000001f0cb6cf0d8]
Event: 36.275 Thread 0x000001f0dadb1800 12603       1       com.android.tools.r8.graph.f0::k0 (2 bytes)
Event: 36.275 Thread 0x000001f0dadb1800 nmethod 12603 0x000001f0cb6cf190 code [0x000001f0cb6cf340, 0x000001f0cb6cf3f8]
Event: 36.275 Thread 0x000001f0dadb1800 12663       1       com.android.tools.r8.internal.e5::b (2 bytes)
Event: 36.275 Thread 0x000001f0dadb1800 nmethod 12663 0x000001f0cb6cf490 code [0x000001f0cb6cf640, 0x000001f0cb6cf6f8]
Event: 36.275 Thread 0x000001f0dadb1800 12684       1       com.android.tools.r8.internal.kA::C (2 bytes)
Event: 36.275 Thread 0x000001f0dadb1800 nmethod 12684 0x000001f0cb6cf790 code [0x000001f0cb6cf940, 0x000001f0cb6cf9f8]
Event: 36.275 Thread 0x000001f0dadb1800 12693       1       com.android.tools.r8.internal.h2::x (5 bytes)
Event: 36.275 Thread 0x000001f0dadb1800 nmethod 12693 0x000001f0cb6cfa90 code [0x000001f0cb6cfc40, 0x000001f0cb6cfcf8]
Event: 36.275 Thread 0x000001f0dadb1800 12696       3       com.android.tools.r8.internal.nh::get (22 bytes)
Event: 36.275 Thread 0x000001f0dadb1800 nmethod 12696 0x000001f0c5487b10 code [0x000001f0c5487ce0, 0x000001f0c5487e88]
Event: 36.282 Thread 0x000001f0dad49000 nmethod 12625 0x000001f0cb6cfd90 code [0x000001f0cb6cff80, 0x000001f0cb6d0478]
Event: 36.282 Thread 0x000001f0dad49000 12645       4       com.android.tools.r8.internal.zh::a (173 bytes)

GC Heap History (20 events):
Event: 4.280 GC heap before
{Heap before GC invocations=1 (full 0):
 garbage-first heap   total 325632K, used 104823K [0x0000000080000000, 0x0000000100000000)
  region size 1024K, 97 young (99328K), 3 survivors (3072K)
 Metaspace       used 20585K, capacity 21092K, committed 21248K, reserved 1067008K
  class space    used 2510K, capacity 2690K, committed 2816K, reserved 1048576K
}
Event: 4.290 GC heap after
{Heap after GC invocations=2 (full 0):
 garbage-first heap   total 325632K, used 16746K [0x0000000080000000, 0x0000000100000000)
  region size 1024K, 10 young (10240K), 10 survivors (10240K)
 Metaspace       used 20585K, capacity 21092K, committed 21248K, reserved 1067008K
  class space    used 2510K, capacity 2690K, committed 2816K, reserved 1048576K
}
Event: 5.299 GC heap before
{Heap before GC invocations=3 (full 0):
 garbage-first heap   total 325632K, used 72042K [0x0000000080000000, 0x0000000100000000)
  region size 1024K, 64 young (65536K), 10 survivors (10240K)
 Metaspace       used 26035K, capacity 26747K, committed 27008K, reserved 1073152K
  class space    used 3410K, capacity 3665K, committed 3712K, reserved 1048576K
}
Event: 5.311 GC heap after
{Heap after GC invocations=4 (full 0):
 garbage-first heap   total 325632K, used 18914K [0x0000000080000000, 0x0000000100000000)
  region size 1024K, 3 young (3072K), 3 survivors (3072K)
 Metaspace       used 26035K, capacity 26747K, committed 27008K, reserved 1073152K
  class space    used 3410K, capacity 3665K, committed 3712K, reserved 1048576K
}
Event: 6.774 GC heap before
{Heap before GC invocations=4 (full 0):
 garbage-first heap   total 325632K, used 73186K [0x0000000080000000, 0x0000000100000000)
  region size 1024K, 57 young (58368K), 3 survivors (3072K)
 Metaspace       used 35037K, capacity 35826K, committed 35840K, reserved 1081344K
  class space    used 4538K, capacity 4864K, committed 4864K, reserved 1048576K
}
Event: 6.786 GC heap after
{Heap after GC invocations=5 (full 0):
 garbage-first heap   total 325632K, used 22018K [0x0000000080000000, 0x0000000100000000)
  region size 1024K, 6 young (6144K), 6 survivors (6144K)
 Metaspace       used 35037K, capacity 35826K, committed 35840K, reserved 1081344K
  class space    used 4538K, capacity 4864K, committed 4864K, reserved 1048576K
}
Event: 8.477 GC heap before
{Heap before GC invocations=6 (full 0):
 garbage-first heap   total 325632K, used 132610K [0x0000000080000000, 0x0000000100000000)
  region size 1024K, 111 young (113664K), 6 survivors (6144K)
 Metaspace       used 43750K, capacity 44802K, committed 45004K, reserved 1087488K
  class space    used 5597K, capacity 5970K, committed 6092K, reserved 1048576K
}
Event: 8.492 GC heap after
{Heap after GC invocations=7 (full 0):
 garbage-first heap   total 325632K, used 28320K [0x0000000080000000, 0x0000000100000000)
  region size 1024K, 12 young (12288K), 12 survivors (12288K)
 Metaspace       used 43750K, capacity 44802K, committed 45004K, reserved 1087488K
  class space    used 5597K, capacity 5970K, committed 6092K, reserved 1048576K
}
Event: 13.150 GC heap before
{Heap before GC invocations=7 (full 0):
 garbage-first heap   total 325632K, used 176800K [0x0000000080000000, 0x0000000100000000)
  region size 1024K, 155 young (158720K), 12 survivors (12288K)
 Metaspace       used 58695K, capacity 60090K, committed 60236K, reserved 1101824K
  class space    used 7401K, capacity 7928K, committed 8012K, reserved 1048576K
}
Event: 13.191 GC heap after
{Heap after GC invocations=8 (full 0):
 garbage-first heap   total 325632K, used 43569K [0x0000000080000000, 0x0000000100000000)
  region size 1024K, 21 young (21504K), 21 survivors (21504K)
 Metaspace       used 58695K, capacity 60090K, committed 60236K, reserved 1101824K
  class space    used 7401K, capacity 7928K, committed 8012K, reserved 1048576K
}
Event: 15.794 GC heap before
{Heap before GC invocations=9 (full 0):
 garbage-first heap   total 325632K, used 216625K [0x0000000080000000, 0x0000000100000000)
  region size 1024K, 190 young (194560K), 21 survivors (21504K)
 Metaspace       used 70664K, capacity 72368K, committed 72524K, reserved 1112064K
  class space    used 9103K, capacity 9712K, committed 9804K, reserved 1048576K
}
Event: 15.826 GC heap after
{Heap after GC invocations=10 (full 0):
 garbage-first heap   total 325632K, used 56285K [0x0000000080000000, 0x0000000100000000)
  region size 1024K, 24 young (24576K), 24 survivors (24576K)
 Metaspace       used 70664K, capacity 72368K, committed 72524K, reserved 1112064K
  class space    used 9103K, capacity 9712K, committed 9804K, reserved 1048576K
}
Event: 19.579 GC heap before
{Heap before GC invocations=10 (full 0):
 garbage-first heap   total 325632K, used 225245K [0x0000000080000000, 0x0000000100000000)
  region size 1024K, 190 young (194560K), 24 survivors (24576K)
 Metaspace       used 82424K, capacity 84545K, committed 84684K, reserved 1122304K
  class space    used 10644K, capacity 11426K, committed 11468K, reserved 1048576K
}
Event: 19.615 GC heap after
{Heap after GC invocations=11 (full 0):
 garbage-first heap   total 325632K, used 70156K [0x0000000080000000, 0x0000000100000000)
  region size 1024K, 14 young (14336K), 14 survivors (14336K)
 Metaspace       used 82424K, capacity 84545K, committed 84684K, reserved 1122304K
  class space    used 10644K, capacity 11426K, committed 11468K, reserved 1048576K
}
Event: 23.673 GC heap before
{Heap before GC invocations=11 (full 0):
 garbage-first heap   total 325632K, used 243212K [0x0000000080000000, 0x0000000100000000)
  region size 1024K, 181 young (185344K), 14 survivors (14336K)
 Metaspace       used 83299K, capacity 85437K, committed 85580K, reserved 1124352K
  class space    used 10713K, capacity 11513K, committed 11596K, reserved 1048576K
}
Event: 23.690 GC heap after
{Heap after GC invocations=12 (full 0):
 garbage-first heap   total 325632K, used 75776K [0x0000000080000000, 0x0000000100000000)
  region size 1024K, 4 young (4096K), 4 survivors (4096K)
 Metaspace       used 83299K, capacity 85437K, committed 85580K, reserved 1124352K
  class space    used 10713K, capacity 11513K, committed 11596K, reserved 1048576K
}
Event: 31.751 GC heap before
{Heap before GC invocations=12 (full 0):
 garbage-first heap   total 325632K, used 251904K [0x0000000080000000, 0x0000000100000000)
  region size 1024K, 175 young (179200K), 4 survivors (4096K)
 Metaspace       used 92495K, capacity 94850K, committed 95180K, reserved 1132544K
  class space    used 11831K, capacity 12668K, committed 12748K, reserved 1048576K
}
Event: 31.765 GC heap after
{Heap after GC invocations=13 (full 0):
 garbage-first heap   total 325632K, used 79560K [0x0000000080000000, 0x0000000100000000)
  region size 1024K, 8 young (8192K), 8 survivors (8192K)
 Metaspace       used 92495K, capacity 94850K, committed 95180K, reserved 1132544K
  class space    used 11831K, capacity 12668K, committed 12748K, reserved 1048576K
}
Event: 35.193 GC heap before
{Heap before GC invocations=13 (full 0):
 garbage-first heap   total 325632K, used 165576K [0x0000000080000000, 0x0000000100000000)
  region size 1024K, 77 young (78848K), 8 survivors (8192K)
 Metaspace       used 98279K, capacity 100748K, committed 100820K, reserved 1136640K
  class space    used 12626K, capacity 13581K, committed 13644K, reserved 1048576K
}
Event: 35.248 GC heap after
{Heap after GC invocations=14 (full 0):
 garbage-first heap   total 325632K, used 103672K [0x0000000080000000, 0x0000000100000000)
  region size 1024K, 23 young (23552K), 23 survivors (23552K)
 Metaspace       used 98279K, capacity 100748K, committed 100820K, reserved 1136640K
  class space    used 12626K, capacity 13581K, committed 13644K, reserved 1048576K
}

Deoptimization events (20 events):
Event: 36.331 Thread 0x000001f0de906800 Uncommon trap: trap_request=0xffffffde fr.pc=0x000001f0cb69c7e0 relative=0x0000000000000a20
Event: 36.331 Thread 0x000001f0de906800 Uncommon trap: reason=class_check action=maybe_recompile pc=0x000001f0cb69c7e0 method=com.android.tools.r8.internal.Ij.hasNext()Z @ 27 c2
Event: 36.331 Thread 0x000001f0de906800 DEOPT PACKING pc=0x000001f0cb69c7e0 sp=0x0000003eb53fdb00
Event: 36.331 Thread 0x000001f0de906800 DEOPT UNPACKING pc=0x000001f0c32e78af sp=0x0000003eb53fdad0 mode 2
Event: 36.414 Thread 0x000001f0de906800 Uncommon trap: trap_request=0xffffffde fr.pc=0x000001f0cb6c1be0 relative=0x00000000000002a0
Event: 36.414 Thread 0x000001f0de906800 Uncommon trap: reason=class_check action=maybe_recompile pc=0x000001f0cb6c1be0 method=com.android.tools.r8.graph.d0.a(Lcom/android/tools/r8/internal/BE;Lcom/android/tools/r8/internal/e8;)I @ 6 c2
Event: 36.414 Thread 0x000001f0de906800 DEOPT PACKING pc=0x000001f0cb6c1be0 sp=0x0000003eb53fcd40
Event: 36.414 Thread 0x000001f0de906800 DEOPT UNPACKING pc=0x000001f0c32e78af sp=0x0000003eb53fcce0 mode 2
Event: 36.414 Thread 0x000001f0de906800 Uncommon trap: trap_request=0xffffffde fr.pc=0x000001f0cb6c1be0 relative=0x00000000000002a0
Event: 36.414 Thread 0x000001f0de906800 Uncommon trap: reason=class_check action=maybe_recompile pc=0x000001f0cb6c1be0 method=com.android.tools.r8.graph.d0.a(Lcom/android/tools/r8/internal/BE;Lcom/android/tools/r8/internal/e8;)I @ 6 c2
Event: 36.414 Thread 0x000001f0de906800 DEOPT PACKING pc=0x000001f0cb6c1be0 sp=0x0000003eb53fcd40
Event: 36.415 Thread 0x000001f0de906800 DEOPT UNPACKING pc=0x000001f0c32e78af sp=0x0000003eb53fcce0 mode 2
Event: 36.415 Thread 0x000001f0de906800 Uncommon trap: trap_request=0xffffffde fr.pc=0x000001f0cb6c1be0 relative=0x00000000000002a0
Event: 36.415 Thread 0x000001f0de906800 Uncommon trap: reason=class_check action=maybe_recompile pc=0x000001f0cb6c1be0 method=com.android.tools.r8.graph.d0.a(Lcom/android/tools/r8/internal/BE;Lcom/android/tools/r8/internal/e8;)I @ 6 c2
Event: 36.415 Thread 0x000001f0de906800 DEOPT PACKING pc=0x000001f0cb6c1be0 sp=0x0000003eb53fcd40
Event: 36.415 Thread 0x000001f0de906800 DEOPT UNPACKING pc=0x000001f0c32e78af sp=0x0000003eb53fcce0 mode 2
Event: 36.415 Thread 0x000001f0de906800 Uncommon trap: trap_request=0xffffffde fr.pc=0x000001f0cb6c1be0 relative=0x00000000000002a0
Event: 36.415 Thread 0x000001f0de906800 Uncommon trap: reason=class_check action=maybe_recompile pc=0x000001f0cb6c1be0 method=com.android.tools.r8.graph.d0.a(Lcom/android/tools/r8/internal/BE;Lcom/android/tools/r8/internal/e8;)I @ 6 c2
Event: 36.415 Thread 0x000001f0de906800 DEOPT PACKING pc=0x000001f0cb6c1be0 sp=0x0000003eb53fcd50
Event: 36.415 Thread 0x000001f0de906800 DEOPT UNPACKING pc=0x000001f0c32e78af sp=0x0000003eb53fccf0 mode 2

Classes redefined (0 events):
No events

Internal exceptions (20 events):
Event: 34.335 Thread 0x000001f0de907800 Exception <a 'java/lang/NoSuchMethodError'{0x00000000912244f0}: 'long java.lang.invoke.DirectMethodHandle$Holder.invokeStatic(java.lang.Object, long, java.lang.Object)'> (0x00000000912244f0) thrown at [./src/hotspot/share/interpreter/linkResolver.cpp, line 773]
Event: 34.336 Thread 0x000001f0de906800 Exception <a 'java/lang/NoSuchMethodError'{0x00000000912680c8}: 'java.lang.Object java.lang.invoke.Invokers$Holder.linkToTargetMethod(long, java.lang.Object)'> (0x00000000912680c8) thrown at [./src/hotspot/share/interpreter/linkResolver.cpp, line 773]
Event: 34.336 Thread 0x000001f0de907800 Exception <a 'java/lang/NoSuchMethodError'{0x0000000091229348}: 'java.lang.Object java.lang.invoke.Invokers$Holder.linkToTargetMethod(long, java.lang.Object)'> (0x0000000091229348) thrown at [./src/hotspot/share/interpreter/linkResolver.cpp, line 773]
Event: 34.926 Thread 0x000001f0de907800 Exception <a 'java/lang/NoSuchMethodError'{0x00000000903ff1e8}: 'void java.lang.invoke.DirectMethodHandle$Holder.invokeStatic(java.lang.Object, java.lang.Object, java.lang.Object, int)'> (0x00000000903ff1e8) thrown at [./src/hotspot/share/interpreter/linkResolver.cpp, line 773]
Event: 34.932 Thread 0x000001f0de907800 Exception <a 'java/lang/IncompatibleClassChangeError'{0x000000008ff8da80}: Found class java.lang.Object, but interface was expected> (0x000000008ff8da80) thrown at [./src/hotspot/share/interpreter/linkResolver.cpp, line 839]
Event: 35.694 Thread 0x000001f0de90a800 Exception <a 'java/lang/NoSuchMethodError'{0x0000000093296e00}: 'java.lang.Object java.lang.invoke.DirectMethodHandle$Holder.invokeStatic(java.lang.Object, int, java.lang.Object, java.lang.Object)'> (0x0000000093296e00) thrown at [./src/hotspot/share/interpreter/linkResolver.cpp, line 773]
Event: 35.694 Thread 0x000001f0de90a000 Exception <a 'java/lang/NoSuchMethodError'{0x00000000935c4940}: 'java.lang.Object java.lang.invoke.DirectMethodHandle$Holder.invokeStatic(java.lang.Object, int, java.lang.Object, java.lang.Object)'> (0x00000000935c4940) thrown at [./src/hotspot/share/interpreter/linkResolver.cpp, line 773]
Event: 35.694 Thread 0x000001f0de907800 Exception <a 'java/lang/NoSuchMethodError'{0x000000009374f898}: 'java.lang.Object java.lang.invoke.DirectMethodHandle$Holder.invokeStatic(java.lang.Object, int, java.lang.Object, java.lang.Object)'> (0x000000009374f898) thrown at [./src/hotspot/share/interpreter/linkResolver.cpp, line 773]
Event: 35.697 Thread 0x000001f0de906800 Exception <a 'java/lang/NoSuchMethodError'{0x000000009327b520}: 'java.lang.Object java.lang.invoke.DirectMethodHandle$Holder.invokeStatic(java.lang.Object, int, java.lang.Object, java.lang.Object)'> (0x000000009327b520) thrown at [./src/hotspot/share/interpreter/linkResolver.cpp, line 773]
Event: 35.843 Thread 0x000001f0de90a800 Exception <a 'java/lang/NoSuchMethodError'{0x0000000092fd3fc8}: 'java.lang.Object java.lang.invoke.Invokers$Holder.linkToTargetMethod(java.lang.Object, java.lang.Object, java.lang.Object, java.lang.Object, java.lang.Object, java.lang.Object, java.lang.Object)'> (0x0000000092fd3fc8) thrown at [./src/hotspot/share/interpreter/linkResolver.cpp, line 773]
Event: 35.871 Thread 0x000001f0de90e800 Exception <a 'java/lang/NoSuchMethodError'{0x00000000927692b8}: 'java.lang.Object java.lang.invoke.DirectMethodHandle$Holder.newInvokeSpecial(java.lang.Object, int)'> (0x00000000927692b8) thrown at [./src/hotspot/share/interpreter/linkResolver.cpp, line 773]
Event: 36.021 Thread 0x000001f0de90e800 Exception <a 'java/lang/IncompatibleClassChangeError'{0x00000000927a0138}: Found class java.lang.Object, but interface was expected> (0x00000000927a0138) thrown at [./src/hotspot/share/interpreter/linkResolver.cpp, line 839]
Event: 36.032 Thread 0x000001f0de90e800 Exception <a 'java/lang/IncompatibleClassChangeError'{0x0000000092102d08}: Found class java.lang.Object, but interface was expected> (0x0000000092102d08) thrown at [./src/hotspot/share/interpreter/linkResolver.cpp, line 839]
Event: 36.080 Thread 0x000001f0de909000 Exception <a 'java/lang/NoSuchMethodError'{0x00000000921e7d70}: 'java.lang.Object java.lang.invoke.DirectMethodHandle$Holder.invokeVirtual(java.lang.Object, java.lang.Object, int, java.lang.Object)'> (0x00000000921e7d70) thrown at [./src/hotspot/share/interpreter/linkResolver.cpp, line 773]
Event: 36.118 Thread 0x000001f0de90a800 Exception <a 'java/lang/NoSuchMethodError'{0x0000000092750bd0}: 'void java.lang.invoke.DirectMethodHandle$Holder.invokeVirtual(java.lang.Object, java.lang.Object, int, java.lang.Object)'> (0x0000000092750bd0) thrown at [./src/hotspot/share/interpreter/linkResolver.cpp, line 773]
Event: 36.119 Thread 0x000001f0de905000 Exception <a 'java/lang/NoSuchMethodError'{0x00000000925ceec0}: 'void java.lang.invoke.DirectMethodHandle$Holder.invokeVirtual(java.lang.Object, java.lang.Object, int, java.lang.Object)'> (0x00000000925ceec0) thrown at [./src/hotspot/share/interpreter/linkResolver.cpp, line 773]
Event: 36.215 Thread 0x000001f0de90a000 Exception <a 'java/lang/NoSuchMethodError'{0x00000000918abad0}: 'int java.lang.invoke.DirectMethodHandle$Holder.invokeSpecial(java.lang.Object, java.lang.Object, java.lang.Object, int, java.lang.Object)'> (0x00000000918abad0) thrown at [./src/hotspot/share/interpreter/linkResolver.cpp, line 773]
Event: 36.330 Thread 0x000001f0de906800 Exception <a 'java/lang/NoSuchMethodError'{0x00000000914ac668}: 'java.lang.Object java.lang.invoke.Invokers$Holder.linkToTargetMethod(java.lang.Object, int, java.lang.Object, java.lang.Object, java.lang.Object, java.lang.Object)'> (0x00000000914ac668) thrown at [./src/hotspot/share/interpreter/linkResolver.cpp, line 773]
Event: 36.330 Thread 0x000001f0de906800 Exception <a 'java/lang/NoSuchMethodError'{0x00000000914b0320}: 'void java.lang.invoke.DirectMethodHandle$Holder.invokeSpecial(java.lang.Object, java.lang.Object, java.lang.Object, java.lang.Object, java.lang.Object, java.lang.Object, java.lang.Object, java.lang.Object, java.lang.Object)'> (0x00000000914b0320) thrown at [./src/hotspot/share/interpreter/linkResolver.cpp, line 773]
Event: 36.333 Thread 0x000001f0de906800 Exception <a 'java/lang/NoSuchMethodError'{0x00000000914de968}: 'void java.lang.invoke.DirectMethodHandle$Holder.invokeStatic(java.lang.Object, java.lang.Object, java.lang.Object, java.lang.Object, java.lang.Object, java.lang.Object, java.lang.Object, java.lang.Object)'> (0x00000000914de968) thrown at [./src/hotspot/share/interpreter/linkResolver.cpp, line 773]

Events (20 events):
Event: 36.421 loading class com/android/tools/r8/graph/y
Event: 36.421 loading class com/android/tools/r8/graph/y done
Event: 36.421 loading class com/android/tools/r8/internal/Su
Event: 36.421 loading class com/android/tools/r8/internal/Su done
Event: 36.423 loading class com/android/tools/r8/graph/Y
Event: 36.423 loading class com/android/tools/r8/graph/Y done
Event: 36.423 loading class com/android/tools/r8/internal/Su
Event: 36.423 loading class com/android/tools/r8/internal/Su done
Event: 36.423 loading class com/android/tools/r8/internal/Kz
Event: 36.423 loading class com/android/tools/r8/internal/Kz done
Event: 36.423 loading class com/android/tools/r8/internal/Kz
Event: 36.423 loading class com/android/tools/r8/internal/Kz done
Event: 36.424 loading class com/android/tools/r8/dex/m
Event: 36.424 loading class com/android/tools/r8/dex/m done
Event: 36.425 loading class com/android/tools/r8/internal/Dw
Event: 36.425 loading class com/android/tools/r8/internal/Dw done
Event: 36.426 loading class com/android/tools/r8/dex/p
Event: 36.426 loading class com/android/tools/r8/dex/p done
Event: 36.426 loading class com/android/tools/r8/dex/o
Event: 36.426 loading class com/android/tools/r8/dex/o done


Dynamic libraries:
0x00007ff72ad30000 - 0x00007ff72ad3a000 	C:\Program Files\Android\Android Studio\jre\bin\java.exe
0x00007ffe94640000 - 0x00007ffe9484f000 	C:\WINDOWS\SYSTEM32\ntdll.dll
0x00007ffe776a0000 - 0x00007ffe776b5000 	C:\Program Files\Avast Software\Avast\aswhook.dll
0x00007ffe93420000 - 0x00007ffe934dd000 	C:\WINDOWS\System32\KERNEL32.DLL
0x00007ffe92070000 - 0x00007ffe923f6000 	C:\WINDOWS\System32\KERNELBASE.dll
0x00007ffe91da0000 - 0x00007ffe91eb1000 	C:\WINDOWS\System32\ucrtbase.dll
0x00007ffe8c770000 - 0x00007ffe8c789000 	C:\Program Files\Android\Android Studio\jre\bin\jli.dll
0x00007ffe94110000 - 0x00007ffe942ba000 	C:\WINDOWS\System32\USER32.dll
0x00007ffe91ba0000 - 0x00007ffe91bc6000 	C:\WINDOWS\System32\win32u.dll
0x00007ffe93e60000 - 0x00007ffe93e89000 	C:\WINDOWS\System32\GDI32.dll
0x00007ffe91f50000 - 0x00007ffe92067000 	C:\WINDOWS\System32\gdi32full.dll
0x00007ffe91b00000 - 0x00007ffe91b9b000 	C:\WINDOWS\System32\msvcp_win.dll
0x00007ffe8c750000 - 0x00007ffe8c767000 	C:\Program Files\Android\Android Studio\jre\bin\VCRUNTIME140.dll
0x00007ffe78780000 - 0x00007ffe78a21000 	C:\WINDOWS\WinSxS\amd64_microsoft.windows.common-controls_6595b64144ccf1df_6.0.22471.1000_none_228bc6e77ad112f7\COMCTL32.dll
0x00007ffe924c0000 - 0x00007ffe92564000 	C:\WINDOWS\System32\msvcrt.dll
0x00007ffe93220000 - 0x00007ffe93251000 	C:\WINDOWS\System32\IMM32.DLL
0x00007ffe83df0000 - 0x00007ffe83e8d000 	C:\Program Files\Android\Android Studio\jre\bin\msvcp140.dll
0x00007ffe48f20000 - 0x00007ffe499ef000 	C:\Program Files\Android\Android Studio\jre\bin\server\jvm.dll
0x00007ffe93370000 - 0x00007ffe9341e000 	C:\WINDOWS\System32\ADVAPI32.dll
0x00007ffe932c0000 - 0x00007ffe93361000 	C:\WINDOWS\System32\sechost.dll
0x00007ffe94380000 - 0x00007ffe944a0000 	C:\WINDOWS\System32\RPCRT4.dll
0x00007ffe92570000 - 0x00007ffe92578000 	C:\WINDOWS\System32\PSAPI.DLL
0x00007ffe84940000 - 0x00007ffe84949000 	C:\WINDOWS\SYSTEM32\WSOCK32.dll
0x00007ffe92f90000 - 0x00007ffe93001000 	C:\WINDOWS\System32\WS2_32.dll
0x00007ffe8d4e0000 - 0x00007ffe8d513000 	C:\WINDOWS\SYSTEM32\WINMM.dll
0x00007ffe8b2d0000 - 0x00007ffe8b2da000 	C:\WINDOWS\SYSTEM32\VERSION.dll
0x00007ffe90bb0000 - 0x00007ffe90bc8000 	C:\WINDOWS\SYSTEM32\kernel.appcore.dll
0x00007ffe83db0000 - 0x00007ffe83dc1000 	C:\Program Files\Android\Android Studio\jre\bin\verify.dll
0x00007ffe8a8e0000 - 0x00007ffe8ab07000 	C:\WINDOWS\SYSTEM32\DBGHELP.DLL
0x00007ffe92690000 - 0x00007ffe92a0e000 	C:\WINDOWS\System32\combase.dll
0x00007ffe8a7d0000 - 0x00007ffe8a801000 	C:\WINDOWS\SYSTEM32\dbgcore.DLL
0x00007ffe91ec0000 - 0x00007ffe91f41000 	C:\WINDOWS\System32\bcryptPrimitives.dll
0x00007ffe81d30000 - 0x00007ffe81d59000 	C:\Program Files\Android\Android Studio\jre\bin\java.dll
0x00007ffe8d5b0000 - 0x00007ffe8d5bb000 	C:\Program Files\Android\Android Studio\jre\bin\jimage.dll
0x00007ffe82820000 - 0x00007ffe82838000 	C:\Program Files\Android\Android Studio\jre\bin\zip.dll
0x00007ffe936a0000 - 0x00007ffe93e4b000 	C:\WINDOWS\System32\SHELL32.dll
0x00007ffe8fb40000 - 0x00007ffe9039c000 	C:\WINDOWS\SYSTEM32\windows.storage.dll
0x00007ffe8f9f0000 - 0x00007ffe8fb39000 	C:\WINDOWS\SYSTEM32\wintypes.dll
0x00007ffe925a0000 - 0x00007ffe92690000 	C:\WINDOWS\System32\SHCORE.dll
0x00007ffe93260000 - 0x00007ffe932bb000 	C:\WINDOWS\System32\shlwapi.dll
0x00007ffe91a30000 - 0x00007ffe91a51000 	C:\WINDOWS\SYSTEM32\profapi.dll
0x00007ffe82370000 - 0x00007ffe8238a000 	C:\Program Files\Android\Android Studio\jre\bin\net.dll
0x00007ffe8ca00000 - 0x00007ffe8cb10000 	C:\WINDOWS\SYSTEM32\WINHTTP.dll
0x00007ffe91000000 - 0x00007ffe91069000 	C:\WINDOWS\system32\mswsock.dll
0x00007ffe7ca20000 - 0x00007ffe7ca34000 	C:\Program Files\Android\Android Studio\jre\bin\nio.dll
0x00007ffe87890000 - 0x00007ffe878b7000 	C:\Users\gerso\.gradle\native\8bec1ad78214c89d9ad589b4d07fe93259594b29d510b10fafb7a158f7737e5d\windows-amd64\native-platform.dll
0x00007ffe7b290000 - 0x00007ffe7b3cd000 	C:\Users\gerso\.gradle\native\53dbd7edfb1c66fb8903c78663c9afc45aea4f116125fa6feffd364cf09443e8\windows-amd64\native-platform-file-events.dll
0x00007ffe8c6b0000 - 0x00007ffe8c6ba000 	C:\Program Files\Android\Android Studio\jre\bin\management.dll
0x00007ffe8ab10000 - 0x00007ffe8ab1c000 	C:\Program Files\Android\Android Studio\jre\bin\management_ext.dll
0x00007ffe91250000 - 0x00007ffe91268000 	C:\WINDOWS\SYSTEM32\CRYPTSP.dll
0x00007ffe90b10000 - 0x00007ffe90b45000 	C:\WINDOWS\system32\rsaenh.dll
0x00007ffe91100000 - 0x00007ffe91129000 	C:\WINDOWS\SYSTEM32\USERENV.dll
0x00007ffe913d0000 - 0x00007ffe913f8000 	C:\WINDOWS\SYSTEM32\bcrypt.dll
0x00007ffe91270000 - 0x00007ffe9127c000 	C:\WINDOWS\SYSTEM32\CRYPTBASE.dll
0x00007ffe905c0000 - 0x00007ffe905ed000 	C:\WINDOWS\SYSTEM32\IPHLPAPI.DLL
0x00007ffe93e50000 - 0x00007ffe93e59000 	C:\WINDOWS\System32\NSI.dll
0x00007ffe8c960000 - 0x00007ffe8c979000 	C:\WINDOWS\SYSTEM32\dhcpcsvc6.DLL
0x00007ffe8c940000 - 0x00007ffe8c95e000 	C:\WINDOWS\SYSTEM32\dhcpcsvc.DLL
0x00007ffe905f0000 - 0x00007ffe906e1000 	C:\WINDOWS\SYSTEM32\DNSAPI.dll

dbghelp: loaded successfully - version: 4.0.5 - missing functions: none
symbol engine: initialized successfully - sym options: 0x614 - pdb path: .;C:\Program Files\Android\Android Studio\jre\bin;C:\WINDOWS\SYSTEM32;C:\Program Files\Avast Software\Avast;C:\WINDOWS\WinSxS\amd64_microsoft.windows.common-controls_6595b64144ccf1df_6.0.22471.1000_none_228bc6e77ad112f7;C:\Program Files\Android\Android Studio\jre\bin\server;C:\Users\gerso\.gradle\native\8bec1ad78214c89d9ad589b4d07fe93259594b29d510b10fafb7a158f7737e5d\windows-amd64;C:\Users\gerso\.gradle\native\53dbd7edfb1c66fb8903c78663c9afc45aea4f116125fa6feffd364cf09443e8\windows-amd64

VM Arguments:
jvm_args: --add-opens=java.base/java.util=ALL-UNNAMED --add-opens=java.base/java.lang=ALL-UNNAMED --add-opens=java.base/java.lang.invoke=ALL-UNNAMED --add-opens=java.base/java.util=ALL-UNNAMED --add-opens=java.prefs/java.util.prefs=ALL-UNNAMED --add-opens=java.prefs/java.util.prefs=ALL-UNNAMED --add-opens=java.base/java.nio.charset=ALL-UNNAMED --add-opens=java.base/java.net=ALL-UNNAMED --add-opens=java.base/java.util.concurrent.atomic=ALL-UNNAMED -Xmx2048m -Dfile.encoding=UTF-8 -Duser.country=CO -Duser.language=es -Duser.variant 
java_command: org.gradle.launcher.daemon.bootstrap.GradleDaemon 7.0.2
java_class_path (initial): C:\Users\gerso\.gradle\wrapper\dists\gradle-7.0.2-bin\857tjihv64xamwrf0h14cai3r\gradle-7.0.2\lib\gradle-launcher-7.0.2.jar
Launcher Type: SUN_STANDARD

[Global flags]
     intx CICompilerCount                          = 4                                         {product} {ergonomic}
     uint ConcGCThreads                            = 2                                         {product} {ergonomic}
     uint G1ConcRefinementThreads                  = 8                                         {product} {ergonomic}
   size_t G1HeapRegionSize                         = 1048576                                   {product} {ergonomic}
    uintx GCDrainStackTargetSize                   = 64                                        {product} {ergonomic}
   size_t InitialHeapSize                          = 333447168                                 {product} {ergonomic}
   size_t MarkStackSize                            = 4194304                                   {product} {ergonomic}
   size_t MaxHeapSize                              = 2147483648                                {product} {command line}
   size_t MaxNewSize                               = 1287651328                                {product} {ergonomic}
   size_t MinHeapDeltaBytes                        = 1048576                                   {product} {ergonomic}
    uintx NonNMethodCodeHeapSize                   = 5836300                                {pd product} {ergonomic}
    uintx NonProfiledCodeHeapSize                  = 122910970                              {pd product} {ergonomic}
    uintx ProfiledCodeHeapSize                     = 122910970                              {pd product} {ergonomic}
    uintx ReservedCodeCacheSize                    = 251658240                              {pd product} {ergonomic}
     bool SegmentedCodeCache                       = true                                      {product} {ergonomic}
     bool UseCompressedClassPointers               = true                                 {lp64_product} {ergonomic}
     bool UseCompressedOops                        = true                                 {lp64_product} {ergonomic}
     bool UseG1GC                                  = true                                      {product} {ergonomic}
     bool UseLargePagesIndividualAllocation        = false                                  {pd product} {ergonomic}

Logging:
Log output configuration:
 #0: stdout all=warning uptime,level,tags
 #1: stderr all=off uptime,level,tags

Environment Variables:
PATH=C:\Program Files (x86)\Common Files\Oracle\Java\javapath;C:\ProgramData\Oracle\Java\javapath;C:\Program Files\Common Files\Oracle\Java\javapath;C:\oraclexe\app\oracle\product\11.2.0\server\bin;C:\Windows\system32;C:\Windows;C:\Windows\System32\Wbem;C:\Windows\System32\WindowsPowerShell\v1.0\;C:\Windows\System32\OpenSSH\;C:\Program Files (x86)\NVIDIA Corporation\PhysX\Common;C:\Program Files\NVIDIA Corporation\NVIDIA NvDLISR;C:\ProgramData\chocolatey\bin;C:\Program Files\Microsoft VS Code\bin;C:\WINDOWS\system32;C:\WINDOWS;C:\WINDOWS\System32\Wbem;C:\WINDOWS\System32\WindowsPowerShell\v1.0\;C:\WINDOWS\System32\OpenSSH\;C:\Program Files\Git\cmd;C:\Users\gerso\AppData\Local\Microsoft\WindowsApps;
USERNAME=gerso
OS=Windows_NT
PROCESSOR_IDENTIFIER=Intel64 Family 6 Model 158 Stepping 10, GenuineIntel



---------------  S Y S T E M  ---------------

OS: Windows 10 , 64 bit Build 22471 (10.0.22471.1000)
OS uptime: 1 days 6:01 hours

CPU:total 8 (initial active 8) (4 cores per cpu, 2 threads per core) family 6 model 158 stepping 10 microcode 0xec, cmov, cx8, fxsr, mmx, sse, sse2, sse3, ssse3, sse4.1, sse4.2, popcnt, avx, avx2, aes, clmul, erms, 3dnowpref, lzcnt, ht, tsc, tscinvbit, bmi1, bmi2, adx, fma

Memory: 4k page, system-wide physical 20322M (4319M free)
TotalPageFile size 27194M (AvailPageFile size 2M)
current process WorkingSet (physical memory assigned to process): 593M, peak: 601M
current process commit charge ("private bytes"): 653M, peak: 660M

vm_info: OpenJDK 64-Bit Server VM (11.0.10+0-b96-7249189) for windows-amd64 JRE (11.0.10+0-b96-7249189), built on Mar 31 2021 21:44:00 by "builder" with MS VC++ 14.0 (VS2015)

END.
