#
# There is insufficient memory for the Java Runtime Environment to continue.
# Native memory allocation (malloc) failed to allocate 32744 bytes for ChunkPool::allocate
# Possible reasons:
#   The system is out of physical RAM or swap space
#   The process is running with CompressedOops enabled, and the Java Heap may be blocking the growth of the native heap
# Possible solutions:
#   Reduce memory load on the system
#   Increase physical memory or swap space
#   Check if swap backing store is full
#   Decrease Java heap size (-Xmx/-Xms)
#   Decrease number of Java threads
#   Decrease Java thread stack sizes (-Xss)
#   Set larger code cache with -XX:ReservedCodeCacheSize=
#   JVM is running with Unscaled Compressed Oops mode in which the Java heap is
#     placed in the first 4GB address space. The Java Heap base address is the
#     maximum limit for the native heap growth. Please use -XX:HeapBaseMinAddress
#     to set the Java Heap base and to place the Java Heap above 4GB virtual address.
# This output file may be truncated or incomplete.
#
#  Out of Memory Error (./src/hotspot/share/memory/arena.cpp:81), pid=20844, tid=19764
#
# JRE version: OpenJDK Runtime Environment (11.0.10) (build 11.0.10+0-b96-7249189)
# Java VM: OpenJDK 64-Bit Server VM (11.0.10+0-b96-7249189, mixed mode, tiered, compressed oops, g1 gc, windows-amd64)
# No core dump will be written. Minidumps are not enabled by default on client versions of Windows
#

---------------  S U M M A R Y ------------

Command Line: --add-opens=java.base/java.util=ALL-UNNAMED --add-opens=java.base/java.lang=ALL-UNNAMED --add-opens=java.base/java.lang.invoke=ALL-UNNAMED --add-opens=java.base/java.util=ALL-UNNAMED --add-opens=java.prefs/java.util.prefs=ALL-UNNAMED --add-opens=java.prefs/java.util.prefs=ALL-UNNAMED --add-opens=java.base/java.nio.charset=ALL-UNNAMED --add-opens=java.base/java.net=ALL-UNNAMED --add-opens=java.base/java.util.concurrent.atomic=ALL-UNNAMED -Xmx2048m -Dfile.encoding=UTF-8 -Duser.country=CO -Duser.language=es -Duser.variant org.gradle.launcher.daemon.bootstrap.GradleDaemon 7.0.2

Host: Intel(R) Core(TM) i5-8300H CPU @ 2.30GHz, 8 cores, 19G,  Windows 10 , 64 bit Build 22471 (10.0.22471.1000)
Time: Fri Oct  8 21:32:58 2021 Hora est. Pacífico, Sudamérica elapsed time: 36.695941 seconds (0d 0h 0m 36s)

---------------  T H R E A D  ---------------

Current thread (0x00000219223e8800):  JavaThread "C2 CompilerThread1" daemon [_thread_in_native, id=19764, stack(0x000000a7fa800000,0x000000a7fa900000)]


Current CompileTask:
C2:  36696 13664       4       org.objectweb.asm.ClassReader::readUtf (161 bytes)

Stack: [0x000000a7fa800000,0x000000a7fa900000]
Native frames: (J=compiled Java code, j=interpreted, Vv=VM code, C=native code)
V  [jvm.dll+0x5ecfaa]
V  [jvm.dll+0x722bd5]
V  [jvm.dll+0x72412d]
V  [jvm.dll+0x7247e3]
V  [jvm.dll+0x242928]
V  [jvm.dll+0xbc75b]
V  [jvm.dll+0xbca0c]
V  [jvm.dll+0xbc608]
V  [jvm.dll+0x5cc470]
V  [jvm.dll+0x4f417e]
V  [jvm.dll+0x4f3713]
V  [jvm.dll+0x4f36c1]
V  [jvm.dll+0x4f63d5]
V  [jvm.dll+0x4f5e9b]
V  [jvm.dll+0x4f566f]
V  [jvm.dll+0x4f5636]
V  [jvm.dll+0x506586]
V  [jvm.dll+0x1fcbde]
V  [jvm.dll+0x1fa77f]
V  [jvm.dll+0x18354c]
V  [jvm.dll+0x208ee7]
V  [jvm.dll+0x207731]
V  [jvm.dll+0x6eb1cf]
V  [jvm.dll+0x6e3d45]
V  [jvm.dll+0x5ebe96]
C  [ucrtbase.dll+0x293cc]
C  [KERNEL32.DLL+0x16ab0]
C  [ntdll.dll+0x5c44b]


---------------  P R O C E S S  ---------------

Threads class SMR info:
_java_thread_list=0x000002192660a9a0, length=78, elements={
0x000002197ed8b800, 0x000002191abbd000, 0x000002191abbd800, 0x000002191abb9000,
0x000002191abba000, 0x000002191b497800, 0x000002191b49d800, 0x000002191b4ae000,
0x000002191b4ba000, 0x000002191b60e000, 0x000002191b60d000, 0x000002191b60c800,
0x000002191b60f000, 0x000002191b60f800, 0x000002191b610800, 0x000002191b612000,
0x000002191b611800, 0x000002191b613000, 0x000002191da1d000, 0x000002191da1f800,
0x000002191da1b800, 0x000002191da1c000, 0x000002191da1a800, 0x000002191da1e000,
0x000002191da1e800, 0x000002191da1a000, 0x000002191da24800, 0x000002191da25000,
0x000002191da21000, 0x000002191da23800, 0x000002191da27000, 0x000002191da27800,
0x000002191da22000, 0x00000219223df000, 0x00000219223da000, 0x00000219223de000,
0x00000219223df800, 0x00000219223e0800, 0x00000219223dc800, 0x00000219223dd000,
0x00000219223da800, 0x00000219223e1000, 0x00000219223db800, 0x00000219223e7000,
0x00000219223e5800, 0x00000219223e3800, 0x00000219223e7800, 0x00000219223e4800,
0x00000219223e6000, 0x00000219223e8800, 0x000002191e987000, 0x000002191e983800,
0x000002191e984800, 0x000002191e988800, 0x000002191e983000, 0x000002191e98a800,
0x000002191e98b000, 0x000002191e98e800, 0x000002191e98d800, 0x000002191e98f000,
0x000002191e98c800, 0x000002191e989800, 0x000002191e990000, 0x000002191e991800,
0x00000219223e3000, 0x0000021924362000, 0x000002192435f800, 0x000002192435d000,
0x000002192435e800, 0x000002192435e000, 0x0000021924360800, 0x000002192435c800,
0x0000021924361000, 0x0000021924365000, 0x0000021924363000, 0x0000021924367000,
0x0000021924364800, 0x0000021924367800
}

Java Threads: ( => current thread )
  0x000002197ed8b800 JavaThread "main" [_thread_blocked, id=21244, stack(0x000000a7f8a00000,0x000000a7f8b00000)]
  0x000002191abbd000 JavaThread "Reference Handler" daemon [_thread_blocked, id=6600, stack(0x000000a7f9100000,0x000000a7f9200000)]
  0x000002191abbd800 JavaThread "Finalizer" daemon [_thread_blocked, id=20032, stack(0x000000a7f9200000,0x000000a7f9300000)]
  0x000002191abb9000 JavaThread "Signal Dispatcher" daemon [_thread_blocked, id=21096, stack(0x000000a7f9300000,0x000000a7f9400000)]
  0x000002191abba000 JavaThread "Attach Listener" daemon [_thread_blocked, id=15784, stack(0x000000a7f9400000,0x000000a7f9500000)]
  0x000002191b497800 JavaThread "Service Thread" daemon [_thread_blocked, id=14280, stack(0x000000a7f9500000,0x000000a7f9600000)]
  0x000002191b49d800 JavaThread "C2 CompilerThread0" daemon [_thread_in_native, id=13640, stack(0x000000a7f9600000,0x000000a7f9700000)]
  0x000002191b4ae000 JavaThread "C1 CompilerThread0" daemon [_thread_in_native, id=19524, stack(0x000000a7f9700000,0x000000a7f9800000)]
  0x000002191b4ba000 JavaThread "Sweeper thread" daemon [_thread_blocked, id=6644, stack(0x000000a7f9800000,0x000000a7f9900000)]
  0x000002191b60e000 JavaThread "Common-Cleaner" daemon [_thread_blocked, id=16484, stack(0x000000a7f9900000,0x000000a7f9a00000)]
  0x000002191b60d000 JavaThread "Daemon health stats" [_thread_blocked, id=16824, stack(0x000000a7fa300000,0x000000a7fa400000)]
  0x000002191b60c800 JavaThread "Incoming local TCP Connector on port 50918" [_thread_in_native, id=15428, stack(0x000000a7f9b00000,0x000000a7f9c00000)]
  0x000002191b60f000 JavaThread "Daemon periodic checks" [_thread_blocked, id=13544, stack(0x000000a7f9c00000,0x000000a7f9d00000)]
  0x000002191b60f800 JavaThread "Daemon" [_thread_blocked, id=11268, stack(0x000000a7fa400000,0x000000a7fa500000)]
  0x000002191b610800 JavaThread "Handler for socket connection from /127.0.0.1:50918 to /127.0.0.1:50919" [_thread_in_native, id=12248, stack(0x000000a7fa500000,0x000000a7fa600000)]
  0x000002191b612000 JavaThread "Cancel handler" [_thread_blocked, id=20616, stack(0x000000a7fa600000,0x000000a7fa700000)]
  0x000002191b611800 JavaThread "Daemon worker" [_thread_blocked, id=3428, stack(0x000000a7fa700000,0x000000a7fa800000)]
  0x000002191b613000 JavaThread "Asynchronous log dispatcher for DefaultDaemonConnection: socket connection from /127.0.0.1:50918 to /127.0.0.1:50919" [_thread_blocked, id=10420, stack(0x000000a7fa900000,0x000000a7faa00000)]
  0x000002191da1d000 JavaThread "Stdin handler" [_thread_blocked, id=13688, stack(0x000000a7faa00000,0x000000a7fab00000)]
  0x000002191da1f800 JavaThread "Daemon client event forwarder" [_thread_blocked, id=12804, stack(0x000000a7fab00000,0x000000a7fac00000)]
  0x000002191da1b800 JavaThread "Cache worker for file hash cache (C:\Users\gerso\.gradle\caches\7.0.2\fileHashes)" [_thread_blocked, id=11776, stack(0x000000a7fac00000,0x000000a7fad00000)]
  0x000002191da1c000 JavaThread "File lock request listener" [_thread_in_native, id=3756, stack(0x000000a7fad00000,0x000000a7fae00000)]
  0x000002191da1a800 JavaThread "Cache worker for journal cache (C:\Users\gerso\.gradle\caches\journal-1)" [_thread_blocked, id=7996, stack(0x000000a7fb000000,0x000000a7fb100000)]
  0x000002191da1e000 JavaThread "Cache worker for file hash cache (C:\Users\gerso\StudioProjects\ManitasProject\.gradle\7.0.2\fileHashes)" [_thread_blocked, id=7184, stack(0x000000a7fb100000,0x000000a7fb200000)]
  0x000002191da1e800 JavaThread "File watcher server" daemon [_thread_in_native, id=21328, stack(0x000000a7fb200000,0x000000a7fb300000)]
  0x000002191da1a000 JavaThread "File watcher consumer" daemon [_thread_blocked, id=18628, stack(0x000000a7fb300000,0x000000a7fb400000)]
  0x000002191da24800 JavaThread "Cache worker for checksums cache (C:\Users\gerso\StudioProjects\ManitasProject\.gradle\checksums)" [_thread_blocked, id=17684, stack(0x000000a7fb400000,0x000000a7fb500000)]
  0x000002191da25000 JavaThread "Cache worker for cache directory md-supplier (C:\Users\gerso\.gradle\caches\7.0.2\md-supplier)" [_thread_blocked, id=14364, stack(0x000000a7fb500000,0x000000a7fb600000)]
  0x000002191da21000 JavaThread "Cache worker for cache directory md-rule (C:\Users\gerso\.gradle\caches\7.0.2\md-rule)" [_thread_blocked, id=20028, stack(0x000000a7fb700000,0x000000a7fb800000)]
  0x000002191da23800 JavaThread "Cache worker for execution history cache (C:\Users\gerso\.gradle\caches\7.0.2\executionHistory)" [_thread_blocked, id=17732, stack(0x000000a7fb800000,0x000000a7fb900000)]
  0x000002191da27000 JavaThread "jar transforms" [_thread_blocked, id=2992, stack(0x000000a7fb900000,0x000000a7fba00000)]
  0x000002191da27800 JavaThread "jar transforms Thread 2" [_thread_blocked, id=20628, stack(0x000000a7fba00000,0x000000a7fbb00000)]
  0x000002191da22000 JavaThread "Cache worker for file content cache (C:\Users\gerso\.gradle\caches\7.0.2\fileContent)" [_thread_blocked, id=19760, stack(0x000000a7fbb00000,0x000000a7fbc00000)]
  0x00000219223df000 JavaThread "Cache worker for dependencies-accessors (C:\Users\gerso\StudioProjects\ManitasProject\.gradle\7.0.2\dependencies-accessors)" [_thread_blocked, id=14440, stack(0x000000a7fbc00000,0x000000a7fbd00000)]
  0x00000219223da000 JavaThread "jar transforms Thread 3" [_thread_blocked, id=16868, stack(0x000000a7fbd00000,0x000000a7fbe00000)]
  0x00000219223de000 JavaThread "Cache worker for Build Output Cleanup Cache (C:\Users\gerso\StudioProjects\ManitasProject\.gradle\buildOutputCleanup)" [_thread_blocked, id=16628, stack(0x000000a7fbe00000,0x000000a7fbf00000)]
  0x00000219223df800 JavaThread "Build operations" [_thread_blocked, id=21108, stack(0x000000a7fbf00000,0x000000a7fc000000)]
  0x00000219223e0800 JavaThread "Build operations Thread 2" [_thread_blocked, id=8740, stack(0x000000a7fc000000,0x000000a7fc100000)]
  0x00000219223dc800 JavaThread "Build operations Thread 3" [_thread_blocked, id=8684, stack(0x000000a7fc100000,0x000000a7fc200000)]
  0x00000219223dd000 JavaThread "Build operations Thread 4" [_thread_blocked, id=15052, stack(0x000000a7fc200000,0x000000a7fc300000)]
  0x00000219223da800 JavaThread "Build operations Thread 5" [_thread_blocked, id=15852, stack(0x000000a7fc300000,0x000000a7fc400000)]
  0x00000219223e1000 JavaThread "Build operations Thread 6" [_thread_blocked, id=4416, stack(0x000000a7fc400000,0x000000a7fc500000)]
  0x00000219223db800 JavaThread "Build operations Thread 7" [_thread_blocked, id=11936, stack(0x000000a7fc500000,0x000000a7fc600000)]
  0x00000219223e7000 JavaThread "Build operations Thread 8" [_thread_blocked, id=20784, stack(0x000000a7fc600000,0x000000a7fc700000)]
  0x00000219223e5800 JavaThread "jar transforms Thread 4" [_thread_blocked, id=15448, stack(0x000000a7fc700000,0x000000a7fc800000)]
  0x00000219223e3800 JavaThread "jar transforms Thread 5" [_thread_blocked, id=13052, stack(0x000000a7fc800000,0x000000a7fc900000)]
  0x00000219223e7800 JavaThread "jar transforms Thread 6" [_thread_blocked, id=15408, stack(0x000000a7fc900000,0x000000a7fca00000)]
  0x00000219223e4800 JavaThread "jar transforms Thread 7" [_thread_blocked, id=20428, stack(0x000000a7fca00000,0x000000a7fcb00000)]
  0x00000219223e6000 JavaThread "jar transforms Thread 8" [_thread_blocked, id=21120, stack(0x000000a7fcb00000,0x000000a7fcc00000)]
=>0x00000219223e8800 JavaThread "C2 CompilerThread1" daemon [_thread_in_native, id=19764, stack(0x000000a7fa800000,0x000000a7fa900000)]
  0x000002191e987000 JavaThread "Memory manager" [_thread_blocked, id=18944, stack(0x000000a7fcc00000,0x000000a7fcd00000)]
  0x000002191e983800 JavaThread "build event listener" [_thread_blocked, id=8308, stack(0x000000a7fcd00000,0x000000a7fce00000)]
  0x000002191e984800 JavaThread "pool-3-thread-1" [_thread_blocked, id=18784, stack(0x000000a7fce00000,0x000000a7fcf00000)]
  0x000002191e988800 JavaThread "build event listener" [_thread_blocked, id=16604, stack(0x000000a7fcf00000,0x000000a7fd000000)]
  0x000002191e983000 JavaThread "Execution worker for ':'" [_thread_blocked, id=16380, stack(0x000000a7fd000000,0x000000a7fd100000)]
  0x000002191e98a800 JavaThread "Execution worker for ':' Thread 2" [_thread_in_Java, id=21292, stack(0x000000a7fd100000,0x000000a7fd200000)]
  0x000002191e98b000 JavaThread "Execution worker for ':' Thread 3" [_thread_blocked, id=4040, stack(0x000000a7fd200000,0x000000a7fd300000)]
  0x000002191e98e800 JavaThread "Execution worker for ':' Thread 4" [_thread_blocked, id=20136, stack(0x000000a7fd300000,0x000000a7fd400000)]
  0x000002191e98d800 JavaThread "Execution worker for ':' Thread 5" [_thread_blocked, id=8776, stack(0x000000a7fd400000,0x000000a7fd500000)]
  0x000002191e98f000 JavaThread "Execution worker for ':' Thread 6" [_thread_blocked, id=19276, stack(0x000000a7fd500000,0x000000a7fd600000)]
  0x000002191e98c800 JavaThread "Execution worker for ':' Thread 7" [_thread_blocked, id=16884, stack(0x000000a7fd600000,0x000000a7fd700000)]
  0x000002191e989800 JavaThread "Cache worker for execution history cache (C:\Users\gerso\StudioProjects\ManitasProject\.gradle\7.0.2\executionHistory)" [_thread_blocked, id=12992, stack(0x000000a7fd700000,0x000000a7fd800000)]
  0x000002191e990000 JavaThread "WorkerExecutor Queue" [_thread_blocked, id=18404, stack(0x000000a7fd800000,0x000000a7fd900000)]
  0x000002191e991800 JavaThread "WorkerExecutor Queue Thread 2" [_thread_blocked, id=11696, stack(0x000000a7fd900000,0x000000a7fda00000)]
  0x00000219223e3000 JavaThread "WorkerExecutor Queue Thread 3" [_thread_blocked, id=12972, stack(0x000000a7fda00000,0x000000a7fdb00000)]
  0x0000021924362000 JavaThread "WorkerExecutor Queue Thread 4" [_thread_blocked, id=14392, stack(0x000000a7fdb00000,0x000000a7fdc00000)]
  0x000002192435f800 JavaThread "C2 CompilerThread2" daemon [_thread_in_native, id=17512, stack(0x000000a7fb600000,0x000000a7fb700000)]
  0x000002192435d000 JavaThread "pool-4-thread-1" [_thread_blocked, id=12108, stack(0x000000a7fdc00000,0x000000a7fdd00000)]
  0x000002192435e800 JavaThread "stderr" [_thread_in_native, id=21072, stack(0x000000a7fdd00000,0x000000a7fde00000)]
  0x000002192435e000 JavaThread "stdout" [_thread_in_native, id=3740, stack(0x000000a7fde00000,0x000000a7fdf00000)]
  0x0000021924360800 JavaThread "ForkJoinPool-1-worker-3" daemon [_thread_blocked, id=2344, stack(0x000000a7fdf00000,0x000000a7fe000000)]
  0x000002192435c800 JavaThread "ForkJoinPool-1-worker-5" daemon [_thread_blocked, id=15628, stack(0x000000a7fe000000,0x000000a7fe100000)]
  0x0000021924361000 JavaThread "ForkJoinPool-1-worker-7" daemon [_thread_blocked, id=19952, stack(0x000000a7fe100000,0x000000a7fe200000)]
  0x0000021924365000 JavaThread "ForkJoinPool-1-worker-9" daemon [_thread_blocked, id=19228, stack(0x000000a7fe200000,0x000000a7fe300000)]
  0x0000021924363000 JavaThread "ForkJoinPool-1-worker-11" daemon [_thread_blocked, id=19040, stack(0x000000a7fe300000,0x000000a7fe400000)]
  0x0000021924367000 JavaThread "ForkJoinPool-1-worker-13" daemon [_thread_in_Java, id=4800, stack(0x000000a7fe400000,0x000000a7fe500000)]
  0x0000021924364800 JavaThread "ForkJoinPool-1-worker-15" daemon [_thread_blocked, id=3712, stack(0x000000a7fe500000,0x000000a7fe600000)]
  0x0000021924367800 JavaThread "ForkJoinPool-1-worker-1" daemon [_thread_blocked, id=16524, stack(0x000000a7fe600000,0x000000a7fe700000)]

Other Threads:
  0x000002191b448800 VMThread "VM Thread" [stack: 0x000000a7f9000000,0x000000a7f9100000] [id=14664]
  0x000002191b616800 WatcherThread [stack: 0x000000a7f9a00000,0x000000a7f9b00000] [id=21468]
  0x000002197eda5800 GCTaskThread "GC Thread#0" [stack: 0x000000a7f8b00000,0x000000a7f8c00000] [id=3024]
  0x000002191c2c7800 GCTaskThread "GC Thread#1" [stack: 0x000000a7f9d00000,0x000000a7f9e00000] [id=20648]
  0x000002191c67f000 GCTaskThread "GC Thread#2" [stack: 0x000000a7f9e00000,0x000000a7f9f00000] [id=5552]
  0x000002191ca17800 GCTaskThread "GC Thread#3" [stack: 0x000000a7f9f00000,0x000000a7fa000000] [id=19976]
  0x000002191c567000 GCTaskThread "GC Thread#4" [stack: 0x000000a7fa000000,0x000000a7fa100000] [id=10812]
  0x000002191c56a800 GCTaskThread "GC Thread#5" [stack: 0x000000a7fa100000,0x000000a7fa200000] [id=11664]
  0x000002191c56e000 GCTaskThread "GC Thread#6" [stack: 0x000000a7fa200000,0x000000a7fa300000] [id=11608]
  0x000002191c56b800 GCTaskThread "GC Thread#7" [stack: 0x000000a7fae00000,0x000000a7faf00000] [id=4512]
  0x000002197edd7800 ConcurrentGCThread "G1 Main Marker" [stack: 0x000000a7f8c00000,0x000000a7f8d00000] [id=14532]
  0x000002197edda000 ConcurrentGCThread "G1 Conc#0" [stack: 0x000000a7f8d00000,0x000000a7f8e00000] [id=14344]
  0x000002191c56c000 ConcurrentGCThread "G1 Conc#1" [stack: 0x000000a7faf00000,0x000000a7fb000000] [id=8928]
  0x000002197ee5e800 ConcurrentGCThread "G1 Refine#0" [stack: 0x000000a7f8e00000,0x000000a7f8f00000] [id=20328]
  0x000002191eb7c800 ConcurrentGCThread "G1 Refine#1" [stack: 0x000000a7fe700000,0x000000a7fe800000] [id=13956]
  0x000002191edba000 ConcurrentGCThread "G1 Refine#2" [stack: 0x000000a7fe800000,0x000000a7fe900000] [id=19156]
  0x00000219247c9800 ConcurrentGCThread "G1 Refine#3" [stack: 0x000000a7fe900000,0x000000a7fea00000] [id=20080]
  0x000002191dba1800 ConcurrentGCThread "G1 Refine#4" [stack: 0x000000a7fea00000,0x000000a7feb00000] [id=13420]
  0x0000021922373800 ConcurrentGCThread "G1 Refine#5" [stack: 0x000000a7feb00000,0x000000a7fec00000] [id=19648]
  0x0000021922c6e800 ConcurrentGCThread "G1 Refine#6" [stack: 0x000000a7fec00000,0x000000a7fed00000] [id=18252]
  0x000002191aa84800 ConcurrentGCThread "G1 Young RemSet Sampling" [stack: 0x000000a7f8f00000,0x000000a7f9000000] [id=13212]

Threads with active compile tasks:
C2 CompilerThread0  36758 13348   !   4       com.android.tools.r8.dex.m::c (2765 bytes)
C1 CompilerThread0  36759 13665       3       org.objectweb.asm.ClassReader::readField (667 bytes)
C2 CompilerThread1  36759 13664       4       org.objectweb.asm.ClassReader::readUtf (161 bytes)
C2 CompilerThread2  36759 13604       4       com.android.tools.r8.dex.m::a (569 bytes)

VM state:not at safepoint (normal execution)

VM Mutex/Monitor currently owned by a thread: None

Heap address: 0x0000000080000000, size: 2048 MB, Compressed Oops mode: 32-bit
Narrow klass base: 0x0000000000000000, Narrow klass shift: 3
Compressed class space size: 1073741824 Address: 0x0000000100000000

Heap:
 garbage-first heap   total 325632K, used 205240K [0x0000000080000000, 0x0000000100000000)
  region size 1024K, 50 young (51200K), 6 survivors (6144K)
 Metaspace       used 97693K, capacity 100090K, committed 100556K, reserved 1136640K
  class space    used 12699K, capacity 13614K, committed 13772K, reserved 1048576K
Heap Regions: E=young(eden), S=young(survivor), O=old, HS=humongous(starts), HC=humongous(continues), CS=collection set, F=free, A=archive, TAMS=top-at-mark-start (previous, next)
|   0|0x0000000080000000, 0x0000000080100000, 0x0000000080100000|100%| O|  |TAMS 0x0000000080100000, 0x0000000080000000| Untracked 
|   1|0x0000000080100000, 0x0000000080200000, 0x0000000080200000|100%| O|  |TAMS 0x0000000080200000, 0x0000000080100000| Untracked 
|   2|0x0000000080200000, 0x0000000080300000, 0x0000000080300000|100%| O|  |TAMS 0x0000000080300000, 0x0000000080200000| Untracked 
|   3|0x0000000080300000, 0x0000000080400000, 0x0000000080400000|100%|HS|  |TAMS 0x0000000080400000, 0x0000000080300000| Complete 
|   4|0x0000000080400000, 0x0000000080500000, 0x0000000080500000|100%|HC|  |TAMS 0x0000000080500000, 0x0000000080400000| Complete 
|   5|0x0000000080500000, 0x0000000080600000, 0x0000000080600000|100%|HC|  |TAMS 0x0000000080600000, 0x0000000080500000| Complete 
|   6|0x0000000080600000, 0x0000000080700000, 0x0000000080700000|100%| O|  |TAMS 0x0000000080700000, 0x0000000080600000| Untracked 
|   7|0x0000000080700000, 0x0000000080800000, 0x0000000080800000|100%| O|  |TAMS 0x0000000080800000, 0x0000000080700000| Untracked 
|   8|0x0000000080800000, 0x0000000080900000, 0x0000000080900000|100%| O|  |TAMS 0x0000000080900000, 0x0000000080800000| Untracked 
|   9|0x0000000080900000, 0x0000000080a00000, 0x0000000080a00000|100%| O|  |TAMS 0x0000000080a00000, 0x0000000080900000| Untracked 
|  10|0x0000000080a00000, 0x0000000080b00000, 0x0000000080b00000|100%| O|  |TAMS 0x0000000080b00000, 0x0000000080a00000| Untracked 
|  11|0x0000000080b00000, 0x0000000080c00000, 0x0000000080c00000|100%| O|  |TAMS 0x0000000080c00000, 0x0000000080b00000| Untracked 
|  12|0x0000000080c00000, 0x0000000080d00000, 0x0000000080d00000|100%| O|  |TAMS 0x0000000080d00000, 0x0000000080c00000| Untracked 
|  13|0x0000000080d00000, 0x0000000080e00000, 0x0000000080e00000|100%| O|  |TAMS 0x0000000080e00000, 0x0000000080d00000| Untracked 
|  14|0x0000000080e00000, 0x0000000080f00000, 0x0000000080f00000|100%| O|  |TAMS 0x0000000080f00000, 0x0000000080e00000| Untracked 
|  15|0x0000000080f00000, 0x0000000081000000, 0x0000000081000000|100%| O|  |TAMS 0x0000000081000000, 0x0000000080f00000| Untracked 
|  16|0x0000000081000000, 0x0000000081100000, 0x0000000081100000|100%|HS|  |TAMS 0x0000000081100000, 0x0000000081000000| Complete 
|  17|0x0000000081100000, 0x0000000081200000, 0x0000000081200000|100%|HS|  |TAMS 0x0000000081200000, 0x0000000081100000| Complete 
|  18|0x0000000081200000, 0x0000000081300000, 0x0000000081300000|100%|HS|  |TAMS 0x0000000081300000, 0x0000000081200000| Complete 
|  19|0x0000000081300000, 0x0000000081400000, 0x0000000081400000|100%|HC|  |TAMS 0x0000000081400000, 0x0000000081300000| Complete 
|  20|0x0000000081400000, 0x0000000081500000, 0x0000000081500000|100%| O|  |TAMS 0x0000000081500000, 0x0000000081400000| Untracked 
|  21|0x0000000081500000, 0x0000000081600000, 0x0000000081600000|100%| O|  |TAMS 0x0000000081600000, 0x0000000081500000| Untracked 
|  22|0x0000000081600000, 0x0000000081700000, 0x0000000081700000|100%| O|  |TAMS 0x0000000081700000, 0x0000000081600000| Untracked 
|  23|0x0000000081700000, 0x0000000081800000, 0x0000000081800000|100%| O|  |TAMS 0x0000000081800000, 0x0000000081700000| Untracked 
|  24|0x0000000081800000, 0x0000000081900000, 0x0000000081900000|100%| O|  |TAMS 0x0000000081900000, 0x0000000081800000| Untracked 
|  25|0x0000000081900000, 0x0000000081a00000, 0x0000000081a00000|100%| O|  |TAMS 0x0000000081a00000, 0x0000000081900000| Untracked 
|  26|0x0000000081a00000, 0x0000000081b00000, 0x0000000081b00000|100%| O|  |TAMS 0x0000000081b00000, 0x0000000081a00000| Untracked 
|  27|0x0000000081b00000, 0x0000000081c00000, 0x0000000081c00000|100%| O|  |TAMS 0x0000000081c00000, 0x0000000081b00000| Untracked 
|  28|0x0000000081c00000, 0x0000000081d00000, 0x0000000081d00000|100%| O|  |TAMS 0x0000000081d00000, 0x0000000081c00000| Untracked 
|  29|0x0000000081d00000, 0x0000000081e00000, 0x0000000081e00000|100%| O|  |TAMS 0x0000000081e00000, 0x0000000081d00000| Untracked 
|  30|0x0000000081e00000, 0x0000000081f00000, 0x0000000081f00000|100%| O|  |TAMS 0x0000000081f00000, 0x0000000081e00000| Untracked 
|  31|0x0000000081f00000, 0x0000000082000000, 0x0000000082000000|100%| O|  |TAMS 0x0000000082000000, 0x0000000081f00000| Untracked 
|  32|0x0000000082000000, 0x0000000082100000, 0x0000000082100000|100%| O|  |TAMS 0x0000000082100000, 0x0000000082000000| Untracked 
|  33|0x0000000082100000, 0x0000000082200000, 0x0000000082200000|100%| O|  |TAMS 0x0000000082200000, 0x0000000082100000| Untracked 
|  34|0x0000000082200000, 0x0000000082300000, 0x0000000082300000|100%| O|  |TAMS 0x0000000082300000, 0x0000000082200000| Untracked 
|  35|0x0000000082300000, 0x0000000082400000, 0x0000000082400000|100%| O|  |TAMS 0x0000000082400000, 0x0000000082300000| Untracked 
|  36|0x0000000082400000, 0x0000000082500000, 0x0000000082500000|100%| O|  |TAMS 0x0000000082500000, 0x0000000082400000| Untracked 
|  37|0x0000000082500000, 0x0000000082600000, 0x0000000082600000|100%| O|  |TAMS 0x0000000082600000, 0x0000000082500000| Untracked 
|  38|0x0000000082600000, 0x0000000082700000, 0x0000000082700000|100%| O|  |TAMS 0x0000000082700000, 0x0000000082600000| Untracked 
|  39|0x0000000082700000, 0x0000000082800000, 0x0000000082800000|100%| O|  |TAMS 0x0000000082800000, 0x0000000082700000| Untracked 
|  40|0x0000000082800000, 0x0000000082900000, 0x0000000082900000|100%| O|  |TAMS 0x0000000082900000, 0x0000000082800000| Untracked 
|  41|0x0000000082900000, 0x0000000082a00000, 0x0000000082a00000|100%| O|  |TAMS 0x0000000082a00000, 0x0000000082900000| Untracked 
|  42|0x0000000082a00000, 0x0000000082b00000, 0x0000000082b00000|100%| O|  |TAMS 0x0000000082b00000, 0x0000000082a00000| Untracked 
|  43|0x0000000082b00000, 0x0000000082c00000, 0x0000000082c00000|100%| O|  |TAMS 0x0000000082c00000, 0x0000000082b00000| Untracked 
|  44|0x0000000082c00000, 0x0000000082d00000, 0x0000000082d00000|100%| O|  |TAMS 0x0000000082d00000, 0x0000000082c00000| Untracked 
|  45|0x0000000082d00000, 0x0000000082e00000, 0x0000000082e00000|100%| O|  |TAMS 0x0000000082e00000, 0x0000000082d00000| Untracked 
|  46|0x0000000082e00000, 0x0000000082f00000, 0x0000000082f00000|100%| O|  |TAMS 0x0000000082f00000, 0x0000000082e00000| Untracked 
|  47|0x0000000082f00000, 0x0000000083000000, 0x0000000083000000|100%| O|  |TAMS 0x0000000083000000, 0x0000000082f00000| Untracked 
|  48|0x0000000083000000, 0x0000000083100000, 0x0000000083100000|100%| O|  |TAMS 0x0000000083100000, 0x0000000083000000| Untracked 
|  49|0x0000000083100000, 0x0000000083200000, 0x0000000083200000|100%| O|  |TAMS 0x0000000083200000, 0x0000000083100000| Untracked 
|  50|0x0000000083200000, 0x0000000083300000, 0x0000000083300000|100%| O|  |TAMS 0x0000000083300000, 0x0000000083200000| Untracked 
|  51|0x0000000083300000, 0x0000000083400000, 0x0000000083400000|100%| O|  |TAMS 0x0000000083400000, 0x0000000083300000| Untracked 
|  52|0x0000000083400000, 0x0000000083500000, 0x0000000083500000|100%| O|  |TAMS 0x0000000083500000, 0x0000000083400000| Untracked 
|  53|0x0000000083500000, 0x0000000083600000, 0x0000000083600000|100%|HS|  |TAMS 0x0000000083600000, 0x0000000083500000| Complete 
|  54|0x0000000083600000, 0x0000000083700000, 0x0000000083700000|100%|HC|  |TAMS 0x0000000083700000, 0x0000000083600000| Complete 
|  55|0x0000000083700000, 0x0000000083800000, 0x0000000083800000|100%|HS|  |TAMS 0x0000000083800000, 0x0000000083700000| Complete 
|  56|0x0000000083800000, 0x0000000083900000, 0x0000000083900000|100%|HS|  |TAMS 0x0000000083900000, 0x0000000083800000| Complete 
|  57|0x0000000083900000, 0x0000000083a00000, 0x0000000083a00000|100%|HS|  |TAMS 0x0000000083a00000, 0x0000000083900000| Complete 
|  58|0x0000000083a00000, 0x0000000083b00000, 0x0000000083b00000|100%|HS|  |TAMS 0x0000000083b00000, 0x0000000083a00000| Complete 
|  59|0x0000000083b00000, 0x0000000083c00000, 0x0000000083c00000|100%|HS|  |TAMS 0x0000000083c00000, 0x0000000083b00000| Complete 
|  60|0x0000000083c00000, 0x0000000083c00000, 0x0000000083d00000|  0%| F|  |TAMS 0x0000000083c00000, 0x0000000083c00000| Untracked 
|  61|0x0000000083d00000, 0x0000000083d00000, 0x0000000083e00000|  0%| F|  |TAMS 0x0000000083d00000, 0x0000000083d00000| Untracked 
|  62|0x0000000083e00000, 0x0000000083f00000, 0x0000000083f00000|100%| O|  |TAMS 0x0000000083f00000, 0x0000000083e00000| Untracked 
|  63|0x0000000083f00000, 0x0000000083f00000, 0x0000000084000000|  0%| F|  |TAMS 0x0000000083f00000, 0x0000000083f00000| Untracked 
|  64|0x0000000084000000, 0x0000000084100000, 0x0000000084100000|100%| O|  |TAMS 0x0000000084100000, 0x0000000084000000| Untracked 
|  65|0x0000000084100000, 0x0000000084100000, 0x0000000084200000|  0%| F|  |TAMS 0x0000000084100000, 0x0000000084100000| Untracked 
|  66|0x0000000084200000, 0x0000000084300000, 0x0000000084300000|100%| O|  |TAMS 0x0000000084300000, 0x0000000084200000| Untracked 
|  67|0x0000000084300000, 0x0000000084300000, 0x0000000084400000|  0%| F|  |TAMS 0x0000000084300000, 0x0000000084300000| Untracked 
|  68|0x0000000084400000, 0x0000000084500000, 0x0000000084500000|100%| O|  |TAMS 0x0000000084500000, 0x0000000084400000| Untracked 
|  69|0x0000000084500000, 0x0000000084600000, 0x0000000084600000|100%| O|  |TAMS 0x0000000084600000, 0x0000000084500000| Untracked 
|  70|0x0000000084600000, 0x0000000084700000, 0x0000000084700000|100%| O|  |TAMS 0x0000000084700000, 0x0000000084600000| Untracked 
|  71|0x0000000084700000, 0x0000000084800000, 0x0000000084800000|100%| O|  |TAMS 0x0000000084800000, 0x0000000084700000| Untracked 
|  72|0x0000000084800000, 0x0000000084900000, 0x0000000084900000|100%| O|  |TAMS 0x0000000084900000, 0x0000000084800000| Untracked 
|  73|0x0000000084900000, 0x0000000084a00000, 0x0000000084a00000|100%| O|  |TAMS 0x0000000084a00000, 0x0000000084900000| Untracked 
|  74|0x0000000084a00000, 0x0000000084b00000, 0x0000000084b00000|100%| O|  |TAMS 0x0000000084b00000, 0x0000000084a00000| Untracked 
|  75|0x0000000084b00000, 0x0000000084c00000, 0x0000000084c00000|100%| O|  |TAMS 0x0000000084c00000, 0x0000000084b00000| Untracked 
|  76|0x0000000084c00000, 0x0000000084d00000, 0x0000000084d00000|100%| O|  |TAMS 0x0000000084d00000, 0x0000000084c00000| Untracked 
|  77|0x0000000084d00000, 0x0000000084e00000, 0x0000000084e00000|100%| O|  |TAMS 0x0000000084e00000, 0x0000000084d00000| Untracked 
|  78|0x0000000084e00000, 0x0000000084f00000, 0x0000000084f00000|100%| O|  |TAMS 0x0000000084f00000, 0x0000000084e00000| Untracked 
|  79|0x0000000084f00000, 0x0000000085000000, 0x0000000085000000|100%| O|  |TAMS 0x0000000085000000, 0x0000000084f00000| Untracked 
|  80|0x0000000085000000, 0x0000000085100000, 0x0000000085100000|100%| O|  |TAMS 0x0000000085100000, 0x0000000085000000| Untracked 
|  81|0x0000000085100000, 0x0000000085200000, 0x0000000085200000|100%| O|  |TAMS 0x0000000085200000, 0x0000000085100000| Untracked 
|  82|0x0000000085200000, 0x0000000085300000, 0x0000000085300000|100%| O|  |TAMS 0x0000000085300000, 0x0000000085200000| Untracked 
|  83|0x0000000085300000, 0x0000000085400000, 0x0000000085400000|100%| O|  |TAMS 0x0000000085400000, 0x0000000085300000| Untracked 
|  84|0x0000000085400000, 0x0000000085500000, 0x0000000085500000|100%| O|  |TAMS 0x0000000085500000, 0x0000000085400000| Untracked 
|  85|0x0000000085500000, 0x0000000085600000, 0x0000000085600000|100%| O|  |TAMS 0x0000000085600000, 0x0000000085500000| Untracked 
|  86|0x0000000085600000, 0x0000000085700000, 0x0000000085700000|100%| O|  |TAMS 0x0000000085700000, 0x0000000085600000| Untracked 
|  87|0x0000000085700000, 0x0000000085800000, 0x0000000085800000|100%| O|  |TAMS 0x0000000085800000, 0x0000000085700000| Untracked 
|  88|0x0000000085800000, 0x0000000085900000, 0x0000000085900000|100%| O|  |TAMS 0x0000000085900000, 0x0000000085800000| Untracked 
|  89|0x0000000085900000, 0x0000000085a00000, 0x0000000085a00000|100%| O|  |TAMS 0x0000000085a00000, 0x0000000085900000| Untracked 
|  90|0x0000000085a00000, 0x0000000085b00000, 0x0000000085b00000|100%| O|  |TAMS 0x0000000085b00000, 0x0000000085a00000| Untracked 
|  91|0x0000000085b00000, 0x0000000085c00000, 0x0000000085c00000|100%| O|  |TAMS 0x0000000085c00000, 0x0000000085b00000| Untracked 
|  92|0x0000000085c00000, 0x0000000085d00000, 0x0000000085d00000|100%| O|  |TAMS 0x0000000085d00000, 0x0000000085c00000| Untracked 
|  93|0x0000000085d00000, 0x0000000085e00000, 0x0000000085e00000|100%| O|  |TAMS 0x0000000085e00000, 0x0000000085d00000| Untracked 
|  94|0x0000000085e00000, 0x0000000085f00000, 0x0000000085f00000|100%| O|  |TAMS 0x0000000085f00000, 0x0000000085e00000| Untracked 
|  95|0x0000000085f00000, 0x0000000086000000, 0x0000000086000000|100%| O|  |TAMS 0x0000000086000000, 0x0000000085f00000| Untracked 
|  96|0x0000000086000000, 0x0000000086100000, 0x0000000086100000|100%| O|  |TAMS 0x0000000086100000, 0x0000000086000000| Untracked 
|  97|0x0000000086100000, 0x0000000086200000, 0x0000000086200000|100%| O|  |TAMS 0x0000000086200000, 0x0000000086100000| Untracked 
|  98|0x0000000086200000, 0x0000000086300000, 0x0000000086300000|100%| O|  |TAMS 0x0000000086300000, 0x0000000086200000| Untracked 
|  99|0x0000000086300000, 0x0000000086400000, 0x0000000086400000|100%| O|  |TAMS 0x0000000086400000, 0x0000000086300000| Untracked 
| 100|0x0000000086400000, 0x0000000086500000, 0x0000000086500000|100%| O|  |TAMS 0x0000000086500000, 0x0000000086400000| Untracked 
| 101|0x0000000086500000, 0x0000000086600000, 0x0000000086600000|100%| O|  |TAMS 0x0000000086600000, 0x0000000086500000| Untracked 
| 102|0x0000000086600000, 0x0000000086700000, 0x0000000086700000|100%| O|  |TAMS 0x0000000086700000, 0x0000000086600000| Untracked 
| 103|0x0000000086700000, 0x0000000086800000, 0x0000000086800000|100%| O|  |TAMS 0x0000000086800000, 0x0000000086700000| Untracked 
| 104|0x0000000086800000, 0x0000000086900000, 0x0000000086900000|100%| O|  |TAMS 0x0000000086900000, 0x0000000086800000| Untracked 
| 105|0x0000000086900000, 0x0000000086a00000, 0x0000000086a00000|100%| O|  |TAMS 0x0000000086a00000, 0x0000000086900000| Untracked 
| 106|0x0000000086a00000, 0x0000000086b00000, 0x0000000086b00000|100%| O|  |TAMS 0x0000000086b00000, 0x0000000086a00000| Untracked 
| 107|0x0000000086b00000, 0x0000000086c00000, 0x0000000086c00000|100%| O|  |TAMS 0x0000000086c00000, 0x0000000086b00000| Untracked 
| 108|0x0000000086c00000, 0x0000000086d00000, 0x0000000086d00000|100%| O|  |TAMS 0x0000000086d00000, 0x0000000086c00000| Untracked 
| 109|0x0000000086d00000, 0x0000000086e00000, 0x0000000086e00000|100%| O|  |TAMS 0x0000000086e00000, 0x0000000086d00000| Untracked 
| 110|0x0000000086e00000, 0x0000000086f00000, 0x0000000086f00000|100%| O|  |TAMS 0x0000000086f00000, 0x0000000086e00000| Untracked 
| 111|0x0000000086f00000, 0x0000000087000000, 0x0000000087000000|100%| O|  |TAMS 0x0000000087000000, 0x0000000086f00000| Untracked 
| 112|0x0000000087000000, 0x0000000087100000, 0x0000000087100000|100%| O|  |TAMS 0x0000000087100000, 0x0000000087000000| Untracked 
| 113|0x0000000087100000, 0x0000000087200000, 0x0000000087200000|100%| O|  |TAMS 0x0000000087200000, 0x0000000087100000| Untracked 
| 114|0x0000000087200000, 0x0000000087300000, 0x0000000087300000|100%| O|  |TAMS 0x0000000087300000, 0x0000000087200000| Untracked 
| 115|0x0000000087300000, 0x0000000087400000, 0x0000000087400000|100%| O|  |TAMS 0x0000000087400000, 0x0000000087300000| Untracked 
| 116|0x0000000087400000, 0x0000000087500000, 0x0000000087500000|100%| O|  |TAMS 0x0000000087500000, 0x0000000087400000| Untracked 
| 117|0x0000000087500000, 0x0000000087600000, 0x0000000087600000|100%| O|  |TAMS 0x0000000087600000, 0x0000000087500000| Untracked 
| 118|0x0000000087600000, 0x0000000087700000, 0x0000000087700000|100%|HS|  |TAMS 0x0000000087700000, 0x0000000087600000| Complete 
| 119|0x0000000087700000, 0x0000000087800000, 0x0000000087800000|100%|HS|  |TAMS 0x0000000087800000, 0x0000000087700000| Complete 
| 120|0x0000000087800000, 0x0000000087900000, 0x0000000087900000|100%|HS|  |TAMS 0x0000000087900000, 0x0000000087800000| Complete 
| 121|0x0000000087900000, 0x0000000087a00000, 0x0000000087a00000|100%|HS|  |TAMS 0x0000000087a00000, 0x0000000087900000| Complete 
| 122|0x0000000087a00000, 0x0000000087b00000, 0x0000000087b00000|100%| O|  |TAMS 0x0000000087b00000, 0x0000000087a00000| Untracked 
| 123|0x0000000087b00000, 0x0000000087c00000, 0x0000000087c00000|100%| O|  |TAMS 0x0000000087c00000, 0x0000000087b00000| Untracked 
| 124|0x0000000087c00000, 0x0000000087d00000, 0x0000000087d00000|100%| O|  |TAMS 0x0000000087d00000, 0x0000000087c00000| Untracked 
| 125|0x0000000087d00000, 0x0000000087e00000, 0x0000000087e00000|100%| O|  |TAMS 0x0000000087e00000, 0x0000000087d00000| Untracked 
| 126|0x0000000087e00000, 0x0000000087f00000, 0x0000000087f00000|100%| O|  |TAMS 0x0000000087f00000, 0x0000000087e00000| Untracked 
| 127|0x0000000087f00000, 0x0000000088000000, 0x0000000088000000|100%| O|  |TAMS 0x0000000088000000, 0x0000000087f00000| Untracked 
| 128|0x0000000088000000, 0x0000000088100000, 0x0000000088100000|100%| O|  |TAMS 0x0000000088100000, 0x0000000088000000| Untracked 
| 129|0x0000000088100000, 0x0000000088200000, 0x0000000088200000|100%| O|  |TAMS 0x0000000088200000, 0x0000000088100000| Untracked 
| 130|0x0000000088200000, 0x0000000088300000, 0x0000000088300000|100%| O|  |TAMS 0x0000000088300000, 0x0000000088200000| Untracked 
| 131|0x0000000088300000, 0x0000000088400000, 0x0000000088400000|100%| O|  |TAMS 0x0000000088400000, 0x0000000088300000| Untracked 
| 132|0x0000000088400000, 0x0000000088500000, 0x0000000088500000|100%| O|  |TAMS 0x0000000088500000, 0x0000000088400000| Untracked 
| 133|0x0000000088500000, 0x0000000088600000, 0x0000000088600000|100%| O|  |TAMS 0x0000000088600000, 0x0000000088500000| Untracked 
| 134|0x0000000088600000, 0x0000000088700000, 0x0000000088700000|100%| O|  |TAMS 0x0000000088700000, 0x0000000088600000| Untracked 
| 135|0x0000000088700000, 0x0000000088800000, 0x0000000088800000|100%| O|  |TAMS 0x0000000088800000, 0x0000000088700000| Untracked 
| 136|0x0000000088800000, 0x0000000088900000, 0x0000000088900000|100%| O|  |TAMS 0x0000000088900000, 0x0000000088800000| Untracked 
| 137|0x0000000088900000, 0x0000000088a00000, 0x0000000088a00000|100%| O|  |TAMS 0x0000000088a00000, 0x0000000088900000| Untracked 
| 138|0x0000000088a00000, 0x0000000088b00000, 0x0000000088b00000|100%| O|  |TAMS 0x0000000088b00000, 0x0000000088a00000| Untracked 
| 139|0x0000000088b00000, 0x0000000088c00000, 0x0000000088c00000|100%| O|  |TAMS 0x0000000088c00000, 0x0000000088b00000| Untracked 
| 140|0x0000000088c00000, 0x0000000088d00000, 0x0000000088d00000|100%| O|  |TAMS 0x0000000088d00000, 0x0000000088c00000| Untracked 
| 141|0x0000000088d00000, 0x0000000088d00000, 0x0000000088e00000|  0%| F|  |TAMS 0x0000000088d00000, 0x0000000088d00000| Untracked 
| 142|0x0000000088e00000, 0x0000000088f00000, 0x0000000088f00000|100%| O|  |TAMS 0x0000000088f00000, 0x0000000088e00000| Untracked 
| 143|0x0000000088f00000, 0x0000000089000000, 0x0000000089000000|100%| O|  |TAMS 0x0000000089000000, 0x0000000088f00000| Untracked 
| 144|0x0000000089000000, 0x0000000089100000, 0x0000000089100000|100%| O|  |TAMS 0x0000000089100000, 0x0000000089000000| Untracked 
| 145|0x0000000089100000, 0x0000000089200000, 0x0000000089200000|100%| O|  |TAMS 0x0000000089200000, 0x0000000089100000| Untracked 
| 146|0x0000000089200000, 0x0000000089300000, 0x0000000089300000|100%| O|  |TAMS 0x0000000089300000, 0x0000000089200000| Untracked 
| 147|0x0000000089300000, 0x0000000089400000, 0x0000000089400000|100%| O|  |TAMS 0x0000000089400000, 0x0000000089300000| Untracked 
| 148|0x0000000089400000, 0x0000000089500000, 0x0000000089500000|100%| O|  |TAMS 0x0000000089500000, 0x0000000089400000| Untracked 
| 149|0x0000000089500000, 0x0000000089600000, 0x0000000089600000|100%| O|  |TAMS 0x0000000089600000, 0x0000000089500000| Untracked 
| 150|0x0000000089600000, 0x0000000089700000, 0x0000000089700000|100%| O|  |TAMS 0x0000000089700000, 0x0000000089600000| Untracked 
| 151|0x0000000089700000, 0x0000000089800000, 0x0000000089800000|100%| O|  |TAMS 0x0000000089800000, 0x0000000089700000| Untracked 
| 152|0x0000000089800000, 0x0000000089900000, 0x0000000089900000|100%| O|  |TAMS 0x0000000089900000, 0x0000000089800000| Untracked 
| 153|0x0000000089900000, 0x0000000089a00000, 0x0000000089a00000|100%|HS|  |TAMS 0x0000000089900000, 0x0000000089900000| Complete 
| 154|0x0000000089a00000, 0x0000000089b00000, 0x0000000089b00000|100%|HC|  |TAMS 0x0000000089a00000, 0x0000000089a00000| Complete 
| 155|0x0000000089b00000, 0x0000000089c00000, 0x0000000089c00000|100%|HC|  |TAMS 0x0000000089b00000, 0x0000000089b00000| Complete 
| 156|0x0000000089c00000, 0x0000000089d00000, 0x0000000089d00000|100%|HC|  |TAMS 0x0000000089c00000, 0x0000000089c00000| Complete 
| 157|0x0000000089d00000, 0x0000000089e00000, 0x0000000089e00000|100%|HC|  |TAMS 0x0000000089d00000, 0x0000000089d00000| Complete 
| 158|0x0000000089e00000, 0x0000000089f00000, 0x0000000089f00000|100%|HC|  |TAMS 0x0000000089e00000, 0x0000000089e00000| Complete 
| 159|0x0000000089f00000, 0x0000000089f00000, 0x000000008a000000|  0%| F|  |TAMS 0x0000000089f00000, 0x0000000089f00000| Untracked 
| 160|0x000000008a000000, 0x000000008a000000, 0x000000008a100000|  0%| F|  |TAMS 0x000000008a000000, 0x000000008a000000| Untracked 
| 161|0x000000008a100000, 0x000000008a100000, 0x000000008a200000|  0%| F|  |TAMS 0x000000008a100000, 0x000000008a100000| Untracked 
| 162|0x000000008a200000, 0x000000008a200000, 0x000000008a300000|  0%| F|  |TAMS 0x000000008a200000, 0x000000008a200000| Untracked 
| 163|0x000000008a300000, 0x000000008a300000, 0x000000008a400000|  0%| F|  |TAMS 0x000000008a300000, 0x000000008a300000| Untracked 
| 164|0x000000008a400000, 0x000000008a400000, 0x000000008a500000|  0%| F|  |TAMS 0x000000008a400000, 0x000000008a400000| Untracked 
| 165|0x000000008a500000, 0x000000008a500000, 0x000000008a600000|  0%| F|  |TAMS 0x000000008a500000, 0x000000008a500000| Untracked 
| 166|0x000000008a600000, 0x000000008a600000, 0x000000008a700000|  0%| F|  |TAMS 0x000000008a600000, 0x000000008a600000| Untracked 
| 167|0x000000008a700000, 0x000000008a700000, 0x000000008a800000|  0%| F|  |TAMS 0x000000008a700000, 0x000000008a700000| Untracked 
| 168|0x000000008a800000, 0x000000008a800000, 0x000000008a900000|  0%| F|  |TAMS 0x000000008a800000, 0x000000008a800000| Untracked 
| 169|0x000000008a900000, 0x000000008a900000, 0x000000008aa00000|  0%| F|  |TAMS 0x000000008a900000, 0x000000008a900000| Untracked 
| 170|0x000000008aa00000, 0x000000008aa00000, 0x000000008ab00000|  0%| F|  |TAMS 0x000000008aa00000, 0x000000008aa00000| Untracked 
| 171|0x000000008ab00000, 0x000000008ab00000, 0x000000008ac00000|  0%| F|  |TAMS 0x000000008ab00000, 0x000000008ab00000| Untracked 
| 172|0x000000008ac00000, 0x000000008ac00000, 0x000000008ad00000|  0%| F|  |TAMS 0x000000008ac00000, 0x000000008ac00000| Untracked 
| 173|0x000000008ad00000, 0x000000008ad00000, 0x000000008ae00000|  0%| F|  |TAMS 0x000000008ad00000, 0x000000008ad00000| Untracked 
| 174|0x000000008ae00000, 0x000000008ae00000, 0x000000008af00000|  0%| F|  |TAMS 0x000000008ae00000, 0x000000008ae00000| Untracked 
| 175|0x000000008af00000, 0x000000008af00000, 0x000000008b000000|  0%| F|  |TAMS 0x000000008af00000, 0x000000008af00000| Untracked 
| 176|0x000000008b000000, 0x000000008b000000, 0x000000008b100000|  0%| F|  |TAMS 0x000000008b000000, 0x000000008b000000| Untracked 
| 177|0x000000008b100000, 0x000000008b100000, 0x000000008b200000|  0%| F|  |TAMS 0x000000008b100000, 0x000000008b100000| Untracked 
| 178|0x000000008b200000, 0x000000008b200000, 0x000000008b300000|  0%| F|  |TAMS 0x000000008b200000, 0x000000008b200000| Untracked 
| 179|0x000000008b300000, 0x000000008b300000, 0x000000008b400000|  0%| F|  |TAMS 0x000000008b300000, 0x000000008b300000| Untracked 
| 180|0x000000008b400000, 0x000000008b400000, 0x000000008b500000|  0%| F|  |TAMS 0x000000008b400000, 0x000000008b400000| Untracked 
| 181|0x000000008b500000, 0x000000008b500000, 0x000000008b600000|  0%| F|  |TAMS 0x000000008b500000, 0x000000008b500000| Untracked 
| 182|0x000000008b600000, 0x000000008b600000, 0x000000008b700000|  0%| F|  |TAMS 0x000000008b600000, 0x000000008b600000| Untracked 
| 183|0x000000008b700000, 0x000000008b700000, 0x000000008b800000|  0%| F|  |TAMS 0x000000008b700000, 0x000000008b700000| Untracked 
| 184|0x000000008b800000, 0x000000008b800000, 0x000000008b900000|  0%| F|  |TAMS 0x000000008b800000, 0x000000008b800000| Untracked 
| 185|0x000000008b900000, 0x000000008b900000, 0x000000008ba00000|  0%| F|  |TAMS 0x000000008b900000, 0x000000008b900000| Untracked 
| 186|0x000000008ba00000, 0x000000008ba00000, 0x000000008bb00000|  0%| F|  |TAMS 0x000000008ba00000, 0x000000008ba00000| Untracked 
| 187|0x000000008bb00000, 0x000000008bb00000, 0x000000008bc00000|  0%| F|  |TAMS 0x000000008bb00000, 0x000000008bb00000| Untracked 
| 188|0x000000008bc00000, 0x000000008bc00000, 0x000000008bd00000|  0%| F|  |TAMS 0x000000008bc00000, 0x000000008bc00000| Untracked 
| 189|0x000000008bd00000, 0x000000008bd00000, 0x000000008be00000|  0%| F|  |TAMS 0x000000008bd00000, 0x000000008bd00000| Untracked 
| 190|0x000000008be00000, 0x000000008be00000, 0x000000008bf00000|  0%| F|  |TAMS 0x000000008be00000, 0x000000008be00000| Untracked 
| 191|0x000000008bf00000, 0x000000008bf00000, 0x000000008c000000|  0%| F|  |TAMS 0x000000008bf00000, 0x000000008bf00000| Untracked 
| 192|0x000000008c000000, 0x000000008c000000, 0x000000008c100000|  0%| F|  |TAMS 0x000000008c000000, 0x000000008c000000| Untracked 
| 193|0x000000008c100000, 0x000000008c100000, 0x000000008c200000|  0%| F|  |TAMS 0x000000008c100000, 0x000000008c100000| Untracked 
| 194|0x000000008c200000, 0x000000008c200000, 0x000000008c300000|  0%| F|  |TAMS 0x000000008c200000, 0x000000008c200000| Untracked 
| 195|0x000000008c300000, 0x000000008c300000, 0x000000008c400000|  0%| F|  |TAMS 0x000000008c300000, 0x000000008c300000| Untracked 
| 196|0x000000008c400000, 0x000000008c400000, 0x000000008c500000|  0%| F|  |TAMS 0x000000008c400000, 0x000000008c400000| Untracked 
| 197|0x000000008c500000, 0x000000008c500000, 0x000000008c600000|  0%| F|  |TAMS 0x000000008c500000, 0x000000008c500000| Untracked 
| 198|0x000000008c600000, 0x000000008c600000, 0x000000008c700000|  0%| F|  |TAMS 0x000000008c600000, 0x000000008c600000| Untracked 
| 199|0x000000008c700000, 0x000000008c700000, 0x000000008c800000|  0%| F|  |TAMS 0x000000008c700000, 0x000000008c700000| Untracked 
| 200|0x000000008c800000, 0x000000008c800000, 0x000000008c900000|  0%| F|  |TAMS 0x000000008c800000, 0x000000008c800000| Untracked 
| 201|0x000000008c900000, 0x000000008c900000, 0x000000008ca00000|  0%| F|  |TAMS 0x000000008c900000, 0x000000008c900000| Untracked 
| 202|0x000000008ca00000, 0x000000008ca00000, 0x000000008cb00000|  0%| F|  |TAMS 0x000000008ca00000, 0x000000008ca00000| Untracked 
| 203|0x000000008cb00000, 0x000000008cb00000, 0x000000008cc00000|  0%| F|  |TAMS 0x000000008cb00000, 0x000000008cb00000| Untracked 
| 204|0x000000008cc00000, 0x000000008cc00000, 0x000000008cd00000|  0%| F|  |TAMS 0x000000008cc00000, 0x000000008cc00000| Untracked 
| 205|0x000000008cd00000, 0x000000008cd00000, 0x000000008ce00000|  0%| F|  |TAMS 0x000000008cd00000, 0x000000008cd00000| Untracked 
| 206|0x000000008ce00000, 0x000000008ce00000, 0x000000008cf00000|  0%| F|  |TAMS 0x000000008ce00000, 0x000000008ce00000| Untracked 
| 207|0x000000008cf00000, 0x000000008cf00000, 0x000000008d000000|  0%| F|  |TAMS 0x000000008cf00000, 0x000000008cf00000| Untracked 
| 208|0x000000008d000000, 0x000000008d000000, 0x000000008d100000|  0%| F|  |TAMS 0x000000008d000000, 0x000000008d000000| Untracked 
| 209|0x000000008d100000, 0x000000008d100000, 0x000000008d200000|  0%| F|  |TAMS 0x000000008d100000, 0x000000008d100000| Untracked 
| 210|0x000000008d200000, 0x000000008d200000, 0x000000008d300000|  0%| F|  |TAMS 0x000000008d200000, 0x000000008d200000| Untracked 
| 211|0x000000008d300000, 0x000000008d300000, 0x000000008d400000|  0%| F|  |TAMS 0x000000008d300000, 0x000000008d300000| Untracked 
| 212|0x000000008d400000, 0x000000008d400000, 0x000000008d500000|  0%| F|  |TAMS 0x000000008d400000, 0x000000008d400000| Untracked 
| 213|0x000000008d500000, 0x000000008d500000, 0x000000008d600000|  0%| F|  |TAMS 0x000000008d500000, 0x000000008d500000| Untracked 
| 214|0x000000008d600000, 0x000000008d600000, 0x000000008d700000|  0%| F|  |TAMS 0x000000008d600000, 0x000000008d600000| Untracked 
| 215|0x000000008d700000, 0x000000008d700000, 0x000000008d800000|  0%| F|  |TAMS 0x000000008d700000, 0x000000008d700000| Untracked 
| 216|0x000000008d800000, 0x000000008d800000, 0x000000008d900000|  0%| F|  |TAMS 0x000000008d800000, 0x000000008d800000| Untracked 
| 217|0x000000008d900000, 0x000000008d900000, 0x000000008da00000|  0%| F|  |TAMS 0x000000008d900000, 0x000000008d900000| Untracked 
| 218|0x000000008da00000, 0x000000008da00000, 0x000000008db00000|  0%| F|  |TAMS 0x000000008da00000, 0x000000008da00000| Untracked 
| 219|0x000000008db00000, 0x000000008db00000, 0x000000008dc00000|  0%| F|  |TAMS 0x000000008db00000, 0x000000008db00000| Untracked 
| 220|0x000000008dc00000, 0x000000008dc00000, 0x000000008dd00000|  0%| F|  |TAMS 0x000000008dc00000, 0x000000008dc00000| Untracked 
| 221|0x000000008dd00000, 0x000000008dd00000, 0x000000008de00000|  0%| F|  |TAMS 0x000000008dd00000, 0x000000008dd00000| Untracked 
| 222|0x000000008de00000, 0x000000008de00000, 0x000000008df00000|  0%| F|  |TAMS 0x000000008de00000, 0x000000008de00000| Untracked 
| 223|0x000000008df00000, 0x000000008df00000, 0x000000008e000000|  0%| F|  |TAMS 0x000000008df00000, 0x000000008df00000| Untracked 
| 224|0x000000008e000000, 0x000000008e000000, 0x000000008e100000|  0%| F|  |TAMS 0x000000008e000000, 0x000000008e000000| Untracked 
| 225|0x000000008e100000, 0x000000008e100000, 0x000000008e200000|  0%| F|  |TAMS 0x000000008e100000, 0x000000008e100000| Untracked 
| 226|0x000000008e200000, 0x000000008e200000, 0x000000008e300000|  0%| F|  |TAMS 0x000000008e200000, 0x000000008e200000| Untracked 
| 227|0x000000008e300000, 0x000000008e300000, 0x000000008e400000|  0%| F|  |TAMS 0x000000008e300000, 0x000000008e300000| Untracked 
| 228|0x000000008e400000, 0x000000008e400000, 0x000000008e500000|  0%| F|  |TAMS 0x000000008e400000, 0x000000008e400000| Untracked 
| 229|0x000000008e500000, 0x000000008e500000, 0x000000008e600000|  0%| F|  |TAMS 0x000000008e500000, 0x000000008e500000| Untracked 
| 230|0x000000008e600000, 0x000000008e600000, 0x000000008e700000|  0%| F|  |TAMS 0x000000008e600000, 0x000000008e600000| Untracked 
| 231|0x000000008e700000, 0x000000008e700000, 0x000000008e800000|  0%| F|  |TAMS 0x000000008e700000, 0x000000008e700000| Untracked 
| 232|0x000000008e800000, 0x000000008e800000, 0x000000008e900000|  0%| F|  |TAMS 0x000000008e800000, 0x000000008e800000| Untracked 
| 233|0x000000008e900000, 0x000000008e900000, 0x000000008ea00000|  0%| F|  |TAMS 0x000000008e900000, 0x000000008e900000| Untracked 
| 234|0x000000008ea00000, 0x000000008ea00000, 0x000000008eb00000|  0%| F|  |TAMS 0x000000008ea00000, 0x000000008ea00000| Untracked 
| 235|0x000000008eb00000, 0x000000008eb00000, 0x000000008ec00000|  0%| F|  |TAMS 0x000000008eb00000, 0x000000008eb00000| Untracked 
| 236|0x000000008ec00000, 0x000000008ec00000, 0x000000008ed00000|  0%| F|  |TAMS 0x000000008ec00000, 0x000000008ec00000| Untracked 
| 237|0x000000008ed00000, 0x000000008ed00000, 0x000000008ee00000|  0%| F|  |TAMS 0x000000008ed00000, 0x000000008ed00000| Untracked 
| 238|0x000000008ee00000, 0x000000008ee00000, 0x000000008ef00000|  0%| F|  |TAMS 0x000000008ee00000, 0x000000008ee00000| Untracked 
| 239|0x000000008ef00000, 0x000000008ef00000, 0x000000008f000000|  0%| F|  |TAMS 0x000000008ef00000, 0x000000008ef00000| Untracked 
| 240|0x000000008f000000, 0x000000008f000000, 0x000000008f100000|  0%| F|  |TAMS 0x000000008f000000, 0x000000008f000000| Untracked 
| 241|0x000000008f100000, 0x000000008f100000, 0x000000008f200000|  0%| F|  |TAMS 0x000000008f100000, 0x000000008f100000| Untracked 
| 242|0x000000008f200000, 0x000000008f200000, 0x000000008f300000|  0%| F|  |TAMS 0x000000008f200000, 0x000000008f200000| Untracked 
| 243|0x000000008f300000, 0x000000008f300000, 0x000000008f400000|  0%| F|  |TAMS 0x000000008f300000, 0x000000008f300000| Untracked 
| 244|0x000000008f400000, 0x000000008f400000, 0x000000008f500000|  0%| F|  |TAMS 0x000000008f400000, 0x000000008f400000| Untracked 
| 245|0x000000008f500000, 0x000000008f500000, 0x000000008f600000|  0%| F|  |TAMS 0x000000008f500000, 0x000000008f500000| Untracked 
| 246|0x000000008f600000, 0x000000008f600000, 0x000000008f700000|  0%| F|  |TAMS 0x000000008f600000, 0x000000008f600000| Untracked 
| 247|0x000000008f700000, 0x000000008f700000, 0x000000008f800000|  0%| F|  |TAMS 0x000000008f700000, 0x000000008f700000| Untracked 
| 248|0x000000008f800000, 0x000000008f800000, 0x000000008f900000|  0%| F|  |TAMS 0x000000008f800000, 0x000000008f800000| Untracked 
| 249|0x000000008f900000, 0x000000008f900000, 0x000000008fa00000|  0%| F|  |TAMS 0x000000008f900000, 0x000000008f900000| Untracked 
| 250|0x000000008fa00000, 0x000000008fa00000, 0x000000008fb00000|  0%| F|  |TAMS 0x000000008fa00000, 0x000000008fa00000| Untracked 
| 251|0x000000008fb00000, 0x000000008fb00000, 0x000000008fc00000|  0%| F|  |TAMS 0x000000008fb00000, 0x000000008fb00000| Untracked 
| 252|0x000000008fc00000, 0x000000008fc00000, 0x000000008fd00000|  0%| F|  |TAMS 0x000000008fc00000, 0x000000008fc00000| Untracked 
| 253|0x000000008fd00000, 0x000000008fd00000, 0x000000008fe00000|  0%| F|  |TAMS 0x000000008fd00000, 0x000000008fd00000| Untracked 
| 254|0x000000008fe00000, 0x000000008fe00000, 0x000000008ff00000|  0%| F|  |TAMS 0x000000008fe00000, 0x000000008fe00000| Untracked 
| 255|0x000000008ff00000, 0x000000008ff00000, 0x0000000090000000|  0%| F|  |TAMS 0x000000008ff00000, 0x000000008ff00000| Untracked 
| 256|0x0000000090000000, 0x0000000090000000, 0x0000000090100000|  0%| F|  |TAMS 0x0000000090000000, 0x0000000090000000| Untracked 
| 257|0x0000000090100000, 0x0000000090100000, 0x0000000090200000|  0%| F|  |TAMS 0x0000000090100000, 0x0000000090100000| Untracked 
| 258|0x0000000090200000, 0x0000000090200000, 0x0000000090300000|  0%| F|  |TAMS 0x0000000090200000, 0x0000000090200000| Untracked 
| 259|0x0000000090300000, 0x0000000090300000, 0x0000000090400000|  0%| F|  |TAMS 0x0000000090300000, 0x0000000090300000| Untracked 
| 260|0x0000000090400000, 0x0000000090400000, 0x0000000090500000|  0%| F|  |TAMS 0x0000000090400000, 0x0000000090400000| Untracked 
| 261|0x0000000090500000, 0x0000000090500000, 0x0000000090600000|  0%| F|  |TAMS 0x0000000090500000, 0x0000000090500000| Untracked 
| 262|0x0000000090600000, 0x0000000090600000, 0x0000000090700000|  0%| F|  |TAMS 0x0000000090600000, 0x0000000090600000| Untracked 
| 263|0x0000000090700000, 0x0000000090700000, 0x0000000090800000|  0%| F|  |TAMS 0x0000000090700000, 0x0000000090700000| Untracked 
| 264|0x0000000090800000, 0x0000000090800000, 0x0000000090900000|  0%| F|  |TAMS 0x0000000090800000, 0x0000000090800000| Untracked 
| 265|0x0000000090900000, 0x0000000090900000, 0x0000000090a00000|  0%| F|  |TAMS 0x0000000090900000, 0x0000000090900000| Untracked 
| 266|0x0000000090a00000, 0x0000000090a00000, 0x0000000090b00000|  0%| F|  |TAMS 0x0000000090a00000, 0x0000000090a00000| Untracked 
| 267|0x0000000090b00000, 0x0000000090c00000, 0x0000000090c00000|100%| E|  |TAMS 0x0000000090b00000, 0x0000000090b00000| Complete 
| 268|0x0000000090c00000, 0x0000000090d00000, 0x0000000090d00000|100%| E|CS|TAMS 0x0000000090c00000, 0x0000000090c00000| Complete 
| 269|0x0000000090d00000, 0x0000000090e00000, 0x0000000090e00000|100%| E|CS|TAMS 0x0000000090d00000, 0x0000000090d00000| Complete 
| 270|0x0000000090e00000, 0x0000000090f00000, 0x0000000090f00000|100%| E|CS|TAMS 0x0000000090e00000, 0x0000000090e00000| Complete 
| 271|0x0000000090f00000, 0x0000000091000000, 0x0000000091000000|100%| E|CS|TAMS 0x0000000090f00000, 0x0000000090f00000| Complete 
| 272|0x0000000091000000, 0x0000000091100000, 0x0000000091100000|100%| E|CS|TAMS 0x0000000091000000, 0x0000000091000000| Complete 
| 273|0x0000000091100000, 0x0000000091200000, 0x0000000091200000|100%| E|CS|TAMS 0x0000000091100000, 0x0000000091100000| Complete 
| 274|0x0000000091200000, 0x0000000091300000, 0x0000000091300000|100%| E|CS|TAMS 0x0000000091200000, 0x0000000091200000| Complete 
| 275|0x0000000091300000, 0x0000000091400000, 0x0000000091400000|100%| E|CS|TAMS 0x0000000091300000, 0x0000000091300000| Complete 
| 276|0x0000000091400000, 0x0000000091500000, 0x0000000091500000|100%| E|CS|TAMS 0x0000000091400000, 0x0000000091400000| Complete 
| 277|0x0000000091500000, 0x0000000091600000, 0x0000000091600000|100%| E|CS|TAMS 0x0000000091500000, 0x0000000091500000| Complete 
| 278|0x0000000091600000, 0x0000000091700000, 0x0000000091700000|100%| E|CS|TAMS 0x0000000091600000, 0x0000000091600000| Complete 
| 279|0x0000000091700000, 0x0000000091800000, 0x0000000091800000|100%| E|CS|TAMS 0x0000000091700000, 0x0000000091700000| Complete 
| 280|0x0000000091800000, 0x0000000091900000, 0x0000000091900000|100%| E|CS|TAMS 0x0000000091800000, 0x0000000091800000| Complete 
| 281|0x0000000091900000, 0x0000000091a00000, 0x0000000091a00000|100%| E|CS|TAMS 0x0000000091900000, 0x0000000091900000| Complete 
| 282|0x0000000091a00000, 0x0000000091b00000, 0x0000000091b00000|100%| E|CS|TAMS 0x0000000091a00000, 0x0000000091a00000| Complete 
| 283|0x0000000091b00000, 0x0000000091b6e3f0, 0x0000000091c00000| 43%| S|CS|TAMS 0x0000000091b00000, 0x0000000091b00000| Complete 
| 284|0x0000000091c00000, 0x0000000091d00000, 0x0000000091d00000|100%| S|CS|TAMS 0x0000000091c00000, 0x0000000091c00000| Complete 
| 285|0x0000000091d00000, 0x0000000091e00000, 0x0000000091e00000|100%| S|CS|TAMS 0x0000000091d00000, 0x0000000091d00000| Complete 
| 286|0x0000000091e00000, 0x0000000091f00000, 0x0000000091f00000|100%| S|CS|TAMS 0x0000000091e00000, 0x0000000091e00000| Complete 
| 287|0x0000000091f00000, 0x0000000092000000, 0x0000000092000000|100%| S|CS|TAMS 0x0000000091f00000, 0x0000000091f00000| Complete 
| 288|0x0000000092000000, 0x0000000092100000, 0x0000000092100000|100%| S|CS|TAMS 0x0000000092000000, 0x0000000092000000| Complete 
| 289|0x0000000092100000, 0x0000000092200000, 0x0000000092200000|100%| E|CS|TAMS 0x0000000092100000, 0x0000000092100000| Complete 
| 290|0x0000000092200000, 0x0000000092300000, 0x0000000092300000|100%| E|CS|TAMS 0x0000000092200000, 0x0000000092200000| Complete 
| 291|0x0000000092300000, 0x0000000092400000, 0x0000000092400000|100%| E|CS|TAMS 0x0000000092300000, 0x0000000092300000| Complete 
| 292|0x0000000092400000, 0x0000000092500000, 0x0000000092500000|100%| E|CS|TAMS 0x0000000092400000, 0x0000000092400000| Complete 
| 293|0x0000000092500000, 0x0000000092600000, 0x0000000092600000|100%| E|CS|TAMS 0x0000000092500000, 0x0000000092500000| Complete 
| 294|0x0000000092600000, 0x0000000092700000, 0x0000000092700000|100%| E|CS|TAMS 0x0000000092600000, 0x0000000092600000| Complete 
| 295|0x0000000092700000, 0x0000000092800000, 0x0000000092800000|100%| E|CS|TAMS 0x0000000092700000, 0x0000000092700000| Complete 
| 296|0x0000000092800000, 0x0000000092900000, 0x0000000092900000|100%| E|CS|TAMS 0x0000000092800000, 0x0000000092800000| Complete 
| 297|0x0000000092900000, 0x0000000092a00000, 0x0000000092a00000|100%| E|  |TAMS 0x0000000092900000, 0x0000000092900000| Complete 
| 298|0x0000000092a00000, 0x0000000092b00000, 0x0000000092b00000|100%| E|CS|TAMS 0x0000000092a00000, 0x0000000092a00000| Complete 
| 299|0x0000000092b00000, 0x0000000092c00000, 0x0000000092c00000|100%| E|CS|TAMS 0x0000000092b00000, 0x0000000092b00000| Complete 
| 300|0x0000000092c00000, 0x0000000092d00000, 0x0000000092d00000|100%| E|CS|TAMS 0x0000000092c00000, 0x0000000092c00000| Complete 
| 301|0x0000000092d00000, 0x0000000092e00000, 0x0000000092e00000|100%| E|CS|TAMS 0x0000000092d00000, 0x0000000092d00000| Complete 
| 302|0x0000000092e00000, 0x0000000092f00000, 0x0000000092f00000|100%| E|CS|TAMS 0x0000000092e00000, 0x0000000092e00000| Complete 
| 303|0x0000000092f00000, 0x0000000093000000, 0x0000000093000000|100%| E|CS|TAMS 0x0000000092f00000, 0x0000000092f00000| Complete 
| 304|0x0000000093000000, 0x0000000093100000, 0x0000000093100000|100%| E|CS|TAMS 0x0000000093000000, 0x0000000093000000| Complete 
| 305|0x0000000093100000, 0x0000000093200000, 0x0000000093200000|100%| E|CS|TAMS 0x0000000093100000, 0x0000000093100000| Complete 
| 306|0x0000000093200000, 0x0000000093300000, 0x0000000093300000|100%| E|CS|TAMS 0x0000000093200000, 0x0000000093200000| Complete 
| 307|0x0000000093300000, 0x0000000093400000, 0x0000000093400000|100%| E|CS|TAMS 0x0000000093300000, 0x0000000093300000| Complete 
| 308|0x0000000093400000, 0x0000000093500000, 0x0000000093500000|100%| E|CS|TAMS 0x0000000093400000, 0x0000000093400000| Complete 
| 309|0x0000000093500000, 0x0000000093600000, 0x0000000093600000|100%| E|CS|TAMS 0x0000000093500000, 0x0000000093500000| Complete 
| 310|0x0000000093600000, 0x0000000093700000, 0x0000000093700000|100%| E|CS|TAMS 0x0000000093600000, 0x0000000093600000| Complete 
| 311|0x0000000093700000, 0x0000000093800000, 0x0000000093800000|100%| E|CS|TAMS 0x0000000093700000, 0x0000000093700000| Complete 
| 312|0x0000000093800000, 0x0000000093900000, 0x0000000093900000|100%| E|CS|TAMS 0x0000000093800000, 0x0000000093800000| Complete 
| 313|0x0000000093900000, 0x0000000093a00000, 0x0000000093a00000|100%| E|CS|TAMS 0x0000000093900000, 0x0000000093900000| Complete 
| 314|0x0000000093a00000, 0x0000000093b00000, 0x0000000093b00000|100%| E|CS|TAMS 0x0000000093a00000, 0x0000000093a00000| Complete 
| 315|0x0000000093b00000, 0x0000000093c00000, 0x0000000093c00000|100%| E|CS|TAMS 0x0000000093b00000, 0x0000000093b00000| Complete 
| 316|0x0000000093c00000, 0x0000000093d00000, 0x0000000093d00000|100%| E|CS|TAMS 0x0000000093c00000, 0x0000000093c00000| Complete 
| 317|0x0000000093d00000, 0x0000000093e00000, 0x0000000093e00000|100%| E|CS|TAMS 0x0000000093d00000, 0x0000000093d00000| Complete 

Card table byte_map: [0x00000219138b0000,0x0000021913cb0000] _byte_map_base: 0x00000219134b0000

Marking Bits (Prev, Next): (CMBitMap*) 0x000002197edce968, (CMBitMap*) 0x000002197edce9a0
 Prev Bits: [0x00000219140b0000, 0x00000219160b0000)
 Next Bits: [0x00000219160b0000, 0x00000219180b0000)

Polling page: 0x0000021900000000

Metaspace:

Usage:
  Non-class:     84.45 MB capacity,    83.01 MB ( 98%) used,     1.16 MB (  1%) free+waste,   294.13 KB ( <1%) overhead. 
      Class:     13.30 MB capacity,    12.40 MB ( 93%) used,   784.03 KB (  6%) free+waste,   131.44 KB ( <1%) overhead. 
       Both:     97.75 MB capacity,    95.41 MB ( 98%) used,     1.93 MB (  2%) free+waste,   425.56 KB ( <1%) overhead. 

Virtual space:
  Non-class space:       86.00 MB reserved,      84.75 MB ( 99%) committed 
      Class space:        1.00 GB reserved,      13.45 MB (  1%) committed 
             Both:        1.08 GB reserved,      98.20 MB (  9%) committed 

Chunk freelists:
   Non-Class:  176.00 KB
       Class:  89.00 KB
        Both:  265.00 KB

MaxMetaspaceSize: 17179869184.00 GB
CompressedClassSpaceSize: 1.00 GB

CodeHeap 'non-profiled nmethods': size=120000Kb used=10222Kb max_used=10222Kb free=109777Kb
 bounds [0x000002190b500000, 0x000002190bf00000, 0x0000021912a30000]
CodeHeap 'profiled nmethods': size=120000Kb used=28779Kb max_used=28779Kb free=91220Kb
 bounds [0x0000021903fd0000, 0x0000021905bf0000, 0x000002190b500000]
CodeHeap 'non-nmethods': size=5760Kb used=2309Kb max_used=2375Kb free=3450Kb
 bounds [0x0000021903a30000, 0x0000021903ca0000, 0x0000021903fd0000]
 total_blobs=14395 nmethods=13477 adapters=829
 compilation: enabled
              stopped_count=0, restarted_count=0
 full_count=0

Compilation events (20 events):
Event: 36.690 Thread 0x00000219223e8800 nmethod 13646 0x000002190befb390 code [0x000002190befb540, 0x000002190befb698]
Event: 36.690 Thread 0x00000219223e8800 13663       4       com.google.common.collect.ComparisonChain$InactiveComparisonChain::compare (2 bytes)
Event: 36.690 Thread 0x00000219223e8800 nmethod 13663 0x000002190befb890 code [0x000002190befba20, 0x000002190befba78]
Event: 36.690 Thread 0x00000219223e8800 13664       4       org.objectweb.asm.ClassReader::readUtf (161 bytes)
Event: 36.691 Thread 0x000002191b4ae000 nmethod 13655 0x0000021905be7f90 code [0x0000021905be81e0, 0x0000021905be89c8]
Event: 36.691 Thread 0x000002191b4ae000 13659       3       com.google.common.collect.ComparisonChain::start (4 bytes)
Event: 36.691 Thread 0x000002191b4ae000 nmethod 13659 0x0000021905be8c90 code [0x0000021905be8e40, 0x0000021905be8f38]
Event: 36.691 Thread 0x000002191b4ae000 13654       3       org.gradle.internal.normalization.java.impl.TypedMember::compare (41 bytes)
Event: 36.691 Thread 0x000002191b4ae000 nmethod 13654 0x0000021905be9010 code [0x0000021905be91e0, 0x0000021905be9498]
Event: 36.691 Thread 0x000002191b4ae000 13660       3       com.google.common.collect.Ordering::arbitrary (4 bytes)
Event: 36.691 Thread 0x000002191b4ae000 nmethod 13660 0x0000021905be9590 code [0x0000021905be9740, 0x0000021905be9838]
Event: 36.691 Thread 0x000002191b4ae000 13657       3       org.gradle.internal.normalization.java.impl.FieldMember::compareTo (23 bytes)
Event: 36.691 Thread 0x000002191b4ae000 nmethod 13657 0x0000021905be9910 code [0x0000021905be9b00, 0x0000021905be9e48]
Event: 36.692 Thread 0x000002191b4ae000 13656       3       org.gradle.internal.normalization.java.impl.FieldMember::compareTo (9 bytes)
Event: 36.692 Thread 0x000002191b4ae000 nmethod 13656 0x0000021905be9f90 code [0x0000021905bea180, 0x0000021905bea608]
Event: 36.692 Thread 0x000002191b4ae000 13662       3       com.google.common.collect.ComparisonChain$InactiveComparisonChain::compare (2 bytes)
Event: 36.692 Thread 0x000002191b4ae000 nmethod 13662 0x0000021905bea790 code [0x0000021905bea940, 0x0000021905beaa38]
Event: 36.692 Thread 0x000002191b4ae000 13661       3       com.google.common.collect.ComparisonChain$InactiveComparisonChain::compare (2 bytes)
Event: 36.692 Thread 0x000002191b4ae000 nmethod 13661 0x0000021905beab10 code [0x0000021905beacc0, 0x0000021905beadb8]
Event: 36.692 Thread 0x000002191b4ae000 13665       3       org.objectweb.asm.ClassReader::readField (667 bytes)

GC Heap History (20 events):
Event: 7.280 GC heap before
{Heap before GC invocations=7 (full 0):
 garbage-first heap   total 325632K, used 115021K [0x0000000080000000, 0x0000000100000000)
  region size 1024K, 94 young (96256K), 6 survivors (6144K)
 Metaspace       used 42459K, capacity 43382K, committed 43468K, reserved 1087488K
  class space    used 5390K, capacity 5750K, committed 5836K, reserved 1048576K
}
Event: 7.292 GC heap after
{Heap after GC invocations=8 (full 0):
 garbage-first heap   total 325632K, used 28086K [0x0000000080000000, 0x0000000100000000)
  region size 1024K, 12 young (12288K), 12 survivors (12288K)
 Metaspace       used 42459K, capacity 43382K, committed 43468K, reserved 1087488K
  class space    used 5390K, capacity 5750K, committed 5836K, reserved 1048576K
}
Event: 9.989 GC heap before
{Heap before GC invocations=8 (full 0):
 garbage-first heap   total 325632K, used 150966K [0x0000000080000000, 0x0000000100000000)
  region size 1024K, 129 young (132096K), 12 survivors (12288K)
 Metaspace       used 51485K, capacity 52884K, committed 53196K, reserved 1095680K
  class space    used 6556K, capacity 7045K, committed 7116K, reserved 1048576K
}
Event: 10.008 GC heap after
{Heap after GC invocations=9 (full 0):
 garbage-first heap   total 325632K, used 40964K [0x0000000080000000, 0x0000000100000000)
  region size 1024K, 17 young (17408K), 17 survivors (17408K)
 Metaspace       used 51485K, capacity 52884K, committed 53196K, reserved 1095680K
  class space    used 6556K, capacity 7045K, committed 7116K, reserved 1048576K
}
Event: 11.562 GC heap before
{Heap before GC invocations=9 (full 0):
 garbage-first heap   total 325632K, used 83972K [0x0000000080000000, 0x0000000100000000)
  region size 1024K, 60 young (61440K), 17 survivors (17408K)
 Metaspace       used 58679K, capacity 60100K, committed 60236K, reserved 1101824K
  class space    used 7397K, capacity 7931K, committed 8012K, reserved 1048576K
}
Event: 11.592 GC heap after
{Heap after GC invocations=10 (full 0):
 garbage-first heap   total 325632K, used 43935K [0x0000000080000000, 0x0000000100000000)
  region size 1024K, 13 young (13312K), 13 survivors (13312K)
 Metaspace       used 58679K, capacity 60100K, committed 60236K, reserved 1101824K
  class space    used 7397K, capacity 7931K, committed 8012K, reserved 1048576K
}
Event: 13.636 GC heap before
{Heap before GC invocations=11 (full 0):
 garbage-first heap   total 325632K, used 163743K [0x0000000080000000, 0x0000000100000000)
  region size 1024K, 130 young (133120K), 13 survivors (13312K)
 Metaspace       used 68390K, capacity 69997K, committed 70092K, reserved 1110016K
  class space    used 8791K, capacity 9379K, committed 9420K, reserved 1048576K
}
Event: 13.652 GC heap after
{Heap after GC invocations=12 (full 0):
 garbage-first heap   total 325632K, used 53765K [0x0000000080000000, 0x0000000100000000)
  region size 1024K, 12 young (12288K), 12 survivors (12288K)
 Metaspace       used 68390K, capacity 69997K, committed 70092K, reserved 1110016K
  class space    used 8791K, capacity 9379K, committed 9420K, reserved 1048576K
}
Event: 16.180 GC heap before
{Heap before GC invocations=12 (full 0):
 garbage-first heap   total 325632K, used 182789K [0x0000000080000000, 0x0000000100000000)
  region size 1024K, 138 young (141312K), 12 survivors (12288K)
 Metaspace       used 77880K, capacity 79675K, committed 79948K, reserved 1118208K
  class space    used 10101K, capacity 10760K, committed 10828K, reserved 1048576K
}
Event: 16.198 GC heap after
{Heap after GC invocations=13 (full 0):
 garbage-first heap   total 325632K, used 62419K [0x0000000080000000, 0x0000000100000000)
  region size 1024K, 18 young (18432K), 18 survivors (18432K)
 Metaspace       used 77880K, capacity 79675K, committed 79948K, reserved 1118208K
  class space    used 10101K, capacity 10760K, committed 10828K, reserved 1048576K
}
Event: 20.228 GC heap before
{Heap before GC invocations=13 (full 0):
 garbage-first heap   total 325632K, used 198611K [0x0000000080000000, 0x0000000100000000)
  region size 1024K, 152 young (155648K), 18 survivors (18432K)
 Metaspace       used 83750K, capacity 85880K, committed 86220K, reserved 1124352K
  class space    used 10790K, capacity 11608K, committed 11724K, reserved 1048576K
}
Event: 20.255 GC heap after
{Heap after GC invocations=14 (full 0):
 garbage-first heap   total 325632K, used 72849K [0x0000000080000000, 0x0000000100000000)
  region size 1024K, 19 young (19456K), 19 survivors (19456K)
 Metaspace       used 83750K, capacity 85880K, committed 86220K, reserved 1124352K
  class space    used 10790K, capacity 11608K, committed 11724K, reserved 1048576K
}
Event: 24.270 GC heap before
{Heap before GC invocations=14 (full 0):
 garbage-first heap   total 325632K, used 225425K [0x0000000080000000, 0x0000000100000000)
  region size 1024K, 154 young (157696K), 19 survivors (19456K)
 Metaspace       used 92526K, capacity 94884K, committed 94924K, reserved 1130496K
  class space    used 12113K, capacity 12964K, committed 13004K, reserved 1048576K
}
Event: 24.309 GC heap after
{Heap after GC invocations=15 (full 0):
 garbage-first heap   total 325632K, used 106411K [0x0000000080000000, 0x0000000100000000)
  region size 1024K, 20 young (20480K), 20 survivors (20480K)
 Metaspace       used 92526K, capacity 94884K, committed 94924K, reserved 1130496K
  class space    used 12113K, capacity 12964K, committed 13004K, reserved 1048576K
}
Event: 28.489 GC heap before
{Heap before GC invocations=15 (full 0):
 garbage-first heap   total 325632K, used 226219K [0x0000000080000000, 0x0000000100000000)
  region size 1024K, 135 young (138240K), 20 survivors (20480K)
 Metaspace       used 95513K, capacity 98040K, committed 98252K, reserved 1134592K
  class space    used 12520K, capacity 13466K, committed 13516K, reserved 1048576K
}
Event: 28.561 GC heap after
{Heap after GC invocations=16 (full 0):
 garbage-first heap   total 325632K, used 138000K [0x0000000080000000, 0x0000000100000000)
  region size 1024K, 17 young (17408K), 17 survivors (17408K)
 Metaspace       used 95513K, capacity 98040K, committed 98252K, reserved 1134592K
  class space    used 12520K, capacity 13466K, committed 13516K, reserved 1048576K
}
Event: 34.158 GC heap before
{Heap before GC invocations=16 (full 0):
 garbage-first heap   total 325632K, used 237328K [0x0000000080000000, 0x0000000100000000)
  region size 1024K, 112 young (114688K), 17 survivors (17408K)
 Metaspace       used 97450K, capacity 100061K, committed 100300K, reserved 1136640K
  class space    used 12729K, capacity 13702K, committed 13772K, reserved 1048576K
}
Event: 34.189 GC heap after
{Heap after GC invocations=17 (full 0):
 garbage-first heap   total 325632K, used 155648K [0x0000000080000000, 0x0000000100000000)
  region size 1024K, 11 young (11264K), 11 survivors (11264K)
 Metaspace       used 97450K, capacity 100061K, committed 100300K, reserved 1136640K
  class space    used 12729K, capacity 13702K, committed 13772K, reserved 1048576K
}
Event: 35.089 GC heap before
{Heap before GC invocations=17 (full 0):
 garbage-first heap   total 325632K, used 184320K [0x0000000080000000, 0x0000000100000000)
  region size 1024K, 40 young (40960K), 11 survivors (11264K)
 Metaspace       used 97562K, capacity 100135K, committed 100300K, reserved 1136640K
  class space    used 12731K, capacity 13704K, committed 13772K, reserved 1048576K
}
Event: 35.102 GC heap after
{Heap after GC invocations=18 (full 0):
 garbage-first heap   total 325632K, used 162232K [0x0000000080000000, 0x0000000100000000)
  region size 1024K, 6 young (6144K), 6 survivors (6144K)
 Metaspace       used 97562K, capacity 100135K, committed 100300K, reserved 1136640K
  class space    used 12731K, capacity 13704K, committed 13772K, reserved 1048576K
}

Deoptimization events (20 events):
Event: 36.685 Thread 0x000002191e98a800 Uncommon trap: trap_request=0xffffff4d fr.pc=0x000002190b892fe8 relative=0x0000000000000668
Event: 36.685 Thread 0x000002191e98a800 Uncommon trap: reason=unstable_if action=reinterpret pc=0x000002190b892fe8 method=org.objectweb.asm.MethodWriter.visitInsn(I)V @ 32 c2
Event: 36.685 Thread 0x000002191e98a800 DEOPT PACKING pc=0x000002190b892fe8 sp=0x000000a7fd1fbba0
Event: 36.685 Thread 0x000002191e98a800 DEOPT UNPACKING pc=0x0000021903a578af sp=0x000000a7fd1fbb80 mode 2
Event: 36.685 Thread 0x000002191e98a800 Uncommon trap: trap_request=0xffffff4d fr.pc=0x000002190ba0d828 relative=0x0000000000000328
Event: 36.685 Thread 0x000002191e98a800 Uncommon trap: reason=unstable_if action=reinterpret pc=0x000002190ba0d828 method=org.objectweb.asm.MethodWriter.visitLdcInsn(Ljava/lang/Object;)V @ 144 c2
Event: 36.685 Thread 0x000002191e98a800 DEOPT PACKING pc=0x000002190ba0d828 sp=0x000000a7fd1fbbd0
Event: 36.685 Thread 0x000002191e98a800 DEOPT UNPACKING pc=0x0000021903a578af sp=0x000000a7fd1fbb60 mode 2
Event: 36.685 Thread 0x000002191e98a800 Uncommon trap: trap_request=0xffffff4d fr.pc=0x000002190b8744c4 relative=0x0000000000000704
Event: 36.685 Thread 0x000002191e98a800 Uncommon trap: reason=unstable_if action=reinterpret pc=0x000002190b8744c4 method=org.objectweb.asm.MethodWriter.visitMethodInsn(ILjava/lang/String;Ljava/lang/String;Ljava/lang/String;Z)V @ 89 c2
Event: 36.685 Thread 0x000002191e98a800 DEOPT PACKING pc=0x000002190b8744c4 sp=0x000000a7fd1fbb90
Event: 36.685 Thread 0x000002191e98a800 DEOPT UNPACKING pc=0x0000021903a578af sp=0x000000a7fd1fbb48 mode 2
Event: 36.685 Thread 0x000002191e98a800 Uncommon trap: trap_request=0xffffff4d fr.pc=0x000002190b88bd18 relative=0x00000000000005d8
Event: 36.685 Thread 0x000002191e98a800 Uncommon trap: reason=unstable_if action=reinterpret pc=0x000002190b88bd18 method=org.objectweb.asm.MethodWriter.endCurrentBasicBlockWithNoSuccessor()V @ 5 c2
Event: 36.685 Thread 0x000002191e98a800 DEOPT PACKING pc=0x000002190b88bd18 sp=0x000000a7fd1fbb30
Event: 36.685 Thread 0x000002191e98a800 DEOPT UNPACKING pc=0x0000021903a578af sp=0x000000a7fd1fbb10 mode 2
Event: 36.685 Thread 0x000002191e98a800 Uncommon trap: trap_request=0xffffff4d fr.pc=0x000002190b99625c relative=0x000000000000009c
Event: 36.685 Thread 0x000002191e98a800 Uncommon trap: reason=unstable_if action=reinterpret pc=0x000002190b99625c method=org.objectweb.asm.MethodWriter.visitMaxs(II)V @ 35 c2
Event: 36.685 Thread 0x000002191e98a800 DEOPT PACKING pc=0x000002190b99625c sp=0x000000a7fd1fbbe0
Event: 36.685 Thread 0x000002191e98a800 DEOPT UNPACKING pc=0x0000021903a578af sp=0x000000a7fd1fbb78 mode 2

Classes redefined (0 events):
No events

Internal exceptions (20 events):
Event: 35.360 Thread 0x00000219223e7000 Exception <a 'sun/nio/fs/WindowsException'{0x0000000093cea840}> (0x0000000093cea840) thrown at [./src/hotspot/share/prims/jni.cpp, line 615]
Event: 35.776 Thread 0x00000219223e7000 Exception <a 'sun/nio/fs/WindowsException'{0x000000009325e788}> (0x000000009325e788) thrown at [./src/hotspot/share/prims/jni.cpp, line 615]
Event: 35.803 Thread 0x00000219223da800 Exception <a 'sun/nio/fs/WindowsException'{0x0000000093107aa8}> (0x0000000093107aa8) thrown at [./src/hotspot/share/prims/jni.cpp, line 615]
Event: 35.810 Thread 0x00000219223db800 Exception <a 'sun/nio/fs/WindowsException'{0x00000000930b6660}> (0x00000000930b6660) thrown at [./src/hotspot/share/prims/jni.cpp, line 615]
Event: 35.828 Thread 0x00000219223dd000 Exception <a 'sun/nio/fs/WindowsException'{0x0000000092f13a40}> (0x0000000092f13a40) thrown at [./src/hotspot/share/prims/jni.cpp, line 615]
Event: 35.839 Thread 0x00000219223e0800 Exception <a 'sun/nio/fs/WindowsException'{0x0000000092faa968}> (0x0000000092faa968) thrown at [./src/hotspot/share/prims/jni.cpp, line 615]
Event: 35.958 Thread 0x00000219223da800 Exception <a 'sun/nio/fs/WindowsException'{0x0000000092ba2c80}> (0x0000000092ba2c80) thrown at [./src/hotspot/share/prims/jni.cpp, line 615]
Event: 35.958 Thread 0x00000219223e1000 Exception <a 'sun/nio/fs/WindowsException'{0x0000000092ba5b80}> (0x0000000092ba5b80) thrown at [./src/hotspot/share/prims/jni.cpp, line 615]
Event: 36.049 Thread 0x00000219223dd000 Exception <a 'sun/nio/fs/WindowsException'{0x0000000092a80a70}> (0x0000000092a80a70) thrown at [./src/hotspot/share/prims/jni.cpp, line 615]
Event: 36.061 Thread 0x00000219223db800 Exception <a 'sun/nio/fs/WindowsException'{0x0000000092911ce0}> (0x0000000092911ce0) thrown at [./src/hotspot/share/prims/jni.cpp, line 615]
Event: 36.090 Thread 0x00000219223e7000 Exception <a 'sun/nio/fs/WindowsException'{0x00000000929d96f0}> (0x00000000929d96f0) thrown at [./src/hotspot/share/prims/jni.cpp, line 615]
Event: 36.114 Thread 0x00000219223db800 Exception <a 'sun/nio/fs/WindowsException'{0x000000009280cbe0}> (0x000000009280cbe0) thrown at [./src/hotspot/share/prims/jni.cpp, line 615]
Event: 36.148 Thread 0x00000219223e7000 Exception <a 'sun/nio/fs/WindowsException'{0x000000009286cc60}> (0x000000009286cc60) thrown at [./src/hotspot/share/prims/jni.cpp, line 615]
Event: 36.154 Thread 0x00000219223db800 Exception <a 'sun/nio/fs/WindowsException'{0x0000000092705540}> (0x0000000092705540) thrown at [./src/hotspot/share/prims/jni.cpp, line 615]
Event: 36.178 Thread 0x0000021924367000 Exception <a 'java/lang/NoSuchMethodError'{0x000000009277acf8}: 'void java.lang.invoke.DirectMethodHandle$Holder.invokeVirtual(java.lang.Object, java.lang.Object, int)'> (0x000000009277acf8) thrown at [./src/hotspot/share/interpreter/linkResolver.cpp, line 773]
Event: 36.199 Thread 0x00000219223e7000 Exception <a 'sun/nio/fs/WindowsException'{0x0000000092797400}> (0x0000000092797400) thrown at [./src/hotspot/share/prims/jni.cpp, line 615]
Event: 36.302 Thread 0x00000219223e7000 Exception <a 'sun/nio/fs/WindowsException'{0x00000000927f6d00}> (0x00000000927f6d00) thrown at [./src/hotspot/share/prims/jni.cpp, line 615]
Event: 36.352 Thread 0x00000219223dc800 Exception <a 'sun/nio/fs/WindowsException'{0x00000000923742d0}> (0x00000000923742d0) thrown at [./src/hotspot/share/prims/jni.cpp, line 615]
Event: 36.365 Thread 0x000002191e98a800 Exception <a 'sun/nio/fs/WindowsException'{0x000000009233b268}> (0x000000009233b268) thrown at [./src/hotspot/share/prims/jni.cpp, line 615]
Event: 36.422 Thread 0x00000219223df800 Exception <a 'sun/nio/fs/WindowsException'{0x0000000092a07fb0}> (0x0000000092a07fb0) thrown at [./src/hotspot/share/prims/jni.cpp, line 615]

Events (20 events):
Event: 36.678 loading class org/gradle/internal/normalization/java/impl/TypedMember
Event: 36.678 loading class org/gradle/internal/normalization/java/impl/TypedMember done
Event: 36.679 loading class com/google/common/collect/Ordering$ArbitraryOrderingHolder
Event: 36.679 loading class com/google/common/collect/Ordering$ArbitraryOrderingHolder done
Event: 36.680 loading class com/google/common/collect/Ordering$ArbitraryOrdering
Event: 36.680 loading class com/google/common/collect/Ordering$ArbitraryOrdering done
Event: 36.680 loading class com/google/common/collect/MapMakerInternalMap$WeakKeyStrongValueEntry$Helper
Event: 36.680 loading class com/google/common/collect/MapMakerInternalMap$WeakKeyStrongValueEntry$Helper done
Event: 36.681 loading class com/google/common/collect/MapMakerInternalMap$WeakKeyStrongValueSegment
Event: 36.681 loading class com/google/common/collect/MapMakerInternalMap$WeakKeyStrongValueSegment done
Event: 36.683 loading class org/gradle/internal/normalization/java/impl/MethodMember
Event: 36.683 loading class org/gradle/internal/normalization/java/impl/MethodMember done
Event: 36.684 loading class org/gradle/internal/normalization/java/impl/AnnotationMember
Event: 36.684 loading class org/gradle/internal/normalization/java/impl/AnnotationMember done
Event: 36.684 loading class org/gradle/internal/normalization/java/impl/ParameterAnnotationMember
Event: 36.684 loading class org/gradle/internal/normalization/java/impl/ParameterAnnotationMember done
Event: 36.686 loading class org/gradle/internal/hash/HashCode
Event: 36.686 loading class org/gradle/internal/hash/HashCode done
Event: 36.686 loading class org/gradle/internal/hash/HashCode
Event: 36.686 loading class org/gradle/internal/hash/HashCode done


Dynamic libraries:
0x00007ff72ad30000 - 0x00007ff72ad3a000 	C:\Program Files\Android\Android Studio\jre\bin\java.exe
0x00007ffe94640000 - 0x00007ffe9484f000 	C:\WINDOWS\SYSTEM32\ntdll.dll
0x00007ffe776a0000 - 0x00007ffe776b5000 	C:\Program Files\Avast Software\Avast\aswhook.dll
0x00007ffe93420000 - 0x00007ffe934dd000 	C:\WINDOWS\System32\KERNEL32.DLL
0x00007ffe92070000 - 0x00007ffe923f6000 	C:\WINDOWS\System32\KERNELBASE.dll
0x00007ffe91da0000 - 0x00007ffe91eb1000 	C:\WINDOWS\System32\ucrtbase.dll
0x00007ffe8c800000 - 0x00007ffe8c819000 	C:\Program Files\Android\Android Studio\jre\bin\jli.dll
0x00007ffe94110000 - 0x00007ffe942ba000 	C:\WINDOWS\System32\USER32.dll
0x00007ffe91ba0000 - 0x00007ffe91bc6000 	C:\WINDOWS\System32\win32u.dll
0x00007ffe93e60000 - 0x00007ffe93e89000 	C:\WINDOWS\System32\GDI32.dll
0x00007ffe91f50000 - 0x00007ffe92067000 	C:\WINDOWS\System32\gdi32full.dll
0x00007ffe91b00000 - 0x00007ffe91b9b000 	C:\WINDOWS\System32\msvcp_win.dll
0x00007ffe8c770000 - 0x00007ffe8c787000 	C:\Program Files\Android\Android Studio\jre\bin\VCRUNTIME140.dll
0x00007ffe78780000 - 0x00007ffe78a21000 	C:\WINDOWS\WinSxS\amd64_microsoft.windows.common-controls_6595b64144ccf1df_6.0.22471.1000_none_228bc6e77ad112f7\COMCTL32.dll
0x00007ffe924c0000 - 0x00007ffe92564000 	C:\WINDOWS\System32\msvcrt.dll
0x00007ffe93220000 - 0x00007ffe93251000 	C:\WINDOWS\System32\IMM32.DLL
0x00007ffe83df0000 - 0x00007ffe83e8d000 	C:\Program Files\Android\Android Studio\jre\bin\msvcp140.dll
0x00007ffe48f20000 - 0x00007ffe499ef000 	C:\Program Files\Android\Android Studio\jre\bin\server\jvm.dll
0x00007ffe93370000 - 0x00007ffe9341e000 	C:\WINDOWS\System32\ADVAPI32.dll
0x00007ffe932c0000 - 0x00007ffe93361000 	C:\WINDOWS\System32\sechost.dll
0x00007ffe94380000 - 0x00007ffe944a0000 	C:\WINDOWS\System32\RPCRT4.dll
0x00007ffe92570000 - 0x00007ffe92578000 	C:\WINDOWS\System32\PSAPI.DLL
0x00007ffe84940000 - 0x00007ffe84949000 	C:\WINDOWS\SYSTEM32\WSOCK32.dll
0x00007ffe92f90000 - 0x00007ffe93001000 	C:\WINDOWS\System32\WS2_32.dll
0x00007ffe8d4e0000 - 0x00007ffe8d513000 	C:\WINDOWS\SYSTEM32\WINMM.dll
0x00007ffe8b2d0000 - 0x00007ffe8b2da000 	C:\WINDOWS\SYSTEM32\VERSION.dll
0x00007ffe90bb0000 - 0x00007ffe90bc8000 	C:\WINDOWS\SYSTEM32\kernel.appcore.dll
0x00007ffe83db0000 - 0x00007ffe83dc1000 	C:\Program Files\Android\Android Studio\jre\bin\verify.dll
0x00007ffe8a8e0000 - 0x00007ffe8ab07000 	C:\WINDOWS\SYSTEM32\DBGHELP.DLL
0x00007ffe92690000 - 0x00007ffe92a0e000 	C:\WINDOWS\System32\combase.dll
0x00007ffe8a7d0000 - 0x00007ffe8a801000 	C:\WINDOWS\SYSTEM32\dbgcore.DLL
0x00007ffe91ec0000 - 0x00007ffe91f41000 	C:\WINDOWS\System32\bcryptPrimitives.dll
0x00007ffe81d30000 - 0x00007ffe81d59000 	C:\Program Files\Android\Android Studio\jre\bin\java.dll
0x00007ffe8d5b0000 - 0x00007ffe8d5bb000 	C:\Program Files\Android\Android Studio\jre\bin\jimage.dll
0x00007ffe82820000 - 0x00007ffe82838000 	C:\Program Files\Android\Android Studio\jre\bin\zip.dll
0x00007ffe936a0000 - 0x00007ffe93e4b000 	C:\WINDOWS\System32\SHELL32.dll
0x00007ffe8fb40000 - 0x00007ffe9039c000 	C:\WINDOWS\SYSTEM32\windows.storage.dll
0x00007ffe8f9f0000 - 0x00007ffe8fb39000 	C:\WINDOWS\SYSTEM32\wintypes.dll
0x00007ffe925a0000 - 0x00007ffe92690000 	C:\WINDOWS\System32\SHCORE.dll
0x00007ffe93260000 - 0x00007ffe932bb000 	C:\WINDOWS\System32\shlwapi.dll
0x00007ffe91a30000 - 0x00007ffe91a51000 	C:\WINDOWS\SYSTEM32\profapi.dll
0x00007ffe82370000 - 0x00007ffe8238a000 	C:\Program Files\Android\Android Studio\jre\bin\net.dll
0x00007ffe8ca00000 - 0x00007ffe8cb10000 	C:\WINDOWS\SYSTEM32\WINHTTP.dll
0x00007ffe91000000 - 0x00007ffe91069000 	C:\WINDOWS\system32\mswsock.dll
0x00007ffe7ca20000 - 0x00007ffe7ca34000 	C:\Program Files\Android\Android Studio\jre\bin\nio.dll
0x00007ffe87890000 - 0x00007ffe878b7000 	C:\Users\gerso\.gradle\native\8bec1ad78214c89d9ad589b4d07fe93259594b29d510b10fafb7a158f7737e5d\windows-amd64\native-platform.dll
0x00007ffe7b290000 - 0x00007ffe7b3cd000 	C:\Users\gerso\.gradle\native\53dbd7edfb1c66fb8903c78663c9afc45aea4f116125fa6feffd364cf09443e8\windows-amd64\native-platform-file-events.dll
0x00007ffe8c6b0000 - 0x00007ffe8c6ba000 	C:\Program Files\Android\Android Studio\jre\bin\management.dll
0x00007ffe8ab10000 - 0x00007ffe8ab1c000 	C:\Program Files\Android\Android Studio\jre\bin\management_ext.dll
0x00007ffe91250000 - 0x00007ffe91268000 	C:\WINDOWS\SYSTEM32\CRYPTSP.dll
0x00007ffe90b10000 - 0x00007ffe90b45000 	C:\WINDOWS\system32\rsaenh.dll
0x00007ffe91100000 - 0x00007ffe91129000 	C:\WINDOWS\SYSTEM32\USERENV.dll
0x00007ffe913d0000 - 0x00007ffe913f8000 	C:\WINDOWS\SYSTEM32\bcrypt.dll
0x00007ffe91270000 - 0x00007ffe9127c000 	C:\WINDOWS\SYSTEM32\CRYPTBASE.dll
0x00007ffe905c0000 - 0x00007ffe905ed000 	C:\WINDOWS\SYSTEM32\IPHLPAPI.DLL
0x00007ffe93e50000 - 0x00007ffe93e59000 	C:\WINDOWS\System32\NSI.dll
0x00007ffe8c960000 - 0x00007ffe8c979000 	C:\WINDOWS\SYSTEM32\dhcpcsvc6.DLL
0x00007ffe8c940000 - 0x00007ffe8c95e000 	C:\WINDOWS\SYSTEM32\dhcpcsvc.DLL
0x00007ffe905f0000 - 0x00007ffe906e1000 	C:\WINDOWS\SYSTEM32\DNSAPI.dll

dbghelp: loaded successfully - version: 4.0.5 - missing functions: none
symbol engine: initialized successfully - sym options: 0x614 - pdb path: .;C:\Program Files\Android\Android Studio\jre\bin;C:\WINDOWS\SYSTEM32;C:\Program Files\Avast Software\Avast;C:\WINDOWS\WinSxS\amd64_microsoft.windows.common-controls_6595b64144ccf1df_6.0.22471.1000_none_228bc6e77ad112f7;C:\Program Files\Android\Android Studio\jre\bin\server;C:\Users\gerso\.gradle\native\8bec1ad78214c89d9ad589b4d07fe93259594b29d510b10fafb7a158f7737e5d\windows-amd64;C:\Users\gerso\.gradle\native\53dbd7edfb1c66fb8903c78663c9afc45aea4f116125fa6feffd364cf09443e8\windows-amd64

VM Arguments:
jvm_args: --add-opens=java.base/java.util=ALL-UNNAMED --add-opens=java.base/java.lang=ALL-UNNAMED --add-opens=java.base/java.lang.invoke=ALL-UNNAMED --add-opens=java.base/java.util=ALL-UNNAMED --add-opens=java.prefs/java.util.prefs=ALL-UNNAMED --add-opens=java.prefs/java.util.prefs=ALL-UNNAMED --add-opens=java.base/java.nio.charset=ALL-UNNAMED --add-opens=java.base/java.net=ALL-UNNAMED --add-opens=java.base/java.util.concurrent.atomic=ALL-UNNAMED -Xmx2048m -Dfile.encoding=UTF-8 -Duser.country=CO -Duser.language=es -Duser.variant 
java_command: org.gradle.launcher.daemon.bootstrap.GradleDaemon 7.0.2
java_class_path (initial): C:\Users\gerso\.gradle\wrapper\dists\gradle-7.0.2-bin\857tjihv64xamwrf0h14cai3r\gradle-7.0.2\lib\gradle-launcher-7.0.2.jar
Launcher Type: SUN_STANDARD

[Global flags]
     intx CICompilerCount                          = 4                                         {product} {ergonomic}
     uint ConcGCThreads                            = 2                                         {product} {ergonomic}
     uint G1ConcRefinementThreads                  = 8                                         {product} {ergonomic}
   size_t G1HeapRegionSize                         = 1048576                                   {product} {ergonomic}
    uintx GCDrainStackTargetSize                   = 64                                        {product} {ergonomic}
   size_t InitialHeapSize                          = 333447168                                 {product} {ergonomic}
   size_t MarkStackSize                            = 4194304                                   {product} {ergonomic}
   size_t MaxHeapSize                              = 2147483648                                {product} {command line}
   size_t MaxNewSize                               = 1287651328                                {product} {ergonomic}
   size_t MinHeapDeltaBytes                        = 1048576                                   {product} {ergonomic}
    uintx NonNMethodCodeHeapSize                   = 5836300                                {pd product} {ergonomic}
    uintx NonProfiledCodeHeapSize                  = 122910970                              {pd product} {ergonomic}
    uintx ProfiledCodeHeapSize                     = 122910970                              {pd product} {ergonomic}
    uintx ReservedCodeCacheSize                    = 251658240                              {pd product} {ergonomic}
     bool SegmentedCodeCache                       = true                                      {product} {ergonomic}
     bool UseCompressedClassPointers               = true                                 {lp64_product} {ergonomic}
     bool UseCompressedOops                        = true                                 {lp64_product} {ergonomic}
     bool UseG1GC                                  = true                                      {product} {ergonomic}
     bool UseLargePagesIndividualAllocation        = false                                  {pd product} {ergonomic}

Logging:
Log output configuration:
 #0: stdout all=warning uptime,level,tags
 #1: stderr all=off uptime,level,tags

Environment Variables:
PATH=C:\Program Files (x86)\Common Files\Oracle\Java\javapath;C:\ProgramData\Oracle\Java\javapath;C:\Program Files\Common Files\Oracle\Java\javapath;C:\oraclexe\app\oracle\product\11.2.0\server\bin;C:\Windows\system32;C:\Windows;C:\Windows\System32\Wbem;C:\Windows\System32\WindowsPowerShell\v1.0\;C:\Windows\System32\OpenSSH\;C:\Program Files (x86)\NVIDIA Corporation\PhysX\Common;C:\Program Files\NVIDIA Corporation\NVIDIA NvDLISR;C:\ProgramData\chocolatey\bin;C:\Program Files\Microsoft VS Code\bin;C:\WINDOWS\system32;C:\WINDOWS;C:\WINDOWS\System32\Wbem;C:\WINDOWS\System32\WindowsPowerShell\v1.0\;C:\WINDOWS\System32\OpenSSH\;C:\Program Files\Git\cmd;C:\Users\gerso\AppData\Local\Microsoft\WindowsApps;
USERNAME=gerso
OS=Windows_NT
PROCESSOR_IDENTIFIER=Intel64 Family 6 Model 158 Stepping 10, GenuineIntel



---------------  S Y S T E M  ---------------

OS: Windows 10 , 64 bit Build 22471 (10.0.22471.1000)
OS uptime: 1 days 6:00 hours

CPU:total 8 (initial active 8) (4 cores per cpu, 2 threads per core) family 6 model 158 stepping 10 microcode 0xec, cmov, cx8, fxsr, mmx, sse, sse2, sse3, ssse3, sse4.1, sse4.2, popcnt, avx, avx2, aes, clmul, erms, 3dnowpref, lzcnt, ht, tsc, tscinvbit, bmi1, bmi2, adx, fma

Memory: 4k page, system-wide physical 20322M (4318M free)
TotalPageFile size 27194M (AvailPageFile size 11M)
current process WorkingSet (physical memory assigned to process): 607M, peak: 625M
current process commit charge ("private bytes"): 655M, peak: 680M

vm_info: OpenJDK 64-Bit Server VM (11.0.10+0-b96-7249189) for windows-amd64 JRE (11.0.10+0-b96-7249189), built on Mar 31 2021 21:44:00 by "builder" with MS VC++ 14.0 (VS2015)

END.
