#
# There is insufficient memory for the Java Runtime Environment to continue.
# Native memory allocation (malloc) failed to allocate 1084976 bytes for Chunk::new
# Possible reasons:
#   The system is out of physical RAM or swap space
#   The process is running with CompressedOops enabled, and the Java Heap may be blocking the growth of the native heap
# Possible solutions:
#   Reduce memory load on the system
#   Increase physical memory or swap space
#   Check if swap backing store is full
#   Decrease Java heap size (-Xmx/-Xms)
#   Decrease number of Java threads
#   Decrease Java thread stack sizes (-Xss)
#   Set larger code cache with -XX:ReservedCodeCacheSize=
#   JVM is running with Unscaled Compressed Oops mode in which the Java heap is
#     placed in the first 4GB address space. The Java Heap base address is the
#     maximum limit for the native heap growth. Please use -XX:HeapBaseMinAddress
#     to set the Java Heap base and to place the Java Heap above 4GB virtual address.
# This output file may be truncated or incomplete.
#
#  Out of Memory Error (./src/hotspot/share/memory/arena.cpp:197), pid=12992, tid=9740
#
# JRE version: OpenJDK Runtime Environment (11.0.10) (build 11.0.10+0-b96-7249189)
# Java VM: OpenJDK 64-Bit Server VM (11.0.10+0-b96-7249189, mixed mode, tiered, compressed oops, g1 gc, windows-amd64)
# No core dump will be written. Minidumps are not enabled by default on client versions of Windows
#

---------------  S U M M A R Y ------------

Command Line: --add-opens=java.base/java.util=ALL-UNNAMED --add-opens=java.base/java.lang=ALL-UNNAMED --add-opens=java.base/java.lang.invoke=ALL-UNNAMED --add-opens=java.base/java.util=ALL-UNNAMED --add-opens=java.prefs/java.util.prefs=ALL-UNNAMED --add-opens=java.prefs/java.util.prefs=ALL-UNNAMED --add-opens=java.base/java.nio.charset=ALL-UNNAMED --add-opens=java.base/java.net=ALL-UNNAMED --add-opens=java.base/java.util.concurrent.atomic=ALL-UNNAMED -Xmx2048m -Dfile.encoding=UTF-8 -Duser.country=CO -Duser.language=es -Duser.variant org.gradle.launcher.daemon.bootstrap.GradleDaemon 7.0.2

Host: Intel(R) Core(TM) i5-8300H CPU @ 2.30GHz, 8 cores, 19G,  Windows 10 , 64 bit Build 22471 (10.0.22471.1000)
Time: Fri Oct  8 21:32:05 2021 Hora est. Pacífico, Sudamérica elapsed time: 138.703152 seconds (0d 0h 2m 18s)

---------------  T H R E A D  ---------------

Current thread (0x000001bb3720b800):  JavaThread "C2 CompilerThread2" daemon [_thread_in_native, id=9740, stack(0x000000a8b9a00000,0x000000a8b9b00000)]


Current CompileTask:
C2: 138703 20276       4       com.android.tools.r8.graph.u::a (95 bytes)

Stack: [0x000000a8b9a00000,0x000000a8b9b00000]
Native frames: (J=compiled Java code, j=interpreted, Vv=VM code, C=native code)
V  [jvm.dll+0x5ecfaa]
V  [jvm.dll+0x722bd5]
V  [jvm.dll+0x72412d]
V  [jvm.dll+0x7247e3]
V  [jvm.dll+0x242928]
V  [jvm.dll+0xbc4fc]
V  [jvm.dll+0xbca0c]
V  [jvm.dll+0x2b4fd4]
V  [jvm.dll+0x506028]
V  [jvm.dll+0x203253]
V  [jvm.dll+0x1fd07c]
V  [jvm.dll+0x1fa77f]
V  [jvm.dll+0x18354c]
V  [jvm.dll+0x208ee7]
V  [jvm.dll+0x207731]
V  [jvm.dll+0x6eb1cf]
V  [jvm.dll+0x6e3d45]
V  [jvm.dll+0x5ebe96]
C  [ucrtbase.dll+0x293cc]
C  [KERNEL32.DLL+0x16ab0]
C  [ntdll.dll+0x5c44b]


---------------  P R O C E S S  ---------------

Threads class SMR info:
_java_thread_list=0x000001bb34617d40, length=81, elements={
0x000001bb11dfb800, 0x000001bb2c28d000, 0x000001bb2c28e000, 0x000001bb2cb63800,
0x000001bb2cb64000, 0x000001bb2cb65800, 0x000001bb2cb6b800, 0x000001bb2cb6c800,
0x000001bb2cb7a000, 0x000001bb2ccf3800, 0x000001bb2e1bc000, 0x000001bb2ce23800,
0x000001bb2f564000, 0x000001bb2f378000, 0x000001bb2f37d000, 0x000001bb2f37e800,
0x000001bb2f379000, 0x000001bb2f379800, 0x000001bb2f37a800, 0x000001bb2f37b800,
0x000001bb30b88000, 0x000001bb30b85800, 0x000001bb30b87000, 0x000001bb30b86800,
0x000001bb30b89000, 0x000001bb30b89800, 0x000001bb30b90000, 0x000001bb30b8b800,
0x000001bb37829800, 0x000001bb37825800, 0x000001bb34c36800, 0x000001bb34c35000,
0x000001bb34c32800, 0x000001bb34c37800, 0x000001bb34c39000, 0x000001bb34c34000,
0x000001bb34c33800, 0x000001bb30b8a800, 0x000001bb30b84800, 0x000001bb30b92800,
0x000001bb30b93800, 0x000001bb30b8e800, 0x000001bb30b8d800, 0x000001bb30b8f800,
0x000001bb37826800, 0x000001bb37828800, 0x000001bb37827000, 0x000001bb37828000,
0x000001bb3782a800, 0x000001bb37824800, 0x000001bb2f37d800, 0x000001bb358a9000,
0x000001bb358a3800, 0x000001bb358a6800, 0x000001bb358a4000, 0x000001bb358aa000,
0x000001bb358a6000, 0x000001bb358a5000, 0x000001bb358ad000, 0x000001bb358aa800,
0x000001bb358a7800, 0x000001bb358a8800, 0x000001bb37368800, 0x000001bb3720b800,
0x000001bb358ae000, 0x000001bb358ab800, 0x000001bb358b0800, 0x000001bb358b2000,
0x000001bb358b1000, 0x000001bb3782b000, 0x000001bb33f9f000, 0x000001bb33f9f800,
0x000001bb33f9e000, 0x000001bb33fa1800, 0x000001bb33fa0800, 0x000001bb33fa3000,
0x000001bb33fa2000, 0x000001bb33f9d000, 0x000001bb33fa4800, 0x000001bb33fa7000,
0x000001bb33fa3800
}

Java Threads: ( => current thread )
  0x000001bb11dfb800 JavaThread "main" [_thread_blocked, id=16884, stack(0x000000a8b4800000,0x000000a8b4900000)]
  0x000001bb2c28d000 JavaThread "Reference Handler" daemon [_thread_blocked, id=12368, stack(0x000000a8b4f00000,0x000000a8b5000000)]
  0x000001bb2c28e000 JavaThread "Finalizer" daemon [_thread_blocked, id=19708, stack(0x000000a8b5000000,0x000000a8b5100000)]
  0x000001bb2cb63800 JavaThread "Signal Dispatcher" daemon [_thread_blocked, id=9344, stack(0x000000a8b5100000,0x000000a8b5200000)]
  0x000001bb2cb64000 JavaThread "Attach Listener" daemon [_thread_blocked, id=10480, stack(0x000000a8b5200000,0x000000a8b5300000)]
  0x000001bb2cb65800 JavaThread "Service Thread" daemon [_thread_blocked, id=20956, stack(0x000000a8b5300000,0x000000a8b5400000)]
  0x000001bb2cb6b800 JavaThread "C2 CompilerThread0" daemon [_thread_in_native, id=5992, stack(0x000000a8b5400000,0x000000a8b5500000)]
  0x000001bb2cb6c800 JavaThread "C1 CompilerThread0" daemon [_thread_blocked, id=17572, stack(0x000000a8b5500000,0x000000a8b5600000)]
  0x000001bb2cb7a000 JavaThread "Sweeper thread" daemon [_thread_blocked, id=11116, stack(0x000000a8b5600000,0x000000a8b5700000)]
  0x000001bb2ccf3800 JavaThread "Common-Cleaner" daemon [_thread_blocked, id=18884, stack(0x000000a8b5700000,0x000000a8b5800000)]
  0x000001bb2e1bc000 JavaThread "Daemon health stats" [_thread_blocked, id=19500, stack(0x000000a8b6100000,0x000000a8b6200000)]
  0x000001bb2ce23800 JavaThread "Incoming local TCP Connector on port 50842" [_thread_in_native, id=19652, stack(0x000000a8b5900000,0x000000a8b5a00000)]
  0x000001bb2f564000 JavaThread "Daemon periodic checks" [_thread_blocked, id=19564, stack(0x000000a8b6000000,0x000000a8b6100000)]
  0x000001bb2f378000 JavaThread "Cache worker for file hash cache (C:\Users\gerso\.gradle\caches\7.0.2\fileHashes)" [_thread_blocked, id=17184, stack(0x000000a8b6a00000,0x000000a8b6b00000)]
  0x000001bb2f37d000 JavaThread "File lock request listener" [_thread_in_native, id=11096, stack(0x000000a8b6b00000,0x000000a8b6c00000)]
  0x000001bb2f37e800 JavaThread "Cache worker for journal cache (C:\Users\gerso\.gradle\caches\journal-1)" [_thread_blocked, id=18356, stack(0x000000a8b6e00000,0x000000a8b6f00000)]
  0x000001bb2f379000 JavaThread "File watcher server" daemon [_thread_in_native, id=18376, stack(0x000000a8b7000000,0x000000a8b7100000)]
  0x000001bb2f379800 JavaThread "File watcher consumer" daemon [_thread_blocked, id=15412, stack(0x000000a8b7100000,0x000000a8b7200000)]
  0x000001bb2f37a800 JavaThread "jar transforms" [_thread_blocked, id=19588, stack(0x000000a8b7200000,0x000000a8b7300000)]
  0x000001bb2f37b800 JavaThread "jar transforms Thread 2" [_thread_blocked, id=19620, stack(0x000000a8b7300000,0x000000a8b7400000)]
  0x000001bb30b88000 JavaThread "jar transforms Thread 3" [_thread_blocked, id=2776, stack(0x000000a8b7400000,0x000000a8b7500000)]
  0x000001bb30b85800 JavaThread "jar transforms Thread 4" [_thread_blocked, id=19628, stack(0x000000a8b7500000,0x000000a8b7600000)]
  0x000001bb30b87000 JavaThread "jar transforms Thread 5" [_thread_blocked, id=11220, stack(0x000000a8b7600000,0x000000a8b7700000)]
  0x000001bb30b86800 JavaThread "jar transforms Thread 6" [_thread_blocked, id=8704, stack(0x000000a8b7700000,0x000000a8b7800000)]
  0x000001bb30b89000 JavaThread "jar transforms Thread 7" [_thread_blocked, id=17908, stack(0x000000a8b7800000,0x000000a8b7900000)]
  0x000001bb30b89800 JavaThread "jar transforms Thread 8" [_thread_blocked, id=16836, stack(0x000000a8b7900000,0x000000a8b7a00000)]
  0x000001bb30b90000 JavaThread "Cache worker for execution history cache (C:\Users\gerso\.gradle\caches\7.0.2\executionHistory)" [_thread_blocked, id=18560, stack(0x000000a8b7e00000,0x000000a8b7f00000)]
  0x000001bb30b8b800 JavaThread "Cache worker for file content cache (C:\Users\gerso\.gradle\caches\7.0.2\fileContent)" [_thread_blocked, id=19220, stack(0x000000a8b7f00000,0x000000a8b8000000)]
  0x000001bb37829800 JavaThread "Memory manager" [_thread_blocked, id=4688, stack(0x000000a8b8a00000,0x000000a8b8b00000)]
  0x000001bb37825800 JavaThread "pool-3-thread-1" [_thread_blocked, id=11208, stack(0x000000a8b8b00000,0x000000a8b8c00000)]
  0x000001bb34c36800 JavaThread "Daemon Thread 2" [_thread_blocked, id=20800, stack(0x000000a8b6200000,0x000000a8b6300000)]
  0x000001bb34c35000 JavaThread "Handler for socket connection from /127.0.0.1:50842 to /127.0.0.1:50888" [_thread_in_native, id=18624, stack(0x000000a8b6500000,0x000000a8b6600000)]
  0x000001bb34c32800 JavaThread "Cancel handler" [_thread_blocked, id=19520, stack(0x000000a8b6600000,0x000000a8b6700000)]
  0x000001bb34c37800 JavaThread "Daemon worker Thread 2" [_thread_blocked, id=16432, stack(0x000000a8b6700000,0x000000a8b6800000)]
  0x000001bb34c39000 JavaThread "Asynchronous log dispatcher for DefaultDaemonConnection: socket connection from /127.0.0.1:50842 to /127.0.0.1:50888" [_thread_blocked, id=5176, stack(0x000000a8b6800000,0x000000a8b6900000)]
  0x000001bb34c34000 JavaThread "Stdin handler" [_thread_blocked, id=14400, stack(0x000000a8b6900000,0x000000a8b6a00000)]
  0x000001bb34c33800 JavaThread "Daemon client event forwarder" [_thread_blocked, id=10636, stack(0x000000a8b6f00000,0x000000a8b7000000)]
  0x000001bb30b8a800 JavaThread "Cache worker for file hash cache (C:\Users\gerso\StudioProjects\ManitasProject\.gradle\7.0.2\fileHashes)" [_thread_blocked, id=18792, stack(0x000000a8b7a00000,0x000000a8b7b00000)]
  0x000001bb30b84800 JavaThread "Cache worker for checksums cache (C:\Users\gerso\StudioProjects\ManitasProject\.gradle\checksums)" [_thread_blocked, id=2788, stack(0x000000a8b7b00000,0x000000a8b7c00000)]
  0x000001bb30b92800 JavaThread "Cache worker for cache directory md-supplier (C:\Users\gerso\.gradle\caches\7.0.2\md-supplier)" [_thread_blocked, id=18836, stack(0x000000a8b7c00000,0x000000a8b7d00000)]
  0x000001bb30b93800 JavaThread "Cache worker for cache directory md-rule (C:\Users\gerso\.gradle\caches\7.0.2\md-rule)" [_thread_blocked, id=3500, stack(0x000000a8b7d00000,0x000000a8b7e00000)]
  0x000001bb30b8e800 JavaThread "Cache worker for dependencies-accessors (C:\Users\gerso\StudioProjects\ManitasProject\.gradle\7.0.2\dependencies-accessors)" [_thread_blocked, id=20656, stack(0x000000a8b8000000,0x000000a8b8100000)]
  0x000001bb30b8d800 JavaThread "Cache worker for Build Output Cleanup Cache (C:\Users\gerso\StudioProjects\ManitasProject\.gradle\buildOutputCleanup)" [_thread_blocked, id=11792, stack(0x000000a8b8200000,0x000000a8b8300000)]
  0x000001bb30b8f800 JavaThread "Build operations" [_thread_blocked, id=20444, stack(0x000000a8b8400000,0x000000a8b8500000)]
  0x000001bb37826800 JavaThread "Build operations Thread 2" [_thread_blocked, id=6356, stack(0x000000a8b8500000,0x000000a8b8600000)]
  0x000001bb37828800 JavaThread "Build operations Thread 3" [_thread_blocked, id=5056, stack(0x000000a8b8600000,0x000000a8b8700000)]
  0x000001bb37827000 JavaThread "Build operations Thread 4" [_thread_blocked, id=19152, stack(0x000000a8b8700000,0x000000a8b8800000)]
  0x000001bb37828000 JavaThread "Build operations Thread 5" [_thread_blocked, id=1868, stack(0x000000a8b8800000,0x000000a8b8900000)]
  0x000001bb3782a800 JavaThread "Build operations Thread 6" [_thread_blocked, id=20008, stack(0x000000a8b8900000,0x000000a8b8a00000)]
  0x000001bb37824800 JavaThread "Build operations Thread 7" [_thread_blocked, id=2972, stack(0x000000a8b8d00000,0x000000a8b8e00000)]
  0x000001bb2f37d800 JavaThread "Build operations Thread 8" [_thread_blocked, id=20248, stack(0x000000a8b8e00000,0x000000a8b8f00000)]
  0x000001bb358a9000 JavaThread "build event listener" [_thread_blocked, id=20528, stack(0x000000a8b8f00000,0x000000a8b9000000)]
  0x000001bb358a3800 JavaThread "pool-6-thread-1" [_thread_blocked, id=16892, stack(0x000000a8b9000000,0x000000a8b9100000)]
  0x000001bb358a6800 JavaThread "build event listener" [_thread_blocked, id=14620, stack(0x000000a8b9100000,0x000000a8b9200000)]
  0x000001bb358a4000 JavaThread "Execution worker for ':'" [_thread_blocked, id=15560, stack(0x000000a8b9200000,0x000000a8b9300000)]
  0x000001bb358aa000 JavaThread "Execution worker for ':' Thread 2" [_thread_blocked, id=20476, stack(0x000000a8b9300000,0x000000a8b9400000)]
  0x000001bb358a6000 JavaThread "Execution worker for ':' Thread 3" [_thread_blocked, id=20300, stack(0x000000a8b9400000,0x000000a8b9500000)]
  0x000001bb358a5000 JavaThread "Execution worker for ':' Thread 4" [_thread_blocked, id=5800, stack(0x000000a8b9500000,0x000000a8b9600000)]
  0x000001bb358ad000 JavaThread "Execution worker for ':' Thread 5" [_thread_blocked, id=20284, stack(0x000000a8b9600000,0x000000a8b9700000)]
  0x000001bb358aa800 JavaThread "Execution worker for ':' Thread 6" [_thread_blocked, id=12024, stack(0x000000a8b9700000,0x000000a8b9800000)]
  0x000001bb358a7800 JavaThread "Execution worker for ':' Thread 7" [_thread_blocked, id=7364, stack(0x000000a8b9800000,0x000000a8b9900000)]
  0x000001bb358a8800 JavaThread "Cache worker for execution history cache (C:\Users\gerso\StudioProjects\ManitasProject\.gradle\7.0.2\executionHistory)" [_thread_blocked, id=20540, stack(0x000000a8b9900000,0x000000a8b9a00000)]
  0x000001bb37368800 JavaThread "C2 CompilerThread1" daemon [_thread_in_native, id=21136, stack(0x000000a8b8100000,0x000000a8b8200000)]
=>0x000001bb3720b800 JavaThread "C2 CompilerThread2" daemon [_thread_in_native, id=9740, stack(0x000000a8b9a00000,0x000000a8b9b00000)]
  0x000001bb358ae000 JavaThread "WorkerExecutor Queue Thread 5" [_thread_blocked, id=10648, stack(0x000000a8b9d00000,0x000000a8b9e00000)]
  0x000001bb358ab800 JavaThread "WorkerExecutor Queue Thread 6" [_thread_blocked, id=20876, stack(0x000000a8b9e00000,0x000000a8b9f00000)]
  0x000001bb358b0800 JavaThread "WorkerExecutor Queue Thread 7" [_thread_blocked, id=9200, stack(0x000000a8b9f00000,0x000000a8ba000000)]
  0x000001bb358b2000 JavaThread "WorkerExecutor Queue Thread 8" [_thread_blocked, id=18312, stack(0x000000a8ba000000,0x000000a8ba100000)]
  0x000001bb358b1000 JavaThread "WorkerExecutor Queue Thread 9" [_thread_blocked, id=21092, stack(0x000000a8ba100000,0x000000a8ba200000)]
  0x000001bb3782b000 JavaThread "WorkerExecutor Queue Thread 10" [_thread_blocked, id=17776, stack(0x000000a8b6300000,0x000000a8b6400000)]
  0x000001bb33f9f000 JavaThread "ForkJoinPool-2-worker-3" daemon [_thread_blocked, id=8640, stack(0x000000a8b6400000,0x000000a8b6500000)]
  0x000001bb33f9f800 JavaThread "ForkJoinPool-2-worker-5" daemon [_thread_blocked, id=17824, stack(0x000000a8ba200000,0x000000a8ba300000)]
  0x000001bb33f9e000 JavaThread "ForkJoinPool-2-worker-7" daemon [_thread_blocked, id=14436, stack(0x000000a8ba300000,0x000000a8ba400000)]
  0x000001bb33fa1800 JavaThread "ForkJoinPool-2-worker-9" daemon [_thread_blocked, id=15724, stack(0x000000a8ba400000,0x000000a8ba500000)]
  0x000001bb33fa0800 JavaThread "ForkJoinPool-2-worker-11" daemon [_thread_in_Java, id=18520, stack(0x000000a8ba500000,0x000000a8ba600000)]
  0x000001bb33fa3000 JavaThread "ForkJoinPool-2-worker-13" daemon [_thread_blocked, id=8772, stack(0x000000a8ba600000,0x000000a8ba700000)]
  0x000001bb33fa2000 JavaThread "ForkJoinPool-2-worker-15" daemon [_thread_blocked, id=3608, stack(0x000000a8ba700000,0x000000a8ba800000)]
  0x000001bb33f9d000 JavaThread "pool-7-thread-1" [_thread_blocked, id=20268, stack(0x000000a8ba800000,0x000000a8ba900000)]
  0x000001bb33fa4800 JavaThread "ForkJoinPool-2-worker-1" daemon [_thread_blocked, id=7980, stack(0x000000a8ba900000,0x000000a8baa00000)]
  0x000001bb33fa7000 JavaThread "stderr" [_thread_in_native, id=8308, stack(0x000000a8baa00000,0x000000a8bab00000)]
  0x000001bb33fa3800 JavaThread "stdout" [_thread_in_native, id=21124, stack(0x000000a8bab00000,0x000000a8bac00000)]

Other Threads:
  0x000001bb2cb18800 VMThread "VM Thread" [stack: 0x000000a8b4e00000,0x000000a8b4f00000] [id=21144]
  0x000001bb2cd06800 WatcherThread [stack: 0x000000a8b5800000,0x000000a8b5900000] [id=20776]
  0x000001bb11e15800 GCTaskThread "GC Thread#0" [stack: 0x000000a8b4900000,0x000000a8b4a00000] [id=21492]
  0x000001bb2d981800 GCTaskThread "GC Thread#1" [stack: 0x000000a8b5a00000,0x000000a8b5b00000] [id=6824]
  0x000001bb2d8ad800 GCTaskThread "GC Thread#2" [stack: 0x000000a8b5b00000,0x000000a8b5c00000] [id=12704]
  0x000001bb2d79a000 GCTaskThread "GC Thread#3" [stack: 0x000000a8b5c00000,0x000000a8b5d00000] [id=15864]
  0x000001bb2da01800 GCTaskThread "GC Thread#4" [stack: 0x000000a8b5d00000,0x000000a8b5e00000] [id=8952]
  0x000001bb2d8c0000 GCTaskThread "GC Thread#5" [stack: 0x000000a8b5e00000,0x000000a8b5f00000] [id=20640]
  0x000001bb2e061800 GCTaskThread "GC Thread#6" [stack: 0x000000a8b5f00000,0x000000a8b6000000] [id=19504]
  0x000001bb2ed65800 GCTaskThread "GC Thread#7" [stack: 0x000000a8b6c00000,0x000000a8b6d00000] [id=18740]
  0x000001bb11e47800 ConcurrentGCThread "G1 Main Marker" [stack: 0x000000a8b4a00000,0x000000a8b4b00000] [id=18944]
  0x000001bb11e4a000 ConcurrentGCThread "G1 Conc#0" [stack: 0x000000a8b4b00000,0x000000a8b4c00000] [id=19080]
  0x000001bb2ed66800 ConcurrentGCThread "G1 Conc#1" [stack: 0x000000a8b6d00000,0x000000a8b6e00000] [id=10336]
  0x000001bb11ece000 ConcurrentGCThread "G1 Refine#0" [stack: 0x000000a8b4c00000,0x000000a8b4d00000] [id=20492]
  0x000001bb3602c800 ConcurrentGCThread "G1 Refine#1" [stack: 0x000000a8bac00000,0x000000a8bad00000] [id=17236]
  0x000001bb36027000 ConcurrentGCThread "G1 Refine#2" [stack: 0x000000a8bad00000,0x000000a8bae00000] [id=18636]
  0x000001bb3602b000 ConcurrentGCThread "G1 Refine#3" [stack: 0x000000a8bae00000,0x000000a8baf00000] [id=21004]
  0x000001bb36028800 ConcurrentGCThread "G1 Refine#4" [stack: 0x000000a8baf00000,0x000000a8bb000000] [id=19568]
  0x000001bb36028000 ConcurrentGCThread "G1 Refine#5" [stack: 0x000000a8bb000000,0x000000a8bb100000] [id=18784]
  0x000001bb3602b800 ConcurrentGCThread "G1 Refine#6" [stack: 0x000000a8bb100000,0x000000a8bb200000] [id=11328]
  0x000001bb2c154800 ConcurrentGCThread "G1 Young RemSet Sampling" [stack: 0x000000a8b4d00000,0x000000a8b4e00000] [id=19784]

Threads with active compile tasks:
C2 CompilerThread0 138766 20270       4       com.android.tools.r8.dex.b$b::a (10 bytes)
C2 CompilerThread1 138767 20294 %     4       java.util.TimSort::mergeLo @ 153 (659 bytes)
C2 CompilerThread2 138767 20276       4       com.android.tools.r8.graph.u::a (95 bytes)

VM state:not at safepoint (normal execution)

VM Mutex/Monitor currently owned by a thread: None

Heap address: 0x0000000080000000, size: 2048 MB, Compressed Oops mode: 32-bit
Narrow klass base: 0x0000000000000000, Narrow klass shift: 3
Compressed class space size: 1073741824 Address: 0x0000000100000000

Heap:
 garbage-first heap   total 328704K, used 200651K [0x0000000080000000, 0x0000000100000000)
  region size 1024K, 27 young (27648K), 6 survivors (6144K)
 Metaspace       used 134289K, capacity 137989K, committed 138200K, reserved 1169408K
  class space    used 16826K, capacity 18147K, committed 18176K, reserved 1048576K
Heap Regions: E=young(eden), S=young(survivor), O=old, HS=humongous(starts), HC=humongous(continues), CS=collection set, F=free, A=archive, TAMS=top-at-mark-start (previous, next)
|   0|0x0000000080000000, 0x0000000080100000, 0x0000000080100000|100%|HS|  |TAMS 0x0000000080100000, 0x0000000080000000| Complete 
|   1|0x0000000080100000, 0x0000000080200000, 0x0000000080200000|100%|HC|  |TAMS 0x0000000080200000, 0x0000000080100000| Complete 
|   2|0x0000000080200000, 0x0000000080300000, 0x0000000080300000|100%| O|  |TAMS 0x0000000080300000, 0x0000000080200000| Untracked 
|   3|0x0000000080300000, 0x0000000080400000, 0x0000000080400000|100%|HS|  |TAMS 0x0000000080400000, 0x0000000080300000| Complete 
|   4|0x0000000080400000, 0x0000000080500000, 0x0000000080500000|100%|HC|  |TAMS 0x0000000080500000, 0x0000000080400000| Complete 
|   5|0x0000000080500000, 0x0000000080600000, 0x0000000080600000|100%|HC|  |TAMS 0x0000000080600000, 0x0000000080500000| Complete 
|   6|0x0000000080600000, 0x0000000080700000, 0x0000000080700000|100%| O|  |TAMS 0x0000000080700000, 0x0000000080600000| Untracked 
|   7|0x0000000080700000, 0x0000000080800000, 0x0000000080800000|100%| O|  |TAMS 0x0000000080800000, 0x0000000080700000| Untracked 
|   8|0x0000000080800000, 0x0000000080900000, 0x0000000080900000|100%| O|  |TAMS 0x0000000080900000, 0x0000000080800000| Untracked 
|   9|0x0000000080900000, 0x0000000080a00000, 0x0000000080a00000|100%| O|  |TAMS 0x0000000080a00000, 0x0000000080900000| Untracked 
|  10|0x0000000080a00000, 0x0000000080b00000, 0x0000000080b00000|100%|HS|  |TAMS 0x0000000080b00000, 0x0000000080a00000| Complete 
|  11|0x0000000080b00000, 0x0000000080c00000, 0x0000000080c00000|100%|HC|  |TAMS 0x0000000080c00000, 0x0000000080b00000| Complete 
|  12|0x0000000080c00000, 0x0000000080d00000, 0x0000000080d00000|100%|HC|  |TAMS 0x0000000080d00000, 0x0000000080c00000| Complete 
|  13|0x0000000080d00000, 0x0000000080e00000, 0x0000000080e00000|100%|HS|  |TAMS 0x0000000080e00000, 0x0000000080d00000| Complete 
|  14|0x0000000080e00000, 0x0000000080f00000, 0x0000000080f00000|100%|HC|  |TAMS 0x0000000080f00000, 0x0000000080e00000| Complete 
|  15|0x0000000080f00000, 0x0000000081000000, 0x0000000081000000|100%|HC|  |TAMS 0x0000000081000000, 0x0000000080f00000| Complete 
|  16|0x0000000081000000, 0x0000000081100000, 0x0000000081100000|100%|HC|  |TAMS 0x0000000081100000, 0x0000000081000000| Complete 
|  17|0x0000000081100000, 0x0000000081200000, 0x0000000081200000|100%|HC|  |TAMS 0x0000000081200000, 0x0000000081100000| Complete 
|  18|0x0000000081200000, 0x0000000081300000, 0x0000000081300000|100%| O|  |TAMS 0x0000000081300000, 0x0000000081200000| Untracked 
|  19|0x0000000081300000, 0x0000000081400000, 0x0000000081400000|100%| O|  |TAMS 0x0000000081400000, 0x0000000081300000| Untracked 
|  20|0x0000000081400000, 0x0000000081500000, 0x0000000081500000|100%| O|  |TAMS 0x0000000081500000, 0x0000000081400000| Untracked 
|  21|0x0000000081500000, 0x0000000081600000, 0x0000000081600000|100%| O|  |TAMS 0x0000000081600000, 0x0000000081500000| Untracked 
|  22|0x0000000081600000, 0x0000000081700000, 0x0000000081700000|100%| O|  |TAMS 0x0000000081700000, 0x0000000081600000| Complete 
|  23|0x0000000081700000, 0x0000000081800000, 0x0000000081800000|100%| O|  |TAMS 0x0000000081800000, 0x0000000081700000| Untracked 
|  24|0x0000000081800000, 0x0000000081900000, 0x0000000081900000|100%| O|  |TAMS 0x0000000081900000, 0x0000000081800000| Untracked 
|  25|0x0000000081900000, 0x0000000081a00000, 0x0000000081a00000|100%| O|  |TAMS 0x0000000081a00000, 0x0000000081900000| Untracked 
|  26|0x0000000081a00000, 0x0000000081b00000, 0x0000000081b00000|100%| O|  |TAMS 0x0000000081b00000, 0x0000000081a00000| Complete 
|  27|0x0000000081b00000, 0x0000000081c00000, 0x0000000081c00000|100%| O|  |TAMS 0x0000000081c00000, 0x0000000081b00000| Untracked 
|  28|0x0000000081c00000, 0x0000000081d00000, 0x0000000081d00000|100%| O|  |TAMS 0x0000000081d00000, 0x0000000081c00000| Untracked 
|  29|0x0000000081d00000, 0x0000000081e00000, 0x0000000081e00000|100%| O|  |TAMS 0x0000000081e00000, 0x0000000081d00000| Untracked 
|  30|0x0000000081e00000, 0x0000000081f00000, 0x0000000081f00000|100%| O|  |TAMS 0x0000000081f00000, 0x0000000081e00000| Complete 
|  31|0x0000000081f00000, 0x0000000082000000, 0x0000000082000000|100%| O|  |TAMS 0x0000000082000000, 0x0000000081f00000| Complete 
|  32|0x0000000082000000, 0x0000000082100000, 0x0000000082100000|100%| O|  |TAMS 0x0000000082100000, 0x0000000082000000| Untracked 
|  33|0x0000000082100000, 0x0000000082200000, 0x0000000082200000|100%| O|  |TAMS 0x0000000082200000, 0x0000000082100000| Untracked 
|  34|0x0000000082200000, 0x0000000082300000, 0x0000000082300000|100%| O|  |TAMS 0x0000000082300000, 0x0000000082200000| Complete 
|  35|0x0000000082300000, 0x0000000082400000, 0x0000000082400000|100%|HS|  |TAMS 0x0000000082400000, 0x0000000082300000| Complete 
|  36|0x0000000082400000, 0x0000000082500000, 0x0000000082500000|100%|HC|  |TAMS 0x0000000082500000, 0x0000000082400000| Complete 
|  37|0x0000000082500000, 0x0000000082600000, 0x0000000082600000|100%|HC|  |TAMS 0x0000000082600000, 0x0000000082500000| Complete 
|  38|0x0000000082600000, 0x0000000082700000, 0x0000000082700000|100%|HS|  |TAMS 0x0000000082700000, 0x0000000082600000| Complete 
|  39|0x0000000082700000, 0x0000000082800000, 0x0000000082800000|100%|HS|  |TAMS 0x0000000082800000, 0x0000000082700000| Complete 
|  40|0x0000000082800000, 0x0000000082900000, 0x0000000082900000|100%| O|  |TAMS 0x0000000082900000, 0x0000000082800000| Untracked 
|  41|0x0000000082900000, 0x0000000082a00000, 0x0000000082a00000|100%| O|  |TAMS 0x0000000082a00000, 0x0000000082900000| Untracked 
|  42|0x0000000082a00000, 0x0000000082b00000, 0x0000000082b00000|100%| O|  |TAMS 0x0000000082b00000, 0x0000000082a00000| Untracked 
|  43|0x0000000082b00000, 0x0000000082c00000, 0x0000000082c00000|100%| O|  |TAMS 0x0000000082c00000, 0x0000000082b00000| Complete 
|  44|0x0000000082c00000, 0x0000000082d00000, 0x0000000082d00000|100%| O|  |TAMS 0x0000000082d00000, 0x0000000082c00000| Complete 
|  45|0x0000000082d00000, 0x0000000082e00000, 0x0000000082e00000|100%|HS|  |TAMS 0x0000000082e00000, 0x0000000082d00000| Complete 
|  46|0x0000000082e00000, 0x0000000082f00000, 0x0000000082f00000|100%|HC|  |TAMS 0x0000000082f00000, 0x0000000082e00000| Complete 
|  47|0x0000000082f00000, 0x0000000083000000, 0x0000000083000000|100%|HC|  |TAMS 0x0000000083000000, 0x0000000082f00000| Complete 
|  48|0x0000000083000000, 0x0000000083100000, 0x0000000083100000|100%|HC|  |TAMS 0x0000000083100000, 0x0000000083000000| Complete 
|  49|0x0000000083100000, 0x0000000083200000, 0x0000000083200000|100%|HC|  |TAMS 0x0000000083200000, 0x0000000083100000| Complete 
|  50|0x0000000083200000, 0x0000000083300000, 0x0000000083300000|100%|HS|  |TAMS 0x0000000083300000, 0x0000000083200000| Complete 
|  51|0x0000000083300000, 0x0000000083400000, 0x0000000083400000|100%|HC|  |TAMS 0x0000000083400000, 0x0000000083300000| Complete 
|  52|0x0000000083400000, 0x0000000083500000, 0x0000000083500000|100%| O|  |TAMS 0x0000000083500000, 0x0000000083400000| Untracked 
|  53|0x0000000083500000, 0x0000000083600000, 0x0000000083600000|100%| O|  |TAMS 0x0000000083600000, 0x0000000083500000| Untracked 
|  54|0x0000000083600000, 0x0000000083700000, 0x0000000083700000|100%| O|  |TAMS 0x0000000083700000, 0x0000000083600000| Untracked 
|  55|0x0000000083700000, 0x0000000083800000, 0x0000000083800000|100%| O|  |TAMS 0x0000000083800000, 0x0000000083700000| Untracked 
|  56|0x0000000083800000, 0x0000000083900000, 0x0000000083900000|100%| O|  |TAMS 0x0000000083900000, 0x0000000083800000| Complete 
|  57|0x0000000083900000, 0x0000000083a00000, 0x0000000083a00000|100%| O|  |TAMS 0x0000000083a00000, 0x0000000083900000| Complete 
|  58|0x0000000083a00000, 0x0000000083b00000, 0x0000000083b00000|100%| O|  |TAMS 0x0000000083b00000, 0x0000000083a00000| Complete 
|  59|0x0000000083b00000, 0x0000000083c00000, 0x0000000083c00000|100%| O|  |TAMS 0x0000000083c00000, 0x0000000083b00000| Untracked 
|  60|0x0000000083c00000, 0x0000000083d00000, 0x0000000083d00000|100%| O|  |TAMS 0x0000000083d00000, 0x0000000083c00000| Untracked 
|  61|0x0000000083d00000, 0x0000000083e00000, 0x0000000083e00000|100%| O|  |TAMS 0x0000000083e00000, 0x0000000083d00000| Untracked 
|  62|0x0000000083e00000, 0x0000000083f00000, 0x0000000083f00000|100%| O|  |TAMS 0x0000000083f00000, 0x0000000083e00000| Untracked 
|  63|0x0000000083f00000, 0x0000000084000000, 0x0000000084000000|100%| O|  |TAMS 0x0000000084000000, 0x0000000083f00000| Complete 
|  64|0x0000000084000000, 0x0000000084100000, 0x0000000084100000|100%| O|  |TAMS 0x0000000084100000, 0x0000000084000000| Untracked 
|  65|0x0000000084100000, 0x0000000084200000, 0x0000000084200000|100%| O|  |TAMS 0x0000000084200000, 0x0000000084100000| Untracked 
|  66|0x0000000084200000, 0x0000000084300000, 0x0000000084300000|100%| O|  |TAMS 0x0000000084300000, 0x0000000084200000| Complete 
|  67|0x0000000084300000, 0x0000000084400000, 0x0000000084400000|100%| O|  |TAMS 0x0000000084400000, 0x0000000084300000| Complete 
|  68|0x0000000084400000, 0x0000000084500000, 0x0000000084500000|100%| O|  |TAMS 0x0000000084500000, 0x0000000084400000| Complete 
|  69|0x0000000084500000, 0x0000000084600000, 0x0000000084600000|100%| O|  |TAMS 0x0000000084600000, 0x0000000084500000| Untracked 
|  70|0x0000000084600000, 0x0000000084700000, 0x0000000084700000|100%| O|  |TAMS 0x0000000084700000, 0x0000000084600000| Untracked 
|  71|0x0000000084700000, 0x0000000084800000, 0x0000000084800000|100%| O|  |TAMS 0x0000000084800000, 0x0000000084700000| Untracked 
|  72|0x0000000084800000, 0x0000000084900000, 0x0000000084900000|100%| O|  |TAMS 0x0000000084900000, 0x0000000084800000| Complete 
|  73|0x0000000084900000, 0x0000000084a00000, 0x0000000084a00000|100%| O|  |TAMS 0x0000000084a00000, 0x0000000084900000| Untracked 
|  74|0x0000000084a00000, 0x0000000084b00000, 0x0000000084b00000|100%| O|  |TAMS 0x0000000084b00000, 0x0000000084a00000| Untracked 
|  75|0x0000000084b00000, 0x0000000084c00000, 0x0000000084c00000|100%| O|  |TAMS 0x0000000084c00000, 0x0000000084b00000| Untracked 
|  76|0x0000000084c00000, 0x0000000084d00000, 0x0000000084d00000|100%| O|  |TAMS 0x0000000084d00000, 0x0000000084c00000| Untracked 
|  77|0x0000000084d00000, 0x0000000084e00000, 0x0000000084e00000|100%| O|  |TAMS 0x0000000084e00000, 0x0000000084d00000| Complete 
|  78|0x0000000084e00000, 0x0000000084f00000, 0x0000000084f00000|100%| O|  |TAMS 0x0000000084f00000, 0x0000000084e00000| Complete 
|  79|0x0000000084f00000, 0x0000000085000000, 0x0000000085000000|100%| O|  |TAMS 0x0000000085000000, 0x0000000084f00000| Untracked 
|  80|0x0000000085000000, 0x0000000085100000, 0x0000000085100000|100%| O|  |TAMS 0x0000000085100000, 0x0000000085000000| Untracked 
|  81|0x0000000085100000, 0x0000000085200000, 0x0000000085200000|100%| O|  |TAMS 0x0000000085200000, 0x0000000085100000| Untracked 
|  82|0x0000000085200000, 0x0000000085300000, 0x0000000085300000|100%| O|  |TAMS 0x0000000085300000, 0x0000000085200000| Untracked 
|  83|0x0000000085300000, 0x0000000085400000, 0x0000000085400000|100%| O|  |TAMS 0x0000000085400000, 0x0000000085300000| Untracked 
|  84|0x0000000085400000, 0x0000000085500000, 0x0000000085500000|100%| O|  |TAMS 0x0000000085500000, 0x0000000085400000| Complete 
|  85|0x0000000085500000, 0x0000000085600000, 0x0000000085600000|100%| O|  |TAMS 0x0000000085600000, 0x0000000085500000| Untracked 
|  86|0x0000000085600000, 0x0000000085700000, 0x0000000085700000|100%| O|  |TAMS 0x0000000085700000, 0x0000000085600000| Untracked 
|  87|0x0000000085700000, 0x0000000085800000, 0x0000000085800000|100%| O|  |TAMS 0x0000000085800000, 0x0000000085700000| Complete 
|  88|0x0000000085800000, 0x0000000085900000, 0x0000000085900000|100%| O|  |TAMS 0x0000000085900000, 0x0000000085800000| Complete 
|  89|0x0000000085900000, 0x0000000085a00000, 0x0000000085a00000|100%| O|  |TAMS 0x0000000085a00000, 0x0000000085900000| Untracked 
|  90|0x0000000085a00000, 0x0000000085b00000, 0x0000000085b00000|100%| O|  |TAMS 0x0000000085b00000, 0x0000000085a00000| Complete 
|  91|0x0000000085b00000, 0x0000000085c00000, 0x0000000085c00000|100%| O|  |TAMS 0x0000000085c00000, 0x0000000085b00000| Complete 
|  92|0x0000000085c00000, 0x0000000085d00000, 0x0000000085d00000|100%| O|  |TAMS 0x0000000085d00000, 0x0000000085c00000| Complete 
|  93|0x0000000085d00000, 0x0000000085e00000, 0x0000000085e00000|100%| O|  |TAMS 0x0000000085e00000, 0x0000000085d00000| Untracked 
|  94|0x0000000085e00000, 0x0000000085f00000, 0x0000000085f00000|100%| O|  |TAMS 0x0000000085f00000, 0x0000000085e00000| Untracked 
|  95|0x0000000085f00000, 0x0000000086000000, 0x0000000086000000|100%| O|  |TAMS 0x0000000086000000, 0x0000000085f00000| Untracked 
|  96|0x0000000086000000, 0x0000000086100000, 0x0000000086100000|100%| O|  |TAMS 0x0000000086100000, 0x0000000086000000| Complete 
|  97|0x0000000086100000, 0x0000000086200000, 0x0000000086200000|100%| O|  |TAMS 0x0000000086200000, 0x0000000086100000| Complete 
|  98|0x0000000086200000, 0x0000000086300000, 0x0000000086300000|100%| O|  |TAMS 0x0000000086300000, 0x0000000086200000| Complete 
|  99|0x0000000086300000, 0x0000000086400000, 0x0000000086400000|100%| O|  |TAMS 0x0000000086400000, 0x0000000086300000| Complete 
| 100|0x0000000086400000, 0x0000000086500000, 0x0000000086500000|100%| O|  |TAMS 0x0000000086500000, 0x0000000086400000| Complete 
| 101|0x0000000086500000, 0x0000000086600000, 0x0000000086600000|100%| O|  |TAMS 0x0000000086600000, 0x0000000086500000| Complete 
| 102|0x0000000086600000, 0x0000000086700000, 0x0000000086700000|100%| O|  |TAMS 0x0000000086700000, 0x0000000086600000| Complete 
| 103|0x0000000086700000, 0x0000000086800000, 0x0000000086800000|100%| O|  |TAMS 0x0000000086800000, 0x0000000086700000| Complete 
| 104|0x0000000086800000, 0x0000000086900000, 0x0000000086900000|100%| O|  |TAMS 0x0000000086900000, 0x0000000086800000| Complete 
| 105|0x0000000086900000, 0x0000000086a00000, 0x0000000086a00000|100%| O|  |TAMS 0x0000000086a00000, 0x0000000086900000| Complete 
| 106|0x0000000086a00000, 0x0000000086b00000, 0x0000000086b00000|100%| O|  |TAMS 0x0000000086b00000, 0x0000000086a00000| Untracked 
| 107|0x0000000086b00000, 0x0000000086c00000, 0x0000000086c00000|100%| O|  |TAMS 0x0000000086c00000, 0x0000000086b00000| Complete 
| 108|0x0000000086c00000, 0x0000000086d00000, 0x0000000086d00000|100%|HS|  |TAMS 0x0000000086c00000, 0x0000000086c00000| Complete 
| 109|0x0000000086d00000, 0x0000000086e00000, 0x0000000086e00000|100%| O|  |TAMS 0x0000000086e00000, 0x0000000086d00000| Untracked 
| 110|0x0000000086e00000, 0x0000000086f00000, 0x0000000086f00000|100%| O|  |TAMS 0x0000000086f00000, 0x0000000086e00000| Untracked 
| 111|0x0000000086f00000, 0x0000000087000000, 0x0000000087000000|100%| O|  |TAMS 0x0000000087000000, 0x0000000086f00000| Untracked 
| 112|0x0000000087000000, 0x0000000087100000, 0x0000000087100000|100%| O|  |TAMS 0x0000000087100000, 0x0000000087000000| Untracked 
| 113|0x0000000087100000, 0x0000000087200000, 0x0000000087200000|100%| O|  |TAMS 0x0000000087200000, 0x0000000087100000| Untracked 
| 114|0x0000000087200000, 0x0000000087300000, 0x0000000087300000|100%| O|  |TAMS 0x0000000087300000, 0x0000000087200000| Untracked 
| 115|0x0000000087300000, 0x0000000087400000, 0x0000000087400000|100%|HS|  |TAMS 0x0000000087300000, 0x0000000087300000| Complete 
| 116|0x0000000087400000, 0x0000000087500000, 0x0000000087500000|100%| O|  |TAMS 0x0000000087500000, 0x0000000087400000| Untracked 
| 117|0x0000000087500000, 0x0000000087600000, 0x0000000087600000|100%|HS|  |TAMS 0x0000000087500000, 0x0000000087500000| Complete 
| 118|0x0000000087600000, 0x0000000087600000, 0x0000000087700000|  0%| F|  |TAMS 0x0000000087600000, 0x0000000087600000| Untracked 
| 119|0x0000000087700000, 0x0000000087700000, 0x0000000087800000|  0%| F|  |TAMS 0x0000000087700000, 0x0000000087700000| Untracked 
| 120|0x0000000087800000, 0x0000000087800000, 0x0000000087900000|  0%| F|  |TAMS 0x0000000087800000, 0x0000000087800000| Untracked 
| 121|0x0000000087900000, 0x0000000087900000, 0x0000000087a00000|  0%| F|  |TAMS 0x0000000087900000, 0x0000000087900000| Untracked 
| 122|0x0000000087a00000, 0x0000000087b00000, 0x0000000087b00000|100%| O|  |TAMS 0x0000000087b00000, 0x0000000087a00000| Complete 
| 123|0x0000000087b00000, 0x0000000087b00000, 0x0000000087c00000|  0%| F|  |TAMS 0x0000000087b00000, 0x0000000087b00000| Untracked 
| 124|0x0000000087c00000, 0x0000000087d00000, 0x0000000087d00000|100%| O|  |TAMS 0x0000000087d00000, 0x0000000087c00000| Complete 
| 125|0x0000000087d00000, 0x0000000087e00000, 0x0000000087e00000|100%|HS|  |TAMS 0x0000000087e00000, 0x0000000087d00000| Complete 
| 126|0x0000000087e00000, 0x0000000087f00000, 0x0000000087f00000|100%|HC|  |TAMS 0x0000000087f00000, 0x0000000087e00000| Complete 
| 127|0x0000000087f00000, 0x0000000088000000, 0x0000000088000000|100%|HS|  |TAMS 0x0000000088000000, 0x0000000087f00000| Complete 
| 128|0x0000000088000000, 0x0000000088100000, 0x0000000088100000|100%|HS|  |TAMS 0x0000000088100000, 0x0000000088000000| Complete 
| 129|0x0000000088100000, 0x0000000088200000, 0x0000000088200000|100%|HS|  |TAMS 0x0000000088200000, 0x0000000088100000| Complete 
| 130|0x0000000088200000, 0x0000000088300000, 0x0000000088300000|100%| O|  |TAMS 0x0000000088300000, 0x0000000088200000| Untracked 
| 131|0x0000000088300000, 0x0000000088400000, 0x0000000088400000|100%| O|  |TAMS 0x0000000088400000, 0x0000000088300000| Untracked 
| 132|0x0000000088400000, 0x0000000088500000, 0x0000000088500000|100%| O|  |TAMS 0x0000000088500000, 0x0000000088400000| Untracked 
| 133|0x0000000088500000, 0x0000000088600000, 0x0000000088600000|100%| O|  |TAMS 0x0000000088600000, 0x0000000088500000| Untracked 
| 134|0x0000000088600000, 0x0000000088700000, 0x0000000088700000|100%| O|  |TAMS 0x0000000088700000, 0x0000000088600000| Complete 
| 135|0x0000000088700000, 0x0000000088800000, 0x0000000088800000|100%| O|  |TAMS 0x0000000088800000, 0x0000000088700000| Complete 
| 136|0x0000000088800000, 0x0000000088900000, 0x0000000088900000|100%| O|  |TAMS 0x0000000088900000, 0x0000000088800000| Complete 
| 137|0x0000000088900000, 0x0000000088a00000, 0x0000000088a00000|100%| O|  |TAMS 0x0000000088a00000, 0x0000000088900000| Complete 
| 138|0x0000000088a00000, 0x0000000088b00000, 0x0000000088b00000|100%| O|  |TAMS 0x0000000088b00000, 0x0000000088a00000| Untracked 
| 139|0x0000000088b00000, 0x0000000088c00000, 0x0000000088c00000|100%| O|  |TAMS 0x0000000088c00000, 0x0000000088b00000| Untracked 
| 140|0x0000000088c00000, 0x0000000088d00000, 0x0000000088d00000|100%| O|  |TAMS 0x0000000088d00000, 0x0000000088c00000| Untracked 
| 141|0x0000000088d00000, 0x0000000088e00000, 0x0000000088e00000|100%| O|  |TAMS 0x0000000088e00000, 0x0000000088d00000| Complete 
| 142|0x0000000088e00000, 0x0000000088f00000, 0x0000000088f00000|100%| O|  |TAMS 0x0000000088f00000, 0x0000000088e00000| Untracked 
| 143|0x0000000088f00000, 0x0000000089000000, 0x0000000089000000|100%| O|  |TAMS 0x0000000089000000, 0x0000000088f00000| Untracked 
| 144|0x0000000089000000, 0x0000000089100000, 0x0000000089100000|100%| O|  |TAMS 0x0000000089100000, 0x0000000089000000| Untracked 
| 145|0x0000000089100000, 0x0000000089200000, 0x0000000089200000|100%| O|  |TAMS 0x0000000089200000, 0x0000000089100000| Untracked 
| 146|0x0000000089200000, 0x0000000089300000, 0x0000000089300000|100%| O|  |TAMS 0x0000000089300000, 0x0000000089200000| Untracked 
| 147|0x0000000089300000, 0x0000000089400000, 0x0000000089400000|100%| O|  |TAMS 0x0000000089400000, 0x0000000089300000| Untracked 
| 148|0x0000000089400000, 0x0000000089500000, 0x0000000089500000|100%| O|  |TAMS 0x0000000089500000, 0x0000000089400000| Untracked 
| 149|0x0000000089500000, 0x0000000089600000, 0x0000000089600000|100%| O|  |TAMS 0x0000000089600000, 0x0000000089500000| Untracked 
| 150|0x0000000089600000, 0x0000000089700000, 0x0000000089700000|100%| O|  |TAMS 0x0000000089700000, 0x0000000089600000| Untracked 
| 151|0x0000000089700000, 0x0000000089800000, 0x0000000089800000|100%| O|  |TAMS 0x0000000089800000, 0x0000000089700000| Untracked 
| 152|0x0000000089800000, 0x0000000089900000, 0x0000000089900000|100%| O|  |TAMS 0x0000000089900000, 0x0000000089800000| Untracked 
| 153|0x0000000089900000, 0x0000000089a00000, 0x0000000089a00000|100%| O|  |TAMS 0x0000000089a00000, 0x0000000089900000| Untracked 
| 154|0x0000000089a00000, 0x0000000089b00000, 0x0000000089b00000|100%| O|  |TAMS 0x0000000089b00000, 0x0000000089a00000| Untracked 
| 155|0x0000000089b00000, 0x0000000089c00000, 0x0000000089c00000|100%| O|  |TAMS 0x0000000089c00000, 0x0000000089b00000| Untracked 
| 156|0x0000000089c00000, 0x0000000089d00000, 0x0000000089d00000|100%| O|  |TAMS 0x0000000089d00000, 0x0000000089c00000| Untracked 
| 157|0x0000000089d00000, 0x0000000089e00000, 0x0000000089e00000|100%| O|  |TAMS 0x0000000089e00000, 0x0000000089d00000| Untracked 
| 158|0x0000000089e00000, 0x0000000089f00000, 0x0000000089f00000|100%| O|  |TAMS 0x0000000089f00000, 0x0000000089e00000| Untracked 
| 159|0x0000000089f00000, 0x000000008a000000, 0x000000008a000000|100%| O|  |TAMS 0x000000008a000000, 0x0000000089f00000| Untracked 
| 160|0x000000008a000000, 0x000000008a100000, 0x000000008a100000|100%| O|  |TAMS 0x000000008a100000, 0x000000008a000000| Untracked 
| 161|0x000000008a100000, 0x000000008a200000, 0x000000008a200000|100%| O|  |TAMS 0x000000008a200000, 0x000000008a100000| Untracked 
| 162|0x000000008a200000, 0x000000008a300000, 0x000000008a300000|100%| O|  |TAMS 0x000000008a300000, 0x000000008a200000| Untracked 
| 163|0x000000008a300000, 0x000000008a400000, 0x000000008a400000|100%| O|  |TAMS 0x000000008a400000, 0x000000008a300000| Untracked 
| 164|0x000000008a400000, 0x000000008a500000, 0x000000008a500000|100%| O|  |TAMS 0x000000008a500000, 0x000000008a400000| Complete 
| 165|0x000000008a500000, 0x000000008a600000, 0x000000008a600000|100%| O|  |TAMS 0x000000008a600000, 0x000000008a500000| Untracked 
| 166|0x000000008a600000, 0x000000008a700000, 0x000000008a700000|100%| O|  |TAMS 0x000000008a700000, 0x000000008a600000| Untracked 
| 167|0x000000008a700000, 0x000000008a800000, 0x000000008a800000|100%| O|  |TAMS 0x000000008a800000, 0x000000008a700000| Untracked 
| 168|0x000000008a800000, 0x000000008a900000, 0x000000008a900000|100%| O|  |TAMS 0x000000008a900000, 0x000000008a800000| Untracked 
| 169|0x000000008a900000, 0x000000008aa00000, 0x000000008aa00000|100%| O|  |TAMS 0x000000008aa00000, 0x000000008a900000| Untracked 
| 170|0x000000008aa00000, 0x000000008ab00000, 0x000000008ab00000|100%| O|  |TAMS 0x000000008ab00000, 0x000000008aa00000| Untracked 
| 171|0x000000008ab00000, 0x000000008ac00000, 0x000000008ac00000|100%| O|  |TAMS 0x000000008ac00000, 0x000000008ab00000| Untracked 
| 172|0x000000008ac00000, 0x000000008ad00000, 0x000000008ad00000|100%| O|  |TAMS 0x000000008ad00000, 0x000000008ac00000| Complete 
| 173|0x000000008ad00000, 0x000000008ae00000, 0x000000008ae00000|100%| O|  |TAMS 0x000000008ae00000, 0x000000008ad00000| Complete 
| 174|0x000000008ae00000, 0x000000008aef2e00, 0x000000008af00000| 94%| O|  |TAMS 0x000000008aef2e00, 0x000000008ae00000| Untracked 
| 175|0x000000008af00000, 0x000000008af00000, 0x000000008b000000|  0%| F|  |TAMS 0x000000008af00000, 0x000000008af00000| Untracked 
| 176|0x000000008b000000, 0x000000008b000000, 0x000000008b100000|  0%| F|  |TAMS 0x000000008b000000, 0x000000008b000000| Untracked 
| 177|0x000000008b100000, 0x000000008b100000, 0x000000008b200000|  0%| F|  |TAMS 0x000000008b100000, 0x000000008b100000| Untracked 
| 178|0x000000008b200000, 0x000000008b200000, 0x000000008b300000|  0%| F|  |TAMS 0x000000008b200000, 0x000000008b200000| Untracked 
| 179|0x000000008b300000, 0x000000008b300000, 0x000000008b400000|  0%| F|  |TAMS 0x000000008b300000, 0x000000008b300000| Untracked 
| 180|0x000000008b400000, 0x000000008b400000, 0x000000008b500000|  0%| F|  |TAMS 0x000000008b400000, 0x000000008b400000| Untracked 
| 181|0x000000008b500000, 0x000000008b500000, 0x000000008b600000|  0%| F|  |TAMS 0x000000008b500000, 0x000000008b500000| Untracked 
| 182|0x000000008b600000, 0x000000008b600000, 0x000000008b700000|  0%| F|  |TAMS 0x000000008b600000, 0x000000008b600000| Untracked 
| 183|0x000000008b700000, 0x000000008b700000, 0x000000008b800000|  0%| F|  |TAMS 0x000000008b700000, 0x000000008b700000| Untracked 
| 184|0x000000008b800000, 0x000000008b800000, 0x000000008b900000|  0%| F|  |TAMS 0x000000008b800000, 0x000000008b800000| Untracked 
| 185|0x000000008b900000, 0x000000008b900000, 0x000000008ba00000|  0%| F|  |TAMS 0x000000008b900000, 0x000000008b900000| Untracked 
| 186|0x000000008ba00000, 0x000000008ba00000, 0x000000008bb00000|  0%| F|  |TAMS 0x000000008ba00000, 0x000000008ba00000| Untracked 
| 187|0x000000008bb00000, 0x000000008bb00000, 0x000000008bc00000|  0%| F|  |TAMS 0x000000008bb00000, 0x000000008bb00000| Untracked 
| 188|0x000000008bc00000, 0x000000008bc00000, 0x000000008bd00000|  0%| F|  |TAMS 0x000000008bc00000, 0x000000008bc00000| Untracked 
| 189|0x000000008bd00000, 0x000000008bd00000, 0x000000008be00000|  0%| F|  |TAMS 0x000000008bd00000, 0x000000008bd00000| Untracked 
| 190|0x000000008be00000, 0x000000008be00000, 0x000000008bf00000|  0%| F|  |TAMS 0x000000008be00000, 0x000000008be00000| Untracked 
| 191|0x000000008bf00000, 0x000000008bf00000, 0x000000008c000000|  0%| F|  |TAMS 0x000000008bf00000, 0x000000008bf00000| Untracked 
| 192|0x000000008c000000, 0x000000008c000000, 0x000000008c100000|  0%| F|  |TAMS 0x000000008c000000, 0x000000008c000000| Untracked 
| 193|0x000000008c100000, 0x000000008c100000, 0x000000008c200000|  0%| F|  |TAMS 0x000000008c100000, 0x000000008c100000| Untracked 
| 194|0x000000008c200000, 0x000000008c200000, 0x000000008c300000|  0%| F|  |TAMS 0x000000008c200000, 0x000000008c200000| Untracked 
| 195|0x000000008c300000, 0x000000008c300000, 0x000000008c400000|  0%| F|  |TAMS 0x000000008c300000, 0x000000008c300000| Untracked 
| 196|0x000000008c400000, 0x000000008c400000, 0x000000008c500000|  0%| F|  |TAMS 0x000000008c400000, 0x000000008c400000| Untracked 
| 197|0x000000008c500000, 0x000000008c500000, 0x000000008c600000|  0%| F|  |TAMS 0x000000008c500000, 0x000000008c500000| Untracked 
| 198|0x000000008c600000, 0x000000008c600000, 0x000000008c700000|  0%| F|  |TAMS 0x000000008c600000, 0x000000008c600000| Untracked 
| 199|0x000000008c700000, 0x000000008c700000, 0x000000008c800000|  0%| F|  |TAMS 0x000000008c700000, 0x000000008c700000| Untracked 
| 200|0x000000008c800000, 0x000000008c800000, 0x000000008c900000|  0%| F|  |TAMS 0x000000008c800000, 0x000000008c800000| Untracked 
| 201|0x000000008c900000, 0x000000008c900000, 0x000000008ca00000|  0%| F|  |TAMS 0x000000008c900000, 0x000000008c900000| Untracked 
| 202|0x000000008ca00000, 0x000000008ca00000, 0x000000008cb00000|  0%| F|  |TAMS 0x000000008ca00000, 0x000000008ca00000| Untracked 
| 203|0x000000008cb00000, 0x000000008cb00000, 0x000000008cc00000|  0%| F|  |TAMS 0x000000008cb00000, 0x000000008cb00000| Untracked 
| 204|0x000000008cc00000, 0x000000008cc00000, 0x000000008cd00000|  0%| F|  |TAMS 0x000000008cc00000, 0x000000008cc00000| Untracked 
| 205|0x000000008cd00000, 0x000000008cd00000, 0x000000008ce00000|  0%| F|  |TAMS 0x000000008cd00000, 0x000000008cd00000| Untracked 
| 206|0x000000008ce00000, 0x000000008ce00000, 0x000000008cf00000|  0%| F|  |TAMS 0x000000008ce00000, 0x000000008ce00000| Untracked 
| 207|0x000000008cf00000, 0x000000008cf00000, 0x000000008d000000|  0%| F|  |TAMS 0x000000008cf00000, 0x000000008cf00000| Untracked 
| 208|0x000000008d000000, 0x000000008d000000, 0x000000008d100000|  0%| F|  |TAMS 0x000000008d000000, 0x000000008d000000| Untracked 
| 209|0x000000008d100000, 0x000000008d100000, 0x000000008d200000|  0%| F|  |TAMS 0x000000008d100000, 0x000000008d100000| Untracked 
| 210|0x000000008d200000, 0x000000008d200000, 0x000000008d300000|  0%| F|  |TAMS 0x000000008d200000, 0x000000008d200000| Untracked 
| 211|0x000000008d300000, 0x000000008d300000, 0x000000008d400000|  0%| F|  |TAMS 0x000000008d300000, 0x000000008d300000| Untracked 
| 212|0x000000008d400000, 0x000000008d400000, 0x000000008d500000|  0%| F|  |TAMS 0x000000008d400000, 0x000000008d400000| Untracked 
| 213|0x000000008d500000, 0x000000008d500000, 0x000000008d600000|  0%| F|  |TAMS 0x000000008d500000, 0x000000008d500000| Untracked 
| 214|0x000000008d600000, 0x000000008d600000, 0x000000008d700000|  0%| F|  |TAMS 0x000000008d600000, 0x000000008d600000| Untracked 
| 215|0x000000008d700000, 0x000000008d700000, 0x000000008d800000|  0%| F|  |TAMS 0x000000008d700000, 0x000000008d700000| Untracked 
| 216|0x000000008d800000, 0x000000008d800000, 0x000000008d900000|  0%| F|  |TAMS 0x000000008d800000, 0x000000008d800000| Untracked 
| 217|0x000000008d900000, 0x000000008d900000, 0x000000008da00000|  0%| F|  |TAMS 0x000000008d900000, 0x000000008d900000| Untracked 
| 218|0x000000008da00000, 0x000000008da00000, 0x000000008db00000|  0%| F|  |TAMS 0x000000008da00000, 0x000000008da00000| Untracked 
| 219|0x000000008db00000, 0x000000008db00000, 0x000000008dc00000|  0%| F|  |TAMS 0x000000008db00000, 0x000000008db00000| Untracked 
| 220|0x000000008dc00000, 0x000000008dc00000, 0x000000008dd00000|  0%| F|  |TAMS 0x000000008dc00000, 0x000000008dc00000| Untracked 
| 221|0x000000008dd00000, 0x000000008dd00000, 0x000000008de00000|  0%| F|  |TAMS 0x000000008dd00000, 0x000000008dd00000| Untracked 
| 222|0x000000008de00000, 0x000000008de00000, 0x000000008df00000|  0%| F|  |TAMS 0x000000008de00000, 0x000000008de00000| Untracked 
| 223|0x000000008df00000, 0x000000008df00000, 0x000000008e000000|  0%| F|  |TAMS 0x000000008df00000, 0x000000008df00000| Untracked 
| 224|0x000000008e000000, 0x000000008e000000, 0x000000008e100000|  0%| F|  |TAMS 0x000000008e000000, 0x000000008e000000| Untracked 
| 225|0x000000008e100000, 0x000000008e100000, 0x000000008e200000|  0%| F|  |TAMS 0x000000008e100000, 0x000000008e100000| Untracked 
| 226|0x000000008e200000, 0x000000008e200000, 0x000000008e300000|  0%| F|  |TAMS 0x000000008e200000, 0x000000008e200000| Untracked 
| 227|0x000000008e300000, 0x000000008e300000, 0x000000008e400000|  0%| F|  |TAMS 0x000000008e300000, 0x000000008e300000| Untracked 
| 228|0x000000008e400000, 0x000000008e400000, 0x000000008e500000|  0%| F|  |TAMS 0x000000008e400000, 0x000000008e400000| Untracked 
| 229|0x000000008e500000, 0x000000008e500000, 0x000000008e600000|  0%| F|  |TAMS 0x000000008e500000, 0x000000008e500000| Untracked 
| 230|0x000000008e600000, 0x000000008e600000, 0x000000008e700000|  0%| F|  |TAMS 0x000000008e600000, 0x000000008e600000| Untracked 
| 231|0x000000008e700000, 0x000000008e700000, 0x000000008e800000|  0%| F|  |TAMS 0x000000008e700000, 0x000000008e700000| Untracked 
| 232|0x000000008e800000, 0x000000008e800000, 0x000000008e900000|  0%| F|  |TAMS 0x000000008e800000, 0x000000008e800000| Untracked 
| 233|0x000000008e900000, 0x000000008e900000, 0x000000008ea00000|  0%| F|  |TAMS 0x000000008e900000, 0x000000008e900000| Untracked 
| 234|0x000000008ea00000, 0x000000008ea00000, 0x000000008eb00000|  0%| F|  |TAMS 0x000000008ea00000, 0x000000008ea00000| Untracked 
| 235|0x000000008eb00000, 0x000000008eb00000, 0x000000008ec00000|  0%| F|  |TAMS 0x000000008eb00000, 0x000000008eb00000| Untracked 
| 236|0x000000008ec00000, 0x000000008ec00000, 0x000000008ed00000|  0%| F|  |TAMS 0x000000008ec00000, 0x000000008ec00000| Untracked 
| 237|0x000000008ed00000, 0x000000008ed00000, 0x000000008ee00000|  0%| F|  |TAMS 0x000000008ed00000, 0x000000008ed00000| Untracked 
| 238|0x000000008ee00000, 0x000000008ee00000, 0x000000008ef00000|  0%| F|  |TAMS 0x000000008ee00000, 0x000000008ee00000| Untracked 
| 239|0x000000008ef00000, 0x000000008ef00000, 0x000000008f000000|  0%| F|  |TAMS 0x000000008ef00000, 0x000000008ef00000| Untracked 
| 240|0x000000008f000000, 0x000000008f000000, 0x000000008f100000|  0%| F|  |TAMS 0x000000008f000000, 0x000000008f000000| Untracked 
| 241|0x000000008f100000, 0x000000008f100000, 0x000000008f200000|  0%| F|  |TAMS 0x000000008f100000, 0x000000008f100000| Untracked 
| 242|0x000000008f200000, 0x000000008f200000, 0x000000008f300000|  0%| F|  |TAMS 0x000000008f200000, 0x000000008f200000| Untracked 
| 243|0x000000008f300000, 0x000000008f300000, 0x000000008f400000|  0%| F|  |TAMS 0x000000008f300000, 0x000000008f300000| Untracked 
| 244|0x000000008f400000, 0x000000008f400000, 0x000000008f500000|  0%| F|  |TAMS 0x000000008f400000, 0x000000008f400000| Untracked 
| 245|0x000000008f500000, 0x000000008f500000, 0x000000008f600000|  0%| F|  |TAMS 0x000000008f500000, 0x000000008f500000| Untracked 
| 246|0x000000008f600000, 0x000000008f600000, 0x000000008f700000|  0%| F|  |TAMS 0x000000008f600000, 0x000000008f600000| Untracked 
| 247|0x000000008f700000, 0x000000008f700000, 0x000000008f800000|  0%| F|  |TAMS 0x000000008f700000, 0x000000008f700000| Untracked 
| 248|0x000000008f800000, 0x000000008f800000, 0x000000008f900000|  0%| F|  |TAMS 0x000000008f800000, 0x000000008f800000| Untracked 
| 249|0x000000008f900000, 0x000000008f900000, 0x000000008fa00000|  0%| F|  |TAMS 0x000000008f900000, 0x000000008f900000| Untracked 
| 250|0x000000008fa00000, 0x000000008fa00000, 0x000000008fb00000|  0%| F|  |TAMS 0x000000008fa00000, 0x000000008fa00000| Untracked 
| 251|0x000000008fb00000, 0x000000008fb00000, 0x000000008fc00000|  0%| F|  |TAMS 0x000000008fb00000, 0x000000008fb00000| Untracked 
| 252|0x000000008fc00000, 0x000000008fc00000, 0x000000008fd00000|  0%| F|  |TAMS 0x000000008fc00000, 0x000000008fc00000| Untracked 
| 253|0x000000008fd00000, 0x000000008fd00000, 0x000000008fe00000|  0%| F|  |TAMS 0x000000008fd00000, 0x000000008fd00000| Untracked 
| 254|0x000000008fe00000, 0x000000008fe00000, 0x000000008ff00000|  0%| F|  |TAMS 0x000000008fe00000, 0x000000008fe00000| Untracked 
| 255|0x000000008ff00000, 0x000000008ff00000, 0x0000000090000000|  0%| F|  |TAMS 0x000000008ff00000, 0x000000008ff00000| Untracked 
| 256|0x0000000090000000, 0x0000000090000000, 0x0000000090100000|  0%| F|  |TAMS 0x0000000090000000, 0x0000000090000000| Untracked 
| 257|0x0000000090100000, 0x0000000090200000, 0x0000000090200000|100%| S|CS|TAMS 0x0000000090100000, 0x0000000090100000| Complete 
| 258|0x0000000090200000, 0x0000000090300000, 0x0000000090300000|100%| S|CS|TAMS 0x0000000090200000, 0x0000000090200000| Complete 
| 259|0x0000000090300000, 0x0000000090400000, 0x0000000090400000|100%| S|CS|TAMS 0x0000000090300000, 0x0000000090300000| Complete 
| 260|0x0000000090400000, 0x0000000090500000, 0x0000000090500000|100%| S|CS|TAMS 0x0000000090400000, 0x0000000090400000| Complete 
| 261|0x0000000090500000, 0x0000000090600000, 0x0000000090600000|100%| S|CS|TAMS 0x0000000090500000, 0x0000000090500000| Complete 
| 262|0x0000000090600000, 0x0000000090700000, 0x0000000090700000|100%| S|CS|TAMS 0x0000000090600000, 0x0000000090600000| Complete 
| 263|0x0000000090700000, 0x0000000090700000, 0x0000000090800000|  0%| F|  |TAMS 0x0000000090700000, 0x0000000090700000| Untracked 
| 264|0x0000000090800000, 0x0000000090800000, 0x0000000090900000|  0%| F|  |TAMS 0x0000000090800000, 0x0000000090800000| Untracked 
| 265|0x0000000090900000, 0x0000000090900000, 0x0000000090a00000|  0%| F|  |TAMS 0x0000000090900000, 0x0000000090900000| Untracked 
| 266|0x0000000090a00000, 0x0000000090a00000, 0x0000000090b00000|  0%| F|  |TAMS 0x0000000090a00000, 0x0000000090a00000| Untracked 
| 267|0x0000000090b00000, 0x0000000090b00000, 0x0000000090c00000|  0%| F|  |TAMS 0x0000000090b00000, 0x0000000090b00000| Untracked 
| 268|0x0000000090c00000, 0x0000000090c00000, 0x0000000090d00000|  0%| F|  |TAMS 0x0000000090c00000, 0x0000000090c00000| Untracked 
| 269|0x0000000090d00000, 0x0000000090d00000, 0x0000000090e00000|  0%| F|  |TAMS 0x0000000090d00000, 0x0000000090d00000| Untracked 
| 270|0x0000000090e00000, 0x0000000090e00000, 0x0000000090f00000|  0%| F|  |TAMS 0x0000000090e00000, 0x0000000090e00000| Untracked 
| 271|0x0000000090f00000, 0x0000000090f00000, 0x0000000091000000|  0%| F|  |TAMS 0x0000000090f00000, 0x0000000090f00000| Untracked 
| 272|0x0000000091000000, 0x0000000091000000, 0x0000000091100000|  0%| F|  |TAMS 0x0000000091000000, 0x0000000091000000| Untracked 
| 273|0x0000000091100000, 0x0000000091100000, 0x0000000091200000|  0%| F|  |TAMS 0x0000000091100000, 0x0000000091100000| Untracked 
| 274|0x0000000091200000, 0x0000000091200000, 0x0000000091300000|  0%| F|  |TAMS 0x0000000091200000, 0x0000000091200000| Untracked 
| 275|0x0000000091300000, 0x0000000091300000, 0x0000000091400000|  0%| F|  |TAMS 0x0000000091300000, 0x0000000091300000| Untracked 
| 276|0x0000000091400000, 0x0000000091400000, 0x0000000091500000|  0%| F|  |TAMS 0x0000000091400000, 0x0000000091400000| Untracked 
| 277|0x0000000091500000, 0x0000000091500000, 0x0000000091600000|  0%| F|  |TAMS 0x0000000091500000, 0x0000000091500000| Untracked 
| 278|0x0000000091600000, 0x0000000091600000, 0x0000000091700000|  0%| F|  |TAMS 0x0000000091600000, 0x0000000091600000| Untracked 
| 279|0x0000000091700000, 0x0000000091700000, 0x0000000091800000|  0%| F|  |TAMS 0x0000000091700000, 0x0000000091700000| Untracked 
| 280|0x0000000091800000, 0x0000000091800000, 0x0000000091900000|  0%| F|  |TAMS 0x0000000091800000, 0x0000000091800000| Untracked 
| 281|0x0000000091900000, 0x0000000091900000, 0x0000000091a00000|  0%| F|  |TAMS 0x0000000091900000, 0x0000000091900000| Untracked 
| 282|0x0000000091a00000, 0x0000000091a00000, 0x0000000091b00000|  0%| F|  |TAMS 0x0000000091a00000, 0x0000000091a00000| Untracked 
| 283|0x0000000091b00000, 0x0000000091b00000, 0x0000000091c00000|  0%| F|  |TAMS 0x0000000091b00000, 0x0000000091b00000| Untracked 
| 284|0x0000000091c00000, 0x0000000091c00000, 0x0000000091d00000|  0%| F|  |TAMS 0x0000000091c00000, 0x0000000091c00000| Untracked 
| 285|0x0000000091d00000, 0x0000000091d00000, 0x0000000091e00000|  0%| F|  |TAMS 0x0000000091d00000, 0x0000000091d00000| Untracked 
| 286|0x0000000091e00000, 0x0000000091e00000, 0x0000000091f00000|  0%| F|  |TAMS 0x0000000091e00000, 0x0000000091e00000| Untracked 
| 287|0x0000000091f00000, 0x0000000091f00000, 0x0000000092000000|  0%| F|  |TAMS 0x0000000091f00000, 0x0000000091f00000| Untracked 
| 288|0x0000000092000000, 0x0000000092000000, 0x0000000092100000|  0%| F|  |TAMS 0x0000000092000000, 0x0000000092000000| Untracked 
| 289|0x0000000092100000, 0x0000000092100000, 0x0000000092200000|  0%| F|  |TAMS 0x0000000092100000, 0x0000000092100000| Untracked 
| 290|0x0000000092200000, 0x0000000092200000, 0x0000000092300000|  0%| F|  |TAMS 0x0000000092200000, 0x0000000092200000| Untracked 
| 291|0x0000000092300000, 0x0000000092300000, 0x0000000092400000|  0%| F|  |TAMS 0x0000000092300000, 0x0000000092300000| Untracked 
| 292|0x0000000092400000, 0x0000000092400000, 0x0000000092500000|  0%| F|  |TAMS 0x0000000092400000, 0x0000000092400000| Untracked 
| 293|0x0000000092500000, 0x0000000092500000, 0x0000000092600000|  0%| F|  |TAMS 0x0000000092500000, 0x0000000092500000| Untracked 
| 294|0x0000000092600000, 0x0000000092600000, 0x0000000092700000|  0%| F|  |TAMS 0x0000000092600000, 0x0000000092600000| Untracked 
| 295|0x0000000092700000, 0x0000000092700000, 0x0000000092800000|  0%| F|  |TAMS 0x0000000092700000, 0x0000000092700000| Untracked 
| 296|0x0000000092800000, 0x0000000092800000, 0x0000000092900000|  0%| F|  |TAMS 0x0000000092800000, 0x0000000092800000| Untracked 
| 297|0x0000000092900000, 0x0000000092900000, 0x0000000092a00000|  0%| F|  |TAMS 0x0000000092900000, 0x0000000092900000| Untracked 
| 298|0x0000000092a00000, 0x0000000092abd090, 0x0000000092b00000| 73%| E|  |TAMS 0x0000000092a00000, 0x0000000092a00000| Complete 
| 299|0x0000000092b00000, 0x0000000092c00000, 0x0000000092c00000|100%| E|CS|TAMS 0x0000000092b00000, 0x0000000092b00000| Complete 
| 300|0x0000000092c00000, 0x0000000092d00000, 0x0000000092d00000|100%| E|  |TAMS 0x0000000092c00000, 0x0000000092c00000| Complete 
| 301|0x0000000092d00000, 0x0000000092e00000, 0x0000000092e00000|100%| E|CS|TAMS 0x0000000092d00000, 0x0000000092d00000| Complete 
| 302|0x0000000092e00000, 0x0000000092f00000, 0x0000000092f00000|100%| E|CS|TAMS 0x0000000092e00000, 0x0000000092e00000| Complete 
| 303|0x0000000092f00000, 0x0000000093000000, 0x0000000093000000|100%| E|CS|TAMS 0x0000000092f00000, 0x0000000092f00000| Complete 
| 304|0x0000000093000000, 0x0000000093100000, 0x0000000093100000|100%| E|CS|TAMS 0x0000000093000000, 0x0000000093000000| Complete 
| 305|0x0000000093100000, 0x0000000093200000, 0x0000000093200000|100%| E|CS|TAMS 0x0000000093100000, 0x0000000093100000| Complete 
| 306|0x0000000093200000, 0x0000000093300000, 0x0000000093300000|100%| E|CS|TAMS 0x0000000093200000, 0x0000000093200000| Complete 
| 307|0x0000000093300000, 0x0000000093400000, 0x0000000093400000|100%| E|CS|TAMS 0x0000000093300000, 0x0000000093300000| Complete 
| 308|0x0000000093400000, 0x0000000093500000, 0x0000000093500000|100%| E|CS|TAMS 0x0000000093400000, 0x0000000093400000| Complete 
| 309|0x0000000093500000, 0x0000000093600000, 0x0000000093600000|100%| E|CS|TAMS 0x0000000093500000, 0x0000000093500000| Complete 
| 310|0x0000000093600000, 0x0000000093700000, 0x0000000093700000|100%| E|CS|TAMS 0x0000000093600000, 0x0000000093600000| Complete 
| 311|0x0000000093700000, 0x0000000093800000, 0x0000000093800000|100%| E|CS|TAMS 0x0000000093700000, 0x0000000093700000| Complete 
| 312|0x0000000093800000, 0x0000000093900000, 0x0000000093900000|100%| E|CS|TAMS 0x0000000093800000, 0x0000000093800000| Complete 
| 313|0x0000000093900000, 0x0000000093a00000, 0x0000000093a00000|100%| E|CS|TAMS 0x0000000093900000, 0x0000000093900000| Complete 
| 314|0x0000000093a00000, 0x0000000093b00000, 0x0000000093b00000|100%| E|CS|TAMS 0x0000000093a00000, 0x0000000093a00000| Complete 
| 315|0x0000000093b00000, 0x0000000093c00000, 0x0000000093c00000|100%| E|CS|TAMS 0x0000000093b00000, 0x0000000093b00000| Complete 
| 316|0x0000000093c00000, 0x0000000093d00000, 0x0000000093d00000|100%| E|CS|TAMS 0x0000000093c00000, 0x0000000093c00000| Complete 
| 317|0x0000000093d00000, 0x0000000093e00000, 0x0000000093e00000|100%| E|CS|TAMS 0x0000000093d00000, 0x0000000093d00000| Complete 
| 318|0x0000000093e00000, 0x0000000093f00000, 0x0000000093f00000|100%| E|CS|TAMS 0x0000000093e00000, 0x0000000093e00000| Complete 
| 319|0x0000000093f00000, 0x0000000094000000, 0x0000000094000000|100%| E|CS|TAMS 0x0000000093f00000, 0x0000000093f00000| Complete 
| 320|0x0000000094000000, 0x0000000094100000, 0x0000000094100000|100%| O|  |TAMS 0x0000000094100000, 0x0000000094000000| Complete 

Card table byte_map: [0x000001bb25010000,0x000001bb25410000] _byte_map_base: 0x000001bb24c10000

Marking Bits (Prev, Next): (CMBitMap*) 0x000001bb11e3ec40, (CMBitMap*) 0x000001bb11e3ec08
 Prev Bits: [0x000001bb27810000, 0x000001bb29810000)
 Next Bits: [0x000001bb25810000, 0x000001bb27810000)

Polling page: 0x000001bb0fd70000

Metaspace:

Usage:
  Non-class:    117.03 MB capacity,   114.71 MB ( 98%) used,     1.92 MB (  2%) free+waste,   412.25 KB ( <1%) overhead. 
      Class:     17.72 MB capacity,    16.43 MB ( 93%) used,     1.11 MB (  6%) free+waste,   185.25 KB (  1%) overhead. 
       Both:    134.75 MB capacity,   131.14 MB ( 97%) used,     3.03 MB (  2%) free+waste,   597.50 KB ( <1%) overhead. 

Virtual space:
  Non-class space:      118.00 MB reserved,     117.21 MB (>99%) committed 
      Class space:        1.00 GB reserved,      17.75 MB (  2%) committed 
             Both:        1.12 GB reserved,     134.96 MB ( 12%) committed 

Chunk freelists:
   Non-Class:  0 bytes
       Class:  0 bytes
        Both:  0 bytes

MaxMetaspaceSize: 17179869184.00 GB
CompressedClassSpaceSize: 1.00 GB

CodeHeap 'non-profiled nmethods': size=120000Kb used=13899Kb max_used=13899Kb free=106100Kb
 bounds [0x000001bb1d3b0000, 0x000001bb1e150000, 0x000001bb248e0000]
CodeHeap 'profiled nmethods': size=120000Kb used=40915Kb max_used=40915Kb free=79084Kb
 bounds [0x000001bb15e80000, 0x000001bb18690000, 0x000001bb1d3b0000]
CodeHeap 'non-nmethods': size=5760Kb used=2378Kb max_used=2455Kb free=3381Kb
 bounds [0x000001bb158e0000, 0x000001bb15b50000, 0x000001bb15e80000]
 total_blobs=19218 nmethods=18211 adapters=917
 compilation: enabled
              stopped_count=0, restarted_count=0
 full_count=0

Compilation events (20 events):
Event: 138.693 Thread 0x000001bb2cb6c800 20320       3       com.android.tools.r8.graph.c$$Lambda$1354/0x0000000100e38840::<init> (10 bytes)
Event: 138.693 Thread 0x000001bb2cb6c800 nmethod 20320 0x000001bb18682810 code [0x000001bb186829c0, 0x000001bb18682b78]
Event: 138.693 Thread 0x000001bb2cb6c800 20321       3       com.android.tools.r8.synthesis.s::a (233 bytes)
Event: 138.694 Thread 0x000001bb2cb6c800 nmethod 20321 0x000001bb18682c10 code [0x000001bb18682e60, 0x000001bb18683708]
Event: 138.694 Thread 0x000001bb2cb6c800 20325       3       com.android.tools.r8.internal.Oz::a (109 bytes)
Event: 138.694 Thread 0x000001bb2cb6c800 nmethod 20325 0x000001bb18683a10 code [0x000001bb18683c00, 0x000001bb186840e8]
Event: 138.694 Thread 0x000001bb2cb6c800 20324       3       com.android.tools.r8.internal.Su$b::a (155 bytes)
Event: 138.696 Thread 0x000001bb2cb6c800 nmethod 20324 0x000001bb18684390 code [0x000001bb18684600, 0x000001bb18685098]
Event: 138.696 Thread 0x000001bb2cb6c800 20326       3       com.android.tools.r8.internal.Su$$Lambda$1966/0x00000001011b8440::compare (20 bytes)
Event: 138.696 Thread 0x000001bb2cb6c800 nmethod 20326 0x000001bb18685410 code [0x000001bb186855e0, 0x000001bb186858e8]
Event: 138.696 Thread 0x000001bb2cb6c800 20327       3       com.android.tools.r8.internal.Su::a (40 bytes)
Event: 138.697 Thread 0x000001bb2cb6c800 nmethod 20327 0x000001bb18685a10 code [0x000001bb18685c60, 0x000001bb18686488]
Event: 138.697 Thread 0x000001bb2cb6c800 20319       3       com.android.tools.r8.graph.c$$Lambda$1354/0x0000000100e38840::get$Lambda (9 bytes)
Event: 138.697 Thread 0x000001bb2cb6c800 nmethod 20319 0x000001bb18686810 code [0x000001bb186869e0, 0x000001bb18686c38]
Event: 138.697 Thread 0x000001bb2cb6c800 20322       3       com.android.tools.r8.graph.c$$Lambda$1354/0x0000000100e38840::apply (12 bytes)
Event: 138.698 Thread 0x000001bb2cb6c800 nmethod 20322 0x000001bb18686d10 code [0x000001bb18686ee0, 0x000001bb18687188]
Event: 138.698 Thread 0x000001bb2cb6c800 20323       3       com.android.tools.r8.graph.I0::a (154 bytes)
Event: 138.698 Thread 0x000001bb2cb6c800 nmethod 20323 0x000001bb18687290 code [0x000001bb186874c0, 0x000001bb18687cd8]
Event: 138.698 Thread 0x000001bb2cb6c800 20332       3       com.android.tools.r8.internal.Oz::a (176 bytes)
Event: 138.700 Thread 0x000001bb2cb6c800 nmethod 20332 0x000001bb18687f10 code [0x000001bb18688160, 0x000001bb18688928]

GC Heap History (20 events):
Event: 29.705 GC heap before
{Heap before GC invocations=28 (full 0):
 garbage-first heap   total 325632K, used 261459K [0x0000000080000000, 0x0000000100000000)
  region size 1024K, 156 young (159744K), 11 survivors (11264K)
 Metaspace       used 103111K, capacity 106049K, committed 106240K, reserved 1140736K
  class space    used 13181K, capacity 14242K, committed 14336K, reserved 1048576K
}
Event: 29.713 GC heap after
{Heap after GC invocations=29 (full 0):
 garbage-first heap   total 325632K, used 113664K [0x0000000080000000, 0x0000000100000000)
  region size 1024K, 5 young (5120K), 5 survivors (5120K)
 Metaspace       used 103111K, capacity 106049K, committed 106240K, reserved 1140736K
  class space    used 13181K, capacity 14242K, committed 14336K, reserved 1048576K
}
Event: 121.852 GC heap before
{Heap before GC invocations=29 (full 0):
 garbage-first heap   total 325632K, used 266240K [0x0000000080000000, 0x0000000100000000)
  region size 1024K, 155 young (158720K), 5 survivors (5120K)
 Metaspace       used 113820K, capacity 117160K, committed 117248K, reserved 1150976K
  class space    used 14414K, capacity 15604K, committed 15616K, reserved 1048576K
}
Event: 121.876 GC heap after
{Heap after GC invocations=30 (full 0):
 garbage-first heap   total 325632K, used 115129K [0x0000000080000000, 0x0000000100000000)
  region size 1024K, 9 young (9216K), 9 survivors (9216K)
 Metaspace       used 113820K, capacity 117160K, committed 117248K, reserved 1150976K
  class space    used 14414K, capacity 15604K, committed 15616K, reserved 1048576K
}
Event: 124.861 GC heap before
{Heap before GC invocations=30 (full 0):
 garbage-first heap   total 325632K, used 182713K [0x0000000080000000, 0x0000000100000000)
  region size 1024K, 77 young (78848K), 9 survivors (9216K)
 Metaspace       used 116985K, capacity 120435K, committed 120536K, reserved 1153024K
  class space    used 14838K, capacity 16109K, committed 16128K, reserved 1048576K
}
Event: 124.889 GC heap after
{Heap after GC invocations=31 (full 0):
 garbage-first heap   total 325632K, used 120560K [0x0000000080000000, 0x0000000100000000)
  region size 1024K, 14 young (14336K), 14 survivors (14336K)
 Metaspace       used 116985K, capacity 120435K, committed 120536K, reserved 1153024K
  class space    used 14838K, capacity 16109K, committed 16128K, reserved 1048576K
}
Event: 130.043 GC heap before
{Heap before GC invocations=32 (full 0):
 garbage-first heap   total 325632K, used 294640K [0x0000000080000000, 0x0000000100000000)
  region size 1024K, 159 young (162816K), 14 survivors (14336K)
 Metaspace       used 117416K, capacity 120599K, committed 121560K, reserved 1155072K
  class space    used 14722K, capacity 15824K, committed 16128K, reserved 1048576K
}
Event: 130.112 GC heap after
{Heap after GC invocations=33 (full 0):
 garbage-first heap   total 328704K, used 139622K [0x0000000080000000, 0x0000000100000000)
  region size 1024K, 20 young (20480K), 20 survivors (20480K)
 Metaspace       used 117416K, capacity 120599K, committed 121560K, reserved 1155072K
  class space    used 14722K, capacity 15824K, committed 16128K, reserved 1048576K
}
Event: 132.489 GC heap before
{Heap before GC invocations=33 (full 0):
 garbage-first heap   total 328704K, used 265574K [0x0000000080000000, 0x0000000100000000)
  region size 1024K, 144 young (147456K), 20 survivors (20480K)
 Metaspace       used 122759K, capacity 125959K, committed 126936K, reserved 1159168K
  class space    used 15171K, capacity 16268K, committed 16640K, reserved 1048576K
}
Event: 132.512 GC heap after
{Heap after GC invocations=34 (full 0):
 garbage-first heap   total 328704K, used 142951K [0x0000000080000000, 0x0000000100000000)
  region size 1024K, 3 young (3072K), 3 survivors (3072K)
 Metaspace       used 122759K, capacity 125959K, committed 126936K, reserved 1159168K
  class space    used 15171K, capacity 16268K, committed 16640K, reserved 1048576K
}
Event: 134.500 GC heap before
{Heap before GC invocations=34 (full 0):
 garbage-first heap   total 328704K, used 268903K [0x0000000080000000, 0x0000000100000000)
  region size 1024K, 127 young (130048K), 3 survivors (3072K)
 Metaspace       used 127175K, capacity 130585K, committed 131288K, reserved 1163264K
  class space    used 15715K, capacity 16875K, committed 17152K, reserved 1048576K
}
Event: 134.515 GC heap after
{Heap after GC invocations=35 (full 0):
 garbage-first heap   total 328704K, used 149776K [0x0000000080000000, 0x0000000100000000)
  region size 1024K, 10 young (10240K), 10 survivors (10240K)
 Metaspace       used 127175K, capacity 130585K, committed 131288K, reserved 1163264K
  class space    used 15715K, capacity 16875K, committed 17152K, reserved 1048576K
}
Event: 134.850 GC heap before
{Heap before GC invocations=35 (full 0):
 garbage-first heap   total 328704K, used 180496K [0x0000000080000000, 0x0000000100000000)
  region size 1024K, 35 young (35840K), 10 survivors (10240K)
 Metaspace       used 128401K, capacity 131834K, committed 132184K, reserved 1165312K
  class space    used 15901K, capacity 17086K, committed 17280K, reserved 1048576K
}
Event: 134.863 GC heap after
{Heap after GC invocations=36 (full 0):
 garbage-first heap   total 328704K, used 155858K [0x0000000080000000, 0x0000000100000000)
  region size 1024K, 9 young (9216K), 9 survivors (9216K)
 Metaspace       used 128401K, capacity 131834K, committed 132184K, reserved 1165312K
  class space    used 15901K, capacity 17086K, committed 17280K, reserved 1048576K
}
Event: 136.212 GC heap before
{Heap before GC invocations=37 (full 0):
 garbage-first heap   total 328704K, used 274432K [0x0000000080000000, 0x0000000100000000)
  region size 1024K, 126 young (129024K), 9 survivors (9216K)
 Metaspace       used 131863K, capacity 135396K, committed 135640K, reserved 1167360K
  class space    used 16496K, capacity 17750K, committed 17920K, reserved 1048576K
}
Event: 136.266 GC heap after
{Heap after GC invocations=38 (full 0):
 garbage-first heap   total 328704K, used 178823K [0x0000000080000000, 0x0000000100000000)
  region size 1024K, 16 young (16384K), 16 survivors (16384K)
 Metaspace       used 131863K, capacity 135396K, committed 135640K, reserved 1167360K
  class space    used 16496K, capacity 17750K, committed 17920K, reserved 1048576K
}
Event: 136.318 GC heap before
{Heap before GC invocations=38 (full 0):
 garbage-first heap   total 328704K, used 179847K [0x0000000080000000, 0x0000000100000000)
  region size 1024K, 17 young (17408K), 16 survivors (16384K)
 Metaspace       used 132062K, capacity 135503K, committed 135896K, reserved 1167360K
  class space    used 16527K, capacity 17764K, committed 17920K, reserved 1048576K
}
Event: 136.352 GC heap after
{Heap after GC invocations=39 (full 0):
 garbage-first heap   total 328704K, used 174027K [0x0000000080000000, 0x0000000100000000)
  region size 1024K, 2 young (2048K), 2 survivors (2048K)
 Metaspace       used 132062K, capacity 135503K, committed 135896K, reserved 1167360K
  class space    used 16527K, capacity 17764K, committed 17920K, reserved 1048576K
}
Event: 137.489 GC heap before
{Heap before GC invocations=39 (full 0):
 garbage-first heap   total 328704K, used 229323K [0x0000000080000000, 0x0000000100000000)
  region size 1024K, 57 young (58368K), 2 survivors (2048K)
 Metaspace       used 134067K, capacity 137714K, committed 137944K, reserved 1169408K
  class space    used 16803K, capacity 18104K, committed 18176K, reserved 1048576K
}
Event: 137.504 GC heap after
{Heap after GC invocations=40 (full 0):
 garbage-first heap   total 328704K, used 178123K [0x0000000080000000, 0x0000000100000000)
  region size 1024K, 6 young (6144K), 6 survivors (6144K)
 Metaspace       used 134067K, capacity 137714K, committed 137944K, reserved 1169408K
  class space    used 16803K, capacity 18104K, committed 18176K, reserved 1048576K
}

Deoptimization events (20 events):
Event: 138.658 Thread 0x000001bb33fa0800 Uncommon trap: trap_request=0xffffffc6 fr.pc=0x000001bb1da780d0 relative=0x00000000000006d0
Event: 138.658 Thread 0x000001bb33fa0800 Uncommon trap: reason=bimorphic_or_optimized_type_check action=maybe_recompile pc=0x000001bb1da780d0 method=com.android.tools.r8.graph.d0.a(Lcom/android/tools/r8/internal/BE;Lcom/android/tools/r8/internal/e8;)I @ 6 c2
Event: 138.658 Thread 0x000001bb33fa0800 DEOPT PACKING pc=0x000001bb1da780d0 sp=0x000000a8ba5fe520
Event: 138.658 Thread 0x000001bb33fa0800 DEOPT UNPACKING pc=0x000001bb159078af sp=0x000000a8ba5fe4e0 mode 2
Event: 138.658 Thread 0x000001bb33fa0800 Uncommon trap: trap_request=0xffffffc6 fr.pc=0x000001bb1da780d0 relative=0x00000000000006d0
Event: 138.658 Thread 0x000001bb33fa0800 Uncommon trap: reason=bimorphic_or_optimized_type_check action=maybe_recompile pc=0x000001bb1da780d0 method=com.android.tools.r8.graph.d0.a(Lcom/android/tools/r8/internal/BE;Lcom/android/tools/r8/internal/e8;)I @ 6 c2
Event: 138.658 Thread 0x000001bb33fa0800 DEOPT PACKING pc=0x000001bb1da780d0 sp=0x000000a8ba5fe520
Event: 138.658 Thread 0x000001bb33fa0800 DEOPT UNPACKING pc=0x000001bb159078af sp=0x000000a8ba5fe4e0 mode 2
Event: 138.658 Thread 0x000001bb33fa0800 Uncommon trap: trap_request=0xffffffc6 fr.pc=0x000001bb1da780d0 relative=0x00000000000006d0
Event: 138.658 Thread 0x000001bb33fa0800 Uncommon trap: reason=bimorphic_or_optimized_type_check action=maybe_recompile pc=0x000001bb1da780d0 method=com.android.tools.r8.graph.d0.a(Lcom/android/tools/r8/internal/BE;Lcom/android/tools/r8/internal/e8;)I @ 6 c2
Event: 138.658 Thread 0x000001bb33fa0800 DEOPT PACKING pc=0x000001bb1da780d0 sp=0x000000a8ba5fe530
Event: 138.658 Thread 0x000001bb33fa0800 DEOPT UNPACKING pc=0x000001bb159078af sp=0x000000a8ba5fe4f0 mode 2
Event: 138.658 Thread 0x000001bb33fa0800 Uncommon trap: trap_request=0xffffffc6 fr.pc=0x000001bb1da780d0 relative=0x00000000000006d0
Event: 138.658 Thread 0x000001bb33fa0800 Uncommon trap: reason=bimorphic_or_optimized_type_check action=maybe_recompile pc=0x000001bb1da780d0 method=com.android.tools.r8.graph.d0.a(Lcom/android/tools/r8/internal/BE;Lcom/android/tools/r8/internal/e8;)I @ 6 c2
Event: 138.658 Thread 0x000001bb33fa0800 DEOPT PACKING pc=0x000001bb1da780d0 sp=0x000000a8ba5fe530
Event: 138.658 Thread 0x000001bb33fa0800 DEOPT UNPACKING pc=0x000001bb159078af sp=0x000000a8ba5fe4f0 mode 2
Event: 138.681 Thread 0x000001bb33fa0800 Uncommon trap: trap_request=0xffffff4d fr.pc=0x000001bb1da77044 relative=0x00000000000003e4
Event: 138.681 Thread 0x000001bb33fa0800 Uncommon trap: reason=unstable_if action=reinterpret pc=0x000001bb1da77044 method=com.android.tools.r8.internal.Kz.a(Ljava/lang/Object;I)I @ 124 c2
Event: 138.681 Thread 0x000001bb33fa0800 DEOPT PACKING pc=0x000001bb1da77044 sp=0x000000a8ba5fe860
Event: 138.681 Thread 0x000001bb33fa0800 DEOPT UNPACKING pc=0x000001bb159078af sp=0x000000a8ba5fe838 mode 2

Classes redefined (0 events):
No events

Internal exceptions (20 events):
Event: 135.555 Thread 0x000001bb34c37800 Exception <a 'java/lang/NoSuchMethodError'{0x00000000902fdc70}: <clinit>> (0x00000000902fdc70) thrown at [./src/hotspot/share/prims/jni.cpp, line 1362]
Event: 135.560 Thread 0x000001bb34c37800 Exception <a 'java/lang/NoSuchMethodError'{0x000000009014d738}: <clinit>> (0x000000009014d738) thrown at [./src/hotspot/share/prims/jni.cpp, line 1362]
Event: 135.561 Thread 0x000001bb34c37800 Exception <a 'java/lang/NoSuchMethodError'{0x0000000090166a40}: <clinit>> (0x0000000090166a40) thrown at [./src/hotspot/share/prims/jni.cpp, line 1362]
Event: 135.634 Thread 0x000001bb33f9f000 Exception <a 'java/lang/IncompatibleClassChangeError'{0x000000008f85d068}: Found class java.lang.Object, but interface was expected> (0x000000008f85d068) thrown at [./src/hotspot/share/interpreter/linkResolver.cpp, line 839]
Event: 135.676 Thread 0x000001bb33f9f800 Exception <a 'java/lang/NoSuchMethodError'{0x000000008f652a48}: 'java.lang.Object java.lang.invoke.DirectMethodHandle$Holder.newInvokeSpecial(java.lang.Object, int)'> (0x000000008f652a48) thrown at [./src/hotspot/share/interpreter/linkResolver.cpp, line 773]
Event: 135.690 Thread 0x000001bb358b0800 Exception <a 'java/lang/NoSuchMethodError'{0x000000008f7f16d0}: 'void java.lang.invoke.DirectMethodHandle$Holder.invokeStatic(java.lang.Object, long)'> (0x000000008f7f16d0) thrown at [./src/hotspot/share/interpreter/linkResolver.cpp, line 773]
Event: 135.691 Thread 0x000001bb358b0800 Exception <a 'java/lang/NoSuchMethodError'{0x000000008f7f68e8}: 'java.lang.Object java.lang.invoke.DirectMethodHandle$Holder.invokeStatic(java.lang.Object, long)'> (0x000000008f7f68e8) thrown at [./src/hotspot/share/interpreter/linkResolver.cpp, line 773]
Event: 135.694 Thread 0x000001bb358b0800 Exception <a 'java/lang/NoSuchMethodError'{0x000000008f533d78}: 'java.lang.Object java.lang.invoke.DirectMethodHandle$Holder.invokeStaticInit(java.lang.Object, java.lang.Object, long, java.lang.Object)'> (0x000000008f533d78) thrown at [./src/hotspot/share/interpreter/linkResolver.cpp, line 773]
Event: 135.695 Thread 0x000001bb358b0800 Exception <a 'java/lang/NoSuchMethodError'{0x000000008f539f10}: 'java.lang.Object java.lang.invoke.DirectMethodHandle$Holder.invokeStatic(java.lang.Object, java.lang.Object, long)'> (0x000000008f539f10) thrown at [./src/hotspot/share/interpreter/linkResolver.cpp, line 773]
Event: 135.695 Thread 0x000001bb358b0800 Exception <a 'java/lang/NoSuchMethodError'{0x000000008f567050}: 'java.lang.Object java.lang.invoke.Invokers$Holder.linkToTargetMethod(java.lang.Object, long, java.lang.Object)'> (0x000000008f567050) thrown at [./src/hotspot/share/interpreter/linkResolver.cpp, line 773]
Event: 135.771 Thread 0x000001bb33f9f800 Exception <a 'java/lang/IncompatibleClassChangeError'{0x000000008f6deda8}: Found class java.lang.Object, but interface was expected> (0x000000008f6deda8) thrown at [./src/hotspot/share/interpreter/linkResolver.cpp, line 839]
Event: 135.771 Thread 0x000001bb33f9e000 Exception <a 'java/lang/IncompatibleClassChangeError'{0x000000008f3eda98}: Found class java.lang.Object, but interface was expected> (0x000000008f3eda98) thrown at [./src/hotspot/share/interpreter/linkResolver.cpp, line 839]
Event: 135.772 Thread 0x000001bb33f9e000 Exception <a 'java/lang/IncompatibleClassChangeError'{0x000000008f3f4de8}: Found class java.lang.Object, but interface was expected> (0x000000008f3f4de8) thrown at [./src/hotspot/share/interpreter/linkResolver.cpp, line 839]
Event: 136.312 Thread 0x000001bb358ab800 Exception <a 'java/lang/IncompatibleClassChangeError'{0x0000000093ea0190}: Found class java.lang.Object, but interface was expected> (0x0000000093ea0190) thrown at [./src/hotspot/share/interpreter/linkResolver.cpp, line 839]
Event: 136.659 Thread 0x000001bb358ab800 Exception <a 'java/lang/NoSuchMethodError'{0x0000000092f20548}: 'java.lang.Object java.lang.invoke.Invokers$Holder.linkToTargetMethod(java.lang.Object, int, java.lang.Object, java.lang.Object, java.lang.Object, java.lang.Object)'> (0x0000000092f20548) thrown at [./src/hotspot/share/interpreter/linkResolver.cpp, line 773]
Event: 136.660 Thread 0x000001bb358ab800 Exception <a 'java/lang/NoSuchMethodError'{0x0000000092f24200}: 'void java.lang.invoke.DirectMethodHandle$Holder.invokeSpecial(java.lang.Object, java.lang.Object, java.lang.Object, java.lang.Object, java.lang.Object, java.lang.Object, java.lang.Object, java.lang.Object, java.lang.Object)'> (0x0000000092f24200) thrown at [./src/hotspot/share/interpreter/linkResolver.cpp, line 773]
Event: 136.669 Thread 0x000001bb358ab800 Exception <a 'java/lang/IncompatibleClassChangeError'{0x0000000092f4e058}: Found class java.lang.Object, but interface was expected> (0x0000000092f4e058) thrown at [./src/hotspot/share/interpreter/linkResolver.cpp, line 839]
Event: 136.703 Thread 0x000001bb358ab800 Exception <a 'java/lang/NoSuchMethodError'{0x0000000092fdeec8}: 'int java.lang.invoke.DirectMethodHandle$Holder.invokeSpecial(java.lang.Object, java.lang.Object, java.lang.Object, java.lang.Object, java.lang.Object, java.lang.Object)'> (0x0000000092fdeec8) thrown at [./src/hotspot/share/interpreter/linkResolver.cpp, line 773]
Event: 136.708 Thread 0x000001bb358ab800 Exception <a 'java/lang/NoSuchMethodError'{0x0000000092ffbd98}: 'void java.lang.invoke.DirectMethodHandle$Holder.invokeStatic(java.lang.Object, java.lang.Object, java.lang.Object, java.lang.Object, java.lang.Object, java.lang.Object, java.lang.Object, java.lang.Object)'> (0x0000000092ffbd98) thrown at [./src/hotspot/share/interpreter/linkResolver.cpp, line 773]
Event: 138.398 Thread 0x000001bb358ab800 Exception <a 'java/lang/IncompatibleClassChangeError'{0x00000000931f51f0}: Found class java.lang.Object, but interface was expected> (0x00000000931f51f0) thrown at [./src/hotspot/share/interpreter/linkResolver.cpp, line 839]

Events (20 events):
Event: 138.657 loading class com/android/tools/r8/internal/Su
Event: 138.657 loading class com/android/tools/r8/internal/Su done
Event: 138.686 loading class com/android/tools/r8/internal/Kz
Event: 138.686 loading class com/android/tools/r8/internal/Kz done
Event: 138.687 loading class com/android/tools/r8/graph/d0
Event: 138.687 loading class com/android/tools/r8/graph/d0 done
Event: 138.687 loading class com/android/tools/r8/internal/Kz
Event: 138.687 loading class com/android/tools/r8/internal/Kz done
Event: 138.689 loading class com/android/tools/r8/internal/Su$b
Event: 138.689 loading class com/android/tools/r8/internal/Su$b done
Event: 138.690 loading class java/util/IdentityHashMap$KeySpliterator
Event: 138.690 loading class java/util/IdentityHashMap$IdentityHashMapSpliterator
Event: 138.690 loading class java/util/IdentityHashMap$IdentityHashMapSpliterator done
Event: 138.690 loading class java/util/IdentityHashMap$KeySpliterator done
Event: 138.690 loading class com/android/tools/r8/internal/Su$b
Event: 138.690 loading class com/android/tools/r8/internal/Su$b done
Event: 138.690 loading class com/android/tools/r8/graph/Z
Event: 138.690 loading class com/android/tools/r8/graph/Z done
Event: 138.690 loading class com/android/tools/r8/internal/Su$b
Event: 138.690 loading class com/android/tools/r8/internal/Su$b done


Dynamic libraries:
0x00007ff72ad30000 - 0x00007ff72ad3a000 	C:\Program Files\Android\Android Studio\jre\bin\java.exe
0x00007ffe94640000 - 0x00007ffe9484f000 	C:\WINDOWS\SYSTEM32\ntdll.dll
0x00007ffe776a0000 - 0x00007ffe776b5000 	C:\Program Files\Avast Software\Avast\aswhook.dll
0x00007ffe93420000 - 0x00007ffe934dd000 	C:\WINDOWS\System32\KERNEL32.DLL
0x00007ffe92070000 - 0x00007ffe923f6000 	C:\WINDOWS\System32\KERNELBASE.dll
0x00007ffe91da0000 - 0x00007ffe91eb1000 	C:\WINDOWS\System32\ucrtbase.dll
0x00007ffe8d1c0000 - 0x00007ffe8d1d9000 	C:\Program Files\Android\Android Studio\jre\bin\jli.dll
0x00007ffe94110000 - 0x00007ffe942ba000 	C:\WINDOWS\System32\USER32.dll
0x00007ffe91ba0000 - 0x00007ffe91bc6000 	C:\WINDOWS\System32\win32u.dll
0x00007ffe93e60000 - 0x00007ffe93e89000 	C:\WINDOWS\System32\GDI32.dll
0x00007ffe91f50000 - 0x00007ffe92067000 	C:\WINDOWS\System32\gdi32full.dll
0x00007ffe91b00000 - 0x00007ffe91b9b000 	C:\WINDOWS\System32\msvcp_win.dll
0x00007ffe8c800000 - 0x00007ffe8c817000 	C:\Program Files\Android\Android Studio\jre\bin\VCRUNTIME140.dll
0x00007ffe78780000 - 0x00007ffe78a21000 	C:\WINDOWS\WinSxS\amd64_microsoft.windows.common-controls_6595b64144ccf1df_6.0.22471.1000_none_228bc6e77ad112f7\COMCTL32.dll
0x00007ffe924c0000 - 0x00007ffe92564000 	C:\WINDOWS\System32\msvcrt.dll
0x00007ffe93220000 - 0x00007ffe93251000 	C:\WINDOWS\System32\IMM32.DLL
0x00007ffe64a40000 - 0x00007ffe64add000 	C:\Program Files\Android\Android Studio\jre\bin\msvcp140.dll
0x00007ffe48f20000 - 0x00007ffe499ef000 	C:\Program Files\Android\Android Studio\jre\bin\server\jvm.dll
0x00007ffe93370000 - 0x00007ffe9341e000 	C:\WINDOWS\System32\ADVAPI32.dll
0x00007ffe932c0000 - 0x00007ffe93361000 	C:\WINDOWS\System32\sechost.dll
0x00007ffe94380000 - 0x00007ffe944a0000 	C:\WINDOWS\System32\RPCRT4.dll
0x00007ffe92570000 - 0x00007ffe92578000 	C:\WINDOWS\System32\PSAPI.DLL
0x00007ffe84940000 - 0x00007ffe84949000 	C:\WINDOWS\SYSTEM32\WSOCK32.dll
0x00007ffe92f90000 - 0x00007ffe93001000 	C:\WINDOWS\System32\WS2_32.dll
0x00007ffe8d4e0000 - 0x00007ffe8d513000 	C:\WINDOWS\SYSTEM32\WINMM.dll
0x00007ffe8b2d0000 - 0x00007ffe8b2da000 	C:\WINDOWS\SYSTEM32\VERSION.dll
0x00007ffe90bb0000 - 0x00007ffe90bc8000 	C:\WINDOWS\SYSTEM32\kernel.appcore.dll
0x00007ffe83db0000 - 0x00007ffe83dc1000 	C:\Program Files\Android\Android Studio\jre\bin\verify.dll
0x00007ffe8a8e0000 - 0x00007ffe8ab07000 	C:\WINDOWS\SYSTEM32\DBGHELP.DLL
0x00007ffe92690000 - 0x00007ffe92a0e000 	C:\WINDOWS\System32\combase.dll
0x00007ffe8a7d0000 - 0x00007ffe8a801000 	C:\WINDOWS\SYSTEM32\dbgcore.DLL
0x00007ffe91ec0000 - 0x00007ffe91f41000 	C:\WINDOWS\System32\bcryptPrimitives.dll
0x00007ffe81d30000 - 0x00007ffe81d59000 	C:\Program Files\Android\Android Studio\jre\bin\java.dll
0x00007ffe8d5b0000 - 0x00007ffe8d5bb000 	C:\Program Files\Android\Android Studio\jre\bin\jimage.dll
0x00007ffe82820000 - 0x00007ffe82838000 	C:\Program Files\Android\Android Studio\jre\bin\zip.dll
0x00007ffe936a0000 - 0x00007ffe93e4b000 	C:\WINDOWS\System32\SHELL32.dll
0x00007ffe8fb40000 - 0x00007ffe9039c000 	C:\WINDOWS\SYSTEM32\windows.storage.dll
0x00007ffe8f9f0000 - 0x00007ffe8fb39000 	C:\WINDOWS\SYSTEM32\wintypes.dll
0x00007ffe925a0000 - 0x00007ffe92690000 	C:\WINDOWS\System32\SHCORE.dll
0x00007ffe93260000 - 0x00007ffe932bb000 	C:\WINDOWS\System32\shlwapi.dll
0x00007ffe91a30000 - 0x00007ffe91a51000 	C:\WINDOWS\SYSTEM32\profapi.dll
0x00007ffe82370000 - 0x00007ffe8238a000 	C:\Program Files\Android\Android Studio\jre\bin\net.dll
0x00007ffe8ca00000 - 0x00007ffe8cb10000 	C:\WINDOWS\SYSTEM32\WINHTTP.dll
0x00007ffe91000000 - 0x00007ffe91069000 	C:\WINDOWS\system32\mswsock.dll
0x00007ffe7ca20000 - 0x00007ffe7ca34000 	C:\Program Files\Android\Android Studio\jre\bin\nio.dll
0x00007ffe87890000 - 0x00007ffe878b7000 	C:\Users\gerso\.gradle\native\8bec1ad78214c89d9ad589b4d07fe93259594b29d510b10fafb7a158f7737e5d\windows-amd64\native-platform.dll
0x00007ffe7b290000 - 0x00007ffe7b3cd000 	C:\Users\gerso\.gradle\native\53dbd7edfb1c66fb8903c78663c9afc45aea4f116125fa6feffd364cf09443e8\windows-amd64\native-platform-file-events.dll
0x00007ffe8c6b0000 - 0x00007ffe8c6ba000 	C:\Program Files\Android\Android Studio\jre\bin\management.dll
0x00007ffe8ab10000 - 0x00007ffe8ab1c000 	C:\Program Files\Android\Android Studio\jre\bin\management_ext.dll
0x00007ffe91250000 - 0x00007ffe91268000 	C:\WINDOWS\SYSTEM32\CRYPTSP.dll
0x00007ffe90b10000 - 0x00007ffe90b45000 	C:\WINDOWS\system32\rsaenh.dll
0x00007ffe91100000 - 0x00007ffe91129000 	C:\WINDOWS\SYSTEM32\USERENV.dll
0x00007ffe913d0000 - 0x00007ffe913f8000 	C:\WINDOWS\SYSTEM32\bcrypt.dll
0x00007ffe91270000 - 0x00007ffe9127c000 	C:\WINDOWS\SYSTEM32\CRYPTBASE.dll
0x00007ffe905c0000 - 0x00007ffe905ed000 	C:\WINDOWS\SYSTEM32\IPHLPAPI.DLL
0x00007ffe93e50000 - 0x00007ffe93e59000 	C:\WINDOWS\System32\NSI.dll
0x00007ffe8c960000 - 0x00007ffe8c979000 	C:\WINDOWS\SYSTEM32\dhcpcsvc6.DLL
0x00007ffe8c940000 - 0x00007ffe8c95e000 	C:\WINDOWS\SYSTEM32\dhcpcsvc.DLL
0x00007ffe905f0000 - 0x00007ffe906e1000 	C:\WINDOWS\SYSTEM32\DNSAPI.dll
0x00007ffe7baa0000 - 0x00007ffe7bac7000 	C:\Program Files\Android\Android Studio\jre\bin\sunec.dll
0x00007ffe85960000 - 0x00007ffe8596a000 	C:\Windows\System32\rasadhlp.dll
0x00007ffe8c3d0000 - 0x00007ffe8c451000 	C:\WINDOWS\System32\fwpuclnt.dll
0x00007ffe907a0000 - 0x00007ffe907d4000 	C:\WINDOWS\SYSTEM32\ntmarta.dll

dbghelp: loaded successfully - version: 4.0.5 - missing functions: none
symbol engine: initialized successfully - sym options: 0x614 - pdb path: .;C:\Program Files\Android\Android Studio\jre\bin;C:\WINDOWS\SYSTEM32;C:\Program Files\Avast Software\Avast;C:\WINDOWS\WinSxS\amd64_microsoft.windows.common-controls_6595b64144ccf1df_6.0.22471.1000_none_228bc6e77ad112f7;C:\Program Files\Android\Android Studio\jre\bin\server;C:\Users\gerso\.gradle\native\8bec1ad78214c89d9ad589b4d07fe93259594b29d510b10fafb7a158f7737e5d\windows-amd64;C:\Users\gerso\.gradle\native\53dbd7edfb1c66fb8903c78663c9afc45aea4f116125fa6feffd364cf09443e8\windows-amd64

VM Arguments:
jvm_args: --add-opens=java.base/java.util=ALL-UNNAMED --add-opens=java.base/java.lang=ALL-UNNAMED --add-opens=java.base/java.lang.invoke=ALL-UNNAMED --add-opens=java.base/java.util=ALL-UNNAMED --add-opens=java.prefs/java.util.prefs=ALL-UNNAMED --add-opens=java.prefs/java.util.prefs=ALL-UNNAMED --add-opens=java.base/java.nio.charset=ALL-UNNAMED --add-opens=java.base/java.net=ALL-UNNAMED --add-opens=java.base/java.util.concurrent.atomic=ALL-UNNAMED -Xmx2048m -Dfile.encoding=UTF-8 -Duser.country=CO -Duser.language=es -Duser.variant 
java_command: org.gradle.launcher.daemon.bootstrap.GradleDaemon 7.0.2
java_class_path (initial): C:\Users\gerso\.gradle\wrapper\dists\gradle-7.0.2-bin\857tjihv64xamwrf0h14cai3r\gradle-7.0.2\lib\gradle-launcher-7.0.2.jar
Launcher Type: SUN_STANDARD

[Global flags]
     intx CICompilerCount                          = 4                                         {product} {ergonomic}
     uint ConcGCThreads                            = 2                                         {product} {ergonomic}
     uint G1ConcRefinementThreads                  = 8                                         {product} {ergonomic}
   size_t G1HeapRegionSize                         = 1048576                                   {product} {ergonomic}
    uintx GCDrainStackTargetSize                   = 64                                        {product} {ergonomic}
   size_t InitialHeapSize                          = 333447168                                 {product} {ergonomic}
   size_t MarkStackSize                            = 4194304                                   {product} {ergonomic}
   size_t MaxHeapSize                              = 2147483648                                {product} {command line}
   size_t MaxNewSize                               = 1287651328                                {product} {ergonomic}
   size_t MinHeapDeltaBytes                        = 1048576                                   {product} {ergonomic}
    uintx NonNMethodCodeHeapSize                   = 5836300                                {pd product} {ergonomic}
    uintx NonProfiledCodeHeapSize                  = 122910970                              {pd product} {ergonomic}
    uintx ProfiledCodeHeapSize                     = 122910970                              {pd product} {ergonomic}
    uintx ReservedCodeCacheSize                    = 251658240                              {pd product} {ergonomic}
     bool SegmentedCodeCache                       = true                                      {product} {ergonomic}
     bool UseCompressedClassPointers               = true                                 {lp64_product} {ergonomic}
     bool UseCompressedOops                        = true                                 {lp64_product} {ergonomic}
     bool UseG1GC                                  = true                                      {product} {ergonomic}
     bool UseLargePagesIndividualAllocation        = false                                  {pd product} {ergonomic}

Logging:
Log output configuration:
 #0: stdout all=warning uptime,level,tags
 #1: stderr all=off uptime,level,tags

Environment Variables:
PATH=C:\Program Files (x86)\Common Files\Oracle\Java\javapath;C:\ProgramData\Oracle\Java\javapath;C:\Program Files\Common Files\Oracle\Java\javapath;C:\oraclexe\app\oracle\product\11.2.0\server\bin;C:\Windows\system32;C:\Windows;C:\Windows\System32\Wbem;C:\Windows\System32\WindowsPowerShell\v1.0\;C:\Windows\System32\OpenSSH\;C:\Program Files (x86)\NVIDIA Corporation\PhysX\Common;C:\Program Files\NVIDIA Corporation\NVIDIA NvDLISR;C:\ProgramData\chocolatey\bin;C:\Program Files\Microsoft VS Code\bin;C:\WINDOWS\system32;C:\WINDOWS;C:\WINDOWS\System32\Wbem;C:\WINDOWS\System32\WindowsPowerShell\v1.0\;C:\WINDOWS\System32\OpenSSH\;C:\Program Files\Git\cmd;C:\Users\gerso\AppData\Local\Microsoft\WindowsApps;
USERNAME=gerso
OS=Windows_NT
PROCESSOR_IDENTIFIER=Intel64 Family 6 Model 158 Stepping 10, GenuineIntel



---------------  S Y S T E M  ---------------

OS: Windows 10 , 64 bit Build 22471 (10.0.22471.1000)
OS uptime: 1 days 5:59 hours

CPU:total 8 (initial active 8) (4 cores per cpu, 2 threads per core) family 6 model 158 stepping 10 microcode 0xec, cmov, cx8, fxsr, mmx, sse, sse2, sse3, ssse3, sse4.1, sse4.2, popcnt, avx, avx2, aes, clmul, erms, 3dnowpref, lzcnt, ht, tsc, tscinvbit, bmi1, bmi2, adx, fma

Memory: 4k page, system-wide physical 20322M (3608M free)
TotalPageFile size 27194M (AvailPageFile size 8M)
current process WorkingSet (physical memory assigned to process): 699M, peak: 703M
current process commit charge ("private bytes"): 735M, peak: 740M

vm_info: OpenJDK 64-Bit Server VM (11.0.10+0-b96-7249189) for windows-amd64 JRE (11.0.10+0-b96-7249189), built on Mar 31 2021 21:44:00 by "builder" with MS VC++ 14.0 (VS2015)

END.
